2025-09-30 05:37:59,256 - WARNING - Command '/home/amily/iree-build-old/compiler/bindings/python/iree/compiler/tools/../_mlir_libs/iree-compile tuning_2025_09_30_05_37/template.mlir -o=tuning_2025_09_30_05_37/candidates/compiled/275.vmfb --mlir-pass-pipeline-crash-reproducer=tuning_2025_09_30_05_37/candidates/compiled/275.vmfb.crash_report.mlir --iree-codegen-tuning-spec-path=tuning_2025_09_30_05_37/candidates/specs/275_spec.mlir --iree-hal-target-device=hip --iree-hip-target=gfx942 --compile-from=executable-sources' timed out after 16 seconds.
2025-09-30 05:38:01,898 - WARNING - Command '/home/amily/iree-build-old/compiler/bindings/python/iree/compiler/tools/../_mlir_libs/iree-compile tuning_2025_09_30_05_37/template.mlir -o=tuning_2025_09_30_05_37/candidates/compiled/568.vmfb --mlir-pass-pipeline-crash-reproducer=tuning_2025_09_30_05_37/candidates/compiled/568.vmfb.crash_report.mlir --iree-codegen-tuning-spec-path=tuning_2025_09_30_05_37/candidates/specs/568_spec.mlir --iree-hal-target-device=hip --iree-hip-target=gfx942 --compile-from=executable-sources' timed out after 16 seconds.
2025-09-30 05:38:02,879 - WARNING - Command '/home/amily/iree-build-old/compiler/bindings/python/iree/compiler/tools/../_mlir_libs/iree-compile tuning_2025_09_30_05_37/template.mlir -o=tuning_2025_09_30_05_37/candidates/compiled/670.vmfb --mlir-pass-pipeline-crash-reproducer=tuning_2025_09_30_05_37/candidates/compiled/670.vmfb.crash_report.mlir --iree-codegen-tuning-spec-path=tuning_2025_09_30_05_37/candidates/specs/670_spec.mlir --iree-hal-target-device=hip --iree-hip-target=gfx942 --compile-from=executable-sources' timed out after 16 seconds.
2025-09-30 05:38:03,422 - WARNING - Command '/home/amily/iree-build-old/compiler/bindings/python/iree/compiler/tools/../_mlir_libs/iree-compile tuning_2025_09_30_05_37/template.mlir -o=tuning_2025_09_30_05_37/candidates/compiled/725.vmfb --mlir-pass-pipeline-crash-reproducer=tuning_2025_09_30_05_37/candidates/compiled/725.vmfb.crash_report.mlir --iree-codegen-tuning-spec-path=tuning_2025_09_30_05_37/candidates/specs/725_spec.mlir --iree-hal-target-device=hip --iree-hip-target=gfx942 --compile-from=executable-sources' timed out after 16 seconds.
2025-09-30 05:38:07,827 - INFO - Benchmarking compiled dispatch candidates...
2025-09-30 05:52:10,437 - INFO - Candidate 1111 time: 83.67 ms (74.5% of baseline)
2025-09-30 05:52:10,438 - INFO - Candidate 1107 time: 84.33 ms (75.1% of baseline)
2025-09-30 05:52:10,438 - INFO - Candidate 1274 time: 87.33 ms (77.7% of baseline)
2025-09-30 05:52:10,438 - INFO - Candidate 826 time: 88.00 ms (78.3% of baseline)
2025-09-30 05:52:10,438 - INFO - Candidate 1057 time: 86.67 ms (78.7% of baseline)
2025-09-30 05:52:10,438 - INFO - Candidate 596 time: 86.00 ms (79.4% of baseline)
2025-09-30 05:52:10,438 - INFO - Candidate 1198 time: 86.00 ms (79.4% of baseline)
2025-09-30 05:52:10,438 - INFO - Candidate 986 time: 87.33 ms (79.6% of baseline)
2025-09-30 05:52:10,438 - INFO - Candidate 558 time: 86.33 ms (79.7% of baseline)
2025-09-30 05:52:10,438 - INFO - Candidate 165 time: 88.33 ms (80.2% of baseline)
2025-09-30 05:52:10,438 - INFO - Top dispatch candidates: [1111, 1107, 1274, 826, 1057, 596, 1198, 986, 558, 165]
2025-09-30 05:52:10,439 - INFO - /home/amily/shark-ai/sharktuner/tuning_2025_09_30_05_37/candidates/specs/1111_spec.mlir
2025-09-30 05:52:10,439 - INFO - /home/amily/shark-ai/sharktuner/tuning_2025_09_30_05_37/candidates/specs/1107_spec.mlir
2025-09-30 05:52:10,439 - INFO - /home/amily/shark-ai/sharktuner/tuning_2025_09_30_05_37/candidates/specs/1274_spec.mlir
2025-09-30 05:52:10,439 - INFO - /home/amily/shark-ai/sharktuner/tuning_2025_09_30_05_37/candidates/specs/826_spec.mlir
2025-09-30 05:52:10,439 - INFO - /home/amily/shark-ai/sharktuner/tuning_2025_09_30_05_37/candidates/specs/1057_spec.mlir
2025-09-30 05:52:10,439 - INFO - /home/amily/shark-ai/sharktuner/tuning_2025_09_30_05_37/candidates/specs/596_spec.mlir
2025-09-30 05:52:10,439 - INFO - /home/amily/shark-ai/sharktuner/tuning_2025_09_30_05_37/candidates/specs/1198_spec.mlir
2025-09-30 05:52:10,440 - INFO - /home/amily/shark-ai/sharktuner/tuning_2025_09_30_05_37/candidates/specs/986_spec.mlir
2025-09-30 05:52:10,440 - INFO - /home/amily/shark-ai/sharktuner/tuning_2025_09_30_05_37/candidates/specs/558_spec.mlir
2025-09-30 05:52:10,440 - INFO - /home/amily/shark-ai/sharktuner/tuning_2025_09_30_05_37/candidates/specs/165_spec.mlir
