2025-09-30 00:00:14,809 - WARNING - Command '/home/amily/iree-build-old/compiler/bindings/python/iree/compiler/tools/../_mlir_libs/iree-compile tuning_2025_09_29_23_59/template.mlir -o=tuning_2025_09_29_23_59/candidates/compiled/6.vmfb --mlir-pass-pipeline-crash-reproducer=tuning_2025_09_29_23_59/candidates/compiled/6.vmfb.crash_report.mlir --iree-codegen-tuning-spec-path=tuning_2025_09_29_23_59/candidates/specs/6_spec.mlir --iree-hal-target-device=hip --iree-hip-target=gfx942 --compile-from=executable-sources' timed out after 16 seconds.
2025-09-30 00:00:15,063 - WARNING - Command '/home/amily/iree-build-old/compiler/bindings/python/iree/compiler/tools/../_mlir_libs/iree-compile tuning_2025_09_29_23_59/template.mlir -o=tuning_2025_09_29_23_59/candidates/compiled/92.vmfb --mlir-pass-pipeline-crash-reproducer=tuning_2025_09_29_23_59/candidates/compiled/92.vmfb.crash_report.mlir --iree-codegen-tuning-spec-path=tuning_2025_09_29_23_59/candidates/specs/92_spec.mlir --iree-hal-target-device=hip --iree-hip-target=gfx942 --compile-from=executable-sources' timed out after 16 seconds.
2025-09-30 00:00:15,257 - WARNING - Command '/home/amily/iree-build-old/compiler/bindings/python/iree/compiler/tools/../_mlir_libs/iree-compile tuning_2025_09_29_23_59/template.mlir -o=tuning_2025_09_29_23_59/candidates/compiled/133.vmfb --mlir-pass-pipeline-crash-reproducer=tuning_2025_09_29_23_59/candidates/compiled/133.vmfb.crash_report.mlir --iree-codegen-tuning-spec-path=tuning_2025_09_29_23_59/candidates/specs/133_spec.mlir --iree-hal-target-device=hip --iree-hip-target=gfx942 --compile-from=executable-sources' timed out after 16 seconds.
2025-09-30 00:00:15,798 - WARNING - Command '/home/amily/iree-build-old/compiler/bindings/python/iree/compiler/tools/../_mlir_libs/iree-compile tuning_2025_09_29_23_59/template.mlir -o=tuning_2025_09_29_23_59/candidates/compiled/211.vmfb --mlir-pass-pipeline-crash-reproducer=tuning_2025_09_29_23_59/candidates/compiled/211.vmfb.crash_report.mlir --iree-codegen-tuning-spec-path=tuning_2025_09_29_23_59/candidates/specs/211_spec.mlir --iree-hal-target-device=hip --iree-hip-target=gfx942 --compile-from=executable-sources' timed out after 16 seconds.
2025-09-30 00:00:19,907 - WARNING - Command '/home/amily/iree-build-old/compiler/bindings/python/iree/compiler/tools/../_mlir_libs/iree-compile tuning_2025_09_29_23_59/template.mlir -o=tuning_2025_09_29_23_59/candidates/compiled/590.vmfb --mlir-pass-pipeline-crash-reproducer=tuning_2025_09_29_23_59/candidates/compiled/590.vmfb.crash_report.mlir --iree-codegen-tuning-spec-path=tuning_2025_09_29_23_59/candidates/specs/590_spec.mlir --iree-hal-target-device=hip --iree-hip-target=gfx942 --compile-from=executable-sources' timed out after 16 seconds.
2025-09-30 00:00:20,267 - WARNING - Command '/home/amily/iree-build-old/compiler/bindings/python/iree/compiler/tools/../_mlir_libs/iree-compile tuning_2025_09_29_23_59/template.mlir -o=tuning_2025_09_29_23_59/candidates/compiled/618.vmfb --mlir-pass-pipeline-crash-reproducer=tuning_2025_09_29_23_59/candidates/compiled/618.vmfb.crash_report.mlir --iree-codegen-tuning-spec-path=tuning_2025_09_29_23_59/candidates/specs/618_spec.mlir --iree-hal-target-device=hip --iree-hip-target=gfx942 --compile-from=executable-sources' timed out after 16 seconds.
2025-09-30 00:00:24,251 - WARNING - Command '/home/amily/iree-build-old/compiler/bindings/python/iree/compiler/tools/../_mlir_libs/iree-compile tuning_2025_09_29_23_59/template.mlir -o=tuning_2025_09_29_23_59/candidates/compiled/928.vmfb --mlir-pass-pipeline-crash-reproducer=tuning_2025_09_29_23_59/candidates/compiled/928.vmfb.crash_report.mlir --iree-codegen-tuning-spec-path=tuning_2025_09_29_23_59/candidates/specs/928_spec.mlir --iree-hal-target-device=hip --iree-hip-target=gfx942 --compile-from=executable-sources' timed out after 16 seconds.
2025-09-30 00:00:24,721 - WARNING - Command '/home/amily/iree-build-old/compiler/bindings/python/iree/compiler/tools/../_mlir_libs/iree-compile tuning_2025_09_29_23_59/template.mlir -o=tuning_2025_09_29_23_59/candidates/compiled/961.vmfb --mlir-pass-pipeline-crash-reproducer=tuning_2025_09_29_23_59/candidates/compiled/961.vmfb.crash_report.mlir --iree-codegen-tuning-spec-path=tuning_2025_09_29_23_59/candidates/specs/961_spec.mlir --iree-hal-target-device=hip --iree-hip-target=gfx942 --compile-from=executable-sources' timed out after 16 seconds.
2025-09-30 00:00:26,333 - WARNING - Command '/home/amily/iree-build-old/compiler/bindings/python/iree/compiler/tools/../_mlir_libs/iree-compile tuning_2025_09_29_23_59/template.mlir -o=tuning_2025_09_29_23_59/candidates/compiled/1072.vmfb --mlir-pass-pipeline-crash-reproducer=tuning_2025_09_29_23_59/candidates/compiled/1072.vmfb.crash_report.mlir --iree-codegen-tuning-spec-path=tuning_2025_09_29_23_59/candidates/specs/1072_spec.mlir --iree-hal-target-device=hip --iree-hip-target=gfx942 --compile-from=executable-sources' timed out after 16 seconds.
2025-09-30 00:00:28,561 - WARNING - Command '/home/amily/iree-build-old/compiler/bindings/python/iree/compiler/tools/../_mlir_libs/iree-compile tuning_2025_09_29_23_59/template.mlir -o=tuning_2025_09_29_23_59/candidates/compiled/1230.vmfb --mlir-pass-pipeline-crash-reproducer=tuning_2025_09_29_23_59/candidates/compiled/1230.vmfb.crash_report.mlir --iree-codegen-tuning-spec-path=tuning_2025_09_29_23_59/candidates/specs/1230_spec.mlir --iree-hal-target-device=hip --iree-hip-target=gfx942 --compile-from=executable-sources' timed out after 16 seconds.
2025-09-30 00:00:29,177 - WARNING - Command '/home/amily/iree-build-old/compiler/bindings/python/iree/compiler/tools/../_mlir_libs/iree-compile tuning_2025_09_29_23_59/template.mlir -o=tuning_2025_09_29_23_59/candidates/compiled/1259.vmfb --mlir-pass-pipeline-crash-reproducer=tuning_2025_09_29_23_59/candidates/compiled/1259.vmfb.crash_report.mlir --iree-codegen-tuning-spec-path=tuning_2025_09_29_23_59/candidates/specs/1259_spec.mlir --iree-hal-target-device=hip --iree-hip-target=gfx942 --compile-from=executable-sources' timed out after 16 seconds.
2025-09-30 00:00:31,307 - WARNING - Command '/home/amily/iree-build-old/compiler/bindings/python/iree/compiler/tools/../_mlir_libs/iree-compile tuning_2025_09_29_23_59/template.mlir -o=tuning_2025_09_29_23_59/candidates/compiled/1388.vmfb --mlir-pass-pipeline-crash-reproducer=tuning_2025_09_29_23_59/candidates/compiled/1388.vmfb.crash_report.mlir --iree-codegen-tuning-spec-path=tuning_2025_09_29_23_59/candidates/specs/1388_spec.mlir --iree-hal-target-device=hip --iree-hip-target=gfx942 --compile-from=executable-sources' timed out after 16 seconds.
2025-09-30 00:00:32,432 - WARNING - Command '/home/amily/iree-build-old/compiler/bindings/python/iree/compiler/tools/../_mlir_libs/iree-compile tuning_2025_09_29_23_59/template.mlir -o=tuning_2025_09_29_23_59/candidates/compiled/1450.vmfb --mlir-pass-pipeline-crash-reproducer=tuning_2025_09_29_23_59/candidates/compiled/1450.vmfb.crash_report.mlir --iree-codegen-tuning-spec-path=tuning_2025_09_29_23_59/candidates/specs/1450_spec.mlir --iree-hal-target-device=hip --iree-hip-target=gfx942 --compile-from=executable-sources' timed out after 16 seconds.
2025-09-30 00:00:33,799 - WARNING - Command '/home/amily/iree-build-old/compiler/bindings/python/iree/compiler/tools/../_mlir_libs/iree-compile tuning_2025_09_29_23_59/template.mlir -o=tuning_2025_09_29_23_59/candidates/compiled/1505.vmfb --mlir-pass-pipeline-crash-reproducer=tuning_2025_09_29_23_59/candidates/compiled/1505.vmfb.crash_report.mlir --iree-codegen-tuning-spec-path=tuning_2025_09_29_23_59/candidates/specs/1505_spec.mlir --iree-hal-target-device=hip --iree-hip-target=gfx942 --compile-from=executable-sources' timed out after 16 seconds.
2025-09-30 00:00:33,986 - WARNING - Command '/home/amily/iree-build-old/compiler/bindings/python/iree/compiler/tools/../_mlir_libs/iree-compile tuning_2025_09_29_23_59/template.mlir -o=tuning_2025_09_29_23_59/candidates/compiled/1517.vmfb --mlir-pass-pipeline-crash-reproducer=tuning_2025_09_29_23_59/candidates/compiled/1517.vmfb.crash_report.mlir --iree-codegen-tuning-spec-path=tuning_2025_09_29_23_59/candidates/specs/1517_spec.mlir --iree-hal-target-device=hip --iree-hip-target=gfx942 --compile-from=executable-sources' timed out after 16 seconds.
2025-09-30 00:00:34,273 - INFO - Benchmarking compiled dispatch candidates...
2025-09-30 00:15:13,374 - WARNING - Performance regressions detected for the following devices: hip://2.
2025-09-30 00:15:13,385 - INFO - Candidate 1168 time: 105.00 ms (87.1% of baseline)
2025-09-30 00:15:13,385 - INFO - Candidate 1177 time: 105.00 ms (87.1% of baseline)
2025-09-30 00:15:13,385 - INFO - Candidate 35 time: 106.00 ms (88.0% of baseline)
2025-09-30 00:15:13,385 - INFO - Candidate 512 time: 108.00 ms (89.6% of baseline)
2025-09-30 00:15:13,385 - INFO - Candidate 1309 time: 105.67 ms (91.9% of baseline)
2025-09-30 00:15:13,386 - INFO - Candidate 1295 time: 111.33 ms (92.4% of baseline)
2025-09-30 00:15:13,386 - INFO - Candidate 181 time: 105.67 ms (92.4% of baseline)
2025-09-30 00:15:13,386 - INFO - Candidate 97 time: 106.00 ms (92.7% of baseline)
2025-09-30 00:15:13,386 - INFO - Candidate 993 time: 107.67 ms (93.9% of baseline)
2025-09-30 00:15:13,386 - INFO - Candidate 1476 time: 107.67 ms (93.9% of baseline)
2025-09-30 00:15:13,386 - INFO - Top dispatch candidates: [1168, 1177, 35, 512, 1309, 1295, 181, 97, 993, 1476]
2025-09-30 00:15:13,386 - INFO - /home/amily/shark-ai/sharktuner/tuning_2025_09_29_23_59/candidates/specs/1168_spec.mlir
2025-09-30 00:15:13,387 - INFO - /home/amily/shark-ai/sharktuner/tuning_2025_09_29_23_59/candidates/specs/1177_spec.mlir
2025-09-30 00:15:13,387 - INFO - /home/amily/shark-ai/sharktuner/tuning_2025_09_29_23_59/candidates/specs/35_spec.mlir
2025-09-30 00:15:13,387 - INFO - /home/amily/shark-ai/sharktuner/tuning_2025_09_29_23_59/candidates/specs/512_spec.mlir
2025-09-30 00:15:13,387 - INFO - /home/amily/shark-ai/sharktuner/tuning_2025_09_29_23_59/candidates/specs/1309_spec.mlir
2025-09-30 00:15:13,387 - INFO - /home/amily/shark-ai/sharktuner/tuning_2025_09_29_23_59/candidates/specs/1295_spec.mlir
2025-09-30 00:15:13,387 - INFO - /home/amily/shark-ai/sharktuner/tuning_2025_09_29_23_59/candidates/specs/181_spec.mlir
2025-09-30 00:15:13,387 - INFO - /home/amily/shark-ai/sharktuner/tuning_2025_09_29_23_59/candidates/specs/97_spec.mlir
2025-09-30 00:15:13,387 - INFO - /home/amily/shark-ai/sharktuner/tuning_2025_09_29_23_59/candidates/specs/993_spec.mlir
2025-09-30 00:15:13,388 - INFO - /home/amily/shark-ai/sharktuner/tuning_2025_09_29_23_59/candidates/specs/1476_spec.mlir
