2025-09-29 17:48:32,186 - WARNING - Command '/home/amily/iree-build-old/compiler/bindings/python/iree/compiler/tools/../_mlir_libs/iree-compile tuning_2025_09_29_17_48/template.mlir -o=tuning_2025_09_29_17_48/candidates/compiled/17.vmfb --mlir-pass-pipeline-crash-reproducer=tuning_2025_09_29_17_48/candidates/compiled/17.vmfb.crash_report.mlir --iree-codegen-tuning-spec-path=tuning_2025_09_29_17_48/candidates/specs/17_spec.mlir --iree-hal-target-device=hip --iree-hip-target=gfx942 --compile-from=executable-sources' timed out after 16 seconds.
2025-09-29 17:48:33,040 - WARNING - Command '/home/amily/iree-build-old/compiler/bindings/python/iree/compiler/tools/../_mlir_libs/iree-compile tuning_2025_09_29_17_48/template.mlir -o=tuning_2025_09_29_17_48/candidates/compiled/133.vmfb --mlir-pass-pipeline-crash-reproducer=tuning_2025_09_29_17_48/candidates/compiled/133.vmfb.crash_report.mlir --iree-codegen-tuning-spec-path=tuning_2025_09_29_17_48/candidates/specs/133_spec.mlir --iree-hal-target-device=hip --iree-hip-target=gfx942 --compile-from=executable-sources' timed out after 16 seconds.
2025-09-29 17:48:33,190 - WARNING - Command '/home/amily/iree-build-old/compiler/bindings/python/iree/compiler/tools/../_mlir_libs/iree-compile tuning_2025_09_29_17_48/template.mlir -o=tuning_2025_09_29_17_48/candidates/compiled/142.vmfb --mlir-pass-pipeline-crash-reproducer=tuning_2025_09_29_17_48/candidates/compiled/142.vmfb.crash_report.mlir --iree-codegen-tuning-spec-path=tuning_2025_09_29_17_48/candidates/specs/142_spec.mlir --iree-hal-target-device=hip --iree-hip-target=gfx942 --compile-from=executable-sources' timed out after 16 seconds.
2025-09-29 17:48:33,213 - WARNING - Command '/home/amily/iree-build-old/compiler/bindings/python/iree/compiler/tools/../_mlir_libs/iree-compile tuning_2025_09_29_17_48/template.mlir -o=tuning_2025_09_29_17_48/candidates/compiled/145.vmfb --mlir-pass-pipeline-crash-reproducer=tuning_2025_09_29_17_48/candidates/compiled/145.vmfb.crash_report.mlir --iree-codegen-tuning-spec-path=tuning_2025_09_29_17_48/candidates/specs/145_spec.mlir --iree-hal-target-device=hip --iree-hip-target=gfx942 --compile-from=executable-sources' timed out after 16 seconds.
2025-09-29 17:48:34,186 - WARNING - Command '/home/amily/iree-build-old/compiler/bindings/python/iree/compiler/tools/../_mlir_libs/iree-compile tuning_2025_09_29_17_48/template.mlir -o=tuning_2025_09_29_17_48/candidates/compiled/218.vmfb --mlir-pass-pipeline-crash-reproducer=tuning_2025_09_29_17_48/candidates/compiled/218.vmfb.crash_report.mlir --iree-codegen-tuning-spec-path=tuning_2025_09_29_17_48/candidates/specs/218_spec.mlir --iree-hal-target-device=hip --iree-hip-target=gfx942 --compile-from=executable-sources' timed out after 16 seconds.
2025-09-29 17:48:35,785 - WARNING - Command '/home/amily/iree-build-old/compiler/bindings/python/iree/compiler/tools/../_mlir_libs/iree-compile tuning_2025_09_29_17_48/template.mlir -o=tuning_2025_09_29_17_48/candidates/compiled/320.vmfb --mlir-pass-pipeline-crash-reproducer=tuning_2025_09_29_17_48/candidates/compiled/320.vmfb.crash_report.mlir --iree-codegen-tuning-spec-path=tuning_2025_09_29_17_48/candidates/specs/320_spec.mlir --iree-hal-target-device=hip --iree-hip-target=gfx942 --compile-from=executable-sources' timed out after 16 seconds.
2025-09-29 17:48:36,351 - WARNING - Command '/home/amily/iree-build-old/compiler/bindings/python/iree/compiler/tools/../_mlir_libs/iree-compile tuning_2025_09_29_17_48/template.mlir -o=tuning_2025_09_29_17_48/candidates/compiled/349.vmfb --mlir-pass-pipeline-crash-reproducer=tuning_2025_09_29_17_48/candidates/compiled/349.vmfb.crash_report.mlir --iree-codegen-tuning-spec-path=tuning_2025_09_29_17_48/candidates/specs/349_spec.mlir --iree-hal-target-device=hip --iree-hip-target=gfx942 --compile-from=executable-sources' timed out after 16 seconds.
2025-09-29 17:48:36,533 - WARNING - Command '/home/amily/iree-build-old/compiler/bindings/python/iree/compiler/tools/../_mlir_libs/iree-compile tuning_2025_09_29_17_48/template.mlir -o=tuning_2025_09_29_17_48/candidates/compiled/362.vmfb --mlir-pass-pipeline-crash-reproducer=tuning_2025_09_29_17_48/candidates/compiled/362.vmfb.crash_report.mlir --iree-codegen-tuning-spec-path=tuning_2025_09_29_17_48/candidates/specs/362_spec.mlir --iree-hal-target-device=hip --iree-hip-target=gfx942 --compile-from=executable-sources' timed out after 16 seconds.
2025-09-29 17:48:36,640 - INFO - Benchmarking compiled dispatch candidates...
2025-09-29 17:53:54,472 - INFO - Candidate 147 time: 194.33 ms (85.8% of baseline)
2025-09-29 17:53:54,472 - INFO - Candidate 54 time: 192.67 ms (87.0% of baseline)
2025-09-29 17:53:54,472 - INFO - Candidate 356 time: 196.33 ms (88.6% of baseline)
2025-09-29 17:53:54,472 - INFO - Candidate 11 time: 202.00 ms (89.2% of baseline)
2025-09-29 17:53:54,473 - INFO - Candidate 289 time: 204.33 ms (92.2% of baseline)
2025-09-29 17:53:54,473 - INFO - Candidate 53 time: 211.00 ms (93.2% of baseline)
2025-09-29 17:53:54,473 - INFO - Candidate 303 time: 207.00 ms (93.5% of baseline)
2025-09-29 17:53:54,473 - INFO - Candidate 372 time: 209.00 ms (93.7% of baseline)
2025-09-29 17:53:54,473 - INFO - Candidate 90 time: 209.67 ms (94.0% of baseline)
2025-09-29 17:53:54,473 - INFO - Candidate 293 time: 214.00 ms (94.5% of baseline)
2025-09-29 17:53:54,473 - INFO - Top dispatch candidates: [147, 54, 356, 11, 289, 53, 303, 372, 90, 293]
2025-09-29 17:53:54,473 - INFO - /home/amily/shark-ai/sharktuner/tuning_2025_09_29_17_48/candidates/specs/147_spec.mlir
2025-09-29 17:53:54,473 - INFO - /home/amily/shark-ai/sharktuner/tuning_2025_09_29_17_48/candidates/specs/54_spec.mlir
2025-09-29 17:53:54,474 - INFO - /home/amily/shark-ai/sharktuner/tuning_2025_09_29_17_48/candidates/specs/356_spec.mlir
2025-09-29 17:53:54,474 - INFO - /home/amily/shark-ai/sharktuner/tuning_2025_09_29_17_48/candidates/specs/11_spec.mlir
2025-09-29 17:53:54,474 - INFO - /home/amily/shark-ai/sharktuner/tuning_2025_09_29_17_48/candidates/specs/289_spec.mlir
2025-09-29 17:53:54,474 - INFO - /home/amily/shark-ai/sharktuner/tuning_2025_09_29_17_48/candidates/specs/53_spec.mlir
2025-09-29 17:53:54,474 - INFO - /home/amily/shark-ai/sharktuner/tuning_2025_09_29_17_48/candidates/specs/303_spec.mlir
2025-09-29 17:53:54,474 - INFO - /home/amily/shark-ai/sharktuner/tuning_2025_09_29_17_48/candidates/specs/372_spec.mlir
2025-09-29 17:53:54,474 - INFO - /home/amily/shark-ai/sharktuner/tuning_2025_09_29_17_48/candidates/specs/90_spec.mlir
2025-09-29 17:53:54,474 - INFO - /home/amily/shark-ai/sharktuner/tuning_2025_09_29_17_48/candidates/specs/293_spec.mlir
