2025-09-30 03:40:59,200 - WARNING - Command '/home/amily/iree-build-old/compiler/bindings/python/iree/compiler/tools/../_mlir_libs/iree-compile tuning_2025_09_30_03_40/template.mlir -o=tuning_2025_09_30_03_40/candidates/compiled/79.vmfb --mlir-pass-pipeline-crash-reproducer=tuning_2025_09_30_03_40/candidates/compiled/79.vmfb.crash_report.mlir --iree-codegen-tuning-spec-path=tuning_2025_09_30_03_40/candidates/specs/79_spec.mlir --iree-hal-target-device=hip --iree-hip-target=gfx942 --compile-from=executable-sources' timed out after 16 seconds.
2025-09-30 03:41:01,148 - WARNING - Command '/home/amily/iree-build-old/compiler/bindings/python/iree/compiler/tools/../_mlir_libs/iree-compile tuning_2025_09_30_03_40/template.mlir -o=tuning_2025_09_30_03_40/candidates/compiled/279.vmfb --mlir-pass-pipeline-crash-reproducer=tuning_2025_09_30_03_40/candidates/compiled/279.vmfb.crash_report.mlir --iree-codegen-tuning-spec-path=tuning_2025_09_30_03_40/candidates/specs/279_spec.mlir --iree-hal-target-device=hip --iree-hip-target=gfx942 --compile-from=executable-sources' timed out after 16 seconds.
2025-09-30 03:41:02,120 - WARNING - Command '/home/amily/iree-build-old/compiler/bindings/python/iree/compiler/tools/../_mlir_libs/iree-compile tuning_2025_09_30_03_40/template.mlir -o=tuning_2025_09_30_03_40/candidates/compiled/350.vmfb --mlir-pass-pipeline-crash-reproducer=tuning_2025_09_30_03_40/candidates/compiled/350.vmfb.crash_report.mlir --iree-codegen-tuning-spec-path=tuning_2025_09_30_03_40/candidates/specs/350_spec.mlir --iree-hal-target-device=hip --iree-hip-target=gfx942 --compile-from=executable-sources' timed out after 16 seconds.
2025-09-30 03:41:02,149 - WARNING - Command '/home/amily/iree-build-old/compiler/bindings/python/iree/compiler/tools/../_mlir_libs/iree-compile tuning_2025_09_30_03_40/template.mlir -o=tuning_2025_09_30_03_40/candidates/compiled/352.vmfb --mlir-pass-pipeline-crash-reproducer=tuning_2025_09_30_03_40/candidates/compiled/352.vmfb.crash_report.mlir --iree-codegen-tuning-spec-path=tuning_2025_09_30_03_40/candidates/specs/352_spec.mlir --iree-hal-target-device=hip --iree-hip-target=gfx942 --compile-from=executable-sources' timed out after 16 seconds.
2025-09-30 03:41:02,300 - WARNING - Command '/home/amily/iree-build-old/compiler/bindings/python/iree/compiler/tools/../_mlir_libs/iree-compile tuning_2025_09_30_03_40/template.mlir -o=tuning_2025_09_30_03_40/candidates/compiled/359.vmfb --mlir-pass-pipeline-crash-reproducer=tuning_2025_09_30_03_40/candidates/compiled/359.vmfb.crash_report.mlir --iree-codegen-tuning-spec-path=tuning_2025_09_30_03_40/candidates/specs/359_spec.mlir --iree-hal-target-device=hip --iree-hip-target=gfx942 --compile-from=executable-sources' timed out after 16 seconds.
2025-09-30 03:41:02,976 - WARNING - Command '/home/amily/iree-build-old/compiler/bindings/python/iree/compiler/tools/../_mlir_libs/iree-compile tuning_2025_09_30_03_40/template.mlir -o=tuning_2025_09_30_03_40/candidates/compiled/407.vmfb --mlir-pass-pipeline-crash-reproducer=tuning_2025_09_30_03_40/candidates/compiled/407.vmfb.crash_report.mlir --iree-codegen-tuning-spec-path=tuning_2025_09_30_03_40/candidates/specs/407_spec.mlir --iree-hal-target-device=hip --iree-hip-target=gfx942 --compile-from=executable-sources' timed out after 16 seconds.
2025-09-30 03:41:03,212 - WARNING - Command '/home/amily/iree-build-old/compiler/bindings/python/iree/compiler/tools/../_mlir_libs/iree-compile tuning_2025_09_30_03_40/template.mlir -o=tuning_2025_09_30_03_40/candidates/compiled/423.vmfb --mlir-pass-pipeline-crash-reproducer=tuning_2025_09_30_03_40/candidates/compiled/423.vmfb.crash_report.mlir --iree-codegen-tuning-spec-path=tuning_2025_09_30_03_40/candidates/specs/423_spec.mlir --iree-hal-target-device=hip --iree-hip-target=gfx942 --compile-from=executable-sources' timed out after 16 seconds.
2025-09-30 03:41:05,377 - WARNING - Command '/home/amily/iree-build-old/compiler/bindings/python/iree/compiler/tools/../_mlir_libs/iree-compile tuning_2025_09_30_03_40/template.mlir -o=tuning_2025_09_30_03_40/candidates/compiled/539.vmfb --mlir-pass-pipeline-crash-reproducer=tuning_2025_09_30_03_40/candidates/compiled/539.vmfb.crash_report.mlir --iree-codegen-tuning-spec-path=tuning_2025_09_30_03_40/candidates/specs/539_spec.mlir --iree-hal-target-device=hip --iree-hip-target=gfx942 --compile-from=executable-sources' timed out after 16 seconds.
2025-09-30 03:41:05,633 - WARNING - Command '/home/amily/iree-build-old/compiler/bindings/python/iree/compiler/tools/../_mlir_libs/iree-compile tuning_2025_09_30_03_40/template.mlir -o=tuning_2025_09_30_03_40/candidates/compiled/547.vmfb --mlir-pass-pipeline-crash-reproducer=tuning_2025_09_30_03_40/candidates/compiled/547.vmfb.crash_report.mlir --iree-codegen-tuning-spec-path=tuning_2025_09_30_03_40/candidates/specs/547_spec.mlir --iree-hal-target-device=hip --iree-hip-target=gfx942 --compile-from=executable-sources' timed out after 16 seconds.
2025-09-30 03:41:06,518 - INFO - Benchmarking compiled dispatch candidates...
2025-09-30 03:47:54,745 - INFO - Candidate 510 time: 449.67 ms (91.6% of baseline)
2025-09-30 03:47:54,745 - INFO - Candidate 254 time: 454.33 ms (92.4% of baseline)
2025-09-30 03:47:54,745 - INFO - Candidate 448 time: 464.00 ms (95.1% of baseline)
2025-09-30 03:47:54,745 - INFO - Candidate 494 time: 468.33 ms (95.4% of baseline)
2025-09-30 03:47:54,745 - INFO - Candidate 152 time: 473.33 ms (96.2% of baseline)
2025-09-30 03:47:54,745 - INFO - Candidate 44 time: 474.67 ms (96.6% of baseline)
2025-09-30 03:47:54,745 - INFO - Candidate 73 time: 476.00 ms (96.8% of baseline)
2025-09-30 03:47:54,746 - INFO - Candidate 527 time: 482.67 ms (98.3% of baseline)
2025-09-30 03:47:54,746 - INFO - Candidate 139 time: 486.00 ms (98.9% of baseline)
2025-09-30 03:47:54,746 - INFO - Candidate 76 time: 483.67 ms (99.2% of baseline)
2025-09-30 03:47:54,746 - INFO - Top dispatch candidates: [510, 254, 448, 494, 152, 44, 73, 527, 139, 76]
2025-09-30 03:47:54,746 - INFO - /home/amily/shark-ai/sharktuner/tuning_2025_09_30_03_40/candidates/specs/510_spec.mlir
2025-09-30 03:47:54,746 - INFO - /home/amily/shark-ai/sharktuner/tuning_2025_09_30_03_40/candidates/specs/254_spec.mlir
2025-09-30 03:47:54,746 - INFO - /home/amily/shark-ai/sharktuner/tuning_2025_09_30_03_40/candidates/specs/448_spec.mlir
2025-09-30 03:47:54,747 - INFO - /home/amily/shark-ai/sharktuner/tuning_2025_09_30_03_40/candidates/specs/494_spec.mlir
2025-09-30 03:47:54,747 - INFO - /home/amily/shark-ai/sharktuner/tuning_2025_09_30_03_40/candidates/specs/152_spec.mlir
2025-09-30 03:47:54,747 - INFO - /home/amily/shark-ai/sharktuner/tuning_2025_09_30_03_40/candidates/specs/44_spec.mlir
2025-09-30 03:47:54,747 - INFO - /home/amily/shark-ai/sharktuner/tuning_2025_09_30_03_40/candidates/specs/73_spec.mlir
2025-09-30 03:47:54,747 - INFO - /home/amily/shark-ai/sharktuner/tuning_2025_09_30_03_40/candidates/specs/527_spec.mlir
2025-09-30 03:47:54,747 - INFO - /home/amily/shark-ai/sharktuner/tuning_2025_09_30_03_40/candidates/specs/139_spec.mlir
2025-09-30 03:47:54,747 - INFO - /home/amily/shark-ai/sharktuner/tuning_2025_09_30_03_40/candidates/specs/76_spec.mlir
