2025-09-29 20:04:21,629 - WARNING - Command '/home/amily/iree-build-old/compiler/bindings/python/iree/compiler/tools/../_mlir_libs/iree-compile tuning_2025_09_29_20_00/template.mlir -o=tuning_2025_09_29_20_00/candidates/compiled/77.vmfb --mlir-pass-pipeline-crash-reproducer=tuning_2025_09_29_20_00/candidates/compiled/77.vmfb.crash_report.mlir --iree-codegen-tuning-spec-path=tuning_2025_09_29_20_00/candidates/specs/77_spec.mlir --iree-hal-target-device=hip --iree-hip-target=gfx942 --compile-from=executable-sources' timed out after 16 seconds.
2025-09-29 20:04:22,815 - WARNING - Command '/home/amily/iree-build-old/compiler/bindings/python/iree/compiler/tools/../_mlir_libs/iree-compile tuning_2025_09_29_20_00/template.mlir -o=tuning_2025_09_29_20_00/candidates/compiled/200.vmfb --mlir-pass-pipeline-crash-reproducer=tuning_2025_09_29_20_00/candidates/compiled/200.vmfb.crash_report.mlir --iree-codegen-tuning-spec-path=tuning_2025_09_29_20_00/candidates/specs/200_spec.mlir --iree-hal-target-device=hip --iree-hip-target=gfx942 --compile-from=executable-sources' timed out after 16 seconds.
2025-09-29 20:04:23,004 - WARNING - Command '/home/amily/iree-build-old/compiler/bindings/python/iree/compiler/tools/../_mlir_libs/iree-compile tuning_2025_09_29_20_00/template.mlir -o=tuning_2025_09_29_20_00/candidates/compiled/208.vmfb --mlir-pass-pipeline-crash-reproducer=tuning_2025_09_29_20_00/candidates/compiled/208.vmfb.crash_report.mlir --iree-codegen-tuning-spec-path=tuning_2025_09_29_20_00/candidates/specs/208_spec.mlir --iree-hal-target-device=hip --iree-hip-target=gfx942 --compile-from=executable-sources' timed out after 16 seconds.
2025-09-29 20:04:26,652 - WARNING - Command '/home/amily/iree-build-old/compiler/bindings/python/iree/compiler/tools/../_mlir_libs/iree-compile tuning_2025_09_29_20_00/template.mlir -o=tuning_2025_09_29_20_00/candidates/compiled/488.vmfb --mlir-pass-pipeline-crash-reproducer=tuning_2025_09_29_20_00/candidates/compiled/488.vmfb.crash_report.mlir --iree-codegen-tuning-spec-path=tuning_2025_09_29_20_00/candidates/specs/488_spec.mlir --iree-hal-target-device=hip --iree-hip-target=gfx942 --compile-from=executable-sources' timed out after 16 seconds.
2025-09-29 20:04:27,431 - WARNING - Command '/home/amily/iree-build-old/compiler/bindings/python/iree/compiler/tools/../_mlir_libs/iree-compile tuning_2025_09_29_20_00/template.mlir -o=tuning_2025_09_29_20_00/candidates/compiled/541.vmfb --mlir-pass-pipeline-crash-reproducer=tuning_2025_09_29_20_00/candidates/compiled/541.vmfb.crash_report.mlir --iree-codegen-tuning-spec-path=tuning_2025_09_29_20_00/candidates/specs/541_spec.mlir --iree-hal-target-device=hip --iree-hip-target=gfx942 --compile-from=executable-sources' timed out after 16 seconds.
2025-09-29 20:04:28,652 - WARNING - Command '/home/amily/iree-build-old/compiler/bindings/python/iree/compiler/tools/../_mlir_libs/iree-compile tuning_2025_09_29_20_00/template.mlir -o=tuning_2025_09_29_20_00/candidates/compiled/627.vmfb --mlir-pass-pipeline-crash-reproducer=tuning_2025_09_29_20_00/candidates/compiled/627.vmfb.crash_report.mlir --iree-codegen-tuning-spec-path=tuning_2025_09_29_20_00/candidates/specs/627_spec.mlir --iree-hal-target-device=hip --iree-hip-target=gfx942 --compile-from=executable-sources' timed out after 16 seconds.
2025-09-29 20:04:28,766 - WARNING - Command '/home/amily/iree-build-old/compiler/bindings/python/iree/compiler/tools/../_mlir_libs/iree-compile tuning_2025_09_29_20_00/template.mlir -o=tuning_2025_09_29_20_00/candidates/compiled/634.vmfb --mlir-pass-pipeline-crash-reproducer=tuning_2025_09_29_20_00/candidates/compiled/634.vmfb.crash_report.mlir --iree-codegen-tuning-spec-path=tuning_2025_09_29_20_00/candidates/specs/634_spec.mlir --iree-hal-target-device=hip --iree-hip-target=gfx942 --compile-from=executable-sources' timed out after 16 seconds.
2025-09-29 20:04:29,481 - WARNING - Command '/home/amily/iree-build-old/compiler/bindings/python/iree/compiler/tools/../_mlir_libs/iree-compile tuning_2025_09_29_20_00/template.mlir -o=tuning_2025_09_29_20_00/candidates/compiled/672.vmfb --mlir-pass-pipeline-crash-reproducer=tuning_2025_09_29_20_00/candidates/compiled/672.vmfb.crash_report.mlir --iree-codegen-tuning-spec-path=tuning_2025_09_29_20_00/candidates/specs/672_spec.mlir --iree-hal-target-device=hip --iree-hip-target=gfx942 --compile-from=executable-sources' timed out after 16 seconds.
2025-09-29 20:04:31,060 - WARNING - Command '/home/amily/iree-build-old/compiler/bindings/python/iree/compiler/tools/../_mlir_libs/iree-compile tuning_2025_09_29_20_00/template.mlir -o=tuning_2025_09_29_20_00/candidates/compiled/758.vmfb --mlir-pass-pipeline-crash-reproducer=tuning_2025_09_29_20_00/candidates/compiled/758.vmfb.crash_report.mlir --iree-codegen-tuning-spec-path=tuning_2025_09_29_20_00/candidates/specs/758_spec.mlir --iree-hal-target-device=hip --iree-hip-target=gfx942 --compile-from=executable-sources' timed out after 16 seconds.
2025-09-29 20:04:31,904 - WARNING - Command '/home/amily/iree-build-old/compiler/bindings/python/iree/compiler/tools/../_mlir_libs/iree-compile tuning_2025_09_29_20_00/template.mlir -o=tuning_2025_09_29_20_00/candidates/compiled/806.vmfb --mlir-pass-pipeline-crash-reproducer=tuning_2025_09_29_20_00/candidates/compiled/806.vmfb.crash_report.mlir --iree-codegen-tuning-spec-path=tuning_2025_09_29_20_00/candidates/specs/806_spec.mlir --iree-hal-target-device=hip --iree-hip-target=gfx942 --compile-from=executable-sources' timed out after 16 seconds.
2025-09-29 20:04:33,435 - WARNING - Command '/home/amily/iree-build-old/compiler/bindings/python/iree/compiler/tools/../_mlir_libs/iree-compile tuning_2025_09_29_20_00/template.mlir -o=tuning_2025_09_29_20_00/candidates/compiled/878.vmfb --mlir-pass-pipeline-crash-reproducer=tuning_2025_09_29_20_00/candidates/compiled/878.vmfb.crash_report.mlir --iree-codegen-tuning-spec-path=tuning_2025_09_29_20_00/candidates/specs/878_spec.mlir --iree-hal-target-device=hip --iree-hip-target=gfx942 --compile-from=executable-sources' timed out after 16 seconds.
2025-09-29 20:04:33,677 - WARNING - Command '/home/amily/iree-build-old/compiler/bindings/python/iree/compiler/tools/../_mlir_libs/iree-compile tuning_2025_09_29_20_00/template.mlir -o=tuning_2025_09_29_20_00/candidates/compiled/886.vmfb --mlir-pass-pipeline-crash-reproducer=tuning_2025_09_29_20_00/candidates/compiled/886.vmfb.crash_report.mlir --iree-codegen-tuning-spec-path=tuning_2025_09_29_20_00/candidates/specs/886_spec.mlir --iree-hal-target-device=hip --iree-hip-target=gfx942 --compile-from=executable-sources' timed out after 16 seconds.
2025-09-29 20:04:33,835 - INFO - Benchmarking compiled dispatch candidates...
2025-09-29 20:17:31,410 - INFO - Candidate 493 time: 902.33 ms (64.0% of baseline)
2025-09-29 20:17:31,410 - INFO - Candidate 603 time: 912.67 ms (65.0% of baseline)
2025-09-29 20:17:31,410 - INFO - Candidate 355 time: 959.67 ms (68.4% of baseline)
2025-09-29 20:17:31,410 - INFO - Candidate 367 time: 968.00 ms (68.9% of baseline)
2025-09-29 20:17:31,410 - INFO - Candidate 901 time: 976.00 ms (69.5% of baseline)
2025-09-29 20:17:31,410 - INFO - Candidate 556 time: 983.33 ms (69.7% of baseline)
2025-09-29 20:17:31,410 - INFO - Candidate 791 time: 988.00 ms (70.1% of baseline)
2025-09-29 20:17:31,410 - INFO - Candidate 360 time: 988.33 ms (70.1% of baseline)
2025-09-29 20:17:31,410 - INFO - Candidate 31 time: 988.67 ms (70.1% of baseline)
2025-09-29 20:17:31,411 - INFO - Candidate 734 time: 990.33 ms (70.6% of baseline)
2025-09-29 20:17:31,411 - INFO - Top dispatch candidates: [493, 603, 355, 367, 901, 556, 791, 360, 31, 734]
2025-09-29 20:17:31,411 - INFO - /home/amily/shark-ai/sharktuner/tuning_2025_09_29_20_00/candidates/specs/493_spec.mlir
2025-09-29 20:17:31,411 - INFO - /home/amily/shark-ai/sharktuner/tuning_2025_09_29_20_00/candidates/specs/603_spec.mlir
2025-09-29 20:17:31,411 - INFO - /home/amily/shark-ai/sharktuner/tuning_2025_09_29_20_00/candidates/specs/355_spec.mlir
2025-09-29 20:17:31,412 - INFO - /home/amily/shark-ai/sharktuner/tuning_2025_09_29_20_00/candidates/specs/367_spec.mlir
2025-09-29 20:17:31,412 - INFO - /home/amily/shark-ai/sharktuner/tuning_2025_09_29_20_00/candidates/specs/901_spec.mlir
2025-09-29 20:17:31,412 - INFO - /home/amily/shark-ai/sharktuner/tuning_2025_09_29_20_00/candidates/specs/556_spec.mlir
2025-09-29 20:17:31,412 - INFO - /home/amily/shark-ai/sharktuner/tuning_2025_09_29_20_00/candidates/specs/791_spec.mlir
2025-09-29 20:17:31,412 - INFO - /home/amily/shark-ai/sharktuner/tuning_2025_09_29_20_00/candidates/specs/360_spec.mlir
2025-09-29 20:17:31,412 - INFO - /home/amily/shark-ai/sharktuner/tuning_2025_09_29_20_00/candidates/specs/31_spec.mlir
2025-09-29 20:17:31,412 - INFO - /home/amily/shark-ai/sharktuner/tuning_2025_09_29_20_00/candidates/specs/734_spec.mlir
