2025-09-30 15:22:46,508 - WARNING - Command '/home/amily/iree-build-old/compiler/bindings/python/iree/compiler/tools/../_mlir_libs/iree-compile tuning_2025_09_30_15_20/template.mlir -o=tuning_2025_09_30_15_20/candidates/compiled/175.vmfb --mlir-pass-pipeline-crash-reproducer=tuning_2025_09_30_15_20/candidates/compiled/175.vmfb.crash_report.mlir --iree-codegen-tuning-spec-path=tuning_2025_09_30_15_20/candidates/specs/175_spec.mlir --iree-hal-target-device=hip --iree-hip-target=gfx942 --compile-from=executable-sources' timed out after 16 seconds.
2025-09-30 15:22:47,734 - WARNING - Command '/home/amily/iree-build-old/compiler/bindings/python/iree/compiler/tools/../_mlir_libs/iree-compile tuning_2025_09_30_15_20/template.mlir -o=tuning_2025_09_30_15_20/candidates/compiled/275.vmfb --mlir-pass-pipeline-crash-reproducer=tuning_2025_09_30_15_20/candidates/compiled/275.vmfb.crash_report.mlir --iree-codegen-tuning-spec-path=tuning_2025_09_30_15_20/candidates/specs/275_spec.mlir --iree-hal-target-device=hip --iree-hip-target=gfx942 --compile-from=executable-sources' timed out after 16 seconds.
2025-09-30 15:22:51,125 - WARNING - Command '/home/amily/iree-build-old/compiler/bindings/python/iree/compiler/tools/../_mlir_libs/iree-compile tuning_2025_09_30_15_20/template.mlir -o=tuning_2025_09_30_15_20/candidates/compiled/527.vmfb --mlir-pass-pipeline-crash-reproducer=tuning_2025_09_30_15_20/candidates/compiled/527.vmfb.crash_report.mlir --iree-codegen-tuning-spec-path=tuning_2025_09_30_15_20/candidates/specs/527_spec.mlir --iree-hal-target-device=hip --iree-hip-target=gfx942 --compile-from=executable-sources' timed out after 16 seconds.
2025-09-30 15:22:52,148 - WARNING - Command '/home/amily/iree-build-old/compiler/bindings/python/iree/compiler/tools/../_mlir_libs/iree-compile tuning_2025_09_30_15_20/template.mlir -o=tuning_2025_09_30_15_20/candidates/compiled/595.vmfb --mlir-pass-pipeline-crash-reproducer=tuning_2025_09_30_15_20/candidates/compiled/595.vmfb.crash_report.mlir --iree-codegen-tuning-spec-path=tuning_2025_09_30_15_20/candidates/specs/595_spec.mlir --iree-hal-target-device=hip --iree-hip-target=gfx942 --compile-from=executable-sources' timed out after 16 seconds.
2025-09-30 15:22:54,010 - WARNING - Command '/home/amily/iree-build-old/compiler/bindings/python/iree/compiler/tools/../_mlir_libs/iree-compile tuning_2025_09_30_15_20/template.mlir -o=tuning_2025_09_30_15_20/candidates/compiled/742.vmfb --mlir-pass-pipeline-crash-reproducer=tuning_2025_09_30_15_20/candidates/compiled/742.vmfb.crash_report.mlir --iree-codegen-tuning-spec-path=tuning_2025_09_30_15_20/candidates/specs/742_spec.mlir --iree-hal-target-device=hip --iree-hip-target=gfx942 --compile-from=executable-sources' timed out after 16 seconds.
2025-09-30 15:22:54,170 - WARNING - Command '/home/amily/iree-build-old/compiler/bindings/python/iree/compiler/tools/../_mlir_libs/iree-compile tuning_2025_09_30_15_20/template.mlir -o=tuning_2025_09_30_15_20/candidates/compiled/755.vmfb --mlir-pass-pipeline-crash-reproducer=tuning_2025_09_30_15_20/candidates/compiled/755.vmfb.crash_report.mlir --iree-codegen-tuning-spec-path=tuning_2025_09_30_15_20/candidates/specs/755_spec.mlir --iree-hal-target-device=hip --iree-hip-target=gfx942 --compile-from=executable-sources' timed out after 16 seconds.
2025-09-30 15:22:56,568 - WARNING - Command '/home/amily/iree-build-old/compiler/bindings/python/iree/compiler/tools/../_mlir_libs/iree-compile tuning_2025_09_30_15_20/template.mlir -o=tuning_2025_09_30_15_20/candidates/compiled/926.vmfb --mlir-pass-pipeline-crash-reproducer=tuning_2025_09_30_15_20/candidates/compiled/926.vmfb.crash_report.mlir --iree-codegen-tuning-spec-path=tuning_2025_09_30_15_20/candidates/specs/926_spec.mlir --iree-hal-target-device=hip --iree-hip-target=gfx942 --compile-from=executable-sources' timed out after 16 seconds.
2025-09-30 15:22:56,934 - WARNING - Command '/home/amily/iree-build-old/compiler/bindings/python/iree/compiler/tools/../_mlir_libs/iree-compile tuning_2025_09_30_15_20/template.mlir -o=tuning_2025_09_30_15_20/candidates/compiled/952.vmfb --mlir-pass-pipeline-crash-reproducer=tuning_2025_09_30_15_20/candidates/compiled/952.vmfb.crash_report.mlir --iree-codegen-tuning-spec-path=tuning_2025_09_30_15_20/candidates/specs/952_spec.mlir --iree-hal-target-device=hip --iree-hip-target=gfx942 --compile-from=executable-sources' timed out after 16 seconds.
2025-09-30 15:22:57,850 - WARNING - Command '/home/amily/iree-build-old/compiler/bindings/python/iree/compiler/tools/../_mlir_libs/iree-compile tuning_2025_09_30_15_20/template.mlir -o=tuning_2025_09_30_15_20/candidates/compiled/1012.vmfb --mlir-pass-pipeline-crash-reproducer=tuning_2025_09_30_15_20/candidates/compiled/1012.vmfb.crash_report.mlir --iree-codegen-tuning-spec-path=tuning_2025_09_30_15_20/candidates/specs/1012_spec.mlir --iree-hal-target-device=hip --iree-hip-target=gfx942 --compile-from=executable-sources' timed out after 16 seconds.
2025-09-30 15:22:59,431 - WARNING - Command '/home/amily/iree-build-old/compiler/bindings/python/iree/compiler/tools/../_mlir_libs/iree-compile tuning_2025_09_30_15_20/template.mlir -o=tuning_2025_09_30_15_20/candidates/compiled/1121.vmfb --mlir-pass-pipeline-crash-reproducer=tuning_2025_09_30_15_20/candidates/compiled/1121.vmfb.crash_report.mlir --iree-codegen-tuning-spec-path=tuning_2025_09_30_15_20/candidates/specs/1121_spec.mlir --iree-hal-target-device=hip --iree-hip-target=gfx942 --compile-from=executable-sources' timed out after 16 seconds.
2025-09-30 15:22:59,973 - WARNING - Command '/home/amily/iree-build-old/compiler/bindings/python/iree/compiler/tools/../_mlir_libs/iree-compile tuning_2025_09_30_15_20/template.mlir -o=tuning_2025_09_30_15_20/candidates/compiled/1145.vmfb --mlir-pass-pipeline-crash-reproducer=tuning_2025_09_30_15_20/candidates/compiled/1145.vmfb.crash_report.mlir --iree-codegen-tuning-spec-path=tuning_2025_09_30_15_20/candidates/specs/1145_spec.mlir --iree-hal-target-device=hip --iree-hip-target=gfx942 --compile-from=executable-sources' timed out after 16 seconds.
2025-09-30 15:23:01,418 - WARNING - Command '/home/amily/iree-build-old/compiler/bindings/python/iree/compiler/tools/../_mlir_libs/iree-compile tuning_2025_09_30_15_20/template.mlir -o=tuning_2025_09_30_15_20/candidates/compiled/1250.vmfb --mlir-pass-pipeline-crash-reproducer=tuning_2025_09_30_15_20/candidates/compiled/1250.vmfb.crash_report.mlir --iree-codegen-tuning-spec-path=tuning_2025_09_30_15_20/candidates/specs/1250_spec.mlir --iree-hal-target-device=hip --iree-hip-target=gfx942 --compile-from=executable-sources' timed out after 16 seconds.
2025-09-30 15:23:02,959 - WARNING - Command '/home/amily/iree-build-old/compiler/bindings/python/iree/compiler/tools/../_mlir_libs/iree-compile tuning_2025_09_30_15_20/template.mlir -o=tuning_2025_09_30_15_20/candidates/compiled/1359.vmfb --mlir-pass-pipeline-crash-reproducer=tuning_2025_09_30_15_20/candidates/compiled/1359.vmfb.crash_report.mlir --iree-codegen-tuning-spec-path=tuning_2025_09_30_15_20/candidates/specs/1359_spec.mlir --iree-hal-target-device=hip --iree-hip-target=gfx942 --compile-from=executable-sources' timed out after 16 seconds.
2025-09-30 15:23:03,027 - WARNING - Command '/home/amily/iree-build-old/compiler/bindings/python/iree/compiler/tools/../_mlir_libs/iree-compile tuning_2025_09_30_15_20/template.mlir -o=tuning_2025_09_30_15_20/candidates/compiled/1361.vmfb --mlir-pass-pipeline-crash-reproducer=tuning_2025_09_30_15_20/candidates/compiled/1361.vmfb.crash_report.mlir --iree-codegen-tuning-spec-path=tuning_2025_09_30_15_20/candidates/specs/1361_spec.mlir --iree-hal-target-device=hip --iree-hip-target=gfx942 --compile-from=executable-sources' timed out after 16 seconds.
2025-09-30 15:23:04,785 - WARNING - Command '/home/amily/iree-build-old/compiler/bindings/python/iree/compiler/tools/../_mlir_libs/iree-compile tuning_2025_09_30_15_20/template.mlir -o=tuning_2025_09_30_15_20/candidates/compiled/1459.vmfb --mlir-pass-pipeline-crash-reproducer=tuning_2025_09_30_15_20/candidates/compiled/1459.vmfb.crash_report.mlir --iree-codegen-tuning-spec-path=tuning_2025_09_30_15_20/candidates/specs/1459_spec.mlir --iree-hal-target-device=hip --iree-hip-target=gfx942 --compile-from=executable-sources' timed out after 16 seconds.
2025-09-30 15:23:04,981 - INFO - Benchmarking compiled dispatch candidates...
2025-09-30 15:37:55,563 - WARNING - Performance regressions detected for the following devices: hip://2, hip://5.
2025-09-30 15:37:55,574 - INFO - Candidate 1240 time: 76.33 ms (82.2% of baseline)
2025-09-30 15:37:55,574 - INFO - Candidate 835 time: 73.33 ms (83.2% of baseline)
2025-09-30 15:37:55,575 - INFO - Candidate 553 time: 74.33 ms (84.3% of baseline)
2025-09-30 15:37:55,575 - INFO - Candidate 947 time: 80.67 ms (86.9% of baseline)
2025-09-30 15:37:55,575 - INFO - Candidate 612 time: 77.33 ms (87.7% of baseline)
2025-09-30 15:37:55,575 - INFO - Candidate 378 time: 81.67 ms (88.0% of baseline)
2025-09-30 15:37:55,575 - INFO - Candidate 84 time: 77.00 ms (88.7% of baseline)
2025-09-30 15:37:55,575 - INFO - Candidate 496 time: 82.33 ms (88.7% of baseline)
2025-09-30 15:37:55,575 - INFO - Candidate 1048 time: 82.33 ms (88.7% of baseline)
2025-09-30 15:37:55,575 - INFO - Candidate 699 time: 82.67 ms (89.0% of baseline)
2025-09-30 15:37:55,575 - INFO - Top dispatch candidates: [1240, 835, 553, 947, 612, 378, 84, 496, 1048, 699]
2025-09-30 15:37:55,576 - INFO - /home/amily/shark-ai/sharktuner/tuning_2025_09_30_15_20/candidates/specs/1240_spec.mlir
2025-09-30 15:37:55,576 - INFO - /home/amily/shark-ai/sharktuner/tuning_2025_09_30_15_20/candidates/specs/835_spec.mlir
2025-09-30 15:37:55,576 - INFO - /home/amily/shark-ai/sharktuner/tuning_2025_09_30_15_20/candidates/specs/553_spec.mlir
2025-09-30 15:37:55,576 - INFO - /home/amily/shark-ai/sharktuner/tuning_2025_09_30_15_20/candidates/specs/947_spec.mlir
2025-09-30 15:37:55,576 - INFO - /home/amily/shark-ai/sharktuner/tuning_2025_09_30_15_20/candidates/specs/612_spec.mlir
2025-09-30 15:37:55,576 - INFO - /home/amily/shark-ai/sharktuner/tuning_2025_09_30_15_20/candidates/specs/378_spec.mlir
2025-09-30 15:37:55,576 - INFO - /home/amily/shark-ai/sharktuner/tuning_2025_09_30_15_20/candidates/specs/84_spec.mlir
2025-09-30 15:37:55,576 - INFO - /home/amily/shark-ai/sharktuner/tuning_2025_09_30_15_20/candidates/specs/496_spec.mlir
2025-09-30 15:37:55,577 - INFO - /home/amily/shark-ai/sharktuner/tuning_2025_09_30_15_20/candidates/specs/1048_spec.mlir
2025-09-30 15:37:55,577 - INFO - /home/amily/shark-ai/sharktuner/tuning_2025_09_30_15_20/candidates/specs/699_spec.mlir
