2025-09-30 00:31:17,598 - WARNING - Command '/home/amily/iree-build-old/compiler/bindings/python/iree/compiler/tools/../_mlir_libs/iree-compile tuning_2025_09_30_00_30/template.mlir -o=tuning_2025_09_30_00_30/candidates/compiled/116.vmfb --mlir-pass-pipeline-crash-reproducer=tuning_2025_09_30_00_30/candidates/compiled/116.vmfb.crash_report.mlir --iree-codegen-tuning-spec-path=tuning_2025_09_30_00_30/candidates/specs/116_spec.mlir --iree-hal-target-device=hip --iree-hip-target=gfx942 --compile-from=executable-sources' timed out after 16 seconds.
2025-09-30 00:31:18,063 - WARNING - Command '/home/amily/iree-build-old/compiler/bindings/python/iree/compiler/tools/../_mlir_libs/iree-compile tuning_2025_09_30_00_30/template.mlir -o=tuning_2025_09_30_00_30/candidates/compiled/178.vmfb --mlir-pass-pipeline-crash-reproducer=tuning_2025_09_30_00_30/candidates/compiled/178.vmfb.crash_report.mlir --iree-codegen-tuning-spec-path=tuning_2025_09_30_00_30/candidates/specs/178_spec.mlir --iree-hal-target-device=hip --iree-hip-target=gfx942 --compile-from=executable-sources' timed out after 16 seconds.
2025-09-30 00:31:20,516 - WARNING - Command '/home/amily/iree-build-old/compiler/bindings/python/iree/compiler/tools/../_mlir_libs/iree-compile tuning_2025_09_30_00_30/template.mlir -o=tuning_2025_09_30_00_30/candidates/compiled/438.vmfb --mlir-pass-pipeline-crash-reproducer=tuning_2025_09_30_00_30/candidates/compiled/438.vmfb.crash_report.mlir --iree-codegen-tuning-spec-path=tuning_2025_09_30_00_30/candidates/specs/438_spec.mlir --iree-hal-target-device=hip --iree-hip-target=gfx942 --compile-from=executable-sources' timed out after 16 seconds.
2025-09-30 00:31:20,732 - WARNING - Command '/home/amily/iree-build-old/compiler/bindings/python/iree/compiler/tools/../_mlir_libs/iree-compile tuning_2025_09_30_00_30/template.mlir -o=tuning_2025_09_30_00_30/candidates/compiled/450.vmfb --mlir-pass-pipeline-crash-reproducer=tuning_2025_09_30_00_30/candidates/compiled/450.vmfb.crash_report.mlir --iree-codegen-tuning-spec-path=tuning_2025_09_30_00_30/candidates/specs/450_spec.mlir --iree-hal-target-device=hip --iree-hip-target=gfx942 --compile-from=executable-sources' timed out after 16 seconds.
2025-09-30 00:31:21,201 - WARNING - Command '/home/amily/iree-build-old/compiler/bindings/python/iree/compiler/tools/../_mlir_libs/iree-compile tuning_2025_09_30_00_30/template.mlir -o=tuning_2025_09_30_00_30/candidates/compiled/482.vmfb --mlir-pass-pipeline-crash-reproducer=tuning_2025_09_30_00_30/candidates/compiled/482.vmfb.crash_report.mlir --iree-codegen-tuning-spec-path=tuning_2025_09_30_00_30/candidates/specs/482_spec.mlir --iree-hal-target-device=hip --iree-hip-target=gfx942 --compile-from=executable-sources' timed out after 16 seconds.
2025-09-30 00:31:23,576 - WARNING - Command '/home/amily/iree-build-old/compiler/bindings/python/iree/compiler/tools/../_mlir_libs/iree-compile tuning_2025_09_30_00_30/template.mlir -o=tuning_2025_09_30_00_30/candidates/compiled/689.vmfb --mlir-pass-pipeline-crash-reproducer=tuning_2025_09_30_00_30/candidates/compiled/689.vmfb.crash_report.mlir --iree-codegen-tuning-spec-path=tuning_2025_09_30_00_30/candidates/specs/689_spec.mlir --iree-hal-target-device=hip --iree-hip-target=gfx942 --compile-from=executable-sources' timed out after 16 seconds.
2025-09-30 00:31:26,079 - WARNING - Command '/home/amily/iree-build-old/compiler/bindings/python/iree/compiler/tools/../_mlir_libs/iree-compile tuning_2025_09_30_00_30/template.mlir -o=tuning_2025_09_30_00_30/candidates/compiled/855.vmfb --mlir-pass-pipeline-crash-reproducer=tuning_2025_09_30_00_30/candidates/compiled/855.vmfb.crash_report.mlir --iree-codegen-tuning-spec-path=tuning_2025_09_30_00_30/candidates/specs/855_spec.mlir --iree-hal-target-device=hip --iree-hip-target=gfx942 --compile-from=executable-sources' timed out after 16 seconds.
2025-09-30 00:31:27,663 - WARNING - Command '/home/amily/iree-build-old/compiler/bindings/python/iree/compiler/tools/../_mlir_libs/iree-compile tuning_2025_09_30_00_30/template.mlir -o=tuning_2025_09_30_00_30/candidates/compiled/951.vmfb --mlir-pass-pipeline-crash-reproducer=tuning_2025_09_30_00_30/candidates/compiled/951.vmfb.crash_report.mlir --iree-codegen-tuning-spec-path=tuning_2025_09_30_00_30/candidates/specs/951_spec.mlir --iree-hal-target-device=hip --iree-hip-target=gfx942 --compile-from=executable-sources' timed out after 16 seconds.
2025-09-30 00:31:31,585 - WARNING - Command '/home/amily/iree-build-old/compiler/bindings/python/iree/compiler/tools/../_mlir_libs/iree-compile tuning_2025_09_30_00_30/template.mlir -o=tuning_2025_09_30_00_30/candidates/compiled/1250.vmfb --mlir-pass-pipeline-crash-reproducer=tuning_2025_09_30_00_30/candidates/compiled/1250.vmfb.crash_report.mlir --iree-codegen-tuning-spec-path=tuning_2025_09_30_00_30/candidates/specs/1250_spec.mlir --iree-hal-target-device=hip --iree-hip-target=gfx942 --compile-from=executable-sources' timed out after 16 seconds.
2025-09-30 00:31:31,634 - WARNING - Command '/home/amily/iree-build-old/compiler/bindings/python/iree/compiler/tools/../_mlir_libs/iree-compile tuning_2025_09_30_00_30/template.mlir -o=tuning_2025_09_30_00_30/candidates/compiled/1256.vmfb --mlir-pass-pipeline-crash-reproducer=tuning_2025_09_30_00_30/candidates/compiled/1256.vmfb.crash_report.mlir --iree-codegen-tuning-spec-path=tuning_2025_09_30_00_30/candidates/specs/1256_spec.mlir --iree-hal-target-device=hip --iree-hip-target=gfx942 --compile-from=executable-sources' timed out after 16 seconds.
2025-09-30 00:31:33,858 - WARNING - Command '/home/amily/iree-build-old/compiler/bindings/python/iree/compiler/tools/../_mlir_libs/iree-compile tuning_2025_09_30_00_30/template.mlir -o=tuning_2025_09_30_00_30/candidates/compiled/1441.vmfb --mlir-pass-pipeline-crash-reproducer=tuning_2025_09_30_00_30/candidates/compiled/1441.vmfb.crash_report.mlir --iree-codegen-tuning-spec-path=tuning_2025_09_30_00_30/candidates/specs/1441_spec.mlir --iree-hal-target-device=hip --iree-hip-target=gfx942 --compile-from=executable-sources' timed out after 16 seconds.
2025-09-30 00:31:36,234 - WARNING - Command '/home/amily/iree-build-old/compiler/bindings/python/iree/compiler/tools/../_mlir_libs/iree-compile tuning_2025_09_30_00_30/template.mlir -o=tuning_2025_09_30_00_30/candidates/compiled/1608.vmfb --mlir-pass-pipeline-crash-reproducer=tuning_2025_09_30_00_30/candidates/compiled/1608.vmfb.crash_report.mlir --iree-codegen-tuning-spec-path=tuning_2025_09_30_00_30/candidates/specs/1608_spec.mlir --iree-hal-target-device=hip --iree-hip-target=gfx942 --compile-from=executable-sources' timed out after 16 seconds.
2025-09-30 00:31:41,333 - WARNING - Command '/home/amily/iree-build-old/compiler/bindings/python/iree/compiler/tools/../_mlir_libs/iree-compile tuning_2025_09_30_00_30/template.mlir -o=tuning_2025_09_30_00_30/candidates/compiled/2022.vmfb --mlir-pass-pipeline-crash-reproducer=tuning_2025_09_30_00_30/candidates/compiled/2022.vmfb.crash_report.mlir --iree-codegen-tuning-spec-path=tuning_2025_09_30_00_30/candidates/specs/2022_spec.mlir --iree-hal-target-device=hip --iree-hip-target=gfx942 --compile-from=executable-sources' timed out after 16 seconds.
2025-09-30 00:31:41,461 - INFO - Benchmarking compiled dispatch candidates...
2025-09-30 00:44:21,813 - WARNING - Performance regressions detected for the following devices: hip://2, hip://6.
2025-09-30 00:44:21,822 - INFO - Candidate 783 time: 92.67 ms (73.6% of baseline)
2025-09-30 00:44:21,822 - INFO - Candidate 1430 time: 97.33 ms (77.4% of baseline)
2025-09-30 00:44:21,823 - INFO - Candidate 367 time: 100.33 ms (79.7% of baseline)
2025-09-30 00:44:21,823 - INFO - Candidate 256 time: 102.67 ms (81.7% of baseline)
2025-09-30 00:44:21,823 - INFO - Candidate 1153 time: 103.00 ms (81.9% of baseline)
2025-09-30 00:44:21,823 - INFO - Candidate 299 time: 103.00 ms (82.0% of baseline)
2025-09-30 00:44:21,823 - INFO - Candidate 2013 time: 104.67 ms (83.2% of baseline)
2025-09-30 00:44:21,823 - INFO - Candidate 956 time: 105.00 ms (83.4% of baseline)
2025-09-30 00:44:21,823 - INFO - Candidate 638 time: 105.00 ms (83.6% of baseline)
2025-09-30 00:44:21,823 - INFO - Candidate 1390 time: 106.00 ms (84.2% of baseline)
2025-09-30 00:44:21,823 - INFO - Top dispatch candidates: [783, 1430, 367, 256, 1153, 299, 2013, 956, 638, 1390]
2025-09-30 00:44:21,824 - INFO - /home/amily/shark-ai/sharktuner/tuning_2025_09_30_00_30/candidates/specs/783_spec.mlir
2025-09-30 00:44:21,824 - INFO - /home/amily/shark-ai/sharktuner/tuning_2025_09_30_00_30/candidates/specs/1430_spec.mlir
2025-09-30 00:44:21,824 - INFO - /home/amily/shark-ai/sharktuner/tuning_2025_09_30_00_30/candidates/specs/367_spec.mlir
2025-09-30 00:44:21,824 - INFO - /home/amily/shark-ai/sharktuner/tuning_2025_09_30_00_30/candidates/specs/256_spec.mlir
2025-09-30 00:44:21,824 - INFO - /home/amily/shark-ai/sharktuner/tuning_2025_09_30_00_30/candidates/specs/1153_spec.mlir
2025-09-30 00:44:21,824 - INFO - /home/amily/shark-ai/sharktuner/tuning_2025_09_30_00_30/candidates/specs/299_spec.mlir
2025-09-30 00:44:21,824 - INFO - /home/amily/shark-ai/sharktuner/tuning_2025_09_30_00_30/candidates/specs/2013_spec.mlir
2025-09-30 00:44:21,824 - INFO - /home/amily/shark-ai/sharktuner/tuning_2025_09_30_00_30/candidates/specs/956_spec.mlir
2025-09-30 00:44:21,825 - INFO - /home/amily/shark-ai/sharktuner/tuning_2025_09_30_00_30/candidates/specs/638_spec.mlir
2025-09-30 00:44:21,825 - INFO - /home/amily/shark-ai/sharktuner/tuning_2025_09_30_00_30/candidates/specs/1390_spec.mlir
