2025-09-30 17:40:18,737 - WARNING - Command '/home/amily/iree-build-old/compiler/bindings/python/iree/compiler/tools/../_mlir_libs/iree-compile tuning_2025_09_30_17_39/template.mlir -o=tuning_2025_09_30_17_39/candidates/compiled/114.vmfb --mlir-pass-pipeline-crash-reproducer=tuning_2025_09_30_17_39/candidates/compiled/114.vmfb.crash_report.mlir --iree-codegen-tuning-spec-path=tuning_2025_09_30_17_39/candidates/specs/114_spec.mlir --iree-hal-target-device=hip --iree-hip-target=gfx942 --compile-from=executable-sources' timed out after 16 seconds.
2025-09-30 17:40:19,946 - WARNING - Command '/home/amily/iree-build-old/compiler/bindings/python/iree/compiler/tools/../_mlir_libs/iree-compile tuning_2025_09_30_17_39/template.mlir -o=tuning_2025_09_30_17_39/candidates/compiled/267.vmfb --mlir-pass-pipeline-crash-reproducer=tuning_2025_09_30_17_39/candidates/compiled/267.vmfb.crash_report.mlir --iree-codegen-tuning-spec-path=tuning_2025_09_30_17_39/candidates/specs/267_spec.mlir --iree-hal-target-device=hip --iree-hip-target=gfx942 --compile-from=executable-sources' timed out after 16 seconds.
2025-09-30 17:40:20,054 - WARNING - Command '/home/amily/iree-build-old/compiler/bindings/python/iree/compiler/tools/../_mlir_libs/iree-compile tuning_2025_09_30_17_39/template.mlir -o=tuning_2025_09_30_17_39/candidates/compiled/282.vmfb --mlir-pass-pipeline-crash-reproducer=tuning_2025_09_30_17_39/candidates/compiled/282.vmfb.crash_report.mlir --iree-codegen-tuning-spec-path=tuning_2025_09_30_17_39/candidates/specs/282_spec.mlir --iree-hal-target-device=hip --iree-hip-target=gfx942 --compile-from=executable-sources' timed out after 16 seconds.
2025-09-30 17:40:20,796 - WARNING - Command '/home/amily/iree-build-old/compiler/bindings/python/iree/compiler/tools/../_mlir_libs/iree-compile tuning_2025_09_30_17_39/template.mlir -o=tuning_2025_09_30_17_39/candidates/compiled/361.vmfb --mlir-pass-pipeline-crash-reproducer=tuning_2025_09_30_17_39/candidates/compiled/361.vmfb.crash_report.mlir --iree-codegen-tuning-spec-path=tuning_2025_09_30_17_39/candidates/specs/361_spec.mlir --iree-hal-target-device=hip --iree-hip-target=gfx942 --compile-from=executable-sources' timed out after 16 seconds.
2025-09-30 17:40:21,225 - WARNING - Command '/home/amily/iree-build-old/compiler/bindings/python/iree/compiler/tools/../_mlir_libs/iree-compile tuning_2025_09_30_17_39/template.mlir -o=tuning_2025_09_30_17_39/candidates/compiled/420.vmfb --mlir-pass-pipeline-crash-reproducer=tuning_2025_09_30_17_39/candidates/compiled/420.vmfb.crash_report.mlir --iree-codegen-tuning-spec-path=tuning_2025_09_30_17_39/candidates/specs/420_spec.mlir --iree-hal-target-device=hip --iree-hip-target=gfx942 --compile-from=executable-sources' timed out after 16 seconds.
2025-09-30 17:40:21,599 - WARNING - Command '/home/amily/iree-build-old/compiler/bindings/python/iree/compiler/tools/../_mlir_libs/iree-compile tuning_2025_09_30_17_39/template.mlir -o=tuning_2025_09_30_17_39/candidates/compiled/450.vmfb --mlir-pass-pipeline-crash-reproducer=tuning_2025_09_30_17_39/candidates/compiled/450.vmfb.crash_report.mlir --iree-codegen-tuning-spec-path=tuning_2025_09_30_17_39/candidates/specs/450_spec.mlir --iree-hal-target-device=hip --iree-hip-target=gfx942 --compile-from=executable-sources' timed out after 16 seconds.
2025-09-30 17:40:22,845 - WARNING - Command '/home/amily/iree-build-old/compiler/bindings/python/iree/compiler/tools/../_mlir_libs/iree-compile tuning_2025_09_30_17_39/template.mlir -o=tuning_2025_09_30_17_39/candidates/compiled/553.vmfb --mlir-pass-pipeline-crash-reproducer=tuning_2025_09_30_17_39/candidates/compiled/553.vmfb.crash_report.mlir --iree-codegen-tuning-spec-path=tuning_2025_09_30_17_39/candidates/specs/553_spec.mlir --iree-hal-target-device=hip --iree-hip-target=gfx942 --compile-from=executable-sources' timed out after 16 seconds.
2025-09-30 17:40:23,342 - WARNING - Command '/home/amily/iree-build-old/compiler/bindings/python/iree/compiler/tools/../_mlir_libs/iree-compile tuning_2025_09_30_17_39/template.mlir -o=tuning_2025_09_30_17_39/candidates/compiled/596.vmfb --mlir-pass-pipeline-crash-reproducer=tuning_2025_09_30_17_39/candidates/compiled/596.vmfb.crash_report.mlir --iree-codegen-tuning-spec-path=tuning_2025_09_30_17_39/candidates/specs/596_spec.mlir --iree-hal-target-device=hip --iree-hip-target=gfx942 --compile-from=executable-sources' timed out after 16 seconds.
2025-09-30 17:40:26,023 - WARNING - Command '/home/amily/iree-build-old/compiler/bindings/python/iree/compiler/tools/../_mlir_libs/iree-compile tuning_2025_09_30_17_39/template.mlir -o=tuning_2025_09_30_17_39/candidates/compiled/748.vmfb --mlir-pass-pipeline-crash-reproducer=tuning_2025_09_30_17_39/candidates/compiled/748.vmfb.crash_report.mlir --iree-codegen-tuning-spec-path=tuning_2025_09_30_17_39/candidates/specs/748_spec.mlir --iree-hal-target-device=hip --iree-hip-target=gfx942 --compile-from=executable-sources' timed out after 16 seconds.
2025-09-30 17:40:26,387 - WARNING - Command '/home/amily/iree-build-old/compiler/bindings/python/iree/compiler/tools/../_mlir_libs/iree-compile tuning_2025_09_30_17_39/template.mlir -o=tuning_2025_09_30_17_39/candidates/compiled/767.vmfb --mlir-pass-pipeline-crash-reproducer=tuning_2025_09_30_17_39/candidates/compiled/767.vmfb.crash_report.mlir --iree-codegen-tuning-spec-path=tuning_2025_09_30_17_39/candidates/specs/767_spec.mlir --iree-hal-target-device=hip --iree-hip-target=gfx942 --compile-from=executable-sources' timed out after 16 seconds.
2025-09-30 17:40:27,030 - WARNING - Command '/home/amily/iree-build-old/compiler/bindings/python/iree/compiler/tools/../_mlir_libs/iree-compile tuning_2025_09_30_17_39/template.mlir -o=tuning_2025_09_30_17_39/candidates/compiled/806.vmfb --mlir-pass-pipeline-crash-reproducer=tuning_2025_09_30_17_39/candidates/compiled/806.vmfb.crash_report.mlir --iree-codegen-tuning-spec-path=tuning_2025_09_30_17_39/candidates/specs/806_spec.mlir --iree-hal-target-device=hip --iree-hip-target=gfx942 --compile-from=executable-sources' timed out after 16 seconds.
2025-09-30 17:40:31,064 - WARNING - Command '/home/amily/iree-build-old/compiler/bindings/python/iree/compiler/tools/../_mlir_libs/iree-compile tuning_2025_09_30_17_39/template.mlir -o=tuning_2025_09_30_17_39/candidates/compiled/1033.vmfb --mlir-pass-pipeline-crash-reproducer=tuning_2025_09_30_17_39/candidates/compiled/1033.vmfb.crash_report.mlir --iree-codegen-tuning-spec-path=tuning_2025_09_30_17_39/candidates/specs/1033_spec.mlir --iree-hal-target-device=hip --iree-hip-target=gfx942 --compile-from=executable-sources' timed out after 16 seconds.
2025-09-30 17:40:33,095 - WARNING - Command '/home/amily/iree-build-old/compiler/bindings/python/iree/compiler/tools/../_mlir_libs/iree-compile tuning_2025_09_30_17_39/template.mlir -o=tuning_2025_09_30_17_39/candidates/compiled/1135.vmfb --mlir-pass-pipeline-crash-reproducer=tuning_2025_09_30_17_39/candidates/compiled/1135.vmfb.crash_report.mlir --iree-codegen-tuning-spec-path=tuning_2025_09_30_17_39/candidates/specs/1135_spec.mlir --iree-hal-target-device=hip --iree-hip-target=gfx942 --compile-from=executable-sources' timed out after 16 seconds.
2025-09-30 17:40:34,413 - WARNING - Command '/home/amily/iree-build-old/compiler/bindings/python/iree/compiler/tools/../_mlir_libs/iree-compile tuning_2025_09_30_17_39/template.mlir -o=tuning_2025_09_30_17_39/candidates/compiled/1216.vmfb --mlir-pass-pipeline-crash-reproducer=tuning_2025_09_30_17_39/candidates/compiled/1216.vmfb.crash_report.mlir --iree-codegen-tuning-spec-path=tuning_2025_09_30_17_39/candidates/specs/1216_spec.mlir --iree-hal-target-device=hip --iree-hip-target=gfx942 --compile-from=executable-sources' timed out after 16 seconds.
2025-09-30 17:40:38,333 - WARNING - Command '/home/amily/iree-build-old/compiler/bindings/python/iree/compiler/tools/../_mlir_libs/iree-compile tuning_2025_09_30_17_39/template.mlir -o=tuning_2025_09_30_17_39/candidates/compiled/1503.vmfb --mlir-pass-pipeline-crash-reproducer=tuning_2025_09_30_17_39/candidates/compiled/1503.vmfb.crash_report.mlir --iree-codegen-tuning-spec-path=tuning_2025_09_30_17_39/candidates/specs/1503_spec.mlir --iree-hal-target-device=hip --iree-hip-target=gfx942 --compile-from=executable-sources' timed out after 16 seconds.
2025-09-30 17:40:38,511 - INFO - Benchmarking compiled dispatch candidates...
2025-09-30 17:55:29,972 - WARNING - Performance regressions detected for the following devices: hip://5, hip://7.
2025-09-30 17:55:29,982 - INFO - Candidate 283 time: 108.00 ms (86.2% of baseline)
2025-09-30 17:55:29,982 - INFO - Candidate 252 time: 108.67 ms (88.0% of baseline)
2025-09-30 17:55:29,982 - INFO - Candidate 35 time: 109.67 ms (88.8% of baseline)
2025-09-30 17:55:29,982 - INFO - Candidate 542 time: 111.67 ms (89.1% of baseline)
2025-09-30 17:55:29,983 - INFO - Candidate 464 time: 112.33 ms (89.6% of baseline)
2025-09-30 17:55:29,983 - INFO - Candidate 638 time: 111.00 ms (89.9% of baseline)
2025-09-30 17:55:29,983 - INFO - Candidate 1468 time: 112.67 ms (89.9% of baseline)
2025-09-30 17:55:29,983 - INFO - Candidate 901 time: 108.00 ms (90.0% of baseline)
2025-09-30 17:55:29,983 - INFO - Candidate 342 time: 113.33 ms (90.4% of baseline)
2025-09-30 17:55:29,983 - INFO - Candidate 427 time: 113.67 ms (90.7% of baseline)
2025-09-30 17:55:29,983 - INFO - Top dispatch candidates: [283, 252, 35, 542, 464, 638, 1468, 901, 342, 427]
2025-09-30 17:55:29,983 - INFO - /home/amily/shark-ai/sharktuner/tuning_2025_09_30_17_39/candidates/specs/283_spec.mlir
2025-09-30 17:55:29,984 - INFO - /home/amily/shark-ai/sharktuner/tuning_2025_09_30_17_39/candidates/specs/252_spec.mlir
2025-09-30 17:55:29,984 - INFO - /home/amily/shark-ai/sharktuner/tuning_2025_09_30_17_39/candidates/specs/35_spec.mlir
2025-09-30 17:55:29,984 - INFO - /home/amily/shark-ai/sharktuner/tuning_2025_09_30_17_39/candidates/specs/542_spec.mlir
2025-09-30 17:55:29,984 - INFO - /home/amily/shark-ai/sharktuner/tuning_2025_09_30_17_39/candidates/specs/464_spec.mlir
2025-09-30 17:55:29,984 - INFO - /home/amily/shark-ai/sharktuner/tuning_2025_09_30_17_39/candidates/specs/638_spec.mlir
2025-09-30 17:55:29,984 - INFO - /home/amily/shark-ai/sharktuner/tuning_2025_09_30_17_39/candidates/specs/1468_spec.mlir
2025-09-30 17:55:29,984 - INFO - /home/amily/shark-ai/sharktuner/tuning_2025_09_30_17_39/candidates/specs/901_spec.mlir
2025-09-30 17:55:29,984 - INFO - /home/amily/shark-ai/sharktuner/tuning_2025_09_30_17_39/candidates/specs/342_spec.mlir
2025-09-30 17:55:29,985 - INFO - /home/amily/shark-ai/sharktuner/tuning_2025_09_30_17_39/candidates/specs/427_spec.mlir
