2025-09-29 17:54:29,101 - WARNING - Command '/home/amily/iree-build-old/compiler/bindings/python/iree/compiler/tools/../_mlir_libs/iree-compile tuning_2025_09_29_17_53/template.mlir -o=tuning_2025_09_29_17_53/candidates/compiled/138.vmfb --mlir-pass-pipeline-crash-reproducer=tuning_2025_09_29_17_53/candidates/compiled/138.vmfb.crash_report.mlir --iree-codegen-tuning-spec-path=tuning_2025_09_29_17_53/candidates/specs/138_spec.mlir --iree-hal-target-device=hip --iree-hip-target=gfx942 --compile-from=executable-sources' timed out after 16 seconds.
2025-09-29 17:54:29,139 - WARNING - Command '/home/amily/iree-build-old/compiler/bindings/python/iree/compiler/tools/../_mlir_libs/iree-compile tuning_2025_09_29_17_53/template.mlir -o=tuning_2025_09_29_17_53/candidates/compiled/140.vmfb --mlir-pass-pipeline-crash-reproducer=tuning_2025_09_29_17_53/candidates/compiled/140.vmfb.crash_report.mlir --iree-codegen-tuning-spec-path=tuning_2025_09_29_17_53/candidates/specs/140_spec.mlir --iree-hal-target-device=hip --iree-hip-target=gfx942 --compile-from=executable-sources' timed out after 16 seconds.
2025-09-29 17:54:29,458 - WARNING - Command '/home/amily/iree-build-old/compiler/bindings/python/iree/compiler/tools/../_mlir_libs/iree-compile tuning_2025_09_29_17_53/template.mlir -o=tuning_2025_09_29_17_53/candidates/compiled/173.vmfb --mlir-pass-pipeline-crash-reproducer=tuning_2025_09_29_17_53/candidates/compiled/173.vmfb.crash_report.mlir --iree-codegen-tuning-spec-path=tuning_2025_09_29_17_53/candidates/specs/173_spec.mlir --iree-hal-target-device=hip --iree-hip-target=gfx942 --compile-from=executable-sources' timed out after 16 seconds.
2025-09-29 17:54:29,640 - WARNING - Command '/home/amily/iree-build-old/compiler/bindings/python/iree/compiler/tools/../_mlir_libs/iree-compile tuning_2025_09_29_17_53/template.mlir -o=tuning_2025_09_29_17_53/candidates/compiled/186.vmfb --mlir-pass-pipeline-crash-reproducer=tuning_2025_09_29_17_53/candidates/compiled/186.vmfb.crash_report.mlir --iree-codegen-tuning-spec-path=tuning_2025_09_29_17_53/candidates/specs/186_spec.mlir --iree-hal-target-device=hip --iree-hip-target=gfx942 --compile-from=executable-sources' timed out after 16 seconds.
2025-09-29 17:54:29,752 - WARNING - Command '/home/amily/iree-build-old/compiler/bindings/python/iree/compiler/tools/../_mlir_libs/iree-compile tuning_2025_09_29_17_53/template.mlir -o=tuning_2025_09_29_17_53/candidates/compiled/193.vmfb --mlir-pass-pipeline-crash-reproducer=tuning_2025_09_29_17_53/candidates/compiled/193.vmfb.crash_report.mlir --iree-codegen-tuning-spec-path=tuning_2025_09_29_17_53/candidates/specs/193_spec.mlir --iree-hal-target-device=hip --iree-hip-target=gfx942 --compile-from=executable-sources' timed out after 16 seconds.
2025-09-29 17:54:30,164 - WARNING - Command '/home/amily/iree-build-old/compiler/bindings/python/iree/compiler/tools/../_mlir_libs/iree-compile tuning_2025_09_29_17_53/template.mlir -o=tuning_2025_09_29_17_53/candidates/compiled/218.vmfb --mlir-pass-pipeline-crash-reproducer=tuning_2025_09_29_17_53/candidates/compiled/218.vmfb.crash_report.mlir --iree-codegen-tuning-spec-path=tuning_2025_09_29_17_53/candidates/specs/218_spec.mlir --iree-hal-target-device=hip --iree-hip-target=gfx942 --compile-from=executable-sources' timed out after 16 seconds.
2025-09-29 17:54:30,286 - WARNING - Command '/home/amily/iree-build-old/compiler/bindings/python/iree/compiler/tools/../_mlir_libs/iree-compile tuning_2025_09_29_17_53/template.mlir -o=tuning_2025_09_29_17_53/candidates/compiled/226.vmfb --mlir-pass-pipeline-crash-reproducer=tuning_2025_09_29_17_53/candidates/compiled/226.vmfb.crash_report.mlir --iree-codegen-tuning-spec-path=tuning_2025_09_29_17_53/candidates/specs/226_spec.mlir --iree-hal-target-device=hip --iree-hip-target=gfx942 --compile-from=executable-sources' timed out after 16 seconds.
2025-09-29 17:54:31,273 - WARNING - Command '/home/amily/iree-build-old/compiler/bindings/python/iree/compiler/tools/../_mlir_libs/iree-compile tuning_2025_09_29_17_53/template.mlir -o=tuning_2025_09_29_17_53/candidates/compiled/294.vmfb --mlir-pass-pipeline-crash-reproducer=tuning_2025_09_29_17_53/candidates/compiled/294.vmfb.crash_report.mlir --iree-codegen-tuning-spec-path=tuning_2025_09_29_17_53/candidates/specs/294_spec.mlir --iree-hal-target-device=hip --iree-hip-target=gfx942 --compile-from=executable-sources' timed out after 16 seconds.
2025-09-29 17:54:34,163 - WARNING - Command '/home/amily/iree-build-old/compiler/bindings/python/iree/compiler/tools/../_mlir_libs/iree-compile tuning_2025_09_29_17_53/template.mlir -o=tuning_2025_09_29_17_53/candidates/compiled/501.vmfb --mlir-pass-pipeline-crash-reproducer=tuning_2025_09_29_17_53/candidates/compiled/501.vmfb.crash_report.mlir --iree-codegen-tuning-spec-path=tuning_2025_09_29_17_53/candidates/specs/501_spec.mlir --iree-hal-target-device=hip --iree-hip-target=gfx942 --compile-from=executable-sources' timed out after 16 seconds.
2025-09-29 17:54:35,005 - WARNING - Command '/home/amily/iree-build-old/compiler/bindings/python/iree/compiler/tools/../_mlir_libs/iree-compile tuning_2025_09_29_17_53/template.mlir -o=tuning_2025_09_29_17_53/candidates/compiled/556.vmfb --mlir-pass-pipeline-crash-reproducer=tuning_2025_09_29_17_53/candidates/compiled/556.vmfb.crash_report.mlir --iree-codegen-tuning-spec-path=tuning_2025_09_29_17_53/candidates/specs/556_spec.mlir --iree-hal-target-device=hip --iree-hip-target=gfx942 --compile-from=executable-sources' timed out after 16 seconds.
2025-09-29 17:54:36,687 - WARNING - Command '/home/amily/iree-build-old/compiler/bindings/python/iree/compiler/tools/../_mlir_libs/iree-compile tuning_2025_09_29_17_53/template.mlir -o=tuning_2025_09_29_17_53/candidates/compiled/628.vmfb --mlir-pass-pipeline-crash-reproducer=tuning_2025_09_29_17_53/candidates/compiled/628.vmfb.crash_report.mlir --iree-codegen-tuning-spec-path=tuning_2025_09_29_17_53/candidates/specs/628_spec.mlir --iree-hal-target-device=hip --iree-hip-target=gfx942 --compile-from=executable-sources' timed out after 16 seconds.
2025-09-29 17:54:36,843 - INFO - Benchmarking compiled dispatch candidates...
2025-09-29 18:07:45,328 - WARNING - Performance regressions detected for the following devices: hip://2.
2025-09-29 18:07:45,337 - INFO - Candidate 585 time: 61.33 ms (87.4% of baseline)
2025-09-29 18:07:45,337 - INFO - Candidate 227 time: 61.33 ms (89.5% of baseline)
2025-09-29 18:07:45,337 - INFO - Candidate 41 time: 63.33 ms (90.3% of baseline)
2025-09-29 18:07:45,337 - INFO - Candidate 572 time: 62.00 ms (90.5% of baseline)
2025-09-29 18:07:45,337 - INFO - Candidate 478 time: 64.33 ms (90.8% of baseline)
2025-09-29 18:07:45,337 - INFO - Candidate 30 time: 62.33 ms (91.0% of baseline)
2025-09-29 18:07:45,338 - INFO - Candidate 315 time: 64.67 ms (91.3% of baseline)
2025-09-29 18:07:45,338 - INFO - Candidate 112 time: 64.67 ms (91.5% of baseline)
2025-09-29 18:07:45,338 - INFO - Candidate 368 time: 65.33 ms (92.2% of baseline)
2025-09-29 18:07:45,338 - INFO - Candidate 33 time: 65.00 ms (92.6% of baseline)
2025-09-29 18:07:45,338 - INFO - Top dispatch candidates: [585, 227, 41, 572, 478, 30, 315, 112, 368, 33]
2025-09-29 18:07:45,338 - INFO - /home/amily/shark-ai/sharktuner/tuning_2025_09_29_17_53/candidates/specs/585_spec.mlir
2025-09-29 18:07:45,338 - INFO - /home/amily/shark-ai/sharktuner/tuning_2025_09_29_17_53/candidates/specs/227_spec.mlir
2025-09-29 18:07:45,339 - INFO - /home/amily/shark-ai/sharktuner/tuning_2025_09_29_17_53/candidates/specs/41_spec.mlir
2025-09-29 18:07:45,339 - INFO - /home/amily/shark-ai/sharktuner/tuning_2025_09_29_17_53/candidates/specs/572_spec.mlir
2025-09-29 18:07:45,339 - INFO - /home/amily/shark-ai/sharktuner/tuning_2025_09_29_17_53/candidates/specs/478_spec.mlir
2025-09-29 18:07:45,339 - INFO - /home/amily/shark-ai/sharktuner/tuning_2025_09_29_17_53/candidates/specs/30_spec.mlir
2025-09-29 18:07:45,339 - INFO - /home/amily/shark-ai/sharktuner/tuning_2025_09_29_17_53/candidates/specs/315_spec.mlir
2025-09-29 18:07:45,339 - INFO - /home/amily/shark-ai/sharktuner/tuning_2025_09_29_17_53/candidates/specs/112_spec.mlir
2025-09-29 18:07:45,339 - INFO - /home/amily/shark-ai/sharktuner/tuning_2025_09_29_17_53/candidates/specs/368_spec.mlir
2025-09-29 18:07:45,339 - INFO - /home/amily/shark-ai/sharktuner/tuning_2025_09_29_17_53/candidates/specs/33_spec.mlir
