2025-09-29 19:28:06,266 - WARNING - Command '/home/amily/iree-build-old/compiler/bindings/python/iree/compiler/tools/../_mlir_libs/iree-compile tuning_2025_09_29_19_27/template.mlir -o=tuning_2025_09_29_19_27/candidates/compiled/460.vmfb --mlir-pass-pipeline-crash-reproducer=tuning_2025_09_29_19_27/candidates/compiled/460.vmfb.crash_report.mlir --iree-codegen-tuning-spec-path=tuning_2025_09_29_19_27/candidates/specs/460_spec.mlir --iree-hal-target-device=hip --iree-hip-target=gfx942 --compile-from=executable-sources' timed out after 16 seconds.
2025-09-29 19:28:06,395 - WARNING - Command '/home/amily/iree-build-old/compiler/bindings/python/iree/compiler/tools/../_mlir_libs/iree-compile tuning_2025_09_29_19_27/template.mlir -o=tuning_2025_09_29_19_27/candidates/compiled/466.vmfb --mlir-pass-pipeline-crash-reproducer=tuning_2025_09_29_19_27/candidates/compiled/466.vmfb.crash_report.mlir --iree-codegen-tuning-spec-path=tuning_2025_09_29_19_27/candidates/specs/466_spec.mlir --iree-hal-target-device=hip --iree-hip-target=gfx942 --compile-from=executable-sources' timed out after 16 seconds.
2025-09-29 19:28:10,147 - WARNING - Command '/home/amily/iree-build-old/compiler/bindings/python/iree/compiler/tools/../_mlir_libs/iree-compile tuning_2025_09_29_19_27/template.mlir -o=tuning_2025_09_29_19_27/candidates/compiled/700.vmfb --mlir-pass-pipeline-crash-reproducer=tuning_2025_09_29_19_27/candidates/compiled/700.vmfb.crash_report.mlir --iree-codegen-tuning-spec-path=tuning_2025_09_29_19_27/candidates/specs/700_spec.mlir --iree-hal-target-device=hip --iree-hip-target=gfx942 --compile-from=executable-sources' timed out after 16 seconds.
2025-09-29 19:28:10,362 - WARNING - Command '/home/amily/iree-build-old/compiler/bindings/python/iree/compiler/tools/../_mlir_libs/iree-compile tuning_2025_09_29_19_27/template.mlir -o=tuning_2025_09_29_19_27/candidates/compiled/713.vmfb --mlir-pass-pipeline-crash-reproducer=tuning_2025_09_29_19_27/candidates/compiled/713.vmfb.crash_report.mlir --iree-codegen-tuning-spec-path=tuning_2025_09_29_19_27/candidates/specs/713_spec.mlir --iree-hal-target-device=hip --iree-hip-target=gfx942 --compile-from=executable-sources' timed out after 16 seconds.
2025-09-29 19:28:12,039 - WARNING - Command '/home/amily/iree-build-old/compiler/bindings/python/iree/compiler/tools/../_mlir_libs/iree-compile tuning_2025_09_29_19_27/template.mlir -o=tuning_2025_09_29_19_27/candidates/compiled/829.vmfb --mlir-pass-pipeline-crash-reproducer=tuning_2025_09_29_19_27/candidates/compiled/829.vmfb.crash_report.mlir --iree-codegen-tuning-spec-path=tuning_2025_09_29_19_27/candidates/specs/829_spec.mlir --iree-hal-target-device=hip --iree-hip-target=gfx942 --compile-from=executable-sources' timed out after 16 seconds.
2025-09-29 19:28:12,911 - WARNING - Command '/home/amily/iree-build-old/compiler/bindings/python/iree/compiler/tools/../_mlir_libs/iree-compile tuning_2025_09_29_19_27/template.mlir -o=tuning_2025_09_29_19_27/candidates/compiled/895.vmfb --mlir-pass-pipeline-crash-reproducer=tuning_2025_09_29_19_27/candidates/compiled/895.vmfb.crash_report.mlir --iree-codegen-tuning-spec-path=tuning_2025_09_29_19_27/candidates/specs/895_spec.mlir --iree-hal-target-device=hip --iree-hip-target=gfx942 --compile-from=executable-sources' timed out after 16 seconds.
2025-09-29 19:28:12,956 - WARNING - Command '/home/amily/iree-build-old/compiler/bindings/python/iree/compiler/tools/../_mlir_libs/iree-compile tuning_2025_09_29_19_27/template.mlir -o=tuning_2025_09_29_19_27/candidates/compiled/896.vmfb --mlir-pass-pipeline-crash-reproducer=tuning_2025_09_29_19_27/candidates/compiled/896.vmfb.crash_report.mlir --iree-codegen-tuning-spec-path=tuning_2025_09_29_19_27/candidates/specs/896_spec.mlir --iree-hal-target-device=hip --iree-hip-target=gfx942 --compile-from=executable-sources' timed out after 16 seconds.
2025-09-29 19:28:13,113 - WARNING - Command '/home/amily/iree-build-old/compiler/bindings/python/iree/compiler/tools/../_mlir_libs/iree-compile tuning_2025_09_29_19_27/template.mlir -o=tuning_2025_09_29_19_27/candidates/compiled/906.vmfb --mlir-pass-pipeline-crash-reproducer=tuning_2025_09_29_19_27/candidates/compiled/906.vmfb.crash_report.mlir --iree-codegen-tuning-spec-path=tuning_2025_09_29_19_27/candidates/specs/906_spec.mlir --iree-hal-target-device=hip --iree-hip-target=gfx942 --compile-from=executable-sources' timed out after 16 seconds.
2025-09-29 19:28:13,272 - INFO - Benchmarking compiled dispatch candidates...
2025-09-29 19:41:24,733 - INFO - Candidate 669 time: 34.33 ms (63.0% of baseline)
2025-09-29 19:41:24,733 - INFO - Candidate 637 time: 38.00 ms (66.9% of baseline)
2025-09-29 19:41:24,733 - INFO - Candidate 600 time: 37.67 ms (69.1% of baseline)
2025-09-29 19:41:24,733 - INFO - Candidate 570 time: 40.00 ms (69.4% of baseline)
2025-09-29 19:41:24,733 - INFO - Candidate 545 time: 42.67 ms (73.8% of baseline)
2025-09-29 19:41:24,733 - INFO - Candidate 45 time: 42.67 ms (74.0% of baseline)
2025-09-29 19:41:24,733 - INFO - Candidate 90 time: 43.00 ms (74.6% of baseline)
2025-09-29 19:41:24,733 - INFO - Candidate 844 time: 40.67 ms (74.6% of baseline)
2025-09-29 19:41:24,733 - INFO - Candidate 812 time: 43.33 ms (74.9% of baseline)
2025-09-29 19:41:24,734 - INFO - Candidate 614 time: 41.00 ms (75.2% of baseline)
2025-09-29 19:41:24,734 - INFO - Top dispatch candidates: [669, 637, 600, 570, 545, 45, 90, 844, 812, 614]
2025-09-29 19:41:24,734 - INFO - /home/amily/shark-ai/sharktuner/tuning_2025_09_29_19_27/candidates/specs/669_spec.mlir
2025-09-29 19:41:24,734 - INFO - /home/amily/shark-ai/sharktuner/tuning_2025_09_29_19_27/candidates/specs/637_spec.mlir
2025-09-29 19:41:24,734 - INFO - /home/amily/shark-ai/sharktuner/tuning_2025_09_29_19_27/candidates/specs/600_spec.mlir
2025-09-29 19:41:24,735 - INFO - /home/amily/shark-ai/sharktuner/tuning_2025_09_29_19_27/candidates/specs/570_spec.mlir
2025-09-29 19:41:24,735 - INFO - /home/amily/shark-ai/sharktuner/tuning_2025_09_29_19_27/candidates/specs/545_spec.mlir
2025-09-29 19:41:24,735 - INFO - /home/amily/shark-ai/sharktuner/tuning_2025_09_29_19_27/candidates/specs/45_spec.mlir
2025-09-29 19:41:24,735 - INFO - /home/amily/shark-ai/sharktuner/tuning_2025_09_29_19_27/candidates/specs/90_spec.mlir
2025-09-29 19:41:24,735 - INFO - /home/amily/shark-ai/sharktuner/tuning_2025_09_29_19_27/candidates/specs/844_spec.mlir
2025-09-29 19:41:24,735 - INFO - /home/amily/shark-ai/sharktuner/tuning_2025_09_29_19_27/candidates/specs/812_spec.mlir
2025-09-29 19:41:24,735 - INFO - /home/amily/shark-ai/sharktuner/tuning_2025_09_29_19_27/candidates/specs/614_spec.mlir
