2025-09-29 23:52:39,833 - WARNING - Command '/home/amily/iree-build-old/compiler/bindings/python/iree/compiler/tools/../_mlir_libs/iree-compile tuning_2025_09_29_23_52/template.mlir -o=tuning_2025_09_29_23_52/candidates/compiled/18.vmfb --mlir-pass-pipeline-crash-reproducer=tuning_2025_09_29_23_52/candidates/compiled/18.vmfb.crash_report.mlir --iree-codegen-tuning-spec-path=tuning_2025_09_29_23_52/candidates/specs/18_spec.mlir --iree-hal-target-device=hip --iree-hip-target=gfx942 --compile-from=executable-sources' timed out after 16 seconds.
2025-09-29 23:52:40,150 - WARNING - Command '/home/amily/iree-build-old/compiler/bindings/python/iree/compiler/tools/../_mlir_libs/iree-compile tuning_2025_09_29_23_52/template.mlir -o=tuning_2025_09_29_23_52/candidates/compiled/81.vmfb --mlir-pass-pipeline-crash-reproducer=tuning_2025_09_29_23_52/candidates/compiled/81.vmfb.crash_report.mlir --iree-codegen-tuning-spec-path=tuning_2025_09_29_23_52/candidates/specs/81_spec.mlir --iree-hal-target-device=hip --iree-hip-target=gfx942 --compile-from=executable-sources' timed out after 16 seconds.
2025-09-29 23:52:40,292 - WARNING - Command '/home/amily/iree-build-old/compiler/bindings/python/iree/compiler/tools/../_mlir_libs/iree-compile tuning_2025_09_29_23_52/template.mlir -o=tuning_2025_09_29_23_52/candidates/compiled/105.vmfb --mlir-pass-pipeline-crash-reproducer=tuning_2025_09_29_23_52/candidates/compiled/105.vmfb.crash_report.mlir --iree-codegen-tuning-spec-path=tuning_2025_09_29_23_52/candidates/specs/105_spec.mlir --iree-hal-target-device=hip --iree-hip-target=gfx942 --compile-from=executable-sources' timed out after 16 seconds.
2025-09-29 23:52:40,358 - WARNING - Command '/home/amily/iree-build-old/compiler/bindings/python/iree/compiler/tools/../_mlir_libs/iree-compile tuning_2025_09_29_23_52/template.mlir -o=tuning_2025_09_29_23_52/candidates/compiled/113.vmfb --mlir-pass-pipeline-crash-reproducer=tuning_2025_09_29_23_52/candidates/compiled/113.vmfb.crash_report.mlir --iree-codegen-tuning-spec-path=tuning_2025_09_29_23_52/candidates/specs/113_spec.mlir --iree-hal-target-device=hip --iree-hip-target=gfx942 --compile-from=executable-sources' timed out after 16 seconds.
2025-09-29 23:52:40,740 - WARNING - Command '/home/amily/iree-build-old/compiler/bindings/python/iree/compiler/tools/../_mlir_libs/iree-compile tuning_2025_09_29_23_52/template.mlir -o=tuning_2025_09_29_23_52/candidates/compiled/148.vmfb --mlir-pass-pipeline-crash-reproducer=tuning_2025_09_29_23_52/candidates/compiled/148.vmfb.crash_report.mlir --iree-codegen-tuning-spec-path=tuning_2025_09_29_23_52/candidates/specs/148_spec.mlir --iree-hal-target-device=hip --iree-hip-target=gfx942 --compile-from=executable-sources' timed out after 16 seconds.
2025-09-29 23:52:41,671 - WARNING - Command '/home/amily/iree-build-old/compiler/bindings/python/iree/compiler/tools/../_mlir_libs/iree-compile tuning_2025_09_29_23_52/template.mlir -o=tuning_2025_09_29_23_52/candidates/compiled/231.vmfb --mlir-pass-pipeline-crash-reproducer=tuning_2025_09_29_23_52/candidates/compiled/231.vmfb.crash_report.mlir --iree-codegen-tuning-spec-path=tuning_2025_09_29_23_52/candidates/specs/231_spec.mlir --iree-hal-target-device=hip --iree-hip-target=gfx942 --compile-from=executable-sources' timed out after 16 seconds.
2025-09-29 23:52:42,226 - WARNING - Command '/home/amily/iree-build-old/compiler/bindings/python/iree/compiler/tools/../_mlir_libs/iree-compile tuning_2025_09_29_23_52/template.mlir -o=tuning_2025_09_29_23_52/candidates/compiled/281.vmfb --mlir-pass-pipeline-crash-reproducer=tuning_2025_09_29_23_52/candidates/compiled/281.vmfb.crash_report.mlir --iree-codegen-tuning-spec-path=tuning_2025_09_29_23_52/candidates/specs/281_spec.mlir --iree-hal-target-device=hip --iree-hip-target=gfx942 --compile-from=executable-sources' timed out after 16 seconds.
2025-09-29 23:52:42,683 - WARNING - Command '/home/amily/iree-build-old/compiler/bindings/python/iree/compiler/tools/../_mlir_libs/iree-compile tuning_2025_09_29_23_52/template.mlir -o=tuning_2025_09_29_23_52/candidates/compiled/313.vmfb --mlir-pass-pipeline-crash-reproducer=tuning_2025_09_29_23_52/candidates/compiled/313.vmfb.crash_report.mlir --iree-codegen-tuning-spec-path=tuning_2025_09_29_23_52/candidates/specs/313_spec.mlir --iree-hal-target-device=hip --iree-hip-target=gfx942 --compile-from=executable-sources' timed out after 16 seconds.
2025-09-29 23:52:45,570 - WARNING - Command '/home/amily/iree-build-old/compiler/bindings/python/iree/compiler/tools/../_mlir_libs/iree-compile tuning_2025_09_29_23_52/template.mlir -o=tuning_2025_09_29_23_52/candidates/compiled/466.vmfb --mlir-pass-pipeline-crash-reproducer=tuning_2025_09_29_23_52/candidates/compiled/466.vmfb.crash_report.mlir --iree-codegen-tuning-spec-path=tuning_2025_09_29_23_52/candidates/specs/466_spec.mlir --iree-hal-target-device=hip --iree-hip-target=gfx942 --compile-from=executable-sources' timed out after 16 seconds.
2025-09-29 23:52:45,769 - WARNING - Command '/home/amily/iree-build-old/compiler/bindings/python/iree/compiler/tools/../_mlir_libs/iree-compile tuning_2025_09_29_23_52/template.mlir -o=tuning_2025_09_29_23_52/candidates/compiled/472.vmfb --mlir-pass-pipeline-crash-reproducer=tuning_2025_09_29_23_52/candidates/compiled/472.vmfb.crash_report.mlir --iree-codegen-tuning-spec-path=tuning_2025_09_29_23_52/candidates/specs/472_spec.mlir --iree-hal-target-device=hip --iree-hip-target=gfx942 --compile-from=executable-sources' timed out after 16 seconds.
2025-09-29 23:52:46,830 - INFO - Benchmarking compiled dispatch candidates...
2025-09-29 23:59:36,192 - WARNING - Performance regressions detected for the following devices: hip://6.
2025-09-29 23:59:36,197 - INFO - Candidate 33 time: 433.33 ms (95.6% of baseline)
2025-09-29 23:59:36,197 - INFO - Candidate 195 time: 438.00 ms (96.5% of baseline)
2025-09-29 23:59:36,197 - INFO - Candidate 25 time: 457.67 ms (101.0% of baseline)
2025-09-29 23:59:36,197 - INFO - Candidate 371 time: 459.00 ms (101.1% of baseline)
2025-09-29 23:59:36,197 - INFO - Candidate 310 time: 456.33 ms (101.3% of baseline)
2025-09-29 23:59:36,197 - INFO - Candidate 46 time: 476.33 ms (102.3% of baseline)
2025-09-29 23:59:36,197 - INFO - Candidate 251 time: 466.67 ms (102.8% of baseline)
2025-09-29 23:59:36,198 - INFO - Candidate 145 time: 482.67 ms (103.7% of baseline)
2025-09-29 23:59:36,198 - INFO - Candidate 443 time: 472.00 ms (104.1% of baseline)
2025-09-29 23:59:36,198 - INFO - Candidate 369 time: 485.33 ms (104.3% of baseline)
2025-09-29 23:59:36,198 - INFO - Top dispatch candidates: [33, 195, 25, 371, 310, 46, 251, 145, 443, 369]
2025-09-29 23:59:36,198 - INFO - /home/amily/shark-ai/sharktuner/tuning_2025_09_29_23_52/candidates/specs/33_spec.mlir
2025-09-29 23:59:36,198 - INFO - /home/amily/shark-ai/sharktuner/tuning_2025_09_29_23_52/candidates/specs/195_spec.mlir
2025-09-29 23:59:36,198 - INFO - /home/amily/shark-ai/sharktuner/tuning_2025_09_29_23_52/candidates/specs/25_spec.mlir
2025-09-29 23:59:36,199 - INFO - /home/amily/shark-ai/sharktuner/tuning_2025_09_29_23_52/candidates/specs/371_spec.mlir
2025-09-29 23:59:36,199 - INFO - /home/amily/shark-ai/sharktuner/tuning_2025_09_29_23_52/candidates/specs/310_spec.mlir
2025-09-29 23:59:36,199 - INFO - /home/amily/shark-ai/sharktuner/tuning_2025_09_29_23_52/candidates/specs/46_spec.mlir
2025-09-29 23:59:36,199 - INFO - /home/amily/shark-ai/sharktuner/tuning_2025_09_29_23_52/candidates/specs/251_spec.mlir
2025-09-29 23:59:36,199 - INFO - /home/amily/shark-ai/sharktuner/tuning_2025_09_29_23_52/candidates/specs/145_spec.mlir
2025-09-29 23:59:36,199 - INFO - /home/amily/shark-ai/sharktuner/tuning_2025_09_29_23_52/candidates/specs/443_spec.mlir
2025-09-29 23:59:36,199 - INFO - /home/amily/shark-ai/sharktuner/tuning_2025_09_29_23_52/candidates/specs/369_spec.mlir
