2025-09-23 20:44:34,802 - INFO - Benchmarking compiled dispatch candidates...
2025-09-23 20:52:03,535 - INFO - Candidate 396 time: 44.33 ms (79.6% of baseline)
2025-09-23 20:52:03,535 - INFO - Candidate 175 time: 45.00 ms (81.6% of baseline)
2025-09-23 20:52:03,535 - INFO - Candidate 46 time: 45.67 ms (82.0% of baseline)
2025-09-23 20:52:03,535 - INFO - Candidate 415 time: 45.33 ms (82.2% of baseline)
2025-09-23 20:52:03,535 - INFO - Candidate 392 time: 46.00 ms (82.6% of baseline)
2025-09-23 20:52:03,535 - INFO - Candidate 303 time: 45.67 ms (82.8% of baseline)
2025-09-23 20:52:03,535 - INFO - Candidate 178 time: 46.33 ms (83.2% of baseline)
2025-09-23 20:52:03,535 - INFO - Candidate 195 time: 46.00 ms (83.4% of baseline)
2025-09-23 20:52:03,535 - INFO - Candidate 328 time: 46.33 ms (84.0% of baseline)
2025-09-23 20:52:03,535 - INFO - Candidate 42 time: 47.00 ms (84.4% of baseline)
2025-09-23 20:52:03,535 - INFO - Candidate 207 time: 47.33 ms (85.0% of baseline)
2025-09-23 20:52:03,535 - INFO - Candidate 253 time: 47.00 ms (85.2% of baseline)
2025-09-23 20:52:03,535 - INFO - Candidate 158 time: 48.00 ms (86.2% of baseline)
2025-09-23 20:52:03,536 - INFO - Candidate 271 time: 48.00 ms (86.2% of baseline)
2025-09-23 20:52:03,536 - INFO - Candidate 269 time: 48.00 ms (86.2% of baseline)
2025-09-23 20:52:03,536 - INFO - Candidate 263 time: 48.00 ms (86.2% of baseline)
2025-09-23 20:52:03,536 - INFO - Candidate 441 time: 48.00 ms (86.2% of baseline)
2025-09-23 20:52:03,536 - INFO - Candidate 458 time: 48.00 ms (86.2% of baseline)
2025-09-23 20:52:03,536 - INFO - Candidate 285 time: 47.67 ms (86.4% of baseline)
2025-09-23 20:52:03,536 - INFO - Candidate 18 time: 48.33 ms (86.8% of baseline)
2025-09-23 20:52:03,536 - INFO - Candidate 202 time: 48.33 ms (86.8% of baseline)
2025-09-23 20:52:03,536 - INFO - Candidate 345 time: 48.33 ms (86.8% of baseline)
2025-09-23 20:52:03,536 - INFO - Candidate 126 time: 48.00 ms (87.0% of baseline)
2025-09-23 20:52:03,536 - INFO - Candidate 278 time: 48.00 ms (87.0% of baseline)
2025-09-23 20:52:03,536 - INFO - Candidate 350 time: 48.67 ms (87.4% of baseline)
2025-09-23 20:52:03,536 - INFO - Candidate 384 time: 48.67 ms (87.4% of baseline)
2025-09-23 20:52:03,536 - INFO - Candidate 416 time: 48.67 ms (87.4% of baseline)
2025-09-23 20:52:03,536 - INFO - Candidate 168 time: 48.33 ms (87.6% of baseline)
2025-09-23 20:52:03,536 - INFO - Candidate 395 time: 49.00 ms (88.0% of baseline)
2025-09-23 20:52:03,536 - INFO - Candidate 460 time: 49.00 ms (88.0% of baseline)
2025-09-23 20:52:03,536 - INFO - Candidate 457 time: 49.00 ms (88.0% of baseline)
2025-09-23 20:52:03,537 - INFO - Candidate 180 time: 48.67 ms (88.2% of baseline)
2025-09-23 20:52:03,537 - INFO - Candidate 119 time: 49.33 ms (88.6% of baseline)
2025-09-23 20:52:03,537 - INFO - Candidate 355 time: 49.33 ms (88.6% of baseline)
2025-09-23 20:52:03,537 - INFO - Candidate 471 time: 49.33 ms (88.6% of baseline)
2025-09-23 20:52:03,537 - INFO - Candidate 184 time: 49.00 ms (88.8% of baseline)
2025-09-23 20:52:03,537 - INFO - Candidate 32 time: 49.67 ms (89.2% of baseline)
2025-09-23 20:52:03,537 - INFO - Candidate 166 time: 49.67 ms (89.2% of baseline)
2025-09-23 20:52:03,537 - INFO - Candidate 386 time: 49.67 ms (89.2% of baseline)
2025-09-23 20:52:03,537 - INFO - Candidate 382 time: 49.67 ms (89.2% of baseline)
2025-09-23 20:52:03,537 - INFO - Candidate 485 time: 49.67 ms (89.2% of baseline)
2025-09-23 20:52:03,537 - INFO - Candidate 143 time: 49.33 ms (89.4% of baseline)
2025-09-23 20:52:03,537 - INFO - Candidate 186 time: 49.33 ms (89.4% of baseline)
2025-09-23 20:52:03,537 - INFO - Candidate 381 time: 50.00 ms (89.8% of baseline)
2025-09-23 20:52:03,537 - INFO - Candidate 401 time: 49.67 ms (90.0% of baseline)
2025-09-23 20:52:03,537 - INFO - Candidate 127 time: 50.33 ms (90.4% of baseline)
2025-09-23 20:52:03,537 - INFO - Candidate 475 time: 50.33 ms (90.4% of baseline)
2025-09-23 20:52:03,537 - INFO - Candidate 134 time: 50.00 ms (90.6% of baseline)
2025-09-23 20:52:03,537 - INFO - Candidate 181 time: 50.00 ms (90.6% of baseline)
2025-09-23 20:52:03,537 - INFO - Candidate 378 time: 50.00 ms (90.6% of baseline)
2025-09-23 20:52:03,538 - INFO - Candidate 397 time: 50.00 ms (90.6% of baseline)
2025-09-23 20:52:03,538 - INFO - Candidate 65 time: 50.33 ms (91.2% of baseline)
2025-09-23 20:52:03,538 - INFO - Candidate 414 time: 50.33 ms (91.2% of baseline)
2025-09-23 20:52:03,538 - INFO - Candidate 146 time: 51.00 ms (91.6% of baseline)
2025-09-23 20:52:03,538 - INFO - Candidate 162 time: 51.00 ms (91.6% of baseline)
2025-09-23 20:52:03,538 - INFO - Candidate 139 time: 51.00 ms (91.6% of baseline)
2025-09-23 20:52:03,538 - INFO - Candidate 340 time: 51.00 ms (91.6% of baseline)
2025-09-23 20:52:03,538 - INFO - Candidate 481 time: 51.00 ms (91.6% of baseline)
2025-09-23 20:52:03,538 - INFO - Candidate 37 time: 50.67 ms (91.8% of baseline)
2025-09-23 20:52:03,538 - INFO - Candidate 38 time: 50.67 ms (91.8% of baseline)
2025-09-23 20:52:03,538 - INFO - Candidate 144 time: 50.67 ms (91.8% of baseline)
2025-09-23 20:52:03,538 - INFO - Candidate 498 time: 50.67 ms (91.8% of baseline)
2025-09-23 20:52:03,538 - INFO - Candidate 176 time: 51.33 ms (92.2% of baseline)
2025-09-23 20:52:03,538 - INFO - Candidate 353 time: 51.33 ms (92.2% of baseline)
2025-09-23 20:52:03,538 - INFO - Candidate 439 time: 51.33 ms (92.2% of baseline)
2025-09-23 20:52:03,538 - INFO - Candidate 19 time: 51.00 ms (92.4% of baseline)
2025-09-23 20:52:03,538 - INFO - Candidate 210 time: 51.00 ms (92.4% of baseline)
2025-09-23 20:52:03,538 - INFO - Candidate 171 time: 51.67 ms (92.8% of baseline)
2025-09-23 20:52:03,539 - INFO - Candidate 283 time: 51.67 ms (92.8% of baseline)
2025-09-23 20:52:03,539 - INFO - Candidate 315 time: 51.67 ms (92.8% of baseline)
2025-09-23 20:52:03,539 - INFO - Candidate 338 time: 51.67 ms (92.8% of baseline)
2025-09-23 20:52:03,539 - INFO - Candidate 277 time: 51.33 ms (93.1% of baseline)
2025-09-23 20:52:03,539 - INFO - Candidate 293 time: 51.33 ms (93.1% of baseline)
2025-09-23 20:52:03,539 - INFO - Candidate 294 time: 51.33 ms (93.1% of baseline)
2025-09-23 20:52:03,539 - INFO - Candidate 351 time: 51.33 ms (93.1% of baseline)
2025-09-23 20:52:03,539 - INFO - Candidate 14 time: 52.00 ms (93.4% of baseline)
2025-09-23 20:52:03,539 - INFO - Candidate 153 time: 52.00 ms (93.4% of baseline)
2025-09-23 20:52:03,539 - INFO - Candidate 140 time: 52.00 ms (93.4% of baseline)
2025-09-23 20:52:03,539 - INFO - Candidate 295 time: 52.00 ms (93.4% of baseline)
2025-09-23 20:52:03,539 - INFO - Candidate 254 time: 51.67 ms (93.7% of baseline)
2025-09-23 20:52:03,539 - INFO - Candidate 301 time: 51.67 ms (93.7% of baseline)
2025-09-23 20:52:03,539 - INFO - Candidate 164 time: 52.00 ms (94.3% of baseline)
2025-09-23 20:52:03,539 - INFO - Candidate 137 time: 52.67 ms (94.6% of baseline)
2025-09-23 20:52:03,539 - INFO - Candidate 359 time: 52.67 ms (94.6% of baseline)
2025-09-23 20:52:03,539 - INFO - Candidate 426 time: 52.67 ms (94.6% of baseline)
2025-09-23 20:52:03,539 - INFO - Candidate 226 time: 52.33 ms (94.9% of baseline)
2025-09-23 20:52:03,539 - INFO - Candidate 261 time: 52.33 ms (94.9% of baseline)
2025-09-23 20:52:03,540 - INFO - Candidate 296 time: 52.33 ms (94.9% of baseline)
2025-09-23 20:52:03,540 - INFO - Candidate 40 time: 53.00 ms (95.2% of baseline)
2025-09-23 20:52:03,540 - INFO - Candidate 125 time: 53.00 ms (95.2% of baseline)
2025-09-23 20:52:03,540 - INFO - Candidate 131 time: 53.00 ms (95.2% of baseline)
2025-09-23 20:52:03,540 - INFO - Candidate 421 time: 53.00 ms (95.2% of baseline)
2025-09-23 20:52:03,540 - INFO - Candidate 170 time: 52.67 ms (95.5% of baseline)
2025-09-23 20:52:03,540 - INFO - Candidate 155 time: 52.67 ms (95.5% of baseline)
2025-09-23 20:52:03,540 - INFO - Candidate 28 time: 53.33 ms (95.8% of baseline)
2025-09-23 20:52:03,540 - INFO - Candidate 160 time: 53.33 ms (95.8% of baseline)
2025-09-23 20:52:03,540 - INFO - Candidate 419 time: 53.33 ms (95.8% of baseline)
2025-09-23 20:52:03,540 - INFO - Candidate 6 time: 53.00 ms (96.1% of baseline)
2025-09-23 20:52:03,540 - INFO - Candidate 188 time: 53.00 ms (96.1% of baseline)
2025-09-23 20:52:03,540 - INFO - Candidate 256 time: 53.00 ms (96.1% of baseline)
2025-09-23 20:52:03,540 - INFO - Candidate 469 time: 53.00 ms (96.1% of baseline)
2025-09-23 20:52:03,540 - INFO - Candidate 27 time: 53.67 ms (96.4% of baseline)
2025-09-23 20:52:03,540 - INFO - Candidate 272 time: 53.67 ms (96.4% of baseline)
2025-09-23 20:52:03,540 - INFO - Candidate 259 time: 53.67 ms (96.4% of baseline)
2025-09-23 20:52:03,540 - INFO - Candidate 298 time: 53.67 ms (96.4% of baseline)
2025-09-23 20:52:03,541 - INFO - Candidate 411 time: 53.67 ms (96.4% of baseline)
2025-09-23 20:52:03,541 - INFO - Candidate 448 time: 53.67 ms (96.4% of baseline)
2025-09-23 20:52:03,541 - INFO - Candidate 456 time: 53.67 ms (96.4% of baseline)
2025-09-23 20:52:03,541 - INFO - Candidate 490 time: 53.67 ms (96.4% of baseline)
2025-09-23 20:52:03,541 - INFO - Candidate 479 time: 53.67 ms (96.4% of baseline)
2025-09-23 20:52:03,541 - INFO - Candidate 141 time: 53.33 ms (96.7% of baseline)
2025-09-23 20:52:03,541 - INFO - Candidate 322 time: 53.33 ms (96.7% of baseline)
2025-09-23 20:52:03,541 - INFO - Candidate 424 time: 53.33 ms (96.7% of baseline)
2025-09-23 20:52:03,541 - INFO - Candidate 258 time: 54.00 ms (97.0% of baseline)
2025-09-23 20:52:03,541 - INFO - Candidate 147 time: 53.67 ms (97.3% of baseline)
2025-09-23 20:52:03,541 - INFO - Candidate 189 time: 53.67 ms (97.3% of baseline)
2025-09-23 20:52:03,541 - INFO - Candidate 201 time: 53.67 ms (97.3% of baseline)
2025-09-23 20:52:03,541 - INFO - Candidate 326 time: 53.67 ms (97.3% of baseline)
2025-09-23 20:52:03,541 - INFO - Candidate 354 time: 53.67 ms (97.3% of baseline)
2025-09-23 20:52:03,541 - INFO - Candidate 380 time: 53.67 ms (97.3% of baseline)
2025-09-23 20:52:03,541 - INFO - Candidate 409 time: 53.67 ms (97.3% of baseline)
2025-09-23 20:52:03,541 - INFO - Candidate 444 time: 53.67 ms (97.3% of baseline)
2025-09-23 20:52:03,541 - INFO - Candidate 459 time: 53.67 ms (97.3% of baseline)
2025-09-23 20:52:03,542 - INFO - Candidate 26 time: 54.33 ms (97.6% of baseline)
2025-09-23 20:52:03,542 - INFO - Candidate 70 time: 54.33 ms (97.6% of baseline)
2025-09-23 20:52:03,542 - INFO - Candidate 148 time: 54.33 ms (97.6% of baseline)
2025-09-23 20:52:03,542 - INFO - Candidate 157 time: 54.33 ms (97.6% of baseline)
2025-09-23 20:52:03,542 - INFO - Candidate 343 time: 54.33 ms (97.6% of baseline)
2025-09-23 20:52:03,542 - INFO - Candidate 402 time: 54.33 ms (97.6% of baseline)
2025-09-23 20:52:03,542 - INFO - Candidate 41 time: 54.00 ms (97.9% of baseline)
2025-09-23 20:52:03,542 - INFO - Candidate 138 time: 54.00 ms (97.9% of baseline)
2025-09-23 20:52:03,542 - INFO - Candidate 145 time: 54.00 ms (97.9% of baseline)
2025-09-23 20:52:03,542 - INFO - Candidate 183 time: 54.00 ms (97.9% of baseline)
2025-09-23 20:52:03,542 - INFO - Candidate 440 time: 54.00 ms (97.9% of baseline)
2025-09-23 20:52:03,542 - INFO - Candidate 480 time: 54.00 ms (97.9% of baseline)
2025-09-23 20:52:03,542 - INFO - Candidate 173 time: 54.67 ms (98.2% of baseline)
2025-09-23 20:52:03,542 - INFO - Candidate 337 time: 54.67 ms (98.2% of baseline)
2025-09-23 20:52:03,542 - INFO - Candidate 329 time: 54.67 ms (98.2% of baseline)
2025-09-23 20:52:03,542 - INFO - Candidate 425 time: 54.67 ms (98.2% of baseline)
2025-09-23 20:52:03,542 - INFO - Candidate 23 time: 54.33 ms (98.5% of baseline)
2025-09-23 20:52:03,542 - INFO - Candidate 7 time: 54.33 ms (98.5% of baseline)
2025-09-23 20:52:03,542 - INFO - Candidate 128 time: 54.33 ms (98.5% of baseline)
2025-09-23 20:52:03,543 - INFO - Candidate 208 time: 54.33 ms (98.5% of baseline)
2025-09-23 20:52:03,543 - INFO - Candidate 300 time: 54.33 ms (98.5% of baseline)
2025-09-23 20:52:03,543 - INFO - Candidate 423 time: 54.33 ms (98.5% of baseline)
2025-09-23 20:52:03,543 - INFO - Candidate 497 time: 54.33 ms (98.5% of baseline)
2025-09-23 20:52:03,543 - INFO - Candidate 455 time: 54.33 ms (98.5% of baseline)
2025-09-23 20:52:03,543 - INFO - Candidate 124 time: 55.00 ms (98.8% of baseline)
2025-09-23 20:52:03,543 - INFO - Candidate 209 time: 55.00 ms (98.8% of baseline)
2025-09-23 20:52:03,543 - INFO - Candidate 268 time: 55.00 ms (98.8% of baseline)
2025-09-23 20:52:03,543 - INFO - Candidate 292 time: 55.00 ms (98.8% of baseline)
2025-09-23 20:52:03,543 - INFO - Candidate 379 time: 55.00 ms (98.8% of baseline)
2025-09-23 20:52:03,543 - INFO - Candidate 410 time: 55.00 ms (98.8% of baseline)
2025-09-23 20:52:03,543 - INFO - Candidate 156 time: 55.33 ms (99.4% of baseline)
2025-09-23 20:52:03,543 - INFO - Candidate 225 time: 55.33 ms (99.4% of baseline)
2025-09-23 20:52:03,543 - INFO - Candidate 35 time: 55.00 ms (99.7% of baseline)
2025-09-23 20:52:03,543 - INFO - Candidate 34 time: 55.00 ms (99.7% of baseline)
2025-09-23 20:52:03,543 - INFO - Candidate 149 time: 55.00 ms (99.7% of baseline)
2025-09-23 20:52:03,543 - INFO - Candidate 43 time: 55.67 ms (100.0% of baseline)
2025-09-23 20:52:03,543 - INFO - Candidate 122 time: 55.67 ms (100.0% of baseline)
2025-09-23 20:52:03,544 - INFO - Candidate 257 time: 55.67 ms (100.0% of baseline)
2025-09-23 20:52:03,544 - INFO - Candidate 383 time: 55.33 ms (100.3% of baseline)
2025-09-23 20:52:03,544 - INFO - Candidate 22 time: 56.00 ms (100.6% of baseline)
2025-09-23 20:52:03,544 - INFO - Candidate 220 time: 56.00 ms (100.6% of baseline)
2025-09-23 20:52:03,544 - INFO - Candidate 390 time: 56.00 ms (100.6% of baseline)
2025-09-23 20:52:03,544 - INFO - Candidate 151 time: 55.67 ms (100.9% of baseline)
2025-09-23 20:52:03,544 - INFO - Candidate 222 time: 55.67 ms (100.9% of baseline)
2025-09-23 20:52:03,544 - INFO - Candidate 221 time: 55.67 ms (100.9% of baseline)
2025-09-23 20:52:03,544 - INFO - Candidate 474 time: 55.67 ms (100.9% of baseline)
2025-09-23 20:52:03,544 - INFO - Candidate 21 time: 56.33 ms (101.2% of baseline)
2025-09-23 20:52:03,544 - INFO - Candidate 29 time: 56.33 ms (101.2% of baseline)
2025-09-23 20:52:03,544 - INFO - Candidate 47 time: 56.33 ms (101.2% of baseline)
2025-09-23 20:52:03,544 - INFO - Candidate 394 time: 56.33 ms (101.2% of baseline)
2025-09-23 20:52:03,544 - INFO - Candidate 446 time: 56.33 ms (101.2% of baseline)
2025-09-23 20:52:03,544 - INFO - Candidate 120 time: 56.00 ms (101.5% of baseline)
2025-09-23 20:52:03,544 - INFO - Candidate 323 time: 56.00 ms (101.5% of baseline)
2025-09-23 20:52:03,544 - INFO - Candidate 385 time: 56.00 ms (101.5% of baseline)
2025-09-23 20:52:03,544 - INFO - Candidate 388 time: 56.00 ms (101.5% of baseline)
2025-09-23 20:52:03,545 - INFO - Candidate 330 time: 56.67 ms (101.8% of baseline)
2025-09-23 20:52:03,545 - INFO - Candidate 163 time: 56.33 ms (102.1% of baseline)
2025-09-23 20:52:03,545 - INFO - Candidate 121 time: 56.33 ms (102.1% of baseline)
2025-09-23 20:52:03,545 - INFO - Candidate 255 time: 56.33 ms (102.1% of baseline)
2025-09-23 20:52:03,545 - INFO - Candidate 142 time: 56.33 ms (102.1% of baseline)
2025-09-23 20:52:03,545 - INFO - Candidate 305 time: 56.33 ms (102.1% of baseline)
2025-09-23 20:52:03,545 - INFO - Candidate 325 time: 56.33 ms (102.1% of baseline)
2025-09-23 20:52:03,545 - INFO - Candidate 442 time: 56.33 ms (102.1% of baseline)
2025-09-23 20:52:03,545 - INFO - Candidate 169 time: 57.00 ms (102.4% of baseline)
2025-09-23 20:52:03,545 - INFO - Candidate 179 time: 57.00 ms (102.4% of baseline)
2025-09-23 20:52:03,545 - INFO - Candidate 287 time: 57.00 ms (102.4% of baseline)
2025-09-23 20:52:03,545 - INFO - Candidate 260 time: 56.67 ms (102.7% of baseline)
2025-09-23 20:52:03,545 - INFO - Candidate 135 time: 57.33 ms (103.0% of baseline)
2025-09-23 20:52:03,545 - INFO - Candidate 150 time: 57.33 ms (103.0% of baseline)
2025-09-23 20:52:03,545 - INFO - Candidate 177 time: 57.33 ms (103.0% of baseline)
2025-09-23 20:52:03,545 - INFO - Candidate 313 time: 57.00 ms (103.3% of baseline)
2025-09-23 20:52:03,545 - INFO - Candidate 352 time: 57.00 ms (103.3% of baseline)
2025-09-23 20:52:03,545 - INFO - Candidate 420 time: 57.00 ms (103.3% of baseline)
2025-09-23 20:52:03,545 - INFO - Candidate 72 time: 57.67 ms (103.6% of baseline)
2025-09-23 20:52:03,546 - INFO - Candidate 154 time: 57.67 ms (103.6% of baseline)
2025-09-23 20:52:03,546 - INFO - Candidate 344 time: 57.67 ms (103.6% of baseline)
2025-09-23 20:52:03,546 - INFO - Candidate 387 time: 57.67 ms (103.6% of baseline)
2025-09-23 20:52:03,546 - INFO - Candidate 136 time: 57.33 ms (103.9% of baseline)
2025-09-23 20:52:03,546 - INFO - Candidate 449 time: 57.33 ms (103.9% of baseline)
2025-09-23 20:52:03,546 - INFO - Candidate 39 time: 58.00 ms (104.2% of baseline)
2025-09-23 20:52:03,546 - INFO - Candidate 450 time: 58.00 ms (104.2% of baseline)
2025-09-23 20:52:03,546 - INFO - Candidate 182 time: 57.67 ms (104.5% of baseline)
2025-09-23 20:52:03,546 - INFO - Candidate 197 time: 57.67 ms (104.5% of baseline)
2025-09-23 20:52:03,546 - INFO - Candidate 44 time: 58.33 ms (104.8% of baseline)
2025-09-23 20:52:03,546 - INFO - Candidate 66 time: 58.33 ms (104.8% of baseline)
2025-09-23 20:52:03,546 - INFO - Candidate 129 time: 58.33 ms (104.8% of baseline)
2025-09-23 20:52:03,546 - INFO - Candidate 360 time: 58.33 ms (104.8% of baseline)
2025-09-23 20:52:03,546 - INFO - Candidate 24 time: 58.00 ms (105.1% of baseline)
2025-09-23 20:52:03,546 - INFO - Candidate 11 time: 58.00 ms (105.1% of baseline)
2025-09-23 20:52:03,546 - INFO - Candidate 133 time: 58.00 ms (105.1% of baseline)
2025-09-23 20:52:03,546 - INFO - Candidate 165 time: 58.00 ms (105.1% of baseline)
2025-09-23 20:52:03,546 - INFO - Candidate 393 time: 58.00 ms (105.1% of baseline)
2025-09-23 20:52:03,547 - INFO - Candidate 187 time: 58.67 ms (105.4% of baseline)
2025-09-23 20:52:03,547 - INFO - Candidate 185 time: 58.67 ms (105.4% of baseline)
2025-09-23 20:52:03,547 - INFO - Candidate 262 time: 58.67 ms (105.4% of baseline)
2025-09-23 20:52:03,547 - INFO - Candidate 304 time: 58.67 ms (105.4% of baseline)
2025-09-23 20:52:03,547 - INFO - Candidate 412 time: 58.67 ms (105.4% of baseline)
2025-09-23 20:52:03,547 - INFO - Candidate 36 time: 58.33 ms (105.7% of baseline)
2025-09-23 20:52:03,547 - INFO - Candidate 418 time: 58.33 ms (105.7% of baseline)
2025-09-23 20:52:03,547 - INFO - Candidate 33 time: 59.00 ms (106.0% of baseline)
2025-09-23 20:52:03,547 - INFO - Candidate 190 time: 59.00 ms (106.0% of baseline)
2025-09-23 20:52:03,547 - INFO - Candidate 73 time: 58.67 ms (106.3% of baseline)
2025-09-23 20:52:03,547 - INFO - Candidate 358 time: 59.33 ms (106.6% of baseline)
2025-09-23 20:52:03,547 - INFO - Candidate 391 time: 59.33 ms (106.6% of baseline)
2025-09-23 20:52:03,547 - INFO - Candidate 327 time: 59.00 ms (106.9% of baseline)
2025-09-23 20:52:03,547 - INFO - Candidate 389 time: 59.00 ms (106.9% of baseline)
2025-09-23 20:52:03,547 - INFO - Candidate 461 time: 59.00 ms (106.9% of baseline)
2025-09-23 20:52:03,547 - INFO - Candidate 152 time: 59.67 ms (107.2% of baseline)
2025-09-23 20:52:03,547 - INFO - Candidate 219 time: 59.67 ms (107.2% of baseline)
2025-09-23 20:52:03,547 - INFO - Candidate 273 time: 59.67 ms (107.2% of baseline)
2025-09-23 20:52:03,547 - INFO - Candidate 312 time: 59.67 ms (107.2% of baseline)
2025-09-23 20:52:03,548 - INFO - Candidate 13 time: 59.33 ms (107.6% of baseline)
2025-09-23 20:52:03,548 - INFO - Candidate 1 time: 59.33 ms (107.6% of baseline)
2025-09-23 20:52:03,548 - INFO - Candidate 172 time: 59.33 ms (107.6% of baseline)
2025-09-23 20:52:03,548 - INFO - Candidate 279 time: 59.33 ms (107.6% of baseline)
2025-09-23 20:52:03,548 - INFO - Candidate 161 time: 60.00 ms (107.8% of baseline)
2025-09-23 20:52:03,548 - INFO - Candidate 167 time: 60.00 ms (107.8% of baseline)
2025-09-23 20:52:03,548 - INFO - Candidate 31 time: 59.67 ms (108.2% of baseline)
2025-09-23 20:52:03,548 - INFO - Candidate 174 time: 59.67 ms (108.2% of baseline)
2025-09-23 20:52:03,548 - INFO - Candidate 339 time: 59.67 ms (108.2% of baseline)
2025-09-23 20:52:03,548 - INFO - Candidate 361 time: 59.67 ms (108.2% of baseline)
2025-09-23 20:52:03,548 - INFO - Candidate 473 time: 59.67 ms (108.2% of baseline)
2025-09-23 20:52:03,548 - INFO - Candidate 12 time: 60.33 ms (108.4% of baseline)
2025-09-23 20:52:03,548 - INFO - Candidate 264 time: 60.33 ms (108.4% of baseline)
2025-09-23 20:52:03,548 - INFO - Candidate 341 time: 60.33 ms (108.4% of baseline)
2025-09-23 20:52:03,548 - INFO - Candidate 30 time: 60.00 ms (108.8% of baseline)
2025-09-23 20:52:03,548 - INFO - Candidate 223 time: 60.00 ms (108.8% of baseline)
2025-09-23 20:52:03,548 - INFO - Candidate 486 time: 60.00 ms (108.8% of baseline)
2025-09-23 20:52:03,548 - INFO - Candidate 45 time: 60.67 ms (109.0% of baseline)
2025-09-23 20:52:03,549 - INFO - Candidate 465 time: 60.67 ms (109.0% of baseline)
2025-09-23 20:52:03,549 - INFO - Candidate 132 time: 60.33 ms (109.4% of baseline)
2025-09-23 20:52:03,549 - INFO - Candidate 270 time: 60.33 ms (109.4% of baseline)
2025-09-23 20:52:03,549 - INFO - Candidate 324 time: 60.33 ms (109.4% of baseline)
2025-09-23 20:52:03,549 - INFO - Candidate 413 time: 60.33 ms (109.4% of baseline)
2025-09-23 20:52:03,549 - INFO - Candidate 342 time: 60.67 ms (110.0% of baseline)
2025-09-23 20:52:03,549 - INFO - Candidate 443 time: 60.67 ms (110.0% of baseline)
2025-09-23 20:52:03,549 - INFO - Candidate 447 time: 60.67 ms (110.0% of baseline)
2025-09-23 20:52:03,549 - INFO - Candidate 130 time: 61.67 ms (110.8% of baseline)
2025-09-23 20:52:03,549 - INFO - Candidate 25 time: 61.67 ms (111.8% of baseline)
2025-09-23 20:52:03,549 - INFO - Candidate 400 time: 61.67 ms (111.8% of baseline)
2025-09-23 20:52:03,549 - INFO - Candidate 422 time: 61.67 ms (111.8% of baseline)
2025-09-23 20:52:03,549 - INFO - Candidate 417 time: 61.67 ms (111.8% of baseline)
2025-09-23 20:52:03,549 - INFO - Candidate 491 time: 61.67 ms (111.8% of baseline)
2025-09-23 20:52:03,549 - INFO - Candidate 71 time: 62.67 ms (113.6% of baseline)
2025-09-23 20:52:03,549 - INFO - Candidate 20 time: 63.33 ms (114.8% of baseline)
2025-09-23 20:52:03,549 - INFO - Candidate 284 time: 64.00 ms (115.0% of baseline)
2025-09-23 20:52:03,549 - INFO - Candidate 224 time: 65.00 ms (116.8% of baseline)
2025-09-23 20:52:03,549 - INFO - Candidate 198 time: 65.00 ms (117.8% of baseline)
2025-09-23 20:52:03,550 - INFO - Candidate 159 time: 68.33 ms (123.9% of baseline)
2025-09-23 20:52:03,550 - INFO - Candidate 123 time: 93.67 ms (168.3% of baseline)
2025-09-23 20:52:03,550 - INFO - Top dispatch candidates: [396, 175, 46, 415, 392, 303, 178, 195, 328, 42, 207, 253, 158, 271, 269, 263, 441, 458, 285, 18, 202, 345, 126, 278, 350, 384, 416, 168, 395, 460, 457, 180, 119, 355, 471, 184, 32, 166, 386, 382, 485, 143, 186, 381, 401, 127, 475, 134, 181, 378, 397, 65, 414, 146, 162, 139, 340, 481, 37, 38, 144, 498, 176, 353, 439, 19, 210, 171, 283, 315, 338, 277, 293, 294, 351, 14, 153, 140, 295, 254, 301, 164, 137, 359, 426, 226, 261, 296, 40, 125, 131, 421, 170, 155, 28, 160, 419, 6, 188, 256, 469, 27, 272, 259, 298, 411, 448, 456, 490, 479, 141, 322, 424, 258, 147, 189, 201, 326, 354, 380, 409, 444, 459, 26, 70, 148, 157, 343, 402, 41, 138, 145, 183, 440, 480, 173, 337, 329, 425, 23, 7, 128, 208, 300, 423, 497, 455, 124, 209, 268, 292, 379, 410, 156, 225, 35, 34, 149, 43, 122, 257, 383, 22, 220, 390, 151, 222, 221, 474, 21, 29, 47, 394, 446, 120, 323, 385, 388, 330, 163, 121, 255, 142, 305, 325, 442, 169, 179, 287, 260, 135, 150, 177, 313, 352, 420, 72, 154, 344, 387, 136, 449, 39, 450, 182, 197, 44, 66, 129, 360, 24, 11, 133, 165, 393, 187, 185, 262, 304, 412, 36, 418, 33, 190, 73, 358, 391, 327, 389, 461, 152, 219, 273, 312, 13, 1, 172, 279, 161, 167, 31, 174, 339, 361, 473, 12, 264, 341, 30, 223, 486, 45, 465, 132, 270, 324, 413, 342, 443, 447, 130, 25, 400, 422, 417, 491, 71, 20, 284, 224, 198, 159, 123]
2025-09-23 20:52:03,550 - INFO - /home/amily/shark-ai/sharktuner/tuning_2025_09_23_20_44/candidates/specs/396_spec.mlir
2025-09-23 20:52:03,550 - INFO - /home/amily/shark-ai/sharktuner/tuning_2025_09_23_20_44/candidates/specs/175_spec.mlir
2025-09-23 20:52:03,550 - INFO - /home/amily/shark-ai/sharktuner/tuning_2025_09_23_20_44/candidates/specs/46_spec.mlir
2025-09-23 20:52:03,551 - INFO - /home/amily/shark-ai/sharktuner/tuning_2025_09_23_20_44/candidates/specs/415_spec.mlir
2025-09-23 20:52:03,551 - INFO - /home/amily/shark-ai/sharktuner/tuning_2025_09_23_20_44/candidates/specs/392_spec.mlir
2025-09-23 20:52:03,551 - INFO - /home/amily/shark-ai/sharktuner/tuning_2025_09_23_20_44/candidates/specs/303_spec.mlir
2025-09-23 20:52:03,551 - INFO - /home/amily/shark-ai/sharktuner/tuning_2025_09_23_20_44/candidates/specs/178_spec.mlir
2025-09-23 20:52:03,551 - INFO - /home/amily/shark-ai/sharktuner/tuning_2025_09_23_20_44/candidates/specs/195_spec.mlir
2025-09-23 20:52:03,551 - INFO - /home/amily/shark-ai/sharktuner/tuning_2025_09_23_20_44/candidates/specs/328_spec.mlir
2025-09-23 20:52:03,551 - INFO - /home/amily/shark-ai/sharktuner/tuning_2025_09_23_20_44/candidates/specs/42_spec.mlir
2025-09-23 20:52:03,551 - INFO - /home/amily/shark-ai/sharktuner/tuning_2025_09_23_20_44/candidates/specs/207_spec.mlir
2025-09-23 20:52:03,551 - INFO - /home/amily/shark-ai/sharktuner/tuning_2025_09_23_20_44/candidates/specs/253_spec.mlir
2025-09-23 20:52:03,552 - INFO - /home/amily/shark-ai/sharktuner/tuning_2025_09_23_20_44/candidates/specs/158_spec.mlir
2025-09-23 20:52:03,552 - INFO - /home/amily/shark-ai/sharktuner/tuning_2025_09_23_20_44/candidates/specs/271_spec.mlir
2025-09-23 20:52:03,552 - INFO - /home/amily/shark-ai/sharktuner/tuning_2025_09_23_20_44/candidates/specs/269_spec.mlir
2025-09-23 20:52:03,552 - INFO - /home/amily/shark-ai/sharktuner/tuning_2025_09_23_20_44/candidates/specs/263_spec.mlir
2025-09-23 20:52:03,552 - INFO - /home/amily/shark-ai/sharktuner/tuning_2025_09_23_20_44/candidates/specs/441_spec.mlir
2025-09-23 20:52:03,552 - INFO - /home/amily/shark-ai/sharktuner/tuning_2025_09_23_20_44/candidates/specs/458_spec.mlir
2025-09-23 20:52:03,552 - INFO - /home/amily/shark-ai/sharktuner/tuning_2025_09_23_20_44/candidates/specs/285_spec.mlir
2025-09-23 20:52:03,552 - INFO - /home/amily/shark-ai/sharktuner/tuning_2025_09_23_20_44/candidates/specs/18_spec.mlir
2025-09-23 20:52:03,553 - INFO - /home/amily/shark-ai/sharktuner/tuning_2025_09_23_20_44/candidates/specs/202_spec.mlir
2025-09-23 20:52:03,553 - INFO - /home/amily/shark-ai/sharktuner/tuning_2025_09_23_20_44/candidates/specs/345_spec.mlir
2025-09-23 20:52:03,553 - INFO - /home/amily/shark-ai/sharktuner/tuning_2025_09_23_20_44/candidates/specs/126_spec.mlir
2025-09-23 20:52:03,553 - INFO - /home/amily/shark-ai/sharktuner/tuning_2025_09_23_20_44/candidates/specs/278_spec.mlir
2025-09-23 20:52:03,553 - INFO - /home/amily/shark-ai/sharktuner/tuning_2025_09_23_20_44/candidates/specs/350_spec.mlir
2025-09-23 20:52:03,553 - INFO - /home/amily/shark-ai/sharktuner/tuning_2025_09_23_20_44/candidates/specs/384_spec.mlir
2025-09-23 20:52:03,553 - INFO - /home/amily/shark-ai/sharktuner/tuning_2025_09_23_20_44/candidates/specs/416_spec.mlir
2025-09-23 20:52:03,553 - INFO - /home/amily/shark-ai/sharktuner/tuning_2025_09_23_20_44/candidates/specs/168_spec.mlir
2025-09-23 20:52:03,554 - INFO - /home/amily/shark-ai/sharktuner/tuning_2025_09_23_20_44/candidates/specs/395_spec.mlir
2025-09-23 20:52:03,554 - INFO - /home/amily/shark-ai/sharktuner/tuning_2025_09_23_20_44/candidates/specs/460_spec.mlir
2025-09-23 20:52:03,554 - INFO - /home/amily/shark-ai/sharktuner/tuning_2025_09_23_20_44/candidates/specs/457_spec.mlir
2025-09-23 20:52:03,554 - INFO - /home/amily/shark-ai/sharktuner/tuning_2025_09_23_20_44/candidates/specs/180_spec.mlir
2025-09-23 20:52:03,554 - INFO - /home/amily/shark-ai/sharktuner/tuning_2025_09_23_20_44/candidates/specs/119_spec.mlir
2025-09-23 20:52:03,554 - INFO - /home/amily/shark-ai/sharktuner/tuning_2025_09_23_20_44/candidates/specs/355_spec.mlir
2025-09-23 20:52:03,554 - INFO - /home/amily/shark-ai/sharktuner/tuning_2025_09_23_20_44/candidates/specs/471_spec.mlir
2025-09-23 20:52:03,554 - INFO - /home/amily/shark-ai/sharktuner/tuning_2025_09_23_20_44/candidates/specs/184_spec.mlir
2025-09-23 20:52:03,554 - INFO - /home/amily/shark-ai/sharktuner/tuning_2025_09_23_20_44/candidates/specs/32_spec.mlir
2025-09-23 20:52:03,555 - INFO - /home/amily/shark-ai/sharktuner/tuning_2025_09_23_20_44/candidates/specs/166_spec.mlir
2025-09-23 20:52:03,555 - INFO - /home/amily/shark-ai/sharktuner/tuning_2025_09_23_20_44/candidates/specs/386_spec.mlir
2025-09-23 20:52:03,555 - INFO - /home/amily/shark-ai/sharktuner/tuning_2025_09_23_20_44/candidates/specs/382_spec.mlir
2025-09-23 20:52:03,555 - INFO - /home/amily/shark-ai/sharktuner/tuning_2025_09_23_20_44/candidates/specs/485_spec.mlir
2025-09-23 20:52:03,555 - INFO - /home/amily/shark-ai/sharktuner/tuning_2025_09_23_20_44/candidates/specs/143_spec.mlir
2025-09-23 20:52:03,555 - INFO - /home/amily/shark-ai/sharktuner/tuning_2025_09_23_20_44/candidates/specs/186_spec.mlir
2025-09-23 20:52:03,555 - INFO - /home/amily/shark-ai/sharktuner/tuning_2025_09_23_20_44/candidates/specs/381_spec.mlir
2025-09-23 20:52:03,555 - INFO - /home/amily/shark-ai/sharktuner/tuning_2025_09_23_20_44/candidates/specs/401_spec.mlir
2025-09-23 20:52:03,555 - INFO - /home/amily/shark-ai/sharktuner/tuning_2025_09_23_20_44/candidates/specs/127_spec.mlir
2025-09-23 20:52:03,556 - INFO - /home/amily/shark-ai/sharktuner/tuning_2025_09_23_20_44/candidates/specs/475_spec.mlir
2025-09-23 20:52:03,556 - INFO - /home/amily/shark-ai/sharktuner/tuning_2025_09_23_20_44/candidates/specs/134_spec.mlir
2025-09-23 20:52:03,556 - INFO - /home/amily/shark-ai/sharktuner/tuning_2025_09_23_20_44/candidates/specs/181_spec.mlir
2025-09-23 20:52:03,556 - INFO - /home/amily/shark-ai/sharktuner/tuning_2025_09_23_20_44/candidates/specs/378_spec.mlir
2025-09-23 20:52:03,556 - INFO - /home/amily/shark-ai/sharktuner/tuning_2025_09_23_20_44/candidates/specs/397_spec.mlir
2025-09-23 20:52:03,556 - INFO - /home/amily/shark-ai/sharktuner/tuning_2025_09_23_20_44/candidates/specs/65_spec.mlir
2025-09-23 20:52:03,556 - INFO - /home/amily/shark-ai/sharktuner/tuning_2025_09_23_20_44/candidates/specs/414_spec.mlir
2025-09-23 20:52:03,556 - INFO - /home/amily/shark-ai/sharktuner/tuning_2025_09_23_20_44/candidates/specs/146_spec.mlir
2025-09-23 20:52:03,556 - INFO - /home/amily/shark-ai/sharktuner/tuning_2025_09_23_20_44/candidates/specs/162_spec.mlir
2025-09-23 20:52:03,557 - INFO - /home/amily/shark-ai/sharktuner/tuning_2025_09_23_20_44/candidates/specs/139_spec.mlir
2025-09-23 20:52:03,557 - INFO - /home/amily/shark-ai/sharktuner/tuning_2025_09_23_20_44/candidates/specs/340_spec.mlir
2025-09-23 20:52:03,557 - INFO - /home/amily/shark-ai/sharktuner/tuning_2025_09_23_20_44/candidates/specs/481_spec.mlir
2025-09-23 20:52:03,557 - INFO - /home/amily/shark-ai/sharktuner/tuning_2025_09_23_20_44/candidates/specs/37_spec.mlir
2025-09-23 20:52:03,557 - INFO - /home/amily/shark-ai/sharktuner/tuning_2025_09_23_20_44/candidates/specs/38_spec.mlir
2025-09-23 20:52:03,557 - INFO - /home/amily/shark-ai/sharktuner/tuning_2025_09_23_20_44/candidates/specs/144_spec.mlir
2025-09-23 20:52:03,557 - INFO - /home/amily/shark-ai/sharktuner/tuning_2025_09_23_20_44/candidates/specs/498_spec.mlir
2025-09-23 20:52:03,557 - INFO - /home/amily/shark-ai/sharktuner/tuning_2025_09_23_20_44/candidates/specs/176_spec.mlir
2025-09-23 20:52:03,557 - INFO - /home/amily/shark-ai/sharktuner/tuning_2025_09_23_20_44/candidates/specs/353_spec.mlir
2025-09-23 20:52:03,558 - INFO - /home/amily/shark-ai/sharktuner/tuning_2025_09_23_20_44/candidates/specs/439_spec.mlir
2025-09-23 20:52:03,558 - INFO - /home/amily/shark-ai/sharktuner/tuning_2025_09_23_20_44/candidates/specs/19_spec.mlir
2025-09-23 20:52:03,558 - INFO - /home/amily/shark-ai/sharktuner/tuning_2025_09_23_20_44/candidates/specs/210_spec.mlir
2025-09-23 20:52:03,558 - INFO - /home/amily/shark-ai/sharktuner/tuning_2025_09_23_20_44/candidates/specs/171_spec.mlir
2025-09-23 20:52:03,558 - INFO - /home/amily/shark-ai/sharktuner/tuning_2025_09_23_20_44/candidates/specs/283_spec.mlir
2025-09-23 20:52:03,558 - INFO - /home/amily/shark-ai/sharktuner/tuning_2025_09_23_20_44/candidates/specs/315_spec.mlir
2025-09-23 20:52:03,558 - INFO - /home/amily/shark-ai/sharktuner/tuning_2025_09_23_20_44/candidates/specs/338_spec.mlir
2025-09-23 20:52:03,558 - INFO - /home/amily/shark-ai/sharktuner/tuning_2025_09_23_20_44/candidates/specs/277_spec.mlir
2025-09-23 20:52:03,558 - INFO - /home/amily/shark-ai/sharktuner/tuning_2025_09_23_20_44/candidates/specs/293_spec.mlir
2025-09-23 20:52:03,559 - INFO - /home/amily/shark-ai/sharktuner/tuning_2025_09_23_20_44/candidates/specs/294_spec.mlir
2025-09-23 20:52:03,559 - INFO - /home/amily/shark-ai/sharktuner/tuning_2025_09_23_20_44/candidates/specs/351_spec.mlir
2025-09-23 20:52:03,559 - INFO - /home/amily/shark-ai/sharktuner/tuning_2025_09_23_20_44/candidates/specs/14_spec.mlir
2025-09-23 20:52:03,559 - INFO - /home/amily/shark-ai/sharktuner/tuning_2025_09_23_20_44/candidates/specs/153_spec.mlir
2025-09-23 20:52:03,559 - INFO - /home/amily/shark-ai/sharktuner/tuning_2025_09_23_20_44/candidates/specs/140_spec.mlir
2025-09-23 20:52:03,559 - INFO - /home/amily/shark-ai/sharktuner/tuning_2025_09_23_20_44/candidates/specs/295_spec.mlir
2025-09-23 20:52:03,559 - INFO - /home/amily/shark-ai/sharktuner/tuning_2025_09_23_20_44/candidates/specs/254_spec.mlir
2025-09-23 20:52:03,559 - INFO - /home/amily/shark-ai/sharktuner/tuning_2025_09_23_20_44/candidates/specs/301_spec.mlir
2025-09-23 20:52:03,559 - INFO - /home/amily/shark-ai/sharktuner/tuning_2025_09_23_20_44/candidates/specs/164_spec.mlir
2025-09-23 20:52:03,560 - INFO - /home/amily/shark-ai/sharktuner/tuning_2025_09_23_20_44/candidates/specs/137_spec.mlir
2025-09-23 20:52:03,560 - INFO - /home/amily/shark-ai/sharktuner/tuning_2025_09_23_20_44/candidates/specs/359_spec.mlir
2025-09-23 20:52:03,560 - INFO - /home/amily/shark-ai/sharktuner/tuning_2025_09_23_20_44/candidates/specs/426_spec.mlir
2025-09-23 20:52:03,560 - INFO - /home/amily/shark-ai/sharktuner/tuning_2025_09_23_20_44/candidates/specs/226_spec.mlir
2025-09-23 20:52:03,560 - INFO - /home/amily/shark-ai/sharktuner/tuning_2025_09_23_20_44/candidates/specs/261_spec.mlir
2025-09-23 20:52:03,560 - INFO - /home/amily/shark-ai/sharktuner/tuning_2025_09_23_20_44/candidates/specs/296_spec.mlir
2025-09-23 20:52:03,560 - INFO - /home/amily/shark-ai/sharktuner/tuning_2025_09_23_20_44/candidates/specs/40_spec.mlir
2025-09-23 20:52:03,560 - INFO - /home/amily/shark-ai/sharktuner/tuning_2025_09_23_20_44/candidates/specs/125_spec.mlir
2025-09-23 20:52:03,560 - INFO - /home/amily/shark-ai/sharktuner/tuning_2025_09_23_20_44/candidates/specs/131_spec.mlir
2025-09-23 20:52:03,561 - INFO - /home/amily/shark-ai/sharktuner/tuning_2025_09_23_20_44/candidates/specs/421_spec.mlir
2025-09-23 20:52:03,561 - INFO - /home/amily/shark-ai/sharktuner/tuning_2025_09_23_20_44/candidates/specs/170_spec.mlir
2025-09-23 20:52:03,561 - INFO - /home/amily/shark-ai/sharktuner/tuning_2025_09_23_20_44/candidates/specs/155_spec.mlir
2025-09-23 20:52:03,561 - INFO - /home/amily/shark-ai/sharktuner/tuning_2025_09_23_20_44/candidates/specs/28_spec.mlir
2025-09-23 20:52:03,561 - INFO - /home/amily/shark-ai/sharktuner/tuning_2025_09_23_20_44/candidates/specs/160_spec.mlir
2025-09-23 20:52:03,561 - INFO - /home/amily/shark-ai/sharktuner/tuning_2025_09_23_20_44/candidates/specs/419_spec.mlir
2025-09-23 20:52:03,561 - INFO - /home/amily/shark-ai/sharktuner/tuning_2025_09_23_20_44/candidates/specs/6_spec.mlir
2025-09-23 20:52:03,561 - INFO - /home/amily/shark-ai/sharktuner/tuning_2025_09_23_20_44/candidates/specs/188_spec.mlir
2025-09-23 20:52:03,561 - INFO - /home/amily/shark-ai/sharktuner/tuning_2025_09_23_20_44/candidates/specs/256_spec.mlir
2025-09-23 20:52:03,562 - INFO - /home/amily/shark-ai/sharktuner/tuning_2025_09_23_20_44/candidates/specs/469_spec.mlir
2025-09-23 20:52:03,562 - INFO - /home/amily/shark-ai/sharktuner/tuning_2025_09_23_20_44/candidates/specs/27_spec.mlir
2025-09-23 20:52:03,562 - INFO - /home/amily/shark-ai/sharktuner/tuning_2025_09_23_20_44/candidates/specs/272_spec.mlir
2025-09-23 20:52:03,562 - INFO - /home/amily/shark-ai/sharktuner/tuning_2025_09_23_20_44/candidates/specs/259_spec.mlir
2025-09-23 20:52:03,562 - INFO - /home/amily/shark-ai/sharktuner/tuning_2025_09_23_20_44/candidates/specs/298_spec.mlir
2025-09-23 20:52:03,562 - INFO - /home/amily/shark-ai/sharktuner/tuning_2025_09_23_20_44/candidates/specs/411_spec.mlir
2025-09-23 20:52:03,562 - INFO - /home/amily/shark-ai/sharktuner/tuning_2025_09_23_20_44/candidates/specs/448_spec.mlir
2025-09-23 20:52:03,562 - INFO - /home/amily/shark-ai/sharktuner/tuning_2025_09_23_20_44/candidates/specs/456_spec.mlir
2025-09-23 20:52:03,562 - INFO - /home/amily/shark-ai/sharktuner/tuning_2025_09_23_20_44/candidates/specs/490_spec.mlir
2025-09-23 20:52:03,563 - INFO - /home/amily/shark-ai/sharktuner/tuning_2025_09_23_20_44/candidates/specs/479_spec.mlir
2025-09-23 20:52:03,563 - INFO - /home/amily/shark-ai/sharktuner/tuning_2025_09_23_20_44/candidates/specs/141_spec.mlir
2025-09-23 20:52:03,563 - INFO - /home/amily/shark-ai/sharktuner/tuning_2025_09_23_20_44/candidates/specs/322_spec.mlir
2025-09-23 20:52:03,563 - INFO - /home/amily/shark-ai/sharktuner/tuning_2025_09_23_20_44/candidates/specs/424_spec.mlir
2025-09-23 20:52:03,563 - INFO - /home/amily/shark-ai/sharktuner/tuning_2025_09_23_20_44/candidates/specs/258_spec.mlir
2025-09-23 20:52:03,563 - INFO - /home/amily/shark-ai/sharktuner/tuning_2025_09_23_20_44/candidates/specs/147_spec.mlir
2025-09-23 20:52:03,563 - INFO - /home/amily/shark-ai/sharktuner/tuning_2025_09_23_20_44/candidates/specs/189_spec.mlir
2025-09-23 20:52:03,563 - INFO - /home/amily/shark-ai/sharktuner/tuning_2025_09_23_20_44/candidates/specs/201_spec.mlir
2025-09-23 20:52:03,563 - INFO - /home/amily/shark-ai/sharktuner/tuning_2025_09_23_20_44/candidates/specs/326_spec.mlir
2025-09-23 20:52:03,564 - INFO - /home/amily/shark-ai/sharktuner/tuning_2025_09_23_20_44/candidates/specs/354_spec.mlir
2025-09-23 20:52:03,564 - INFO - /home/amily/shark-ai/sharktuner/tuning_2025_09_23_20_44/candidates/specs/380_spec.mlir
2025-09-23 20:52:03,564 - INFO - /home/amily/shark-ai/sharktuner/tuning_2025_09_23_20_44/candidates/specs/409_spec.mlir
2025-09-23 20:52:03,564 - INFO - /home/amily/shark-ai/sharktuner/tuning_2025_09_23_20_44/candidates/specs/444_spec.mlir
2025-09-23 20:52:03,564 - INFO - /home/amily/shark-ai/sharktuner/tuning_2025_09_23_20_44/candidates/specs/459_spec.mlir
2025-09-23 20:52:03,564 - INFO - /home/amily/shark-ai/sharktuner/tuning_2025_09_23_20_44/candidates/specs/26_spec.mlir
2025-09-23 20:52:03,564 - INFO - /home/amily/shark-ai/sharktuner/tuning_2025_09_23_20_44/candidates/specs/70_spec.mlir
2025-09-23 20:52:03,564 - INFO - /home/amily/shark-ai/sharktuner/tuning_2025_09_23_20_44/candidates/specs/148_spec.mlir
2025-09-23 20:52:03,564 - INFO - /home/amily/shark-ai/sharktuner/tuning_2025_09_23_20_44/candidates/specs/157_spec.mlir
2025-09-23 20:52:03,565 - INFO - /home/amily/shark-ai/sharktuner/tuning_2025_09_23_20_44/candidates/specs/343_spec.mlir
2025-09-23 20:52:03,565 - INFO - /home/amily/shark-ai/sharktuner/tuning_2025_09_23_20_44/candidates/specs/402_spec.mlir
2025-09-23 20:52:03,565 - INFO - /home/amily/shark-ai/sharktuner/tuning_2025_09_23_20_44/candidates/specs/41_spec.mlir
2025-09-23 20:52:03,565 - INFO - /home/amily/shark-ai/sharktuner/tuning_2025_09_23_20_44/candidates/specs/138_spec.mlir
2025-09-23 20:52:03,565 - INFO - /home/amily/shark-ai/sharktuner/tuning_2025_09_23_20_44/candidates/specs/145_spec.mlir
2025-09-23 20:52:03,565 - INFO - /home/amily/shark-ai/sharktuner/tuning_2025_09_23_20_44/candidates/specs/183_spec.mlir
2025-09-23 20:52:03,565 - INFO - /home/amily/shark-ai/sharktuner/tuning_2025_09_23_20_44/candidates/specs/440_spec.mlir
2025-09-23 20:52:03,565 - INFO - /home/amily/shark-ai/sharktuner/tuning_2025_09_23_20_44/candidates/specs/480_spec.mlir
2025-09-23 20:52:03,565 - INFO - /home/amily/shark-ai/sharktuner/tuning_2025_09_23_20_44/candidates/specs/173_spec.mlir
2025-09-23 20:52:03,566 - INFO - /home/amily/shark-ai/sharktuner/tuning_2025_09_23_20_44/candidates/specs/337_spec.mlir
2025-09-23 20:52:03,566 - INFO - /home/amily/shark-ai/sharktuner/tuning_2025_09_23_20_44/candidates/specs/329_spec.mlir
2025-09-23 20:52:03,566 - INFO - /home/amily/shark-ai/sharktuner/tuning_2025_09_23_20_44/candidates/specs/425_spec.mlir
2025-09-23 20:52:03,566 - INFO - /home/amily/shark-ai/sharktuner/tuning_2025_09_23_20_44/candidates/specs/23_spec.mlir
2025-09-23 20:52:03,566 - INFO - /home/amily/shark-ai/sharktuner/tuning_2025_09_23_20_44/candidates/specs/7_spec.mlir
2025-09-23 20:52:03,566 - INFO - /home/amily/shark-ai/sharktuner/tuning_2025_09_23_20_44/candidates/specs/128_spec.mlir
2025-09-23 20:52:03,566 - INFO - /home/amily/shark-ai/sharktuner/tuning_2025_09_23_20_44/candidates/specs/208_spec.mlir
2025-09-23 20:52:03,566 - INFO - /home/amily/shark-ai/sharktuner/tuning_2025_09_23_20_44/candidates/specs/300_spec.mlir
2025-09-23 20:52:03,566 - INFO - /home/amily/shark-ai/sharktuner/tuning_2025_09_23_20_44/candidates/specs/423_spec.mlir
2025-09-23 20:52:03,566 - INFO - /home/amily/shark-ai/sharktuner/tuning_2025_09_23_20_44/candidates/specs/497_spec.mlir
2025-09-23 20:52:03,567 - INFO - /home/amily/shark-ai/sharktuner/tuning_2025_09_23_20_44/candidates/specs/455_spec.mlir
2025-09-23 20:52:03,567 - INFO - /home/amily/shark-ai/sharktuner/tuning_2025_09_23_20_44/candidates/specs/124_spec.mlir
2025-09-23 20:52:03,567 - INFO - /home/amily/shark-ai/sharktuner/tuning_2025_09_23_20_44/candidates/specs/209_spec.mlir
2025-09-23 20:52:03,567 - INFO - /home/amily/shark-ai/sharktuner/tuning_2025_09_23_20_44/candidates/specs/268_spec.mlir
2025-09-23 20:52:03,567 - INFO - /home/amily/shark-ai/sharktuner/tuning_2025_09_23_20_44/candidates/specs/292_spec.mlir
2025-09-23 20:52:03,567 - INFO - /home/amily/shark-ai/sharktuner/tuning_2025_09_23_20_44/candidates/specs/379_spec.mlir
2025-09-23 20:52:03,567 - INFO - /home/amily/shark-ai/sharktuner/tuning_2025_09_23_20_44/candidates/specs/410_spec.mlir
2025-09-23 20:52:03,567 - INFO - /home/amily/shark-ai/sharktuner/tuning_2025_09_23_20_44/candidates/specs/156_spec.mlir
2025-09-23 20:52:03,567 - INFO - /home/amily/shark-ai/sharktuner/tuning_2025_09_23_20_44/candidates/specs/225_spec.mlir
2025-09-23 20:52:03,568 - INFO - /home/amily/shark-ai/sharktuner/tuning_2025_09_23_20_44/candidates/specs/35_spec.mlir
2025-09-23 20:52:03,568 - INFO - /home/amily/shark-ai/sharktuner/tuning_2025_09_23_20_44/candidates/specs/34_spec.mlir
2025-09-23 20:52:03,568 - INFO - /home/amily/shark-ai/sharktuner/tuning_2025_09_23_20_44/candidates/specs/149_spec.mlir
2025-09-23 20:52:03,568 - INFO - /home/amily/shark-ai/sharktuner/tuning_2025_09_23_20_44/candidates/specs/43_spec.mlir
2025-09-23 20:52:03,568 - INFO - /home/amily/shark-ai/sharktuner/tuning_2025_09_23_20_44/candidates/specs/122_spec.mlir
2025-09-23 20:52:03,568 - INFO - /home/amily/shark-ai/sharktuner/tuning_2025_09_23_20_44/candidates/specs/257_spec.mlir
2025-09-23 20:52:03,568 - INFO - /home/amily/shark-ai/sharktuner/tuning_2025_09_23_20_44/candidates/specs/383_spec.mlir
2025-09-23 20:52:03,568 - INFO - /home/amily/shark-ai/sharktuner/tuning_2025_09_23_20_44/candidates/specs/22_spec.mlir
2025-09-23 20:52:03,568 - INFO - /home/amily/shark-ai/sharktuner/tuning_2025_09_23_20_44/candidates/specs/220_spec.mlir
2025-09-23 20:52:03,569 - INFO - /home/amily/shark-ai/sharktuner/tuning_2025_09_23_20_44/candidates/specs/390_spec.mlir
2025-09-23 20:52:03,569 - INFO - /home/amily/shark-ai/sharktuner/tuning_2025_09_23_20_44/candidates/specs/151_spec.mlir
2025-09-23 20:52:03,569 - INFO - /home/amily/shark-ai/sharktuner/tuning_2025_09_23_20_44/candidates/specs/222_spec.mlir
2025-09-23 20:52:03,569 - INFO - /home/amily/shark-ai/sharktuner/tuning_2025_09_23_20_44/candidates/specs/221_spec.mlir
2025-09-23 20:52:03,569 - INFO - /home/amily/shark-ai/sharktuner/tuning_2025_09_23_20_44/candidates/specs/474_spec.mlir
2025-09-23 20:52:03,569 - INFO - /home/amily/shark-ai/sharktuner/tuning_2025_09_23_20_44/candidates/specs/21_spec.mlir
2025-09-23 20:52:03,569 - INFO - /home/amily/shark-ai/sharktuner/tuning_2025_09_23_20_44/candidates/specs/29_spec.mlir
2025-09-23 20:52:03,569 - INFO - /home/amily/shark-ai/sharktuner/tuning_2025_09_23_20_44/candidates/specs/47_spec.mlir
2025-09-23 20:52:03,569 - INFO - /home/amily/shark-ai/sharktuner/tuning_2025_09_23_20_44/candidates/specs/394_spec.mlir
2025-09-23 20:52:03,570 - INFO - /home/amily/shark-ai/sharktuner/tuning_2025_09_23_20_44/candidates/specs/446_spec.mlir
2025-09-23 20:52:03,570 - INFO - /home/amily/shark-ai/sharktuner/tuning_2025_09_23_20_44/candidates/specs/120_spec.mlir
2025-09-23 20:52:03,570 - INFO - /home/amily/shark-ai/sharktuner/tuning_2025_09_23_20_44/candidates/specs/323_spec.mlir
2025-09-23 20:52:03,570 - INFO - /home/amily/shark-ai/sharktuner/tuning_2025_09_23_20_44/candidates/specs/385_spec.mlir
2025-09-23 20:52:03,570 - INFO - /home/amily/shark-ai/sharktuner/tuning_2025_09_23_20_44/candidates/specs/388_spec.mlir
2025-09-23 20:52:03,570 - INFO - /home/amily/shark-ai/sharktuner/tuning_2025_09_23_20_44/candidates/specs/330_spec.mlir
2025-09-23 20:52:03,570 - INFO - /home/amily/shark-ai/sharktuner/tuning_2025_09_23_20_44/candidates/specs/163_spec.mlir
2025-09-23 20:52:03,570 - INFO - /home/amily/shark-ai/sharktuner/tuning_2025_09_23_20_44/candidates/specs/121_spec.mlir
2025-09-23 20:52:03,570 - INFO - /home/amily/shark-ai/sharktuner/tuning_2025_09_23_20_44/candidates/specs/255_spec.mlir
2025-09-23 20:52:03,570 - INFO - /home/amily/shark-ai/sharktuner/tuning_2025_09_23_20_44/candidates/specs/142_spec.mlir
2025-09-23 20:52:03,571 - INFO - /home/amily/shark-ai/sharktuner/tuning_2025_09_23_20_44/candidates/specs/305_spec.mlir
2025-09-23 20:52:03,571 - INFO - /home/amily/shark-ai/sharktuner/tuning_2025_09_23_20_44/candidates/specs/325_spec.mlir
2025-09-23 20:52:03,571 - INFO - /home/amily/shark-ai/sharktuner/tuning_2025_09_23_20_44/candidates/specs/442_spec.mlir
2025-09-23 20:52:03,571 - INFO - /home/amily/shark-ai/sharktuner/tuning_2025_09_23_20_44/candidates/specs/169_spec.mlir
2025-09-23 20:52:03,571 - INFO - /home/amily/shark-ai/sharktuner/tuning_2025_09_23_20_44/candidates/specs/179_spec.mlir
2025-09-23 20:52:03,571 - INFO - /home/amily/shark-ai/sharktuner/tuning_2025_09_23_20_44/candidates/specs/287_spec.mlir
2025-09-23 20:52:03,571 - INFO - /home/amily/shark-ai/sharktuner/tuning_2025_09_23_20_44/candidates/specs/260_spec.mlir
2025-09-23 20:52:03,571 - INFO - /home/amily/shark-ai/sharktuner/tuning_2025_09_23_20_44/candidates/specs/135_spec.mlir
2025-09-23 20:52:03,571 - INFO - /home/amily/shark-ai/sharktuner/tuning_2025_09_23_20_44/candidates/specs/150_spec.mlir
2025-09-23 20:52:03,572 - INFO - /home/amily/shark-ai/sharktuner/tuning_2025_09_23_20_44/candidates/specs/177_spec.mlir
2025-09-23 20:52:03,572 - INFO - /home/amily/shark-ai/sharktuner/tuning_2025_09_23_20_44/candidates/specs/313_spec.mlir
2025-09-23 20:52:03,572 - INFO - /home/amily/shark-ai/sharktuner/tuning_2025_09_23_20_44/candidates/specs/352_spec.mlir
2025-09-23 20:52:03,572 - INFO - /home/amily/shark-ai/sharktuner/tuning_2025_09_23_20_44/candidates/specs/420_spec.mlir
2025-09-23 20:52:03,572 - INFO - /home/amily/shark-ai/sharktuner/tuning_2025_09_23_20_44/candidates/specs/72_spec.mlir
2025-09-23 20:52:03,572 - INFO - /home/amily/shark-ai/sharktuner/tuning_2025_09_23_20_44/candidates/specs/154_spec.mlir
2025-09-23 20:52:03,572 - INFO - /home/amily/shark-ai/sharktuner/tuning_2025_09_23_20_44/candidates/specs/344_spec.mlir
2025-09-23 20:52:03,572 - INFO - /home/amily/shark-ai/sharktuner/tuning_2025_09_23_20_44/candidates/specs/387_spec.mlir
2025-09-23 20:52:03,572 - INFO - /home/amily/shark-ai/sharktuner/tuning_2025_09_23_20_44/candidates/specs/136_spec.mlir
2025-09-23 20:52:03,573 - INFO - /home/amily/shark-ai/sharktuner/tuning_2025_09_23_20_44/candidates/specs/449_spec.mlir
2025-09-23 20:52:03,573 - INFO - /home/amily/shark-ai/sharktuner/tuning_2025_09_23_20_44/candidates/specs/39_spec.mlir
2025-09-23 20:52:03,573 - INFO - /home/amily/shark-ai/sharktuner/tuning_2025_09_23_20_44/candidates/specs/450_spec.mlir
2025-09-23 20:52:03,573 - INFO - /home/amily/shark-ai/sharktuner/tuning_2025_09_23_20_44/candidates/specs/182_spec.mlir
2025-09-23 20:52:03,573 - INFO - /home/amily/shark-ai/sharktuner/tuning_2025_09_23_20_44/candidates/specs/197_spec.mlir
2025-09-23 20:52:03,573 - INFO - /home/amily/shark-ai/sharktuner/tuning_2025_09_23_20_44/candidates/specs/44_spec.mlir
2025-09-23 20:52:03,573 - INFO - /home/amily/shark-ai/sharktuner/tuning_2025_09_23_20_44/candidates/specs/66_spec.mlir
2025-09-23 20:52:03,573 - INFO - /home/amily/shark-ai/sharktuner/tuning_2025_09_23_20_44/candidates/specs/129_spec.mlir
2025-09-23 20:52:03,573 - INFO - /home/amily/shark-ai/sharktuner/tuning_2025_09_23_20_44/candidates/specs/360_spec.mlir
2025-09-23 20:52:03,574 - INFO - /home/amily/shark-ai/sharktuner/tuning_2025_09_23_20_44/candidates/specs/24_spec.mlir
2025-09-23 20:52:03,574 - INFO - /home/amily/shark-ai/sharktuner/tuning_2025_09_23_20_44/candidates/specs/11_spec.mlir
2025-09-23 20:52:03,574 - INFO - /home/amily/shark-ai/sharktuner/tuning_2025_09_23_20_44/candidates/specs/133_spec.mlir
2025-09-23 20:52:03,574 - INFO - /home/amily/shark-ai/sharktuner/tuning_2025_09_23_20_44/candidates/specs/165_spec.mlir
2025-09-23 20:52:03,574 - INFO - /home/amily/shark-ai/sharktuner/tuning_2025_09_23_20_44/candidates/specs/393_spec.mlir
2025-09-23 20:52:03,574 - INFO - /home/amily/shark-ai/sharktuner/tuning_2025_09_23_20_44/candidates/specs/187_spec.mlir
2025-09-23 20:52:03,574 - INFO - /home/amily/shark-ai/sharktuner/tuning_2025_09_23_20_44/candidates/specs/185_spec.mlir
2025-09-23 20:52:03,574 - INFO - /home/amily/shark-ai/sharktuner/tuning_2025_09_23_20_44/candidates/specs/262_spec.mlir
2025-09-23 20:52:03,574 - INFO - /home/amily/shark-ai/sharktuner/tuning_2025_09_23_20_44/candidates/specs/304_spec.mlir
2025-09-23 20:52:03,575 - INFO - /home/amily/shark-ai/sharktuner/tuning_2025_09_23_20_44/candidates/specs/412_spec.mlir
2025-09-23 20:52:03,575 - INFO - /home/amily/shark-ai/sharktuner/tuning_2025_09_23_20_44/candidates/specs/36_spec.mlir
2025-09-23 20:52:03,575 - INFO - /home/amily/shark-ai/sharktuner/tuning_2025_09_23_20_44/candidates/specs/418_spec.mlir
2025-09-23 20:52:03,575 - INFO - /home/amily/shark-ai/sharktuner/tuning_2025_09_23_20_44/candidates/specs/33_spec.mlir
2025-09-23 20:52:03,575 - INFO - /home/amily/shark-ai/sharktuner/tuning_2025_09_23_20_44/candidates/specs/190_spec.mlir
2025-09-23 20:52:03,575 - INFO - /home/amily/shark-ai/sharktuner/tuning_2025_09_23_20_44/candidates/specs/73_spec.mlir
2025-09-23 20:52:03,575 - INFO - /home/amily/shark-ai/sharktuner/tuning_2025_09_23_20_44/candidates/specs/358_spec.mlir
2025-09-23 20:52:03,575 - INFO - /home/amily/shark-ai/sharktuner/tuning_2025_09_23_20_44/candidates/specs/391_spec.mlir
2025-09-23 20:52:03,575 - INFO - /home/amily/shark-ai/sharktuner/tuning_2025_09_23_20_44/candidates/specs/327_spec.mlir
2025-09-23 20:52:03,576 - INFO - /home/amily/shark-ai/sharktuner/tuning_2025_09_23_20_44/candidates/specs/389_spec.mlir
2025-09-23 20:52:03,576 - INFO - /home/amily/shark-ai/sharktuner/tuning_2025_09_23_20_44/candidates/specs/461_spec.mlir
2025-09-23 20:52:03,576 - INFO - /home/amily/shark-ai/sharktuner/tuning_2025_09_23_20_44/candidates/specs/152_spec.mlir
2025-09-23 20:52:03,576 - INFO - /home/amily/shark-ai/sharktuner/tuning_2025_09_23_20_44/candidates/specs/219_spec.mlir
2025-09-23 20:52:03,576 - INFO - /home/amily/shark-ai/sharktuner/tuning_2025_09_23_20_44/candidates/specs/273_spec.mlir
2025-09-23 20:52:03,576 - INFO - /home/amily/shark-ai/sharktuner/tuning_2025_09_23_20_44/candidates/specs/312_spec.mlir
2025-09-23 20:52:03,576 - INFO - /home/amily/shark-ai/sharktuner/tuning_2025_09_23_20_44/candidates/specs/13_spec.mlir
2025-09-23 20:52:03,576 - INFO - /home/amily/shark-ai/sharktuner/tuning_2025_09_23_20_44/candidates/specs/1_spec.mlir
2025-09-23 20:52:03,576 - INFO - /home/amily/shark-ai/sharktuner/tuning_2025_09_23_20_44/candidates/specs/172_spec.mlir
2025-09-23 20:52:03,577 - INFO - /home/amily/shark-ai/sharktuner/tuning_2025_09_23_20_44/candidates/specs/279_spec.mlir
2025-09-23 20:52:03,577 - INFO - /home/amily/shark-ai/sharktuner/tuning_2025_09_23_20_44/candidates/specs/161_spec.mlir
2025-09-23 20:52:03,577 - INFO - /home/amily/shark-ai/sharktuner/tuning_2025_09_23_20_44/candidates/specs/167_spec.mlir
2025-09-23 20:52:03,577 - INFO - /home/amily/shark-ai/sharktuner/tuning_2025_09_23_20_44/candidates/specs/31_spec.mlir
2025-09-23 20:52:03,577 - INFO - /home/amily/shark-ai/sharktuner/tuning_2025_09_23_20_44/candidates/specs/174_spec.mlir
2025-09-23 20:52:03,577 - INFO - /home/amily/shark-ai/sharktuner/tuning_2025_09_23_20_44/candidates/specs/339_spec.mlir
2025-09-23 20:52:03,577 - INFO - /home/amily/shark-ai/sharktuner/tuning_2025_09_23_20_44/candidates/specs/361_spec.mlir
2025-09-23 20:52:03,577 - INFO - /home/amily/shark-ai/sharktuner/tuning_2025_09_23_20_44/candidates/specs/473_spec.mlir
2025-09-23 20:52:03,577 - INFO - /home/amily/shark-ai/sharktuner/tuning_2025_09_23_20_44/candidates/specs/12_spec.mlir
2025-09-23 20:52:03,577 - INFO - /home/amily/shark-ai/sharktuner/tuning_2025_09_23_20_44/candidates/specs/264_spec.mlir
2025-09-23 20:52:03,578 - INFO - /home/amily/shark-ai/sharktuner/tuning_2025_09_23_20_44/candidates/specs/341_spec.mlir
2025-09-23 20:52:03,578 - INFO - /home/amily/shark-ai/sharktuner/tuning_2025_09_23_20_44/candidates/specs/30_spec.mlir
2025-09-23 20:52:03,578 - INFO - /home/amily/shark-ai/sharktuner/tuning_2025_09_23_20_44/candidates/specs/223_spec.mlir
2025-09-23 20:52:03,578 - INFO - /home/amily/shark-ai/sharktuner/tuning_2025_09_23_20_44/candidates/specs/486_spec.mlir
2025-09-23 20:52:03,578 - INFO - /home/amily/shark-ai/sharktuner/tuning_2025_09_23_20_44/candidates/specs/45_spec.mlir
2025-09-23 20:52:03,578 - INFO - /home/amily/shark-ai/sharktuner/tuning_2025_09_23_20_44/candidates/specs/465_spec.mlir
2025-09-23 20:52:03,578 - INFO - /home/amily/shark-ai/sharktuner/tuning_2025_09_23_20_44/candidates/specs/132_spec.mlir
2025-09-23 20:52:03,578 - INFO - /home/amily/shark-ai/sharktuner/tuning_2025_09_23_20_44/candidates/specs/270_spec.mlir
2025-09-23 20:52:03,578 - INFO - /home/amily/shark-ai/sharktuner/tuning_2025_09_23_20_44/candidates/specs/324_spec.mlir
2025-09-23 20:52:03,579 - INFO - /home/amily/shark-ai/sharktuner/tuning_2025_09_23_20_44/candidates/specs/413_spec.mlir
2025-09-23 20:52:03,579 - INFO - /home/amily/shark-ai/sharktuner/tuning_2025_09_23_20_44/candidates/specs/342_spec.mlir
2025-09-23 20:52:03,579 - INFO - /home/amily/shark-ai/sharktuner/tuning_2025_09_23_20_44/candidates/specs/443_spec.mlir
2025-09-23 20:52:03,579 - INFO - /home/amily/shark-ai/sharktuner/tuning_2025_09_23_20_44/candidates/specs/447_spec.mlir
2025-09-23 20:52:03,579 - INFO - /home/amily/shark-ai/sharktuner/tuning_2025_09_23_20_44/candidates/specs/130_spec.mlir
2025-09-23 20:52:03,579 - INFO - /home/amily/shark-ai/sharktuner/tuning_2025_09_23_20_44/candidates/specs/25_spec.mlir
2025-09-23 20:52:03,579 - INFO - /home/amily/shark-ai/sharktuner/tuning_2025_09_23_20_44/candidates/specs/400_spec.mlir
2025-09-23 20:52:03,579 - INFO - /home/amily/shark-ai/sharktuner/tuning_2025_09_23_20_44/candidates/specs/422_spec.mlir
2025-09-23 20:52:03,579 - INFO - /home/amily/shark-ai/sharktuner/tuning_2025_09_23_20_44/candidates/specs/417_spec.mlir
2025-09-23 20:52:03,580 - INFO - /home/amily/shark-ai/sharktuner/tuning_2025_09_23_20_44/candidates/specs/491_spec.mlir
2025-09-23 20:52:03,580 - INFO - /home/amily/shark-ai/sharktuner/tuning_2025_09_23_20_44/candidates/specs/71_spec.mlir
2025-09-23 20:52:03,580 - INFO - /home/amily/shark-ai/sharktuner/tuning_2025_09_23_20_44/candidates/specs/20_spec.mlir
2025-09-23 20:52:03,580 - INFO - /home/amily/shark-ai/sharktuner/tuning_2025_09_23_20_44/candidates/specs/284_spec.mlir
2025-09-23 20:52:03,580 - INFO - /home/amily/shark-ai/sharktuner/tuning_2025_09_23_20_44/candidates/specs/224_spec.mlir
2025-09-23 20:52:03,580 - INFO - /home/amily/shark-ai/sharktuner/tuning_2025_09_23_20_44/candidates/specs/198_spec.mlir
2025-09-23 20:52:03,580 - INFO - /home/amily/shark-ai/sharktuner/tuning_2025_09_23_20_44/candidates/specs/159_spec.mlir
2025-09-23 20:52:03,580 - INFO - /home/amily/shark-ai/sharktuner/tuning_2025_09_23_20_44/candidates/specs/123_spec.mlir
