2025-09-29 16:29:01,719 - WARNING - Command '/home/amily/iree-build-old/compiler/bindings/python/iree/compiler/tools/../_mlir_libs/iree-compile tuning_2025_09_29_16_28/template.mlir -o=tuning_2025_09_29_16_28/candidates/compiled/289.vmfb --mlir-pass-pipeline-crash-reproducer=tuning_2025_09_29_16_28/candidates/compiled/289.vmfb.crash_report.mlir --iree-codegen-tuning-spec-path=tuning_2025_09_29_16_28/candidates/specs/289_spec.mlir --iree-hal-target-device=hip --iree-hip-target=gfx942 --compile-from=executable-sources' timed out after 16 seconds.
2025-09-29 16:29:03,103 - WARNING - Command '/home/amily/iree-build-old/compiler/bindings/python/iree/compiler/tools/../_mlir_libs/iree-compile tuning_2025_09_29_16_28/template.mlir -o=tuning_2025_09_29_16_28/candidates/compiled/392.vmfb --mlir-pass-pipeline-crash-reproducer=tuning_2025_09_29_16_28/candidates/compiled/392.vmfb.crash_report.mlir --iree-codegen-tuning-spec-path=tuning_2025_09_29_16_28/candidates/specs/392_spec.mlir --iree-hal-target-device=hip --iree-hip-target=gfx942 --compile-from=executable-sources' timed out after 16 seconds.
2025-09-29 16:29:04,034 - WARNING - Command '/home/amily/iree-build-old/compiler/bindings/python/iree/compiler/tools/../_mlir_libs/iree-compile tuning_2025_09_29_16_28/template.mlir -o=tuning_2025_09_29_16_28/candidates/compiled/465.vmfb --mlir-pass-pipeline-crash-reproducer=tuning_2025_09_29_16_28/candidates/compiled/465.vmfb.crash_report.mlir --iree-codegen-tuning-spec-path=tuning_2025_09_29_16_28/candidates/specs/465_spec.mlir --iree-hal-target-device=hip --iree-hip-target=gfx942 --compile-from=executable-sources' timed out after 16 seconds.
2025-09-29 16:29:04,411 - WARNING - Command '/home/amily/iree-build-old/compiler/bindings/python/iree/compiler/tools/../_mlir_libs/iree-compile tuning_2025_09_29_16_28/template.mlir -o=tuning_2025_09_29_16_28/candidates/compiled/488.vmfb --mlir-pass-pipeline-crash-reproducer=tuning_2025_09_29_16_28/candidates/compiled/488.vmfb.crash_report.mlir --iree-codegen-tuning-spec-path=tuning_2025_09_29_16_28/candidates/specs/488_spec.mlir --iree-hal-target-device=hip --iree-hip-target=gfx942 --compile-from=executable-sources' timed out after 16 seconds.
2025-09-29 16:29:06,607 - WARNING - Command '/home/amily/iree-build-old/compiler/bindings/python/iree/compiler/tools/../_mlir_libs/iree-compile tuning_2025_09_29_16_28/template.mlir -o=tuning_2025_09_29_16_28/candidates/compiled/608.vmfb --mlir-pass-pipeline-crash-reproducer=tuning_2025_09_29_16_28/candidates/compiled/608.vmfb.crash_report.mlir --iree-codegen-tuning-spec-path=tuning_2025_09_29_16_28/candidates/specs/608_spec.mlir --iree-hal-target-device=hip --iree-hip-target=gfx942 --compile-from=executable-sources' timed out after 16 seconds.
2025-09-29 16:29:06,813 - WARNING - Command '/home/amily/iree-build-old/compiler/bindings/python/iree/compiler/tools/../_mlir_libs/iree-compile tuning_2025_09_29_16_28/template.mlir -o=tuning_2025_09_29_16_28/candidates/compiled/616.vmfb --mlir-pass-pipeline-crash-reproducer=tuning_2025_09_29_16_28/candidates/compiled/616.vmfb.crash_report.mlir --iree-codegen-tuning-spec-path=tuning_2025_09_29_16_28/candidates/specs/616_spec.mlir --iree-hal-target-device=hip --iree-hip-target=gfx942 --compile-from=executable-sources' timed out after 16 seconds.
2025-09-29 16:29:07,734 - WARNING - Command '/home/amily/iree-build-old/compiler/bindings/python/iree/compiler/tools/../_mlir_libs/iree-compile tuning_2025_09_29_16_28/template.mlir -o=tuning_2025_09_29_16_28/candidates/compiled/677.vmfb --mlir-pass-pipeline-crash-reproducer=tuning_2025_09_29_16_28/candidates/compiled/677.vmfb.crash_report.mlir --iree-codegen-tuning-spec-path=tuning_2025_09_29_16_28/candidates/specs/677_spec.mlir --iree-hal-target-device=hip --iree-hip-target=gfx942 --compile-from=executable-sources' timed out after 16 seconds.
2025-09-29 16:29:08,401 - WARNING - Command '/home/amily/iree-build-old/compiler/bindings/python/iree/compiler/tools/../_mlir_libs/iree-compile tuning_2025_09_29_16_28/template.mlir -o=tuning_2025_09_29_16_28/candidates/compiled/725.vmfb --mlir-pass-pipeline-crash-reproducer=tuning_2025_09_29_16_28/candidates/compiled/725.vmfb.crash_report.mlir --iree-codegen-tuning-spec-path=tuning_2025_09_29_16_28/candidates/specs/725_spec.mlir --iree-hal-target-device=hip --iree-hip-target=gfx942 --compile-from=executable-sources' timed out after 16 seconds.
2025-09-29 16:29:08,704 - WARNING - Command '/home/amily/iree-build-old/compiler/bindings/python/iree/compiler/tools/../_mlir_libs/iree-compile tuning_2025_09_29_16_28/template.mlir -o=tuning_2025_09_29_16_28/candidates/compiled/746.vmfb --mlir-pass-pipeline-crash-reproducer=tuning_2025_09_29_16_28/candidates/compiled/746.vmfb.crash_report.mlir --iree-codegen-tuning-spec-path=tuning_2025_09_29_16_28/candidates/specs/746_spec.mlir --iree-hal-target-device=hip --iree-hip-target=gfx942 --compile-from=executable-sources' timed out after 16 seconds.
2025-09-29 16:29:11,291 - WARNING - Command '/home/amily/iree-build-old/compiler/bindings/python/iree/compiler/tools/../_mlir_libs/iree-compile tuning_2025_09_29_16_28/template.mlir -o=tuning_2025_09_29_16_28/candidates/compiled/879.vmfb --mlir-pass-pipeline-crash-reproducer=tuning_2025_09_29_16_28/candidates/compiled/879.vmfb.crash_report.mlir --iree-codegen-tuning-spec-path=tuning_2025_09_29_16_28/candidates/specs/879_spec.mlir --iree-hal-target-device=hip --iree-hip-target=gfx942 --compile-from=executable-sources' timed out after 16 seconds.
2025-09-29 16:29:11,855 - WARNING - Command '/home/amily/iree-build-old/compiler/bindings/python/iree/compiler/tools/../_mlir_libs/iree-compile tuning_2025_09_29_16_28/template.mlir -o=tuning_2025_09_29_16_28/candidates/compiled/903.vmfb --mlir-pass-pipeline-crash-reproducer=tuning_2025_09_29_16_28/candidates/compiled/903.vmfb.crash_report.mlir --iree-codegen-tuning-spec-path=tuning_2025_09_29_16_28/candidates/specs/903_spec.mlir --iree-hal-target-device=hip --iree-hip-target=gfx942 --compile-from=executable-sources' timed out after 16 seconds.
2025-09-29 16:29:13,148 - WARNING - Command '/home/amily/iree-build-old/compiler/bindings/python/iree/compiler/tools/../_mlir_libs/iree-compile tuning_2025_09_29_16_28/template.mlir -o=tuning_2025_09_29_16_28/candidates/compiled/964.vmfb --mlir-pass-pipeline-crash-reproducer=tuning_2025_09_29_16_28/candidates/compiled/964.vmfb.crash_report.mlir --iree-codegen-tuning-spec-path=tuning_2025_09_29_16_28/candidates/specs/964_spec.mlir --iree-hal-target-device=hip --iree-hip-target=gfx942 --compile-from=executable-sources' timed out after 16 seconds.
2025-09-29 16:29:13,315 - INFO - Benchmarking compiled dispatch candidates...
2025-09-29 16:42:14,761 - INFO - Candidate 242 time: 269.67 ms (74.8% of baseline)
2025-09-29 16:42:14,761 - INFO - Candidate 929 time: 275.33 ms (76.4% of baseline)
2025-09-29 16:42:14,761 - INFO - Candidate 457 time: 278.33 ms (77.2% of baseline)
2025-09-29 16:42:14,762 - INFO - Candidate 76 time: 279.67 ms (78.3% of baseline)
2025-09-29 16:42:14,762 - INFO - Candidate 859 time: 288.33 ms (80.0% of baseline)
2025-09-29 16:42:14,762 - INFO - Candidate 382 time: 291.67 ms (80.9% of baseline)
2025-09-29 16:42:14,762 - INFO - Candidate 17 time: 285.33 ms (80.9% of baseline)
2025-09-29 16:42:14,762 - INFO - Candidate 20 time: 290.00 ms (81.1% of baseline)
2025-09-29 16:42:14,762 - INFO - Candidate 509 time: 291.33 ms (81.5% of baseline)
2025-09-29 16:42:14,762 - INFO - Candidate 870 time: 290.67 ms (82.5% of baseline)
2025-09-29 16:42:14,762 - INFO - Top dispatch candidates: [242, 929, 457, 76, 859, 382, 17, 20, 509, 870]
2025-09-29 16:42:14,763 - INFO - /home/amily/shark-ai/sharktuner/tuning_2025_09_29_16_28/candidates/specs/242_spec.mlir
2025-09-29 16:42:14,763 - INFO - /home/amily/shark-ai/sharktuner/tuning_2025_09_29_16_28/candidates/specs/929_spec.mlir
2025-09-29 16:42:14,763 - INFO - /home/amily/shark-ai/sharktuner/tuning_2025_09_29_16_28/candidates/specs/457_spec.mlir
2025-09-29 16:42:14,763 - INFO - /home/amily/shark-ai/sharktuner/tuning_2025_09_29_16_28/candidates/specs/76_spec.mlir
2025-09-29 16:42:14,763 - INFO - /home/amily/shark-ai/sharktuner/tuning_2025_09_29_16_28/candidates/specs/859_spec.mlir
2025-09-29 16:42:14,763 - INFO - /home/amily/shark-ai/sharktuner/tuning_2025_09_29_16_28/candidates/specs/382_spec.mlir
2025-09-29 16:42:14,763 - INFO - /home/amily/shark-ai/sharktuner/tuning_2025_09_29_16_28/candidates/specs/17_spec.mlir
2025-09-29 16:42:14,763 - INFO - /home/amily/shark-ai/sharktuner/tuning_2025_09_29_16_28/candidates/specs/20_spec.mlir
2025-09-29 16:42:14,764 - INFO - /home/amily/shark-ai/sharktuner/tuning_2025_09_29_16_28/candidates/specs/509_spec.mlir
2025-09-29 16:42:14,764 - INFO - /home/amily/shark-ai/sharktuner/tuning_2025_09_29_16_28/candidates/specs/870_spec.mlir
