2025-09-29 20:58:17,443 - WARNING - Command '/home/amily/iree-build-old/compiler/bindings/python/iree/compiler/tools/../_mlir_libs/iree-compile tuning_2025_09_29_20_57/template.mlir -o=tuning_2025_09_29_20_57/candidates/compiled/69.vmfb --mlir-pass-pipeline-crash-reproducer=tuning_2025_09_29_20_57/candidates/compiled/69.vmfb.crash_report.mlir --iree-codegen-tuning-spec-path=tuning_2025_09_29_20_57/candidates/specs/69_spec.mlir --iree-hal-target-device=hip --iree-hip-target=gfx942 --compile-from=executable-sources' timed out after 16 seconds.
2025-09-29 20:58:18,670 - WARNING - Command '/home/amily/iree-build-old/compiler/bindings/python/iree/compiler/tools/../_mlir_libs/iree-compile tuning_2025_09_29_20_57/template.mlir -o=tuning_2025_09_29_20_57/candidates/compiled/245.vmfb --mlir-pass-pipeline-crash-reproducer=tuning_2025_09_29_20_57/candidates/compiled/245.vmfb.crash_report.mlir --iree-codegen-tuning-spec-path=tuning_2025_09_29_20_57/candidates/specs/245_spec.mlir --iree-hal-target-device=hip --iree-hip-target=gfx942 --compile-from=executable-sources' timed out after 16 seconds.
2025-09-29 20:58:19,195 - WARNING - Command '/home/amily/iree-build-old/compiler/bindings/python/iree/compiler/tools/../_mlir_libs/iree-compile tuning_2025_09_29_20_57/template.mlir -o=tuning_2025_09_29_20_57/candidates/compiled/290.vmfb --mlir-pass-pipeline-crash-reproducer=tuning_2025_09_29_20_57/candidates/compiled/290.vmfb.crash_report.mlir --iree-codegen-tuning-spec-path=tuning_2025_09_29_20_57/candidates/specs/290_spec.mlir --iree-hal-target-device=hip --iree-hip-target=gfx942 --compile-from=executable-sources' timed out after 16 seconds.
2025-09-29 20:58:19,614 - WARNING - Command '/home/amily/iree-build-old/compiler/bindings/python/iree/compiler/tools/../_mlir_libs/iree-compile tuning_2025_09_29_20_57/template.mlir -o=tuning_2025_09_29_20_57/candidates/compiled/338.vmfb --mlir-pass-pipeline-crash-reproducer=tuning_2025_09_29_20_57/candidates/compiled/338.vmfb.crash_report.mlir --iree-codegen-tuning-spec-path=tuning_2025_09_29_20_57/candidates/specs/338_spec.mlir --iree-hal-target-device=hip --iree-hip-target=gfx942 --compile-from=executable-sources' timed out after 16 seconds.
2025-09-29 20:58:20,206 - WARNING - Command '/home/amily/iree-build-old/compiler/bindings/python/iree/compiler/tools/../_mlir_libs/iree-compile tuning_2025_09_29_20_57/template.mlir -o=tuning_2025_09_29_20_57/candidates/compiled/405.vmfb --mlir-pass-pipeline-crash-reproducer=tuning_2025_09_29_20_57/candidates/compiled/405.vmfb.crash_report.mlir --iree-codegen-tuning-spec-path=tuning_2025_09_29_20_57/candidates/specs/405_spec.mlir --iree-hal-target-device=hip --iree-hip-target=gfx942 --compile-from=executable-sources' timed out after 16 seconds.
2025-09-29 20:58:29,553 - WARNING - Command '/home/amily/iree-build-old/compiler/bindings/python/iree/compiler/tools/../_mlir_libs/iree-compile tuning_2025_09_29_20_57/template.mlir -o=tuning_2025_09_29_20_57/candidates/compiled/1247.vmfb --mlir-pass-pipeline-crash-reproducer=tuning_2025_09_29_20_57/candidates/compiled/1247.vmfb.crash_report.mlir --iree-codegen-tuning-spec-path=tuning_2025_09_29_20_57/candidates/specs/1247_spec.mlir --iree-hal-target-device=hip --iree-hip-target=gfx942 --compile-from=executable-sources' timed out after 16 seconds.
2025-09-29 20:58:30,161 - WARNING - Command '/home/amily/iree-build-old/compiler/bindings/python/iree/compiler/tools/../_mlir_libs/iree-compile tuning_2025_09_29_20_57/template.mlir -o=tuning_2025_09_29_20_57/candidates/compiled/1296.vmfb --mlir-pass-pipeline-crash-reproducer=tuning_2025_09_29_20_57/candidates/compiled/1296.vmfb.crash_report.mlir --iree-codegen-tuning-spec-path=tuning_2025_09_29_20_57/candidates/specs/1296_spec.mlir --iree-hal-target-device=hip --iree-hip-target=gfx942 --compile-from=executable-sources' timed out after 16 seconds.
2025-09-29 20:58:30,500 - WARNING - Command '/home/amily/iree-build-old/compiler/bindings/python/iree/compiler/tools/../_mlir_libs/iree-compile tuning_2025_09_29_20_57/template.mlir -o=tuning_2025_09_29_20_57/candidates/compiled/1329.vmfb --mlir-pass-pipeline-crash-reproducer=tuning_2025_09_29_20_57/candidates/compiled/1329.vmfb.crash_report.mlir --iree-codegen-tuning-spec-path=tuning_2025_09_29_20_57/candidates/specs/1329_spec.mlir --iree-hal-target-device=hip --iree-hip-target=gfx942 --compile-from=executable-sources' timed out after 16 seconds.
2025-09-29 20:58:31,577 - WARNING - Command '/home/amily/iree-build-old/compiler/bindings/python/iree/compiler/tools/../_mlir_libs/iree-compile tuning_2025_09_29_20_57/template.mlir -o=tuning_2025_09_29_20_57/candidates/compiled/1419.vmfb --mlir-pass-pipeline-crash-reproducer=tuning_2025_09_29_20_57/candidates/compiled/1419.vmfb.crash_report.mlir --iree-codegen-tuning-spec-path=tuning_2025_09_29_20_57/candidates/specs/1419_spec.mlir --iree-hal-target-device=hip --iree-hip-target=gfx942 --compile-from=executable-sources' timed out after 16 seconds.
2025-09-29 20:58:33,615 - WARNING - Command '/home/amily/iree-build-old/compiler/bindings/python/iree/compiler/tools/../_mlir_libs/iree-compile tuning_2025_09_29_20_57/template.mlir -o=tuning_2025_09_29_20_57/candidates/compiled/1613.vmfb --mlir-pass-pipeline-crash-reproducer=tuning_2025_09_29_20_57/candidates/compiled/1613.vmfb.crash_report.mlir --iree-codegen-tuning-spec-path=tuning_2025_09_29_20_57/candidates/specs/1613_spec.mlir --iree-hal-target-device=hip --iree-hip-target=gfx942 --compile-from=executable-sources' timed out after 16 seconds.
2025-09-29 20:58:34,194 - WARNING - Command '/home/amily/iree-build-old/compiler/bindings/python/iree/compiler/tools/../_mlir_libs/iree-compile tuning_2025_09_29_20_57/template.mlir -o=tuning_2025_09_29_20_57/candidates/compiled/1661.vmfb --mlir-pass-pipeline-crash-reproducer=tuning_2025_09_29_20_57/candidates/compiled/1661.vmfb.crash_report.mlir --iree-codegen-tuning-spec-path=tuning_2025_09_29_20_57/candidates/specs/1661_spec.mlir --iree-hal-target-device=hip --iree-hip-target=gfx942 --compile-from=executable-sources' timed out after 16 seconds.
2025-09-29 20:58:36,147 - WARNING - Command '/home/amily/iree-build-old/compiler/bindings/python/iree/compiler/tools/../_mlir_libs/iree-compile tuning_2025_09_29_20_57/template.mlir -o=tuning_2025_09_29_20_57/candidates/compiled/1804.vmfb --mlir-pass-pipeline-crash-reproducer=tuning_2025_09_29_20_57/candidates/compiled/1804.vmfb.crash_report.mlir --iree-codegen-tuning-spec-path=tuning_2025_09_29_20_57/candidates/specs/1804_spec.mlir --iree-hal-target-device=hip --iree-hip-target=gfx942 --compile-from=executable-sources' timed out after 16 seconds.
2025-09-29 20:58:36,806 - WARNING - Command '/home/amily/iree-build-old/compiler/bindings/python/iree/compiler/tools/../_mlir_libs/iree-compile tuning_2025_09_29_20_57/template.mlir -o=tuning_2025_09_29_20_57/candidates/compiled/1838.vmfb --mlir-pass-pipeline-crash-reproducer=tuning_2025_09_29_20_57/candidates/compiled/1838.vmfb.crash_report.mlir --iree-codegen-tuning-spec-path=tuning_2025_09_29_20_57/candidates/specs/1838_spec.mlir --iree-hal-target-device=hip --iree-hip-target=gfx942 --compile-from=executable-sources' timed out after 16 seconds.
2025-09-29 20:58:37,264 - WARNING - Command '/home/amily/iree-build-old/compiler/bindings/python/iree/compiler/tools/../_mlir_libs/iree-compile tuning_2025_09_29_20_57/template.mlir -o=tuning_2025_09_29_20_57/candidates/compiled/1872.vmfb --mlir-pass-pipeline-crash-reproducer=tuning_2025_09_29_20_57/candidates/compiled/1872.vmfb.crash_report.mlir --iree-codegen-tuning-spec-path=tuning_2025_09_29_20_57/candidates/specs/1872_spec.mlir --iree-hal-target-device=hip --iree-hip-target=gfx942 --compile-from=executable-sources' timed out after 16 seconds.
2025-09-29 20:58:37,459 - INFO - Benchmarking compiled dispatch candidates...
2025-09-29 21:11:12,329 - INFO - Candidate 310 time: 139.67 ms (77.6% of baseline)
2025-09-29 21:11:12,329 - INFO - Candidate 2040 time: 143.00 ms (79.2% of baseline)
2025-09-29 21:11:12,329 - INFO - Candidate 975 time: 144.67 ms (80.3% of baseline)
2025-09-29 21:11:12,329 - INFO - Candidate 734 time: 146.00 ms (81.0% of baseline)
2025-09-29 21:11:12,329 - INFO - Candidate 1383 time: 151.67 ms (83.9% of baseline)
2025-09-29 21:11:12,329 - INFO - Candidate 1897 time: 151.67 ms (84.0% of baseline)
2025-09-29 21:11:12,330 - INFO - Candidate 1825 time: 151.67 ms (84.3% of baseline)
2025-09-29 21:11:12,330 - INFO - Candidate 463 time: 152.33 ms (84.6% of baseline)
2025-09-29 21:11:12,330 - INFO - Candidate 990 time: 153.00 ms (84.8% of baseline)
2025-09-29 21:11:12,330 - INFO - Candidate 956 time: 152.67 ms (84.8% of baseline)
2025-09-29 21:11:12,330 - INFO - Top dispatch candidates: [310, 2040, 975, 734, 1383, 1897, 1825, 463, 990, 956]
2025-09-29 21:11:12,330 - INFO - /home/amily/shark-ai/sharktuner/tuning_2025_09_29_20_57/candidates/specs/310_spec.mlir
2025-09-29 21:11:12,330 - INFO - /home/amily/shark-ai/sharktuner/tuning_2025_09_29_20_57/candidates/specs/2040_spec.mlir
2025-09-29 21:11:12,331 - INFO - /home/amily/shark-ai/sharktuner/tuning_2025_09_29_20_57/candidates/specs/975_spec.mlir
2025-09-29 21:11:12,331 - INFO - /home/amily/shark-ai/sharktuner/tuning_2025_09_29_20_57/candidates/specs/734_spec.mlir
2025-09-29 21:11:12,331 - INFO - /home/amily/shark-ai/sharktuner/tuning_2025_09_29_20_57/candidates/specs/1383_spec.mlir
2025-09-29 21:11:12,331 - INFO - /home/amily/shark-ai/sharktuner/tuning_2025_09_29_20_57/candidates/specs/1897_spec.mlir
2025-09-29 21:11:12,331 - INFO - /home/amily/shark-ai/sharktuner/tuning_2025_09_29_20_57/candidates/specs/1825_spec.mlir
2025-09-29 21:11:12,331 - INFO - /home/amily/shark-ai/sharktuner/tuning_2025_09_29_20_57/candidates/specs/463_spec.mlir
2025-09-29 21:11:12,331 - INFO - /home/amily/shark-ai/sharktuner/tuning_2025_09_29_20_57/candidates/specs/990_spec.mlir
2025-09-29 21:11:12,331 - INFO - /home/amily/shark-ai/sharktuner/tuning_2025_09_29_20_57/candidates/specs/956_spec.mlir
