2025-09-29 17:10:38,028 - WARNING - Command '/home/amily/iree-build-old/compiler/bindings/python/iree/compiler/tools/../_mlir_libs/iree-compile tuning_2025_09_29_17_10/template.mlir -o=tuning_2025_09_29_17_10/candidates/compiled/133.vmfb --mlir-pass-pipeline-crash-reproducer=tuning_2025_09_29_17_10/candidates/compiled/133.vmfb.crash_report.mlir --iree-codegen-tuning-spec-path=tuning_2025_09_29_17_10/candidates/specs/133_spec.mlir --iree-hal-target-device=hip --iree-hip-target=gfx942 --compile-from=executable-sources' timed out after 16 seconds.
2025-09-29 17:10:43,081 - WARNING - Command '/home/amily/iree-build-old/compiler/bindings/python/iree/compiler/tools/../_mlir_libs/iree-compile tuning_2025_09_29_17_10/template.mlir -o=tuning_2025_09_29_17_10/candidates/compiled/501.vmfb --mlir-pass-pipeline-crash-reproducer=tuning_2025_09_29_17_10/candidates/compiled/501.vmfb.crash_report.mlir --iree-codegen-tuning-spec-path=tuning_2025_09_29_17_10/candidates/specs/501_spec.mlir --iree-hal-target-device=hip --iree-hip-target=gfx942 --compile-from=executable-sources' timed out after 16 seconds.
2025-09-29 17:10:43,844 - WARNING - Command '/home/amily/iree-build-old/compiler/bindings/python/iree/compiler/tools/../_mlir_libs/iree-compile tuning_2025_09_29_17_10/template.mlir -o=tuning_2025_09_29_17_10/candidates/compiled/542.vmfb --mlir-pass-pipeline-crash-reproducer=tuning_2025_09_29_17_10/candidates/compiled/542.vmfb.crash_report.mlir --iree-codegen-tuning-spec-path=tuning_2025_09_29_17_10/candidates/specs/542_spec.mlir --iree-hal-target-device=hip --iree-hip-target=gfx942 --compile-from=executable-sources' timed out after 16 seconds.
2025-09-29 17:10:44,087 - WARNING - Command '/home/amily/iree-build-old/compiler/bindings/python/iree/compiler/tools/../_mlir_libs/iree-compile tuning_2025_09_29_17_10/template.mlir -o=tuning_2025_09_29_17_10/candidates/compiled/555.vmfb --mlir-pass-pipeline-crash-reproducer=tuning_2025_09_29_17_10/candidates/compiled/555.vmfb.crash_report.mlir --iree-codegen-tuning-spec-path=tuning_2025_09_29_17_10/candidates/specs/555_spec.mlir --iree-hal-target-device=hip --iree-hip-target=gfx942 --compile-from=executable-sources' timed out after 16 seconds.
2025-09-29 17:10:45,573 - WARNING - Command '/home/amily/iree-build-old/compiler/bindings/python/iree/compiler/tools/../_mlir_libs/iree-compile tuning_2025_09_29_17_10/template.mlir -o=tuning_2025_09_29_17_10/candidates/compiled/645.vmfb --mlir-pass-pipeline-crash-reproducer=tuning_2025_09_29_17_10/candidates/compiled/645.vmfb.crash_report.mlir --iree-codegen-tuning-spec-path=tuning_2025_09_29_17_10/candidates/specs/645_spec.mlir --iree-hal-target-device=hip --iree-hip-target=gfx942 --compile-from=executable-sources' timed out after 16 seconds.
2025-09-29 17:10:45,998 - WARNING - Command '/home/amily/iree-build-old/compiler/bindings/python/iree/compiler/tools/../_mlir_libs/iree-compile tuning_2025_09_29_17_10/template.mlir -o=tuning_2025_09_29_17_10/candidates/compiled/674.vmfb --mlir-pass-pipeline-crash-reproducer=tuning_2025_09_29_17_10/candidates/compiled/674.vmfb.crash_report.mlir --iree-codegen-tuning-spec-path=tuning_2025_09_29_17_10/candidates/specs/674_spec.mlir --iree-hal-target-device=hip --iree-hip-target=gfx942 --compile-from=executable-sources' timed out after 16 seconds.
2025-09-29 17:10:46,614 - WARNING - Command '/home/amily/iree-build-old/compiler/bindings/python/iree/compiler/tools/../_mlir_libs/iree-compile tuning_2025_09_29_17_10/template.mlir -o=tuning_2025_09_29_17_10/candidates/compiled/721.vmfb --mlir-pass-pipeline-crash-reproducer=tuning_2025_09_29_17_10/candidates/compiled/721.vmfb.crash_report.mlir --iree-codegen-tuning-spec-path=tuning_2025_09_29_17_10/candidates/specs/721_spec.mlir --iree-hal-target-device=hip --iree-hip-target=gfx942 --compile-from=executable-sources' timed out after 16 seconds.
2025-09-29 17:10:48,976 - WARNING - Command '/home/amily/iree-build-old/compiler/bindings/python/iree/compiler/tools/../_mlir_libs/iree-compile tuning_2025_09_29_17_10/template.mlir -o=tuning_2025_09_29_17_10/candidates/compiled/860.vmfb --mlir-pass-pipeline-crash-reproducer=tuning_2025_09_29_17_10/candidates/compiled/860.vmfb.crash_report.mlir --iree-codegen-tuning-spec-path=tuning_2025_09_29_17_10/candidates/specs/860_spec.mlir --iree-hal-target-device=hip --iree-hip-target=gfx942 --compile-from=executable-sources' timed out after 16 seconds.
2025-09-29 17:10:50,140 - WARNING - Command '/home/amily/iree-build-old/compiler/bindings/python/iree/compiler/tools/../_mlir_libs/iree-compile tuning_2025_09_29_17_10/template.mlir -o=tuning_2025_09_29_17_10/candidates/compiled/916.vmfb --mlir-pass-pipeline-crash-reproducer=tuning_2025_09_29_17_10/candidates/compiled/916.vmfb.crash_report.mlir --iree-codegen-tuning-spec-path=tuning_2025_09_29_17_10/candidates/specs/916_spec.mlir --iree-hal-target-device=hip --iree-hip-target=gfx942 --compile-from=executable-sources' timed out after 16 seconds.
2025-09-29 17:10:50,651 - WARNING - Command '/home/amily/iree-build-old/compiler/bindings/python/iree/compiler/tools/../_mlir_libs/iree-compile tuning_2025_09_29_17_10/template.mlir -o=tuning_2025_09_29_17_10/candidates/compiled/942.vmfb --mlir-pass-pipeline-crash-reproducer=tuning_2025_09_29_17_10/candidates/compiled/942.vmfb.crash_report.mlir --iree-codegen-tuning-spec-path=tuning_2025_09_29_17_10/candidates/specs/942_spec.mlir --iree-hal-target-device=hip --iree-hip-target=gfx942 --compile-from=executable-sources' timed out after 16 seconds.
2025-09-29 17:10:50,811 - INFO - Benchmarking compiled dispatch candidates...
2025-09-29 17:24:11,441 - WARNING - Performance regressions detected for the following devices: hip://6.
2025-09-29 17:24:11,450 - INFO - Candidate 908 time: 43.33 ms (75.4% of baseline)
2025-09-29 17:24:11,450 - INFO - Candidate 430 time: 43.67 ms (75.9% of baseline)
2025-09-29 17:24:11,450 - INFO - Candidate 871 time: 44.33 ms (76.2% of baseline)
2025-09-29 17:24:11,450 - INFO - Candidate 423 time: 44.00 ms (76.5% of baseline)
2025-09-29 17:24:11,450 - INFO - Candidate 349 time: 43.00 ms (80.1% of baseline)
2025-09-29 17:24:11,450 - INFO - Candidate 678 time: 46.33 ms (80.6% of baseline)
2025-09-29 17:24:11,450 - INFO - Candidate 886 time: 47.00 ms (80.8% of baseline)
2025-09-29 17:24:11,450 - INFO - Candidate 720 time: 47.33 ms (82.3% of baseline)
2025-09-29 17:24:11,450 - INFO - Candidate 768 time: 48.00 ms (82.5% of baseline)
2025-09-29 17:24:11,450 - INFO - Candidate 263 time: 48.33 ms (83.1% of baseline)
2025-09-29 17:24:11,451 - INFO - Top dispatch candidates: [908, 430, 871, 423, 349, 678, 886, 720, 768, 263]
2025-09-29 17:24:11,451 - INFO - /home/amily/shark-ai/sharktuner/tuning_2025_09_29_17_10/candidates/specs/908_spec.mlir
2025-09-29 17:24:11,451 - INFO - /home/amily/shark-ai/sharktuner/tuning_2025_09_29_17_10/candidates/specs/430_spec.mlir
2025-09-29 17:24:11,451 - INFO - /home/amily/shark-ai/sharktuner/tuning_2025_09_29_17_10/candidates/specs/871_spec.mlir
2025-09-29 17:24:11,451 - INFO - /home/amily/shark-ai/sharktuner/tuning_2025_09_29_17_10/candidates/specs/423_spec.mlir
2025-09-29 17:24:11,451 - INFO - /home/amily/shark-ai/sharktuner/tuning_2025_09_29_17_10/candidates/specs/349_spec.mlir
2025-09-29 17:24:11,452 - INFO - /home/amily/shark-ai/sharktuner/tuning_2025_09_29_17_10/candidates/specs/678_spec.mlir
2025-09-29 17:24:11,452 - INFO - /home/amily/shark-ai/sharktuner/tuning_2025_09_29_17_10/candidates/specs/886_spec.mlir
2025-09-29 17:24:11,452 - INFO - /home/amily/shark-ai/sharktuner/tuning_2025_09_29_17_10/candidates/specs/720_spec.mlir
2025-09-29 17:24:11,452 - INFO - /home/amily/shark-ai/sharktuner/tuning_2025_09_29_17_10/candidates/specs/768_spec.mlir
2025-09-29 17:24:11,452 - INFO - /home/amily/shark-ai/sharktuner/tuning_2025_09_29_17_10/candidates/specs/263_spec.mlir
