2025-09-29 19:55:39,027 - WARNING - Command '/home/amily/iree-build-old/compiler/bindings/python/iree/compiler/tools/../_mlir_libs/iree-compile tuning_2025_09_29_19_55/template.mlir -o=tuning_2025_09_29_19_55/candidates/compiled/105.vmfb --mlir-pass-pipeline-crash-reproducer=tuning_2025_09_29_19_55/candidates/compiled/105.vmfb.crash_report.mlir --iree-codegen-tuning-spec-path=tuning_2025_09_29_19_55/candidates/specs/105_spec.mlir --iree-hal-target-device=hip --iree-hip-target=gfx942 --compile-from=executable-sources' timed out after 16 seconds.
2025-09-29 19:55:39,245 - WARNING - Command '/home/amily/iree-build-old/compiler/bindings/python/iree/compiler/tools/../_mlir_libs/iree-compile tuning_2025_09_29_19_55/template.mlir -o=tuning_2025_09_29_19_55/candidates/compiled/118.vmfb --mlir-pass-pipeline-crash-reproducer=tuning_2025_09_29_19_55/candidates/compiled/118.vmfb.crash_report.mlir --iree-codegen-tuning-spec-path=tuning_2025_09_29_19_55/candidates/specs/118_spec.mlir --iree-hal-target-device=hip --iree-hip-target=gfx942 --compile-from=executable-sources' timed out after 16 seconds.
2025-09-29 19:55:39,467 - WARNING - Command '/home/amily/iree-build-old/compiler/bindings/python/iree/compiler/tools/../_mlir_libs/iree-compile tuning_2025_09_29_19_55/template.mlir -o=tuning_2025_09_29_19_55/candidates/compiled/135.vmfb --mlir-pass-pipeline-crash-reproducer=tuning_2025_09_29_19_55/candidates/compiled/135.vmfb.crash_report.mlir --iree-codegen-tuning-spec-path=tuning_2025_09_29_19_55/candidates/specs/135_spec.mlir --iree-hal-target-device=hip --iree-hip-target=gfx942 --compile-from=executable-sources' timed out after 16 seconds.
2025-09-29 19:55:40,329 - WARNING - Command '/home/amily/iree-build-old/compiler/bindings/python/iree/compiler/tools/../_mlir_libs/iree-compile tuning_2025_09_29_19_55/template.mlir -o=tuning_2025_09_29_19_55/candidates/compiled/205.vmfb --mlir-pass-pipeline-crash-reproducer=tuning_2025_09_29_19_55/candidates/compiled/205.vmfb.crash_report.mlir --iree-codegen-tuning-spec-path=tuning_2025_09_29_19_55/candidates/specs/205_spec.mlir --iree-hal-target-device=hip --iree-hip-target=gfx942 --compile-from=executable-sources' timed out after 16 seconds.
2025-09-29 19:55:40,793 - WARNING - Command '/home/amily/iree-build-old/compiler/bindings/python/iree/compiler/tools/../_mlir_libs/iree-compile tuning_2025_09_29_19_55/template.mlir -o=tuning_2025_09_29_19_55/candidates/compiled/234.vmfb --mlir-pass-pipeline-crash-reproducer=tuning_2025_09_29_19_55/candidates/compiled/234.vmfb.crash_report.mlir --iree-codegen-tuning-spec-path=tuning_2025_09_29_19_55/candidates/specs/234_spec.mlir --iree-hal-target-device=hip --iree-hip-target=gfx942 --compile-from=executable-sources' timed out after 16 seconds.
2025-09-29 19:55:41,447 - WARNING - Command '/home/amily/iree-build-old/compiler/bindings/python/iree/compiler/tools/../_mlir_libs/iree-compile tuning_2025_09_29_19_55/template.mlir -o=tuning_2025_09_29_19_55/candidates/compiled/280.vmfb --mlir-pass-pipeline-crash-reproducer=tuning_2025_09_29_19_55/candidates/compiled/280.vmfb.crash_report.mlir --iree-codegen-tuning-spec-path=tuning_2025_09_29_19_55/candidates/specs/280_spec.mlir --iree-hal-target-device=hip --iree-hip-target=gfx942 --compile-from=executable-sources' timed out after 16 seconds.
2025-09-29 19:55:41,941 - WARNING - Command '/home/amily/iree-build-old/compiler/bindings/python/iree/compiler/tools/../_mlir_libs/iree-compile tuning_2025_09_29_19_55/template.mlir -o=tuning_2025_09_29_19_55/candidates/compiled/313.vmfb --mlir-pass-pipeline-crash-reproducer=tuning_2025_09_29_19_55/candidates/compiled/313.vmfb.crash_report.mlir --iree-codegen-tuning-spec-path=tuning_2025_09_29_19_55/candidates/specs/313_spec.mlir --iree-hal-target-device=hip --iree-hip-target=gfx942 --compile-from=executable-sources' timed out after 16 seconds.
2025-09-29 19:55:42,506 - WARNING - Command '/home/amily/iree-build-old/compiler/bindings/python/iree/compiler/tools/../_mlir_libs/iree-compile tuning_2025_09_29_19_55/template.mlir -o=tuning_2025_09_29_19_55/candidates/compiled/345.vmfb --mlir-pass-pipeline-crash-reproducer=tuning_2025_09_29_19_55/candidates/compiled/345.vmfb.crash_report.mlir --iree-codegen-tuning-spec-path=tuning_2025_09_29_19_55/candidates/specs/345_spec.mlir --iree-hal-target-device=hip --iree-hip-target=gfx942 --compile-from=executable-sources' timed out after 16 seconds.
2025-09-29 19:55:42,617 - INFO - Benchmarking compiled dispatch candidates...
2025-09-29 20:00:48,772 - INFO - Candidate 340 time: 8006.67 ms (88.2% of baseline)
2025-09-29 20:00:48,772 - INFO - Candidate 279 time: 8196.67 ms (89.8% of baseline)
2025-09-29 20:00:48,772 - INFO - Candidate 258 time: 8226.67 ms (89.9% of baseline)
2025-09-29 20:00:48,772 - INFO - Candidate 256 time: 8243.33 ms (90.1% of baseline)
2025-09-29 20:00:48,772 - INFO - Candidate 326 time: 8280.00 ms (90.6% of baseline)
2025-09-29 20:00:48,772 - INFO - Candidate 321 time: 8373.33 ms (91.7% of baseline)
2025-09-29 20:00:48,772 - INFO - Candidate 265 time: 8326.67 ms (91.8% of baseline)
2025-09-29 20:00:48,772 - INFO - Candidate 4 time: 8410.00 ms (92.1% of baseline)
2025-09-29 20:00:48,772 - INFO - Candidate 304 time: 8450.00 ms (92.5% of baseline)
2025-09-29 20:00:48,772 - INFO - Candidate 229 time: 8446.67 ms (93.1% of baseline)
2025-09-29 20:00:48,772 - INFO - Top dispatch candidates: [340, 279, 258, 256, 326, 321, 265, 4, 304, 229]
2025-09-29 20:00:48,773 - INFO - /home/amily/shark-ai/sharktuner/tuning_2025_09_29_19_55/candidates/specs/340_spec.mlir
2025-09-29 20:00:48,773 - INFO - /home/amily/shark-ai/sharktuner/tuning_2025_09_29_19_55/candidates/specs/279_spec.mlir
2025-09-29 20:00:48,773 - INFO - /home/amily/shark-ai/sharktuner/tuning_2025_09_29_19_55/candidates/specs/258_spec.mlir
2025-09-29 20:00:48,773 - INFO - /home/amily/shark-ai/sharktuner/tuning_2025_09_29_19_55/candidates/specs/256_spec.mlir
2025-09-29 20:00:48,773 - INFO - /home/amily/shark-ai/sharktuner/tuning_2025_09_29_19_55/candidates/specs/326_spec.mlir
2025-09-29 20:00:48,773 - INFO - /home/amily/shark-ai/sharktuner/tuning_2025_09_29_19_55/candidates/specs/321_spec.mlir
2025-09-29 20:00:48,773 - INFO - /home/amily/shark-ai/sharktuner/tuning_2025_09_29_19_55/candidates/specs/265_spec.mlir
2025-09-29 20:00:48,774 - INFO - /home/amily/shark-ai/sharktuner/tuning_2025_09_29_19_55/candidates/specs/4_spec.mlir
2025-09-29 20:00:48,774 - INFO - /home/amily/shark-ai/sharktuner/tuning_2025_09_29_19_55/candidates/specs/304_spec.mlir
2025-09-29 20:00:48,774 - INFO - /home/amily/shark-ai/sharktuner/tuning_2025_09_29_19_55/candidates/specs/229_spec.mlir
