2025-09-29 17:04:48,584 - WARNING - Command '/home/amily/iree-build-old/compiler/bindings/python/iree/compiler/tools/../_mlir_libs/iree-compile tuning_2025_09_29_17_04/template.mlir -o=tuning_2025_09_29_17_04/candidates/compiled/60.vmfb --mlir-pass-pipeline-crash-reproducer=tuning_2025_09_29_17_04/candidates/compiled/60.vmfb.crash_report.mlir --iree-codegen-tuning-spec-path=tuning_2025_09_29_17_04/candidates/specs/60_spec.mlir --iree-hal-target-device=hip --iree-hip-target=gfx942 --compile-from=executable-sources' timed out after 16 seconds.
2025-09-29 17:04:48,833 - WARNING - Command '/home/amily/iree-build-old/compiler/bindings/python/iree/compiler/tools/../_mlir_libs/iree-compile tuning_2025_09_29_17_04/template.mlir -o=tuning_2025_09_29_17_04/candidates/compiled/74.vmfb --mlir-pass-pipeline-crash-reproducer=tuning_2025_09_29_17_04/candidates/compiled/74.vmfb.crash_report.mlir --iree-codegen-tuning-spec-path=tuning_2025_09_29_17_04/candidates/specs/74_spec.mlir --iree-hal-target-device=hip --iree-hip-target=gfx942 --compile-from=executable-sources' timed out after 16 seconds.
2025-09-29 17:04:50,217 - WARNING - Command '/home/amily/iree-build-old/compiler/bindings/python/iree/compiler/tools/../_mlir_libs/iree-compile tuning_2025_09_29_17_04/template.mlir -o=tuning_2025_09_29_17_04/candidates/compiled/197.vmfb --mlir-pass-pipeline-crash-reproducer=tuning_2025_09_29_17_04/candidates/compiled/197.vmfb.crash_report.mlir --iree-codegen-tuning-spec-path=tuning_2025_09_29_17_04/candidates/specs/197_spec.mlir --iree-hal-target-device=hip --iree-hip-target=gfx942 --compile-from=executable-sources' timed out after 16 seconds.
2025-09-29 17:04:51,162 - WARNING - Command '/home/amily/iree-build-old/compiler/bindings/python/iree/compiler/tools/../_mlir_libs/iree-compile tuning_2025_09_29_17_04/template.mlir -o=tuning_2025_09_29_17_04/candidates/compiled/255.vmfb --mlir-pass-pipeline-crash-reproducer=tuning_2025_09_29_17_04/candidates/compiled/255.vmfb.crash_report.mlir --iree-codegen-tuning-spec-path=tuning_2025_09_29_17_04/candidates/specs/255_spec.mlir --iree-hal-target-device=hip --iree-hip-target=gfx942 --compile-from=executable-sources' timed out after 16 seconds.
2025-09-29 17:04:51,182 - WARNING - Command '/home/amily/iree-build-old/compiler/bindings/python/iree/compiler/tools/../_mlir_libs/iree-compile tuning_2025_09_29_17_04/template.mlir -o=tuning_2025_09_29_17_04/candidates/compiled/256.vmfb --mlir-pass-pipeline-crash-reproducer=tuning_2025_09_29_17_04/candidates/compiled/256.vmfb.crash_report.mlir --iree-codegen-tuning-spec-path=tuning_2025_09_29_17_04/candidates/specs/256_spec.mlir --iree-hal-target-device=hip --iree-hip-target=gfx942 --compile-from=executable-sources' timed out after 16 seconds.
2025-09-29 17:04:51,604 - WARNING - Command '/home/amily/iree-build-old/compiler/bindings/python/iree/compiler/tools/../_mlir_libs/iree-compile tuning_2025_09_29_17_04/template.mlir -o=tuning_2025_09_29_17_04/candidates/compiled/282.vmfb --mlir-pass-pipeline-crash-reproducer=tuning_2025_09_29_17_04/candidates/compiled/282.vmfb.crash_report.mlir --iree-codegen-tuning-spec-path=tuning_2025_09_29_17_04/candidates/specs/282_spec.mlir --iree-hal-target-device=hip --iree-hip-target=gfx942 --compile-from=executable-sources' timed out after 16 seconds.
2025-09-29 17:04:52,063 - WARNING - Command '/home/amily/iree-build-old/compiler/bindings/python/iree/compiler/tools/../_mlir_libs/iree-compile tuning_2025_09_29_17_04/template.mlir -o=tuning_2025_09_29_17_04/candidates/compiled/312.vmfb --mlir-pass-pipeline-crash-reproducer=tuning_2025_09_29_17_04/candidates/compiled/312.vmfb.crash_report.mlir --iree-codegen-tuning-spec-path=tuning_2025_09_29_17_04/candidates/specs/312_spec.mlir --iree-hal-target-device=hip --iree-hip-target=gfx942 --compile-from=executable-sources' timed out after 16 seconds.
2025-09-29 17:04:52,992 - WARNING - Command '/home/amily/iree-build-old/compiler/bindings/python/iree/compiler/tools/../_mlir_libs/iree-compile tuning_2025_09_29_17_04/template.mlir -o=tuning_2025_09_29_17_04/candidates/compiled/363.vmfb --mlir-pass-pipeline-crash-reproducer=tuning_2025_09_29_17_04/candidates/compiled/363.vmfb.crash_report.mlir --iree-codegen-tuning-spec-path=tuning_2025_09_29_17_04/candidates/specs/363_spec.mlir --iree-hal-target-device=hip --iree-hip-target=gfx942 --compile-from=executable-sources' timed out after 16 seconds.
2025-09-29 17:04:53,108 - INFO - Benchmarking compiled dispatch candidates...
2025-09-29 17:10:08,687 - INFO - Candidate 352 time: 71.00 ms (58.4% of baseline)
2025-09-29 17:10:08,687 - INFO - Candidate 309 time: 71.67 ms (59.1% of baseline)
2025-09-29 17:10:08,687 - INFO - Candidate 206 time: 72.00 ms (59.2% of baseline)
2025-09-29 17:10:08,687 - INFO - Candidate 371 time: 72.00 ms (59.4% of baseline)
2025-09-29 17:10:08,687 - INFO - Candidate 17 time: 72.67 ms (59.7% of baseline)
2025-09-29 17:10:08,687 - INFO - Candidate 304 time: 73.00 ms (60.0% of baseline)
2025-09-29 17:10:08,687 - INFO - Candidate 1 time: 72.33 ms (60.1% of baseline)
2025-09-29 17:10:08,687 - INFO - Candidate 264 time: 74.67 ms (61.6% of baseline)
2025-09-29 17:10:08,687 - INFO - Candidate 296 time: 75.00 ms (61.6% of baseline)
2025-09-29 17:10:08,687 - INFO - Candidate 153 time: 74.33 ms (61.8% of baseline)
2025-09-29 17:10:08,688 - INFO - Top dispatch candidates: [352, 309, 206, 371, 17, 304, 1, 264, 296, 153]
2025-09-29 17:10:08,688 - INFO - /home/amily/shark-ai/sharktuner/tuning_2025_09_29_17_04/candidates/specs/352_spec.mlir
2025-09-29 17:10:08,688 - INFO - /home/amily/shark-ai/sharktuner/tuning_2025_09_29_17_04/candidates/specs/309_spec.mlir
2025-09-29 17:10:08,688 - INFO - /home/amily/shark-ai/sharktuner/tuning_2025_09_29_17_04/candidates/specs/206_spec.mlir
2025-09-29 17:10:08,688 - INFO - /home/amily/shark-ai/sharktuner/tuning_2025_09_29_17_04/candidates/specs/371_spec.mlir
2025-09-29 17:10:08,689 - INFO - /home/amily/shark-ai/sharktuner/tuning_2025_09_29_17_04/candidates/specs/17_spec.mlir
2025-09-29 17:10:08,689 - INFO - /home/amily/shark-ai/sharktuner/tuning_2025_09_29_17_04/candidates/specs/304_spec.mlir
2025-09-29 17:10:08,689 - INFO - /home/amily/shark-ai/sharktuner/tuning_2025_09_29_17_04/candidates/specs/1_spec.mlir
2025-09-29 17:10:08,689 - INFO - /home/amily/shark-ai/sharktuner/tuning_2025_09_29_17_04/candidates/specs/264_spec.mlir
2025-09-29 17:10:08,689 - INFO - /home/amily/shark-ai/sharktuner/tuning_2025_09_29_17_04/candidates/specs/296_spec.mlir
2025-09-29 17:10:08,689 - INFO - /home/amily/shark-ai/sharktuner/tuning_2025_09_29_17_04/candidates/specs/153_spec.mlir
