2025-09-29 17:40:59,731 - INFO - Benchmarking compiled dispatch candidates...
2025-09-29 17:44:28,109 - WARNING - Performance regressions detected for the following devices: hip://5.
2025-09-29 17:44:28,111 - INFO - Candidate 55 time: 38.33 ms (69.7% of baseline)
2025-09-29 17:44:28,111 - INFO - Candidate 69 time: 41.00 ms (74.5% of baseline)
2025-09-29 17:44:28,111 - INFO - Candidate 106 time: 41.33 ms (75.2% of baseline)
2025-09-29 17:44:28,111 - INFO - Candidate 146 time: 42.33 ms (77.7% of baseline)
2025-09-29 17:44:28,112 - INFO - Candidate 103 time: 43.00 ms (78.2% of baseline)
2025-09-29 17:44:28,112 - INFO - Candidate 193 time: 44.33 ms (81.3% of baseline)
2025-09-29 17:44:28,112 - INFO - Candidate 48 time: 44.67 ms (81.7% of baseline)
2025-09-29 17:44:28,112 - INFO - Candidate 34 time: 45.00 ms (82.3% of baseline)
2025-09-29 17:44:28,112 - INFO - Candidate 52 time: 45.00 ms (82.6% of baseline)
2025-09-29 17:44:28,112 - INFO - Candidate 50 time: 43.00 ms (83.2% of baseline)
2025-09-29 17:44:28,112 - INFO - Top dispatch candidates: [55, 69, 106, 146, 103, 193, 48, 34, 52, 50]
2025-09-29 17:44:28,112 - INFO - /home/amily/shark-ai/sharktuner/tuning_2025_09_29_17_40/candidates/specs/55_spec.mlir
2025-09-29 17:44:28,112 - INFO - /home/amily/shark-ai/sharktuner/tuning_2025_09_29_17_40/candidates/specs/69_spec.mlir
2025-09-29 17:44:28,113 - INFO - /home/amily/shark-ai/sharktuner/tuning_2025_09_29_17_40/candidates/specs/106_spec.mlir
2025-09-29 17:44:28,113 - INFO - /home/amily/shark-ai/sharktuner/tuning_2025_09_29_17_40/candidates/specs/146_spec.mlir
2025-09-29 17:44:28,113 - INFO - /home/amily/shark-ai/sharktuner/tuning_2025_09_29_17_40/candidates/specs/103_spec.mlir
2025-09-29 17:44:28,113 - INFO - /home/amily/shark-ai/sharktuner/tuning_2025_09_29_17_40/candidates/specs/193_spec.mlir
2025-09-29 17:44:28,113 - INFO - /home/amily/shark-ai/sharktuner/tuning_2025_09_29_17_40/candidates/specs/48_spec.mlir
2025-09-29 17:44:28,113 - INFO - /home/amily/shark-ai/sharktuner/tuning_2025_09_29_17_40/candidates/specs/34_spec.mlir
2025-09-29 17:44:28,113 - INFO - /home/amily/shark-ai/sharktuner/tuning_2025_09_29_17_40/candidates/specs/52_spec.mlir
2025-09-29 17:44:28,113 - INFO - /home/amily/shark-ai/sharktuner/tuning_2025_09_29_17_40/candidates/specs/50_spec.mlir
