2025-09-30 00:44:45,537 - WARNING - Command '/home/amily/iree-build-old/compiler/bindings/python/iree/compiler/tools/../_mlir_libs/iree-compile tuning_2025_09_30_00_44/template.mlir -o=tuning_2025_09_30_00_44/candidates/compiled/29.vmfb --mlir-pass-pipeline-crash-reproducer=tuning_2025_09_30_00_44/candidates/compiled/29.vmfb.crash_report.mlir --iree-codegen-tuning-spec-path=tuning_2025_09_30_00_44/candidates/specs/29_spec.mlir --iree-hal-target-device=hip --iree-hip-target=gfx942 --compile-from=executable-sources' timed out after 16 seconds.
2025-09-30 00:44:45,543 - WARNING - Command '/home/amily/iree-build-old/compiler/bindings/python/iree/compiler/tools/../_mlir_libs/iree-compile tuning_2025_09_30_00_44/template.mlir -o=tuning_2025_09_30_00_44/candidates/compiled/9.vmfb --mlir-pass-pipeline-crash-reproducer=tuning_2025_09_30_00_44/candidates/compiled/9.vmfb.crash_report.mlir --iree-codegen-tuning-spec-path=tuning_2025_09_30_00_44/candidates/specs/9_spec.mlir --iree-hal-target-device=hip --iree-hip-target=gfx942 --compile-from=executable-sources' timed out after 16 seconds.
2025-09-30 00:44:45,543 - WARNING - Command '/home/amily/iree-build-old/compiler/bindings/python/iree/compiler/tools/../_mlir_libs/iree-compile tuning_2025_09_30_00_44/template.mlir -o=tuning_2025_09_30_00_44/candidates/compiled/22.vmfb --mlir-pass-pipeline-crash-reproducer=tuning_2025_09_30_00_44/candidates/compiled/22.vmfb.crash_report.mlir --iree-codegen-tuning-spec-path=tuning_2025_09_30_00_44/candidates/specs/22_spec.mlir --iree-hal-target-device=hip --iree-hip-target=gfx942 --compile-from=executable-sources' timed out after 16 seconds.
2025-09-30 00:44:46,209 - WARNING - Command '/home/amily/iree-build-old/compiler/bindings/python/iree/compiler/tools/../_mlir_libs/iree-compile tuning_2025_09_30_00_44/template.mlir -o=tuning_2025_09_30_00_44/candidates/compiled/119.vmfb --mlir-pass-pipeline-crash-reproducer=tuning_2025_09_30_00_44/candidates/compiled/119.vmfb.crash_report.mlir --iree-codegen-tuning-spec-path=tuning_2025_09_30_00_44/candidates/specs/119_spec.mlir --iree-hal-target-device=hip --iree-hip-target=gfx942 --compile-from=executable-sources' timed out after 16 seconds.
2025-09-30 00:44:47,770 - WARNING - Command '/home/amily/iree-build-old/compiler/bindings/python/iree/compiler/tools/../_mlir_libs/iree-compile tuning_2025_09_30_00_44/template.mlir -o=tuning_2025_09_30_00_44/candidates/compiled/254.vmfb --mlir-pass-pipeline-crash-reproducer=tuning_2025_09_30_00_44/candidates/compiled/254.vmfb.crash_report.mlir --iree-codegen-tuning-spec-path=tuning_2025_09_30_00_44/candidates/specs/254_spec.mlir --iree-hal-target-device=hip --iree-hip-target=gfx942 --compile-from=executable-sources' timed out after 16 seconds.
2025-09-30 00:44:48,190 - WARNING - Command '/home/amily/iree-build-old/compiler/bindings/python/iree/compiler/tools/../_mlir_libs/iree-compile tuning_2025_09_30_00_44/template.mlir -o=tuning_2025_09_30_00_44/candidates/compiled/277.vmfb --mlir-pass-pipeline-crash-reproducer=tuning_2025_09_30_00_44/candidates/compiled/277.vmfb.crash_report.mlir --iree-codegen-tuning-spec-path=tuning_2025_09_30_00_44/candidates/specs/277_spec.mlir --iree-hal-target-device=hip --iree-hip-target=gfx942 --compile-from=executable-sources' timed out after 16 seconds.
2025-09-30 00:44:49,394 - WARNING - Command '/home/amily/iree-build-old/compiler/bindings/python/iree/compiler/tools/../_mlir_libs/iree-compile tuning_2025_09_30_00_44/template.mlir -o=tuning_2025_09_30_00_44/candidates/compiled/351.vmfb --mlir-pass-pipeline-crash-reproducer=tuning_2025_09_30_00_44/candidates/compiled/351.vmfb.crash_report.mlir --iree-codegen-tuning-spec-path=tuning_2025_09_30_00_44/candidates/specs/351_spec.mlir --iree-hal-target-device=hip --iree-hip-target=gfx942 --compile-from=executable-sources' timed out after 16 seconds.
2025-09-30 00:44:50,252 - WARNING - Command '/home/amily/iree-build-old/compiler/bindings/python/iree/compiler/tools/../_mlir_libs/iree-compile tuning_2025_09_30_00_44/template.mlir -o=tuning_2025_09_30_00_44/candidates/compiled/406.vmfb --mlir-pass-pipeline-crash-reproducer=tuning_2025_09_30_00_44/candidates/compiled/406.vmfb.crash_report.mlir --iree-codegen-tuning-spec-path=tuning_2025_09_30_00_44/candidates/specs/406_spec.mlir --iree-hal-target-device=hip --iree-hip-target=gfx942 --compile-from=executable-sources' timed out after 16 seconds.
2025-09-30 00:44:50,455 - WARNING - Command '/home/amily/iree-build-old/compiler/bindings/python/iree/compiler/tools/../_mlir_libs/iree-compile tuning_2025_09_30_00_44/template.mlir -o=tuning_2025_09_30_00_44/candidates/compiled/422.vmfb --mlir-pass-pipeline-crash-reproducer=tuning_2025_09_30_00_44/candidates/compiled/422.vmfb.crash_report.mlir --iree-codegen-tuning-spec-path=tuning_2025_09_30_00_44/candidates/specs/422_spec.mlir --iree-hal-target-device=hip --iree-hip-target=gfx942 --compile-from=executable-sources' timed out after 16 seconds.
2025-09-30 00:44:50,779 - INFO - Benchmarking compiled dispatch candidates...
2025-09-30 00:51:55,893 - INFO - Candidate 253 time: 268.67 ms (84.4% of baseline)
2025-09-30 00:51:55,894 - INFO - Candidate 510 time: 271.33 ms (85.2% of baseline)
2025-09-30 00:51:55,894 - INFO - Candidate 516 time: 275.67 ms (86.2% of baseline)
2025-09-30 00:51:55,894 - INFO - Candidate 43 time: 280.00 ms (88.0% of baseline)
2025-09-30 00:51:55,894 - INFO - Candidate 152 time: 283.00 ms (88.5% of baseline)
2025-09-30 00:51:55,894 - INFO - Candidate 404 time: 283.33 ms (89.0% of baseline)
2025-09-30 00:51:55,894 - INFO - Candidate 468 time: 288.67 ms (89.6% of baseline)
2025-09-30 00:51:55,894 - INFO - Candidate 268 time: 287.00 ms (89.8% of baseline)
2025-09-30 00:51:55,894 - INFO - Candidate 149 time: 287.67 ms (90.0% of baseline)
2025-09-30 00:51:55,894 - INFO - Candidate 263 time: 285.67 ms (90.2% of baseline)
2025-09-30 00:51:55,894 - INFO - Top dispatch candidates: [253, 510, 516, 43, 152, 404, 468, 268, 149, 263]
2025-09-30 00:51:55,894 - INFO - /home/amily/shark-ai/sharktuner/tuning_2025_09_30_00_44/candidates/specs/253_spec.mlir
2025-09-30 00:51:55,895 - INFO - /home/amily/shark-ai/sharktuner/tuning_2025_09_30_00_44/candidates/specs/510_spec.mlir
2025-09-30 00:51:55,895 - INFO - /home/amily/shark-ai/sharktuner/tuning_2025_09_30_00_44/candidates/specs/516_spec.mlir
2025-09-30 00:51:55,895 - INFO - /home/amily/shark-ai/sharktuner/tuning_2025_09_30_00_44/candidates/specs/43_spec.mlir
2025-09-30 00:51:55,895 - INFO - /home/amily/shark-ai/sharktuner/tuning_2025_09_30_00_44/candidates/specs/152_spec.mlir
2025-09-30 00:51:55,895 - INFO - /home/amily/shark-ai/sharktuner/tuning_2025_09_30_00_44/candidates/specs/404_spec.mlir
2025-09-30 00:51:55,895 - INFO - /home/amily/shark-ai/sharktuner/tuning_2025_09_30_00_44/candidates/specs/468_spec.mlir
2025-09-30 00:51:55,895 - INFO - /home/amily/shark-ai/sharktuner/tuning_2025_09_30_00_44/candidates/specs/268_spec.mlir
2025-09-30 00:51:55,896 - INFO - /home/amily/shark-ai/sharktuner/tuning_2025_09_30_00_44/candidates/specs/149_spec.mlir
2025-09-30 00:51:55,896 - INFO - /home/amily/shark-ai/sharktuner/tuning_2025_09_30_00_44/candidates/specs/263_spec.mlir
