2025-09-29 16:45:21,878 - WARNING - Command '/home/amily/iree-build-old/compiler/bindings/python/iree/compiler/tools/../_mlir_libs/iree-compile tuning_2025_09_29_16_45/template.mlir -o=tuning_2025_09_29_16_45/candidates/compiled/18.vmfb --mlir-pass-pipeline-crash-reproducer=tuning_2025_09_29_16_45/candidates/compiled/18.vmfb.crash_report.mlir --iree-codegen-tuning-spec-path=tuning_2025_09_29_16_45/candidates/specs/18_spec.mlir --iree-hal-target-device=hip --iree-hip-target=gfx942 --compile-from=executable-sources' timed out after 16 seconds.
2025-09-29 16:45:22,270 - WARNING - Command '/home/amily/iree-build-old/compiler/bindings/python/iree/compiler/tools/../_mlir_libs/iree-compile tuning_2025_09_29_16_45/template.mlir -o=tuning_2025_09_29_16_45/candidates/compiled/91.vmfb --mlir-pass-pipeline-crash-reproducer=tuning_2025_09_29_16_45/candidates/compiled/91.vmfb.crash_report.mlir --iree-codegen-tuning-spec-path=tuning_2025_09_29_16_45/candidates/specs/91_spec.mlir --iree-hal-target-device=hip --iree-hip-target=gfx942 --compile-from=executable-sources' timed out after 16 seconds.
2025-09-29 16:45:22,596 - WARNING - Command '/home/amily/iree-build-old/compiler/bindings/python/iree/compiler/tools/../_mlir_libs/iree-compile tuning_2025_09_29_16_45/template.mlir -o=tuning_2025_09_29_16_45/candidates/compiled/115.vmfb --mlir-pass-pipeline-crash-reproducer=tuning_2025_09_29_16_45/candidates/compiled/115.vmfb.crash_report.mlir --iree-codegen-tuning-spec-path=tuning_2025_09_29_16_45/candidates/specs/115_spec.mlir --iree-hal-target-device=hip --iree-hip-target=gfx942 --compile-from=executable-sources' timed out after 16 seconds.
2025-09-29 16:45:23,715 - WARNING - Command '/home/amily/iree-build-old/compiler/bindings/python/iree/compiler/tools/../_mlir_libs/iree-compile tuning_2025_09_29_16_45/template.mlir -o=tuning_2025_09_29_16_45/candidates/compiled/197.vmfb --mlir-pass-pipeline-crash-reproducer=tuning_2025_09_29_16_45/candidates/compiled/197.vmfb.crash_report.mlir --iree-codegen-tuning-spec-path=tuning_2025_09_29_16_45/candidates/specs/197_spec.mlir --iree-hal-target-device=hip --iree-hip-target=gfx942 --compile-from=executable-sources' timed out after 16 seconds.
2025-09-29 16:45:24,660 - WARNING - Command '/home/amily/iree-build-old/compiler/bindings/python/iree/compiler/tools/../_mlir_libs/iree-compile tuning_2025_09_29_16_45/template.mlir -o=tuning_2025_09_29_16_45/candidates/compiled/264.vmfb --mlir-pass-pipeline-crash-reproducer=tuning_2025_09_29_16_45/candidates/compiled/264.vmfb.crash_report.mlir --iree-codegen-tuning-spec-path=tuning_2025_09_29_16_45/candidates/specs/264_spec.mlir --iree-hal-target-device=hip --iree-hip-target=gfx942 --compile-from=executable-sources' timed out after 16 seconds.
2025-09-29 16:45:25,356 - WARNING - Command '/home/amily/iree-build-old/compiler/bindings/python/iree/compiler/tools/../_mlir_libs/iree-compile tuning_2025_09_29_16_45/template.mlir -o=tuning_2025_09_29_16_45/candidates/compiled/307.vmfb --mlir-pass-pipeline-crash-reproducer=tuning_2025_09_29_16_45/candidates/compiled/307.vmfb.crash_report.mlir --iree-codegen-tuning-spec-path=tuning_2025_09_29_16_45/candidates/specs/307_spec.mlir --iree-hal-target-device=hip --iree-hip-target=gfx942 --compile-from=executable-sources' timed out after 16 seconds.
2025-09-29 16:45:25,861 - WARNING - Command '/home/amily/iree-build-old/compiler/bindings/python/iree/compiler/tools/../_mlir_libs/iree-compile tuning_2025_09_29_16_45/template.mlir -o=tuning_2025_09_29_16_45/candidates/compiled/341.vmfb --mlir-pass-pipeline-crash-reproducer=tuning_2025_09_29_16_45/candidates/compiled/341.vmfb.crash_report.mlir --iree-codegen-tuning-spec-path=tuning_2025_09_29_16_45/candidates/specs/341_spec.mlir --iree-hal-target-device=hip --iree-hip-target=gfx942 --compile-from=executable-sources' timed out after 16 seconds.
2025-09-29 16:45:26,115 - WARNING - Command '/home/amily/iree-build-old/compiler/bindings/python/iree/compiler/tools/../_mlir_libs/iree-compile tuning_2025_09_29_16_45/template.mlir -o=tuning_2025_09_29_16_45/candidates/compiled/355.vmfb --mlir-pass-pipeline-crash-reproducer=tuning_2025_09_29_16_45/candidates/compiled/355.vmfb.crash_report.mlir --iree-codegen-tuning-spec-path=tuning_2025_09_29_16_45/candidates/specs/355_spec.mlir --iree-hal-target-device=hip --iree-hip-target=gfx942 --compile-from=executable-sources' timed out after 16 seconds.
2025-09-29 16:45:26,228 - INFO - Benchmarking compiled dispatch candidates...
2025-09-29 16:50:44,367 - INFO - Candidate 15 time: 2133.33 ms (94.3% of baseline)
2025-09-29 16:50:44,368 - INFO - Candidate 357 time: 2153.33 ms (95.2% of baseline)
2025-09-29 16:50:44,368 - INFO - Candidate 63 time: 2246.67 ms (98.5% of baseline)
2025-09-29 16:50:44,368 - INFO - Candidate 43 time: 2253.33 ms (98.8% of baseline)
2025-09-29 16:50:44,368 - INFO - Candidate 45 time: 2256.67 ms (98.9% of baseline)
2025-09-29 16:50:44,368 - INFO - Candidate 219 time: 2270.00 ms (99.0% of baseline)
2025-09-29 16:50:44,368 - INFO - Candidate 201 time: 2276.67 ms (99.8% of baseline)
2025-09-29 16:50:44,368 - INFO - Candidate 241 time: 2290.00 ms (100.4% of baseline)
2025-09-29 16:50:44,368 - INFO - Candidate 330 time: 2316.67 ms (101.0% of baseline)
2025-09-29 16:50:44,368 - INFO - Candidate 267 time: 2306.67 ms (101.2% of baseline)
2025-09-29 16:50:44,368 - INFO - Top dispatch candidates: [15, 357, 63, 43, 45, 219, 201, 241, 330, 267]
2025-09-29 16:50:44,369 - INFO - /home/amily/shark-ai/sharktuner/tuning_2025_09_29_16_45/candidates/specs/15_spec.mlir
2025-09-29 16:50:44,369 - INFO - /home/amily/shark-ai/sharktuner/tuning_2025_09_29_16_45/candidates/specs/357_spec.mlir
2025-09-29 16:50:44,369 - INFO - /home/amily/shark-ai/sharktuner/tuning_2025_09_29_16_45/candidates/specs/63_spec.mlir
2025-09-29 16:50:44,369 - INFO - /home/amily/shark-ai/sharktuner/tuning_2025_09_29_16_45/candidates/specs/43_spec.mlir
2025-09-29 16:50:44,369 - INFO - /home/amily/shark-ai/sharktuner/tuning_2025_09_29_16_45/candidates/specs/45_spec.mlir
2025-09-29 16:50:44,369 - INFO - /home/amily/shark-ai/sharktuner/tuning_2025_09_29_16_45/candidates/specs/219_spec.mlir
2025-09-29 16:50:44,369 - INFO - /home/amily/shark-ai/sharktuner/tuning_2025_09_29_16_45/candidates/specs/201_spec.mlir
2025-09-29 16:50:44,370 - INFO - /home/amily/shark-ai/sharktuner/tuning_2025_09_29_16_45/candidates/specs/241_spec.mlir
2025-09-29 16:50:44,370 - INFO - /home/amily/shark-ai/sharktuner/tuning_2025_09_29_16_45/candidates/specs/330_spec.mlir
2025-09-29 16:50:44,370 - INFO - /home/amily/shark-ai/sharktuner/tuning_2025_09_29_16_45/candidates/specs/267_spec.mlir
