2025-09-29 23:39:31,454 - WARNING - Command '/home/amily/iree-build-old/compiler/bindings/python/iree/compiler/tools/../_mlir_libs/iree-compile tuning_2025_09_29_23_32/template.mlir -o=tuning_2025_09_29_23_32/candidates/compiled/211.vmfb --mlir-pass-pipeline-crash-reproducer=tuning_2025_09_29_23_32/candidates/compiled/211.vmfb.crash_report.mlir --iree-codegen-tuning-spec-path=tuning_2025_09_29_23_32/candidates/specs/211_spec.mlir --iree-hal-target-device=hip --iree-hip-target=gfx942 --compile-from=executable-sources' timed out after 16 seconds.
2025-09-29 23:39:32,069 - WARNING - Command '/home/amily/iree-build-old/compiler/bindings/python/iree/compiler/tools/../_mlir_libs/iree-compile tuning_2025_09_29_23_32/template.mlir -o=tuning_2025_09_29_23_32/candidates/compiled/293.vmfb --mlir-pass-pipeline-crash-reproducer=tuning_2025_09_29_23_32/candidates/compiled/293.vmfb.crash_report.mlir --iree-codegen-tuning-spec-path=tuning_2025_09_29_23_32/candidates/specs/293_spec.mlir --iree-hal-target-device=hip --iree-hip-target=gfx942 --compile-from=executable-sources' timed out after 16 seconds.
2025-09-29 23:39:34,800 - WARNING - Command '/home/amily/iree-build-old/compiler/bindings/python/iree/compiler/tools/../_mlir_libs/iree-compile tuning_2025_09_29_23_32/template.mlir -o=tuning_2025_09_29_23_32/candidates/compiled/563.vmfb --mlir-pass-pipeline-crash-reproducer=tuning_2025_09_29_23_32/candidates/compiled/563.vmfb.crash_report.mlir --iree-codegen-tuning-spec-path=tuning_2025_09_29_23_32/candidates/specs/563_spec.mlir --iree-hal-target-device=hip --iree-hip-target=gfx942 --compile-from=executable-sources' timed out after 16 seconds.
2025-09-29 23:39:37,446 - WARNING - Command '/home/amily/iree-build-old/compiler/bindings/python/iree/compiler/tools/../_mlir_libs/iree-compile tuning_2025_09_29_23_32/template.mlir -o=tuning_2025_09_29_23_32/candidates/compiled/821.vmfb --mlir-pass-pipeline-crash-reproducer=tuning_2025_09_29_23_32/candidates/compiled/821.vmfb.crash_report.mlir --iree-codegen-tuning-spec-path=tuning_2025_09_29_23_32/candidates/specs/821_spec.mlir --iree-hal-target-device=hip --iree-hip-target=gfx942 --compile-from=executable-sources' timed out after 16 seconds.
2025-09-29 23:39:37,878 - WARNING - Command '/home/amily/iree-build-old/compiler/bindings/python/iree/compiler/tools/../_mlir_libs/iree-compile tuning_2025_09_29_23_32/template.mlir -o=tuning_2025_09_29_23_32/candidates/compiled/862.vmfb --mlir-pass-pipeline-crash-reproducer=tuning_2025_09_29_23_32/candidates/compiled/862.vmfb.crash_report.mlir --iree-codegen-tuning-spec-path=tuning_2025_09_29_23_32/candidates/specs/862_spec.mlir --iree-hal-target-device=hip --iree-hip-target=gfx942 --compile-from=executable-sources' timed out after 16 seconds.
2025-09-29 23:39:39,510 - WARNING - Command '/home/amily/iree-build-old/compiler/bindings/python/iree/compiler/tools/../_mlir_libs/iree-compile tuning_2025_09_29_23_32/template.mlir -o=tuning_2025_09_29_23_32/candidates/compiled/995.vmfb --mlir-pass-pipeline-crash-reproducer=tuning_2025_09_29_23_32/candidates/compiled/995.vmfb.crash_report.mlir --iree-codegen-tuning-spec-path=tuning_2025_09_29_23_32/candidates/specs/995_spec.mlir --iree-hal-target-device=hip --iree-hip-target=gfx942 --compile-from=executable-sources' timed out after 16 seconds.
2025-09-29 23:39:40,256 - WARNING - Command '/home/amily/iree-build-old/compiler/bindings/python/iree/compiler/tools/../_mlir_libs/iree-compile tuning_2025_09_29_23_32/template.mlir -o=tuning_2025_09_29_23_32/candidates/compiled/1074.vmfb --mlir-pass-pipeline-crash-reproducer=tuning_2025_09_29_23_32/candidates/compiled/1074.vmfb.crash_report.mlir --iree-codegen-tuning-spec-path=tuning_2025_09_29_23_32/candidates/specs/1074_spec.mlir --iree-hal-target-device=hip --iree-hip-target=gfx942 --compile-from=executable-sources' timed out after 16 seconds.
2025-09-29 23:39:41,935 - WARNING - Command '/home/amily/iree-build-old/compiler/bindings/python/iree/compiler/tools/../_mlir_libs/iree-compile tuning_2025_09_29_23_32/template.mlir -o=tuning_2025_09_29_23_32/candidates/compiled/1209.vmfb --mlir-pass-pipeline-crash-reproducer=tuning_2025_09_29_23_32/candidates/compiled/1209.vmfb.crash_report.mlir --iree-codegen-tuning-spec-path=tuning_2025_09_29_23_32/candidates/specs/1209_spec.mlir --iree-hal-target-device=hip --iree-hip-target=gfx942 --compile-from=executable-sources' timed out after 16 seconds.
2025-09-29 23:39:42,904 - WARNING - Command '/home/amily/iree-build-old/compiler/bindings/python/iree/compiler/tools/../_mlir_libs/iree-compile tuning_2025_09_29_23_32/template.mlir -o=tuning_2025_09_29_23_32/candidates/compiled/1265.vmfb --mlir-pass-pipeline-crash-reproducer=tuning_2025_09_29_23_32/candidates/compiled/1265.vmfb.crash_report.mlir --iree-codegen-tuning-spec-path=tuning_2025_09_29_23_32/candidates/specs/1265_spec.mlir --iree-hal-target-device=hip --iree-hip-target=gfx942 --compile-from=executable-sources' timed out after 16 seconds.
2025-09-29 23:39:43,575 - WARNING - Command '/home/amily/iree-build-old/compiler/bindings/python/iree/compiler/tools/../_mlir_libs/iree-compile tuning_2025_09_29_23_32/template.mlir -o=tuning_2025_09_29_23_32/candidates/compiled/1317.vmfb --mlir-pass-pipeline-crash-reproducer=tuning_2025_09_29_23_32/candidates/compiled/1317.vmfb.crash_report.mlir --iree-codegen-tuning-spec-path=tuning_2025_09_29_23_32/candidates/specs/1317_spec.mlir --iree-hal-target-device=hip --iree-hip-target=gfx942 --compile-from=executable-sources' timed out after 16 seconds.
2025-09-29 23:39:43,588 - WARNING - Command '/home/amily/iree-build-old/compiler/bindings/python/iree/compiler/tools/../_mlir_libs/iree-compile tuning_2025_09_29_23_32/template.mlir -o=tuning_2025_09_29_23_32/candidates/compiled/1319.vmfb --mlir-pass-pipeline-crash-reproducer=tuning_2025_09_29_23_32/candidates/compiled/1319.vmfb.crash_report.mlir --iree-codegen-tuning-spec-path=tuning_2025_09_29_23_32/candidates/specs/1319_spec.mlir --iree-hal-target-device=hip --iree-hip-target=gfx942 --compile-from=executable-sources' timed out after 16 seconds.
2025-09-29 23:39:44,406 - WARNING - Command '/home/amily/iree-build-old/compiler/bindings/python/iree/compiler/tools/../_mlir_libs/iree-compile tuning_2025_09_29_23_32/template.mlir -o=tuning_2025_09_29_23_32/candidates/compiled/1375.vmfb --mlir-pass-pipeline-crash-reproducer=tuning_2025_09_29_23_32/candidates/compiled/1375.vmfb.crash_report.mlir --iree-codegen-tuning-spec-path=tuning_2025_09_29_23_32/candidates/specs/1375_spec.mlir --iree-hal-target-device=hip --iree-hip-target=gfx942 --compile-from=executable-sources' timed out after 16 seconds.
2025-09-29 23:39:48,143 - WARNING - Command '/home/amily/iree-build-old/compiler/bindings/python/iree/compiler/tools/../_mlir_libs/iree-compile tuning_2025_09_29_23_32/template.mlir -o=tuning_2025_09_29_23_32/candidates/compiled/1681.vmfb --mlir-pass-pipeline-crash-reproducer=tuning_2025_09_29_23_32/candidates/compiled/1681.vmfb.crash_report.mlir --iree-codegen-tuning-spec-path=tuning_2025_09_29_23_32/candidates/specs/1681_spec.mlir --iree-hal-target-device=hip --iree-hip-target=gfx942 --compile-from=executable-sources' timed out after 16 seconds.
2025-09-29 23:39:48,915 - WARNING - Command '/home/amily/iree-build-old/compiler/bindings/python/iree/compiler/tools/../_mlir_libs/iree-compile tuning_2025_09_29_23_32/template.mlir -o=tuning_2025_09_29_23_32/candidates/compiled/1741.vmfb --mlir-pass-pipeline-crash-reproducer=tuning_2025_09_29_23_32/candidates/compiled/1741.vmfb.crash_report.mlir --iree-codegen-tuning-spec-path=tuning_2025_09_29_23_32/candidates/specs/1741_spec.mlir --iree-hal-target-device=hip --iree-hip-target=gfx942 --compile-from=executable-sources' timed out after 16 seconds.
2025-09-29 23:39:50,818 - WARNING - Command '/home/amily/iree-build-old/compiler/bindings/python/iree/compiler/tools/../_mlir_libs/iree-compile tuning_2025_09_29_23_32/template.mlir -o=tuning_2025_09_29_23_32/candidates/compiled/1893.vmfb --mlir-pass-pipeline-crash-reproducer=tuning_2025_09_29_23_32/candidates/compiled/1893.vmfb.crash_report.mlir --iree-codegen-tuning-spec-path=tuning_2025_09_29_23_32/candidates/specs/1893_spec.mlir --iree-hal-target-device=hip --iree-hip-target=gfx942 --compile-from=executable-sources' timed out after 16 seconds.
2025-09-29 23:39:51,772 - WARNING - Command '/home/amily/iree-build-old/compiler/bindings/python/iree/compiler/tools/../_mlir_libs/iree-compile tuning_2025_09_29_23_32/template.mlir -o=tuning_2025_09_29_23_32/candidates/compiled/1950.vmfb --mlir-pass-pipeline-crash-reproducer=tuning_2025_09_29_23_32/candidates/compiled/1950.vmfb.crash_report.mlir --iree-codegen-tuning-spec-path=tuning_2025_09_29_23_32/candidates/specs/1950_spec.mlir --iree-hal-target-device=hip --iree-hip-target=gfx942 --compile-from=executable-sources' timed out after 16 seconds.
2025-09-29 23:39:51,960 - INFO - Benchmarking compiled dispatch candidates...
2025-09-29 23:52:14,345 - WARNING - Performance regressions detected for the following devices: hip://6, hip://7.
2025-09-29 23:52:14,354 - INFO - Candidate 194 time: 142.33 ms (85.1% of baseline)
2025-09-29 23:52:14,354 - INFO - Candidate 1604 time: 146.67 ms (87.6% of baseline)
2025-09-29 23:52:14,354 - INFO - Candidate 1233 time: 149.00 ms (89.0% of baseline)
2025-09-29 23:52:14,354 - INFO - Candidate 1363 time: 145.00 ms (91.7% of baseline)
2025-09-29 23:52:14,354 - INFO - Candidate 1094 time: 150.67 ms (91.7% of baseline)
2025-09-29 23:52:14,354 - INFO - Candidate 1890 time: 147.67 ms (92.0% of baseline)
2025-09-29 23:52:14,354 - INFO - Candidate 302 time: 154.00 ms (92.0% of baseline)
2025-09-29 23:52:14,354 - INFO - Candidate 58 time: 151.67 ms (92.3% of baseline)
2025-09-29 23:52:14,354 - INFO - Candidate 710 time: 151.67 ms (92.3% of baseline)
2025-09-29 23:52:14,354 - INFO - Candidate 588 time: 154.67 ms (92.4% of baseline)
2025-09-29 23:52:14,354 - INFO - Top dispatch candidates: [194, 1604, 1233, 1363, 1094, 1890, 302, 58, 710, 588]
2025-09-29 23:52:14,355 - INFO - /home/amily/shark-ai/sharktuner/tuning_2025_09_29_23_32/candidates/specs/194_spec.mlir
2025-09-29 23:52:14,355 - INFO - /home/amily/shark-ai/sharktuner/tuning_2025_09_29_23_32/candidates/specs/1604_spec.mlir
2025-09-29 23:52:14,355 - INFO - /home/amily/shark-ai/sharktuner/tuning_2025_09_29_23_32/candidates/specs/1233_spec.mlir
2025-09-29 23:52:14,355 - INFO - /home/amily/shark-ai/sharktuner/tuning_2025_09_29_23_32/candidates/specs/1363_spec.mlir
2025-09-29 23:52:14,355 - INFO - /home/amily/shark-ai/sharktuner/tuning_2025_09_29_23_32/candidates/specs/1094_spec.mlir
2025-09-29 23:52:14,355 - INFO - /home/amily/shark-ai/sharktuner/tuning_2025_09_29_23_32/candidates/specs/1890_spec.mlir
2025-09-29 23:52:14,355 - INFO - /home/amily/shark-ai/sharktuner/tuning_2025_09_29_23_32/candidates/specs/302_spec.mlir
2025-09-29 23:52:14,356 - INFO - /home/amily/shark-ai/sharktuner/tuning_2025_09_29_23_32/candidates/specs/58_spec.mlir
2025-09-29 23:52:14,356 - INFO - /home/amily/shark-ai/sharktuner/tuning_2025_09_29_23_32/candidates/specs/710_spec.mlir
2025-09-29 23:52:14,356 - INFO - /home/amily/shark-ai/sharktuner/tuning_2025_09_29_23_32/candidates/specs/588_spec.mlir
