2025-09-30 17:32:45,307 - WARNING - Command '/home/amily/iree-build-old/compiler/bindings/python/iree/compiler/tools/../_mlir_libs/iree-compile tuning_2025_09_30_17_32/template.mlir -o=tuning_2025_09_30_17_32/candidates/compiled/80.vmfb --mlir-pass-pipeline-crash-reproducer=tuning_2025_09_30_17_32/candidates/compiled/80.vmfb.crash_report.mlir --iree-codegen-tuning-spec-path=tuning_2025_09_30_17_32/candidates/specs/80_spec.mlir --iree-hal-target-device=hip --iree-hip-target=gfx942 --compile-from=executable-sources' timed out after 16 seconds.
2025-09-30 17:32:45,851 - WARNING - Command '/home/amily/iree-build-old/compiler/bindings/python/iree/compiler/tools/../_mlir_libs/iree-compile tuning_2025_09_30_17_32/template.mlir -o=tuning_2025_09_30_17_32/candidates/compiled/131.vmfb --mlir-pass-pipeline-crash-reproducer=tuning_2025_09_30_17_32/candidates/compiled/131.vmfb.crash_report.mlir --iree-codegen-tuning-spec-path=tuning_2025_09_30_17_32/candidates/specs/131_spec.mlir --iree-hal-target-device=hip --iree-hip-target=gfx942 --compile-from=executable-sources' timed out after 16 seconds.
2025-09-30 17:32:47,367 - WARNING - Command '/home/amily/iree-build-old/compiler/bindings/python/iree/compiler/tools/../_mlir_libs/iree-compile tuning_2025_09_30_17_32/template.mlir -o=tuning_2025_09_30_17_32/candidates/compiled/265.vmfb --mlir-pass-pipeline-crash-reproducer=tuning_2025_09_30_17_32/candidates/compiled/265.vmfb.crash_report.mlir --iree-codegen-tuning-spec-path=tuning_2025_09_30_17_32/candidates/specs/265_spec.mlir --iree-hal-target-device=hip --iree-hip-target=gfx942 --compile-from=executable-sources' timed out after 16 seconds.
2025-09-30 17:32:48,096 - WARNING - Command '/home/amily/iree-build-old/compiler/bindings/python/iree/compiler/tools/../_mlir_libs/iree-compile tuning_2025_09_30_17_32/template.mlir -o=tuning_2025_09_30_17_32/candidates/compiled/336.vmfb --mlir-pass-pipeline-crash-reproducer=tuning_2025_09_30_17_32/candidates/compiled/336.vmfb.crash_report.mlir --iree-codegen-tuning-spec-path=tuning_2025_09_30_17_32/candidates/specs/336_spec.mlir --iree-hal-target-device=hip --iree-hip-target=gfx942 --compile-from=executable-sources' timed out after 16 seconds.
2025-09-30 17:32:48,273 - WARNING - Command '/home/amily/iree-build-old/compiler/bindings/python/iree/compiler/tools/../_mlir_libs/iree-compile tuning_2025_09_30_17_32/template.mlir -o=tuning_2025_09_30_17_32/candidates/compiled/345.vmfb --mlir-pass-pipeline-crash-reproducer=tuning_2025_09_30_17_32/candidates/compiled/345.vmfb.crash_report.mlir --iree-codegen-tuning-spec-path=tuning_2025_09_30_17_32/candidates/specs/345_spec.mlir --iree-hal-target-device=hip --iree-hip-target=gfx942 --compile-from=executable-sources' timed out after 16 seconds.
2025-09-30 17:32:48,661 - WARNING - Command '/home/amily/iree-build-old/compiler/bindings/python/iree/compiler/tools/../_mlir_libs/iree-compile tuning_2025_09_30_17_32/template.mlir -o=tuning_2025_09_30_17_32/candidates/compiled/370.vmfb --mlir-pass-pipeline-crash-reproducer=tuning_2025_09_30_17_32/candidates/compiled/370.vmfb.crash_report.mlir --iree-codegen-tuning-spec-path=tuning_2025_09_30_17_32/candidates/specs/370_spec.mlir --iree-hal-target-device=hip --iree-hip-target=gfx942 --compile-from=executable-sources' timed out after 16 seconds.
2025-09-30 17:32:50,126 - WARNING - Command '/home/amily/iree-build-old/compiler/bindings/python/iree/compiler/tools/../_mlir_libs/iree-compile tuning_2025_09_30_17_32/template.mlir -o=tuning_2025_09_30_17_32/candidates/compiled/464.vmfb --mlir-pass-pipeline-crash-reproducer=tuning_2025_09_30_17_32/candidates/compiled/464.vmfb.crash_report.mlir --iree-codegen-tuning-spec-path=tuning_2025_09_30_17_32/candidates/specs/464_spec.mlir --iree-hal-target-device=hip --iree-hip-target=gfx942 --compile-from=executable-sources' timed out after 16 seconds.
2025-09-30 17:32:50,224 - WARNING - Command '/home/amily/iree-build-old/compiler/bindings/python/iree/compiler/tools/../_mlir_libs/iree-compile tuning_2025_09_30_17_32/template.mlir -o=tuning_2025_09_30_17_32/candidates/compiled/469.vmfb --mlir-pass-pipeline-crash-reproducer=tuning_2025_09_30_17_32/candidates/compiled/469.vmfb.crash_report.mlir --iree-codegen-tuning-spec-path=tuning_2025_09_30_17_32/candidates/specs/469_spec.mlir --iree-hal-target-device=hip --iree-hip-target=gfx942 --compile-from=executable-sources' timed out after 16 seconds.
2025-09-30 17:32:52,542 - WARNING - Command '/home/amily/iree-build-old/compiler/bindings/python/iree/compiler/tools/../_mlir_libs/iree-compile tuning_2025_09_30_17_32/template.mlir -o=tuning_2025_09_30_17_32/candidates/compiled/585.vmfb --mlir-pass-pipeline-crash-reproducer=tuning_2025_09_30_17_32/candidates/compiled/585.vmfb.crash_report.mlir --iree-codegen-tuning-spec-path=tuning_2025_09_30_17_32/candidates/specs/585_spec.mlir --iree-hal-target-device=hip --iree-hip-target=gfx942 --compile-from=executable-sources' timed out after 16 seconds.
2025-09-30 17:32:52,692 - WARNING - Command '/home/amily/iree-build-old/compiler/bindings/python/iree/compiler/tools/../_mlir_libs/iree-compile tuning_2025_09_30_17_32/template.mlir -o=tuning_2025_09_30_17_32/candidates/compiled/590.vmfb --mlir-pass-pipeline-crash-reproducer=tuning_2025_09_30_17_32/candidates/compiled/590.vmfb.crash_report.mlir --iree-codegen-tuning-spec-path=tuning_2025_09_30_17_32/candidates/specs/590_spec.mlir --iree-hal-target-device=hip --iree-hip-target=gfx942 --compile-from=executable-sources' timed out after 16 seconds.
2025-09-30 17:32:52,819 - INFO - Benchmarking compiled dispatch candidates...
2025-09-30 17:39:40,028 - WARNING - Performance regressions detected for the following devices: hip://2, hip://5, hip://6, hip://7.
2025-09-30 17:39:40,033 - INFO - Candidate 229 time: 450.67 ms (93.6% of baseline)
2025-09-30 17:39:40,033 - INFO - Candidate 8 time: 445.33 ms (95.1% of baseline)
2025-09-30 17:39:40,033 - INFO - Candidate 598 time: 452.00 ms (96.5% of baseline)
2025-09-30 17:39:40,033 - INFO - Candidate 527 time: 457.00 ms (96.8% of baseline)
2025-09-30 17:39:40,033 - INFO - Candidate 423 time: 467.67 ms (97.1% of baseline)
2025-09-30 17:39:40,033 - INFO - Candidate 104 time: 461.33 ms (97.7% of baseline)
2025-09-30 17:39:40,033 - INFO - Candidate 476 time: 464.67 ms (98.4% of baseline)
2025-09-30 17:39:40,033 - INFO - Candidate 100 time: 461.33 ms (98.5% of baseline)
2025-09-30 17:39:40,034 - INFO - Candidate 37 time: 460.33 ms (98.9% of baseline)
2025-09-30 17:39:40,034 - INFO - Candidate 312 time: 467.00 ms (98.9% of baseline)
2025-09-30 17:39:40,034 - INFO - Top dispatch candidates: [229, 8, 598, 527, 423, 104, 476, 100, 37, 312]
2025-09-30 17:39:40,034 - INFO - /home/amily/shark-ai/sharktuner/tuning_2025_09_30_17_32/candidates/specs/229_spec.mlir
2025-09-30 17:39:40,034 - INFO - /home/amily/shark-ai/sharktuner/tuning_2025_09_30_17_32/candidates/specs/8_spec.mlir
2025-09-30 17:39:40,034 - INFO - /home/amily/shark-ai/sharktuner/tuning_2025_09_30_17_32/candidates/specs/598_spec.mlir
2025-09-30 17:39:40,034 - INFO - /home/amily/shark-ai/sharktuner/tuning_2025_09_30_17_32/candidates/specs/527_spec.mlir
2025-09-30 17:39:40,035 - INFO - /home/amily/shark-ai/sharktuner/tuning_2025_09_30_17_32/candidates/specs/423_spec.mlir
2025-09-30 17:39:40,035 - INFO - /home/amily/shark-ai/sharktuner/tuning_2025_09_30_17_32/candidates/specs/104_spec.mlir
2025-09-30 17:39:40,035 - INFO - /home/amily/shark-ai/sharktuner/tuning_2025_09_30_17_32/candidates/specs/476_spec.mlir
2025-09-30 17:39:40,035 - INFO - /home/amily/shark-ai/sharktuner/tuning_2025_09_30_17_32/candidates/specs/100_spec.mlir
2025-09-30 17:39:40,035 - INFO - /home/amily/shark-ai/sharktuner/tuning_2025_09_30_17_32/candidates/specs/37_spec.mlir
2025-09-30 17:39:40,035 - INFO - /home/amily/shark-ai/sharktuner/tuning_2025_09_30_17_32/candidates/specs/312_spec.mlir
