2025-09-29 20:39:27,136 - INFO - Benchmarking compiled dispatch candidates...
2025-09-29 20:48:11,644 - WARNING - Performance regressions detected for the following devices: hip://5, hip://6, hip://7.
2025-09-29 20:48:11,650 - INFO - Candidate 666 time: 40.00 ms (69.2% of baseline)
2025-09-29 20:48:11,650 - INFO - Candidate 103 time: 43.33 ms (74.9% of baseline)
2025-09-29 20:48:11,650 - INFO - Candidate 128 time: 46.67 ms (83.8% of baseline)
2025-09-29 20:48:11,650 - INFO - Candidate 190 time: 47.33 ms (85.0% of baseline)
2025-09-29 20:48:11,650 - INFO - Candidate 487 time: 49.67 ms (85.9% of baseline)
2025-09-29 20:48:11,650 - INFO - Candidate 348 time: 48.00 ms (86.2% of baseline)
2025-09-29 20:48:11,650 - INFO - Candidate 70 time: 48.33 ms (86.8% of baseline)
2025-09-29 20:48:11,650 - INFO - Candidate 686 time: 50.33 ms (87.0% of baseline)
2025-09-29 20:48:11,651 - INFO - Candidate 60 time: 49.00 ms (88.0% of baseline)
2025-09-29 20:48:11,651 - INFO - Candidate 150 time: 51.00 ms (88.2% of baseline)
2025-09-29 20:48:11,651 - INFO - Top dispatch candidates: [666, 103, 128, 190, 487, 348, 70, 686, 60, 150]
2025-09-29 20:48:11,651 - INFO - /home/amily/shark-ai/sharktuner/tuning_2025_09_29_20_39/candidates/specs/666_spec.mlir
2025-09-29 20:48:11,651 - INFO - /home/amily/shark-ai/sharktuner/tuning_2025_09_29_20_39/candidates/specs/103_spec.mlir
2025-09-29 20:48:11,651 - INFO - /home/amily/shark-ai/sharktuner/tuning_2025_09_29_20_39/candidates/specs/128_spec.mlir
2025-09-29 20:48:11,652 - INFO - /home/amily/shark-ai/sharktuner/tuning_2025_09_29_20_39/candidates/specs/190_spec.mlir
2025-09-29 20:48:11,652 - INFO - /home/amily/shark-ai/sharktuner/tuning_2025_09_29_20_39/candidates/specs/487_spec.mlir
2025-09-29 20:48:11,652 - INFO - /home/amily/shark-ai/sharktuner/tuning_2025_09_29_20_39/candidates/specs/348_spec.mlir
2025-09-29 20:48:11,652 - INFO - /home/amily/shark-ai/sharktuner/tuning_2025_09_29_20_39/candidates/specs/70_spec.mlir
2025-09-29 20:48:11,652 - INFO - /home/amily/shark-ai/sharktuner/tuning_2025_09_29_20_39/candidates/specs/686_spec.mlir
2025-09-29 20:48:11,652 - INFO - /home/amily/shark-ai/sharktuner/tuning_2025_09_29_20_39/candidates/specs/60_spec.mlir
2025-09-29 20:48:11,652 - INFO - /home/amily/shark-ai/sharktuner/tuning_2025_09_29_20_39/candidates/specs/150_spec.mlir
