2025-09-30 00:15:14,663 - ERROR - An error occurred during candidates generation: No compatible intrinsics found
2025-09-30 00:15:14,664 - ERROR - Error in candidate_gen.py:
Traceback (most recent call last):
  File "/home/amily/shark-ai/sharktuner/sharktuner/libtuner.py", line 791, in generate_candidate_specs
    config_specs, solution_variables = candidate_gen.generate_configs_and_td_specs(
  File "/home/amily/shark-ai/sharktuner/sharktuner/candidate_gen.py", line 221, in generate_configs_and_td_specs
    solutions = list(
  File "/home/amily/shark-ai/sharktuner/sharktuner/constraint_generator.py", line 102, in generate_generic_contraction_solutions
    constraints = dispatch_constraints.generate_vector_distribute_constraints(
  File "/home/amily/shark-ai/sharktuner/sharktuner/dispatch_constraints.py", line 205, in generate_vector_distribute_constraints
    get_mfma_intrinsic_constraints(
  File "/home/amily/shark-ai/sharktuner/sharktuner/dispatch_constraints.py", line 82, in get_mfma_intrinsic_constraints
    assert len(compatible_intrinsics) > 0, "No compatible intrinsics found"
AssertionError: No compatible intrinsics found
2025-09-30 00:15:14,664 - ERROR - Error in candidate_gen.py:
Traceback (most recent call last):
  File "/home/amily/shark-ai/sharktuner/sharktuner/libtuner.py", line 791, in generate_candidate_specs
    config_specs, solution_variables = candidate_gen.generate_configs_and_td_specs(
  File "/home/amily/shark-ai/sharktuner/sharktuner/candidate_gen.py", line 221, in generate_configs_and_td_specs
    solutions = list(
  File "/home/amily/shark-ai/sharktuner/sharktuner/constraint_generator.py", line 102, in generate_generic_contraction_solutions
    constraints = dispatch_constraints.generate_vector_distribute_constraints(
  File "/home/amily/shark-ai/sharktuner/sharktuner/dispatch_constraints.py", line 205, in generate_vector_distribute_constraints
    get_mfma_intrinsic_constraints(
  File "/home/amily/shark-ai/sharktuner/sharktuner/dispatch_constraints.py", line 82, in get_mfma_intrinsic_constraints
    assert len(compatible_intrinsics) > 0, "No compatible intrinsics found"
AssertionError: No compatible intrinsics found
2025-09-30 00:15:53,065 - WARNING - Command '/home/amily/iree-build-old/compiler/bindings/python/iree/compiler/tools/../_mlir_libs/iree-compile tuning_2025_09_30_00_15/template.mlir -o=tuning_2025_09_30_00_15/candidates/compiled/118.vmfb --mlir-pass-pipeline-crash-reproducer=tuning_2025_09_30_00_15/candidates/compiled/118.vmfb.crash_report.mlir --iree-codegen-tuning-spec-path=tuning_2025_09_30_00_15/candidates/specs/118_spec.mlir --iree-hal-target-device=hip --iree-hip-target=gfx942 --compile-from=executable-sources' timed out after 16 seconds.
2025-09-30 00:15:53,447 - WARNING - Command '/home/amily/iree-build-old/compiler/bindings/python/iree/compiler/tools/../_mlir_libs/iree-compile tuning_2025_09_30_00_15/template.mlir -o=tuning_2025_09_30_00_15/candidates/compiled/158.vmfb --mlir-pass-pipeline-crash-reproducer=tuning_2025_09_30_00_15/candidates/compiled/158.vmfb.crash_report.mlir --iree-codegen-tuning-spec-path=tuning_2025_09_30_00_15/candidates/specs/158_spec.mlir --iree-hal-target-device=hip --iree-hip-target=gfx942 --compile-from=executable-sources' timed out after 16 seconds.
2025-09-30 00:15:53,486 - WARNING - Command '/home/amily/iree-build-old/compiler/bindings/python/iree/compiler/tools/../_mlir_libs/iree-compile tuning_2025_09_30_00_15/template.mlir -o=tuning_2025_09_30_00_15/candidates/compiled/168.vmfb --mlir-pass-pipeline-crash-reproducer=tuning_2025_09_30_00_15/candidates/compiled/168.vmfb.crash_report.mlir --iree-codegen-tuning-spec-path=tuning_2025_09_30_00_15/candidates/specs/168_spec.mlir --iree-hal-target-device=hip --iree-hip-target=gfx942 --compile-from=executable-sources' timed out after 16 seconds.
2025-09-30 00:15:53,699 - WARNING - Command '/home/amily/iree-build-old/compiler/bindings/python/iree/compiler/tools/../_mlir_libs/iree-compile tuning_2025_09_30_00_15/template.mlir -o=tuning_2025_09_30_00_15/candidates/compiled/189.vmfb --mlir-pass-pipeline-crash-reproducer=tuning_2025_09_30_00_15/candidates/compiled/189.vmfb.crash_report.mlir --iree-codegen-tuning-spec-path=tuning_2025_09_30_00_15/candidates/specs/189_spec.mlir --iree-hal-target-device=hip --iree-hip-target=gfx942 --compile-from=executable-sources' timed out after 16 seconds.
2025-09-30 00:15:55,363 - WARNING - Command '/home/amily/iree-build-old/compiler/bindings/python/iree/compiler/tools/../_mlir_libs/iree-compile tuning_2025_09_30_00_15/template.mlir -o=tuning_2025_09_30_00_15/candidates/compiled/336.vmfb --mlir-pass-pipeline-crash-reproducer=tuning_2025_09_30_00_15/candidates/compiled/336.vmfb.crash_report.mlir --iree-codegen-tuning-spec-path=tuning_2025_09_30_00_15/candidates/specs/336_spec.mlir --iree-hal-target-device=hip --iree-hip-target=gfx942 --compile-from=executable-sources' timed out after 16 seconds.
2025-09-30 00:15:55,940 - WARNING - Command '/home/amily/iree-build-old/compiler/bindings/python/iree/compiler/tools/../_mlir_libs/iree-compile tuning_2025_09_30_00_15/template.mlir -o=tuning_2025_09_30_00_15/candidates/compiled/382.vmfb --mlir-pass-pipeline-crash-reproducer=tuning_2025_09_30_00_15/candidates/compiled/382.vmfb.crash_report.mlir --iree-codegen-tuning-spec-path=tuning_2025_09_30_00_15/candidates/specs/382_spec.mlir --iree-hal-target-device=hip --iree-hip-target=gfx942 --compile-from=executable-sources' timed out after 16 seconds.
2025-09-30 00:15:59,654 - WARNING - Command '/home/amily/iree-build-old/compiler/bindings/python/iree/compiler/tools/../_mlir_libs/iree-compile tuning_2025_09_30_00_15/template.mlir -o=tuning_2025_09_30_00_15/candidates/compiled/612.vmfb --mlir-pass-pipeline-crash-reproducer=tuning_2025_09_30_00_15/candidates/compiled/612.vmfb.crash_report.mlir --iree-codegen-tuning-spec-path=tuning_2025_09_30_00_15/candidates/specs/612_spec.mlir --iree-hal-target-device=hip --iree-hip-target=gfx942 --compile-from=executable-sources' timed out after 16 seconds.
2025-09-30 00:16:01,741 - WARNING - Command '/home/amily/iree-build-old/compiler/bindings/python/iree/compiler/tools/../_mlir_libs/iree-compile tuning_2025_09_30_00_15/template.mlir -o=tuning_2025_09_30_00_15/candidates/compiled/748.vmfb --mlir-pass-pipeline-crash-reproducer=tuning_2025_09_30_00_15/candidates/compiled/748.vmfb.crash_report.mlir --iree-codegen-tuning-spec-path=tuning_2025_09_30_00_15/candidates/specs/748_spec.mlir --iree-hal-target-device=hip --iree-hip-target=gfx942 --compile-from=executable-sources' timed out after 16 seconds.
2025-09-30 00:16:03,146 - WARNING - Command '/home/amily/iree-build-old/compiler/bindings/python/iree/compiler/tools/../_mlir_libs/iree-compile tuning_2025_09_30_00_15/template.mlir -o=tuning_2025_09_30_00_15/candidates/compiled/842.vmfb --mlir-pass-pipeline-crash-reproducer=tuning_2025_09_30_00_15/candidates/compiled/842.vmfb.crash_report.mlir --iree-codegen-tuning-spec-path=tuning_2025_09_30_00_15/candidates/specs/842_spec.mlir --iree-hal-target-device=hip --iree-hip-target=gfx942 --compile-from=executable-sources' timed out after 16 seconds.
2025-09-30 00:16:04,398 - WARNING - Command '/home/amily/iree-build-old/compiler/bindings/python/iree/compiler/tools/../_mlir_libs/iree-compile tuning_2025_09_30_00_15/template.mlir -o=tuning_2025_09_30_00_15/candidates/compiled/943.vmfb --mlir-pass-pipeline-crash-reproducer=tuning_2025_09_30_00_15/candidates/compiled/943.vmfb.crash_report.mlir --iree-codegen-tuning-spec-path=tuning_2025_09_30_00_15/candidates/specs/943_spec.mlir --iree-hal-target-device=hip --iree-hip-target=gfx942 --compile-from=executable-sources' timed out after 16 seconds.
2025-09-30 00:16:04,605 - WARNING - Command '/home/amily/iree-build-old/compiler/bindings/python/iree/compiler/tools/../_mlir_libs/iree-compile tuning_2025_09_30_00_15/template.mlir -o=tuning_2025_09_30_00_15/candidates/compiled/965.vmfb --mlir-pass-pipeline-crash-reproducer=tuning_2025_09_30_00_15/candidates/compiled/965.vmfb.crash_report.mlir --iree-codegen-tuning-spec-path=tuning_2025_09_30_00_15/candidates/specs/965_spec.mlir --iree-hal-target-device=hip --iree-hip-target=gfx942 --compile-from=executable-sources' timed out after 16 seconds.
2025-09-30 00:16:06,334 - WARNING - Command '/home/amily/iree-build-old/compiler/bindings/python/iree/compiler/tools/../_mlir_libs/iree-compile tuning_2025_09_30_00_15/template.mlir -o=tuning_2025_09_30_00_15/candidates/compiled/1092.vmfb --mlir-pass-pipeline-crash-reproducer=tuning_2025_09_30_00_15/candidates/compiled/1092.vmfb.crash_report.mlir --iree-codegen-tuning-spec-path=tuning_2025_09_30_00_15/candidates/specs/1092_spec.mlir --iree-hal-target-device=hip --iree-hip-target=gfx942 --compile-from=executable-sources' timed out after 16 seconds.
2025-09-30 00:16:06,780 - WARNING - Command '/home/amily/iree-build-old/compiler/bindings/python/iree/compiler/tools/../_mlir_libs/iree-compile tuning_2025_09_30_00_15/template.mlir -o=tuning_2025_09_30_00_15/candidates/compiled/1118.vmfb --mlir-pass-pipeline-crash-reproducer=tuning_2025_09_30_00_15/candidates/compiled/1118.vmfb.crash_report.mlir --iree-codegen-tuning-spec-path=tuning_2025_09_30_00_15/candidates/specs/1118_spec.mlir --iree-hal-target-device=hip --iree-hip-target=gfx942 --compile-from=executable-sources' timed out after 16 seconds.
2025-09-30 00:16:07,676 - WARNING - Command '/home/amily/iree-build-old/compiler/bindings/python/iree/compiler/tools/../_mlir_libs/iree-compile tuning_2025_09_30_00_15/template.mlir -o=tuning_2025_09_30_00_15/candidates/compiled/1164.vmfb --mlir-pass-pipeline-crash-reproducer=tuning_2025_09_30_00_15/candidates/compiled/1164.vmfb.crash_report.mlir --iree-codegen-tuning-spec-path=tuning_2025_09_30_00_15/candidates/specs/1164_spec.mlir --iree-hal-target-device=hip --iree-hip-target=gfx942 --compile-from=executable-sources' timed out after 16 seconds.
2025-09-30 00:16:09,129 - WARNING - Command '/home/amily/iree-build-old/compiler/bindings/python/iree/compiler/tools/../_mlir_libs/iree-compile tuning_2025_09_30_00_15/template.mlir -o=tuning_2025_09_30_00_15/candidates/compiled/1259.vmfb --mlir-pass-pipeline-crash-reproducer=tuning_2025_09_30_00_15/candidates/compiled/1259.vmfb.crash_report.mlir --iree-codegen-tuning-spec-path=tuning_2025_09_30_00_15/candidates/specs/1259_spec.mlir --iree-hal-target-device=hip --iree-hip-target=gfx942 --compile-from=executable-sources' timed out after 16 seconds.
2025-09-30 00:16:11,037 - WARNING - Command '/home/amily/iree-build-old/compiler/bindings/python/iree/compiler/tools/../_mlir_libs/iree-compile tuning_2025_09_30_00_15/template.mlir -o=tuning_2025_09_30_00_15/candidates/compiled/1350.vmfb --mlir-pass-pipeline-crash-reproducer=tuning_2025_09_30_00_15/candidates/compiled/1350.vmfb.crash_report.mlir --iree-codegen-tuning-spec-path=tuning_2025_09_30_00_15/candidates/specs/1350_spec.mlir --iree-hal-target-device=hip --iree-hip-target=gfx942 --compile-from=executable-sources' timed out after 16 seconds.
2025-09-30 00:16:11,172 - INFO - Benchmarking compiled dispatch candidates...
2025-09-30 00:30:27,320 - WARNING - Performance regressions detected for the following devices: hip://6.
2025-09-30 00:30:27,328 - INFO - Candidate 897 time: 101.00 ms (81.1% of baseline)
2025-09-30 00:30:27,328 - INFO - Candidate 575 time: 102.00 ms (81.9% of baseline)
2025-09-30 00:30:27,328 - INFO - Candidate 927 time: 103.00 ms (82.7% of baseline)
2025-09-30 00:30:27,328 - INFO - Candidate 404 time: 103.67 ms (83.3% of baseline)
2025-09-30 00:30:27,328 - INFO - Candidate 178 time: 104.67 ms (84.1% of baseline)
2025-09-30 00:30:27,328 - INFO - Candidate 1385 time: 105.33 ms (84.6% of baseline)
2025-09-30 00:30:27,329 - INFO - Candidate 17 time: 101.67 ms (84.8% of baseline)
2025-09-30 00:30:27,329 - INFO - Candidate 1211 time: 105.67 ms (84.9% of baseline)
2025-09-30 00:30:27,329 - INFO - Candidate 1127 time: 106.33 ms (85.4% of baseline)
2025-09-30 00:30:27,329 - INFO - Candidate 733 time: 102.67 ms (85.7% of baseline)
2025-09-30 00:30:27,329 - INFO - Top dispatch candidates: [897, 575, 927, 404, 178, 1385, 17, 1211, 1127, 733]
2025-09-30 00:30:27,329 - INFO - /home/amily/shark-ai/sharktuner/tuning_2025_09_30_00_15/candidates/specs/897_spec.mlir
2025-09-30 00:30:27,329 - INFO - /home/amily/shark-ai/sharktuner/tuning_2025_09_30_00_15/candidates/specs/575_spec.mlir
2025-09-30 00:30:27,329 - INFO - /home/amily/shark-ai/sharktuner/tuning_2025_09_30_00_15/candidates/specs/927_spec.mlir
2025-09-30 00:30:27,329 - INFO - /home/amily/shark-ai/sharktuner/tuning_2025_09_30_00_15/candidates/specs/404_spec.mlir
2025-09-30 00:30:27,329 - INFO - /home/amily/shark-ai/sharktuner/tuning_2025_09_30_00_15/candidates/specs/178_spec.mlir
2025-09-30 00:30:27,330 - INFO - /home/amily/shark-ai/sharktuner/tuning_2025_09_30_00_15/candidates/specs/1385_spec.mlir
2025-09-30 00:30:27,330 - INFO - /home/amily/shark-ai/sharktuner/tuning_2025_09_30_00_15/candidates/specs/17_spec.mlir
2025-09-30 00:30:27,330 - INFO - /home/amily/shark-ai/sharktuner/tuning_2025_09_30_00_15/candidates/specs/1211_spec.mlir
2025-09-30 00:30:27,330 - INFO - /home/amily/shark-ai/sharktuner/tuning_2025_09_30_00_15/candidates/specs/1127_spec.mlir
2025-09-30 00:30:27,330 - INFO - /home/amily/shark-ai/sharktuner/tuning_2025_09_30_00_15/candidates/specs/733_spec.mlir
