2025-09-29 21:11:36,157 - WARNING - Command '/home/amily/iree-build-old/compiler/bindings/python/iree/compiler/tools/../_mlir_libs/iree-compile tuning_2025_09_29_21_11/template.mlir -o=tuning_2025_09_29_21_11/candidates/compiled/10.vmfb --mlir-pass-pipeline-crash-reproducer=tuning_2025_09_29_21_11/candidates/compiled/10.vmfb.crash_report.mlir --iree-codegen-tuning-spec-path=tuning_2025_09_29_21_11/candidates/specs/10_spec.mlir --iree-hal-target-device=hip --iree-hip-target=gfx942 --compile-from=executable-sources' timed out after 16 seconds.
2025-09-29 21:11:36,236 - WARNING - Command '/home/amily/iree-build-old/compiler/bindings/python/iree/compiler/tools/../_mlir_libs/iree-compile tuning_2025_09_29_21_11/template.mlir -o=tuning_2025_09_29_21_11/candidates/compiled/73.vmfb --mlir-pass-pipeline-crash-reproducer=tuning_2025_09_29_21_11/candidates/compiled/73.vmfb.crash_report.mlir --iree-codegen-tuning-spec-path=tuning_2025_09_29_21_11/candidates/specs/73_spec.mlir --iree-hal-target-device=hip --iree-hip-target=gfx942 --compile-from=executable-sources' timed out after 16 seconds.
2025-09-29 21:11:36,516 - WARNING - Command '/home/amily/iree-build-old/compiler/bindings/python/iree/compiler/tools/../_mlir_libs/iree-compile tuning_2025_09_29_21_11/template.mlir -o=tuning_2025_09_29_21_11/candidates/compiled/95.vmfb --mlir-pass-pipeline-crash-reproducer=tuning_2025_09_29_21_11/candidates/compiled/95.vmfb.crash_report.mlir --iree-codegen-tuning-spec-path=tuning_2025_09_29_21_11/candidates/specs/95_spec.mlir --iree-hal-target-device=hip --iree-hip-target=gfx942 --compile-from=executable-sources' timed out after 16 seconds.
2025-09-29 21:11:36,748 - WARNING - Command '/home/amily/iree-build-old/compiler/bindings/python/iree/compiler/tools/../_mlir_libs/iree-compile tuning_2025_09_29_21_11/template.mlir -o=tuning_2025_09_29_21_11/candidates/compiled/118.vmfb --mlir-pass-pipeline-crash-reproducer=tuning_2025_09_29_21_11/candidates/compiled/118.vmfb.crash_report.mlir --iree-codegen-tuning-spec-path=tuning_2025_09_29_21_11/candidates/specs/118_spec.mlir --iree-hal-target-device=hip --iree-hip-target=gfx942 --compile-from=executable-sources' timed out after 16 seconds.
2025-09-29 21:11:36,976 - WARNING - Command '/home/amily/iree-build-old/compiler/bindings/python/iree/compiler/tools/../_mlir_libs/iree-compile tuning_2025_09_29_21_11/template.mlir -o=tuning_2025_09_29_21_11/candidates/compiled/135.vmfb --mlir-pass-pipeline-crash-reproducer=tuning_2025_09_29_21_11/candidates/compiled/135.vmfb.crash_report.mlir --iree-codegen-tuning-spec-path=tuning_2025_09_29_21_11/candidates/specs/135_spec.mlir --iree-hal-target-device=hip --iree-hip-target=gfx942 --compile-from=executable-sources' timed out after 16 seconds.
2025-09-29 21:11:37,133 - WARNING - Command '/home/amily/iree-build-old/compiler/bindings/python/iree/compiler/tools/../_mlir_libs/iree-compile tuning_2025_09_29_21_11/template.mlir -o=tuning_2025_09_29_21_11/candidates/compiled/152.vmfb --mlir-pass-pipeline-crash-reproducer=tuning_2025_09_29_21_11/candidates/compiled/152.vmfb.crash_report.mlir --iree-codegen-tuning-spec-path=tuning_2025_09_29_21_11/candidates/specs/152_spec.mlir --iree-hal-target-device=hip --iree-hip-target=gfx942 --compile-from=executable-sources' timed out after 16 seconds.
2025-09-29 21:11:37,186 - WARNING - Command '/home/amily/iree-build-old/compiler/bindings/python/iree/compiler/tools/../_mlir_libs/iree-compile tuning_2025_09_29_21_11/template.mlir -o=tuning_2025_09_29_21_11/candidates/compiled/154.vmfb --mlir-pass-pipeline-crash-reproducer=tuning_2025_09_29_21_11/candidates/compiled/154.vmfb.crash_report.mlir --iree-codegen-tuning-spec-path=tuning_2025_09_29_21_11/candidates/specs/154_spec.mlir --iree-hal-target-device=hip --iree-hip-target=gfx942 --compile-from=executable-sources' timed out after 16 seconds.
2025-09-29 21:11:40,202 - WARNING - Command '/home/amily/iree-build-old/compiler/bindings/python/iree/compiler/tools/../_mlir_libs/iree-compile tuning_2025_09_29_21_11/template.mlir -o=tuning_2025_09_29_21_11/candidates/compiled/355.vmfb --mlir-pass-pipeline-crash-reproducer=tuning_2025_09_29_21_11/candidates/compiled/355.vmfb.crash_report.mlir --iree-codegen-tuning-spec-path=tuning_2025_09_29_21_11/candidates/specs/355_spec.mlir --iree-hal-target-device=hip --iree-hip-target=gfx942 --compile-from=executable-sources' timed out after 16 seconds.
2025-09-29 21:11:40,607 - WARNING - Command '/home/amily/iree-build-old/compiler/bindings/python/iree/compiler/tools/../_mlir_libs/iree-compile tuning_2025_09_29_21_11/template.mlir -o=tuning_2025_09_29_21_11/candidates/compiled/383.vmfb --mlir-pass-pipeline-crash-reproducer=tuning_2025_09_29_21_11/candidates/compiled/383.vmfb.crash_report.mlir --iree-codegen-tuning-spec-path=tuning_2025_09_29_21_11/candidates/specs/383_spec.mlir --iree-hal-target-device=hip --iree-hip-target=gfx942 --compile-from=executable-sources' timed out after 16 seconds.
2025-09-29 21:11:41,589 - INFO - Benchmarking compiled dispatch candidates...
2025-09-29 21:18:36,356 - WARNING - Performance regressions detected for the following devices: hip://5, hip://6, hip://7.
2025-09-29 21:18:36,359 - INFO - Candidate 59 time: 434.00 ms (74.9% of baseline)
2025-09-29 21:18:36,359 - INFO - Candidate 58 time: 487.33 ms (84.1% of baseline)
2025-09-29 21:18:36,359 - INFO - Candidate 406 time: 500.00 ms (86.3% of baseline)
2025-09-29 21:18:36,359 - INFO - Candidate 29 time: 453.00 ms (90.3% of baseline)
2025-09-29 21:18:36,359 - INFO - Candidate 512 time: 530.00 ms (91.4% of baseline)
2025-09-29 21:18:36,359 - INFO - Candidate 246 time: 534.00 ms (92.1% of baseline)
2025-09-29 21:18:36,359 - INFO - Candidate 414 time: 470.00 ms (93.8% of baseline)
2025-09-29 21:18:36,359 - INFO - Candidate 341 time: 546.67 ms (94.3% of baseline)
2025-09-29 21:18:36,359 - INFO - Candidate 156 time: 548.33 ms (94.6% of baseline)
2025-09-29 21:18:36,359 - INFO - Candidate 192 time: 552.00 ms (95.2% of baseline)
2025-09-29 21:18:36,359 - INFO - Top dispatch candidates: [59, 58, 406, 29, 512, 246, 414, 341, 156, 192]
2025-09-29 21:18:36,359 - INFO - /home/amily/shark-ai/sharktuner/tuning_2025_09_29_21_11/candidates/specs/59_spec.mlir
2025-09-29 21:18:36,359 - INFO - /home/amily/shark-ai/sharktuner/tuning_2025_09_29_21_11/candidates/specs/58_spec.mlir
2025-09-29 21:18:36,359 - INFO - /home/amily/shark-ai/sharktuner/tuning_2025_09_29_21_11/candidates/specs/406_spec.mlir
2025-09-29 21:18:36,360 - INFO - /home/amily/shark-ai/sharktuner/tuning_2025_09_29_21_11/candidates/specs/29_spec.mlir
2025-09-29 21:18:36,360 - INFO - /home/amily/shark-ai/sharktuner/tuning_2025_09_29_21_11/candidates/specs/512_spec.mlir
2025-09-29 21:18:36,360 - INFO - /home/amily/shark-ai/sharktuner/tuning_2025_09_29_21_11/candidates/specs/246_spec.mlir
2025-09-29 21:18:36,360 - INFO - /home/amily/shark-ai/sharktuner/tuning_2025_09_29_21_11/candidates/specs/414_spec.mlir
2025-09-29 21:18:36,360 - INFO - /home/amily/shark-ai/sharktuner/tuning_2025_09_29_21_11/candidates/specs/341_spec.mlir
2025-09-29 21:18:36,360 - INFO - /home/amily/shark-ai/sharktuner/tuning_2025_09_29_21_11/candidates/specs/156_spec.mlir
2025-09-29 21:18:36,360 - INFO - /home/amily/shark-ai/sharktuner/tuning_2025_09_29_21_11/candidates/specs/192_spec.mlir
