2025-09-30 03:27:53,751 - WARNING - Command '/home/amily/iree-build-old/compiler/bindings/python/iree/compiler/tools/../_mlir_libs/iree-compile tuning_2025_09_30_03_26/template.mlir -o=tuning_2025_09_30_03_26/candidates/compiled/110.vmfb --mlir-pass-pipeline-crash-reproducer=tuning_2025_09_30_03_26/candidates/compiled/110.vmfb.crash_report.mlir --iree-codegen-tuning-spec-path=tuning_2025_09_30_03_26/candidates/specs/110_spec.mlir --iree-hal-target-device=hip --iree-hip-target=gfx942 --compile-from=executable-sources' timed out after 16 seconds.
2025-09-30 03:27:55,198 - WARNING - Command '/home/amily/iree-build-old/compiler/bindings/python/iree/compiler/tools/../_mlir_libs/iree-compile tuning_2025_09_30_03_26/template.mlir -o=tuning_2025_09_30_03_26/candidates/compiled/293.vmfb --mlir-pass-pipeline-crash-reproducer=tuning_2025_09_30_03_26/candidates/compiled/293.vmfb.crash_report.mlir --iree-codegen-tuning-spec-path=tuning_2025_09_30_03_26/candidates/specs/293_spec.mlir --iree-hal-target-device=hip --iree-hip-target=gfx942 --compile-from=executable-sources' timed out after 16 seconds.
2025-09-30 03:27:55,445 - WARNING - Command '/home/amily/iree-build-old/compiler/bindings/python/iree/compiler/tools/../_mlir_libs/iree-compile tuning_2025_09_30_03_26/template.mlir -o=tuning_2025_09_30_03_26/candidates/compiled/335.vmfb --mlir-pass-pipeline-crash-reproducer=tuning_2025_09_30_03_26/candidates/compiled/335.vmfb.crash_report.mlir --iree-codegen-tuning-spec-path=tuning_2025_09_30_03_26/candidates/specs/335_spec.mlir --iree-hal-target-device=hip --iree-hip-target=gfx942 --compile-from=executable-sources' timed out after 16 seconds.
2025-09-30 03:27:58,357 - WARNING - Command '/home/amily/iree-build-old/compiler/bindings/python/iree/compiler/tools/../_mlir_libs/iree-compile tuning_2025_09_30_03_26/template.mlir -o=tuning_2025_09_30_03_26/candidates/compiled/666.vmfb --mlir-pass-pipeline-crash-reproducer=tuning_2025_09_30_03_26/candidates/compiled/666.vmfb.crash_report.mlir --iree-codegen-tuning-spec-path=tuning_2025_09_30_03_26/candidates/specs/666_spec.mlir --iree-hal-target-device=hip --iree-hip-target=gfx942 --compile-from=executable-sources' timed out after 16 seconds.
2025-09-30 03:27:59,310 - WARNING - Command '/home/amily/iree-build-old/compiler/bindings/python/iree/compiler/tools/../_mlir_libs/iree-compile tuning_2025_09_30_03_26/template.mlir -o=tuning_2025_09_30_03_26/candidates/compiled/783.vmfb --mlir-pass-pipeline-crash-reproducer=tuning_2025_09_30_03_26/candidates/compiled/783.vmfb.crash_report.mlir --iree-codegen-tuning-spec-path=tuning_2025_09_30_03_26/candidates/specs/783_spec.mlir --iree-hal-target-device=hip --iree-hip-target=gfx942 --compile-from=executable-sources' timed out after 16 seconds.
2025-09-30 03:27:59,457 - WARNING - Command '/home/amily/iree-build-old/compiler/bindings/python/iree/compiler/tools/../_mlir_libs/iree-compile tuning_2025_09_30_03_26/template.mlir -o=tuning_2025_09_30_03_26/candidates/compiled/799.vmfb --mlir-pass-pipeline-crash-reproducer=tuning_2025_09_30_03_26/candidates/compiled/799.vmfb.crash_report.mlir --iree-codegen-tuning-spec-path=tuning_2025_09_30_03_26/candidates/specs/799_spec.mlir --iree-hal-target-device=hip --iree-hip-target=gfx942 --compile-from=executable-sources' timed out after 16 seconds.
2025-09-30 03:28:00,319 - WARNING - Command '/home/amily/iree-build-old/compiler/bindings/python/iree/compiler/tools/../_mlir_libs/iree-compile tuning_2025_09_30_03_26/template.mlir -o=tuning_2025_09_30_03_26/candidates/compiled/879.vmfb --mlir-pass-pipeline-crash-reproducer=tuning_2025_09_30_03_26/candidates/compiled/879.vmfb.crash_report.mlir --iree-codegen-tuning-spec-path=tuning_2025_09_30_03_26/candidates/specs/879_spec.mlir --iree-hal-target-device=hip --iree-hip-target=gfx942 --compile-from=executable-sources' timed out after 16 seconds.
2025-09-30 03:28:05,637 - WARNING - Command '/home/amily/iree-build-old/compiler/bindings/python/iree/compiler/tools/../_mlir_libs/iree-compile tuning_2025_09_30_03_26/template.mlir -o=tuning_2025_09_30_03_26/candidates/compiled/1312.vmfb --mlir-pass-pipeline-crash-reproducer=tuning_2025_09_30_03_26/candidates/compiled/1312.vmfb.crash_report.mlir --iree-codegen-tuning-spec-path=tuning_2025_09_30_03_26/candidates/specs/1312_spec.mlir --iree-hal-target-device=hip --iree-hip-target=gfx942 --compile-from=executable-sources' timed out after 16 seconds.
2025-09-30 03:28:05,893 - WARNING - Command '/home/amily/iree-build-old/compiler/bindings/python/iree/compiler/tools/../_mlir_libs/iree-compile tuning_2025_09_30_03_26/template.mlir -o=tuning_2025_09_30_03_26/candidates/compiled/1331.vmfb --mlir-pass-pipeline-crash-reproducer=tuning_2025_09_30_03_26/candidates/compiled/1331.vmfb.crash_report.mlir --iree-codegen-tuning-spec-path=tuning_2025_09_30_03_26/candidates/specs/1331_spec.mlir --iree-hal-target-device=hip --iree-hip-target=gfx942 --compile-from=executable-sources' timed out after 16 seconds.
2025-09-30 03:28:06,216 - WARNING - Command '/home/amily/iree-build-old/compiler/bindings/python/iree/compiler/tools/../_mlir_libs/iree-compile tuning_2025_09_30_03_26/template.mlir -o=tuning_2025_09_30_03_26/candidates/compiled/1354.vmfb --mlir-pass-pipeline-crash-reproducer=tuning_2025_09_30_03_26/candidates/compiled/1354.vmfb.crash_report.mlir --iree-codegen-tuning-spec-path=tuning_2025_09_30_03_26/candidates/specs/1354_spec.mlir --iree-hal-target-device=hip --iree-hip-target=gfx942 --compile-from=executable-sources' timed out after 16 seconds.
2025-09-30 03:28:07,778 - WARNING - Command '/home/amily/iree-build-old/compiler/bindings/python/iree/compiler/tools/../_mlir_libs/iree-compile tuning_2025_09_30_03_26/template.mlir -o=tuning_2025_09_30_03_26/candidates/compiled/1453.vmfb --mlir-pass-pipeline-crash-reproducer=tuning_2025_09_30_03_26/candidates/compiled/1453.vmfb.crash_report.mlir --iree-codegen-tuning-spec-path=tuning_2025_09_30_03_26/candidates/specs/1453_spec.mlir --iree-hal-target-device=hip --iree-hip-target=gfx942 --compile-from=executable-sources' timed out after 16 seconds.
2025-09-30 03:28:10,410 - WARNING - Command '/home/amily/iree-build-old/compiler/bindings/python/iree/compiler/tools/../_mlir_libs/iree-compile tuning_2025_09_30_03_26/template.mlir -o=tuning_2025_09_30_03_26/candidates/compiled/1657.vmfb --mlir-pass-pipeline-crash-reproducer=tuning_2025_09_30_03_26/candidates/compiled/1657.vmfb.crash_report.mlir --iree-codegen-tuning-spec-path=tuning_2025_09_30_03_26/candidates/specs/1657_spec.mlir --iree-hal-target-device=hip --iree-hip-target=gfx942 --compile-from=executable-sources' timed out after 16 seconds.
2025-09-30 03:28:13,136 - WARNING - Command '/home/amily/iree-build-old/compiler/bindings/python/iree/compiler/tools/../_mlir_libs/iree-compile tuning_2025_09_30_03_26/template.mlir -o=tuning_2025_09_30_03_26/candidates/compiled/1885.vmfb --mlir-pass-pipeline-crash-reproducer=tuning_2025_09_30_03_26/candidates/compiled/1885.vmfb.crash_report.mlir --iree-codegen-tuning-spec-path=tuning_2025_09_30_03_26/candidates/specs/1885_spec.mlir --iree-hal-target-device=hip --iree-hip-target=gfx942 --compile-from=executable-sources' timed out after 16 seconds.
2025-09-30 03:28:14,191 - WARNING - Command '/home/amily/iree-build-old/compiler/bindings/python/iree/compiler/tools/../_mlir_libs/iree-compile tuning_2025_09_30_03_26/template.mlir -o=tuning_2025_09_30_03_26/candidates/compiled/1977.vmfb --mlir-pass-pipeline-crash-reproducer=tuning_2025_09_30_03_26/candidates/compiled/1977.vmfb.crash_report.mlir --iree-codegen-tuning-spec-path=tuning_2025_09_30_03_26/candidates/specs/1977_spec.mlir --iree-hal-target-device=hip --iree-hip-target=gfx942 --compile-from=executable-sources' timed out after 16 seconds.
2025-09-30 03:28:14,374 - INFO - Benchmarking compiled dispatch candidates...
2025-09-30 03:40:35,341 - INFO - Candidate 1661 time: 135.33 ms (76.2% of baseline)
2025-09-30 03:40:35,341 - INFO - Candidate 982 time: 138.67 ms (78.3% of baseline)
2025-09-30 03:40:35,341 - INFO - Candidate 887 time: 140.00 ms (79.0% of baseline)
2025-09-30 03:40:35,341 - INFO - Candidate 336 time: 147.00 ms (81.7% of baseline)
2025-09-30 03:40:35,341 - INFO - Candidate 1135 time: 150.33 ms (83.5% of baseline)
2025-09-30 03:40:35,342 - INFO - Candidate 714 time: 149.67 ms (84.5% of baseline)
2025-09-30 03:40:35,342 - INFO - Candidate 1274 time: 150.67 ms (84.9% of baseline)
2025-09-30 03:40:35,342 - INFO - Candidate 929 time: 154.00 ms (85.6% of baseline)
2025-09-30 03:40:35,342 - INFO - Candidate 620 time: 155.00 ms (86.1% of baseline)
2025-09-30 03:40:35,342 - INFO - Candidate 1827 time: 156.33 ms (86.9% of baseline)
2025-09-30 03:40:35,342 - INFO - Top dispatch candidates: [1661, 982, 887, 336, 1135, 714, 1274, 929, 620, 1827]
2025-09-30 03:40:35,342 - INFO - /home/amily/shark-ai/sharktuner/tuning_2025_09_30_03_26/candidates/specs/1661_spec.mlir
2025-09-30 03:40:35,342 - INFO - /home/amily/shark-ai/sharktuner/tuning_2025_09_30_03_26/candidates/specs/982_spec.mlir
2025-09-30 03:40:35,343 - INFO - /home/amily/shark-ai/sharktuner/tuning_2025_09_30_03_26/candidates/specs/887_spec.mlir
2025-09-30 03:40:35,343 - INFO - /home/amily/shark-ai/sharktuner/tuning_2025_09_30_03_26/candidates/specs/336_spec.mlir
2025-09-30 03:40:35,343 - INFO - /home/amily/shark-ai/sharktuner/tuning_2025_09_30_03_26/candidates/specs/1135_spec.mlir
2025-09-30 03:40:35,343 - INFO - /home/amily/shark-ai/sharktuner/tuning_2025_09_30_03_26/candidates/specs/714_spec.mlir
2025-09-30 03:40:35,343 - INFO - /home/amily/shark-ai/sharktuner/tuning_2025_09_30_03_26/candidates/specs/1274_spec.mlir
2025-09-30 03:40:35,343 - INFO - /home/amily/shark-ai/sharktuner/tuning_2025_09_30_03_26/candidates/specs/929_spec.mlir
2025-09-30 03:40:35,343 - INFO - /home/amily/shark-ai/sharktuner/tuning_2025_09_30_03_26/candidates/specs/620_spec.mlir
2025-09-30 03:40:35,343 - INFO - /home/amily/shark-ai/sharktuner/tuning_2025_09_30_03_26/candidates/specs/1827_spec.mlir
