2025-09-29 16:50:45,621 - ERROR - An error occurred during candidates generation: No compatible intrinsics found
2025-09-29 16:50:45,621 - ERROR - Error in candidate_gen.py:
Traceback (most recent call last):
  File "/home/amily/shark-ai/sharktuner/sharktuner/libtuner.py", line 791, in generate_candidate_specs
    config_specs, solution_variables = candidate_gen.generate_configs_and_td_specs(
  File "/home/amily/shark-ai/sharktuner/sharktuner/candidate_gen.py", line 221, in generate_configs_and_td_specs
    solutions = list(
  File "/home/amily/shark-ai/sharktuner/sharktuner/constraint_generator.py", line 102, in generate_generic_contraction_solutions
    constraints = dispatch_constraints.generate_vector_distribute_constraints(
  File "/home/amily/shark-ai/sharktuner/sharktuner/dispatch_constraints.py", line 205, in generate_vector_distribute_constraints
    get_mfma_intrinsic_constraints(
  File "/home/amily/shark-ai/sharktuner/sharktuner/dispatch_constraints.py", line 82, in get_mfma_intrinsic_constraints
    assert len(compatible_intrinsics) > 0, "No compatible intrinsics found"
AssertionError: No compatible intrinsics found
2025-09-29 16:50:45,621 - ERROR - Error in candidate_gen.py:
Traceback (most recent call last):
  File "/home/amily/shark-ai/sharktuner/sharktuner/libtuner.py", line 791, in generate_candidate_specs
    config_specs, solution_variables = candidate_gen.generate_configs_and_td_specs(
  File "/home/amily/shark-ai/sharktuner/sharktuner/candidate_gen.py", line 221, in generate_configs_and_td_specs
    solutions = list(
  File "/home/amily/shark-ai/sharktuner/sharktuner/constraint_generator.py", line 102, in generate_generic_contraction_solutions
    constraints = dispatch_constraints.generate_vector_distribute_constraints(
  File "/home/amily/shark-ai/sharktuner/sharktuner/dispatch_constraints.py", line 205, in generate_vector_distribute_constraints
    get_mfma_intrinsic_constraints(
  File "/home/amily/shark-ai/sharktuner/sharktuner/dispatch_constraints.py", line 82, in get_mfma_intrinsic_constraints
    assert len(compatible_intrinsics) > 0, "No compatible intrinsics found"
AssertionError: No compatible intrinsics found
2025-09-29 16:51:18,678 - WARNING - Command '/home/amily/iree-build-old/compiler/bindings/python/iree/compiler/tools/../_mlir_libs/iree-compile tuning_2025_09_29_16_50/template.mlir -o=tuning_2025_09_29_16_50/candidates/compiled/50.vmfb --mlir-pass-pipeline-crash-reproducer=tuning_2025_09_29_16_50/candidates/compiled/50.vmfb.crash_report.mlir --iree-codegen-tuning-spec-path=tuning_2025_09_29_16_50/candidates/specs/50_spec.mlir --iree-hal-target-device=hip --iree-hip-target=gfx942 --compile-from=executable-sources' timed out after 16 seconds.
2025-09-29 16:51:19,226 - WARNING - Command '/home/amily/iree-build-old/compiler/bindings/python/iree/compiler/tools/../_mlir_libs/iree-compile tuning_2025_09_29_16_50/template.mlir -o=tuning_2025_09_29_16_50/candidates/compiled/104.vmfb --mlir-pass-pipeline-crash-reproducer=tuning_2025_09_29_16_50/candidates/compiled/104.vmfb.crash_report.mlir --iree-codegen-tuning-spec-path=tuning_2025_09_29_16_50/candidates/specs/104_spec.mlir --iree-hal-target-device=hip --iree-hip-target=gfx942 --compile-from=executable-sources' timed out after 16 seconds.
2025-09-29 16:51:20,010 - WARNING - Command '/home/amily/iree-build-old/compiler/bindings/python/iree/compiler/tools/../_mlir_libs/iree-compile tuning_2025_09_29_16_50/template.mlir -o=tuning_2025_09_29_16_50/candidates/compiled/179.vmfb --mlir-pass-pipeline-crash-reproducer=tuning_2025_09_29_16_50/candidates/compiled/179.vmfb.crash_report.mlir --iree-codegen-tuning-spec-path=tuning_2025_09_29_16_50/candidates/specs/179_spec.mlir --iree-hal-target-device=hip --iree-hip-target=gfx942 --compile-from=executable-sources' timed out after 16 seconds.
2025-09-29 16:51:20,128 - WARNING - Command '/home/amily/iree-build-old/compiler/bindings/python/iree/compiler/tools/../_mlir_libs/iree-compile tuning_2025_09_29_16_50/template.mlir -o=tuning_2025_09_29_16_50/candidates/compiled/191.vmfb --mlir-pass-pipeline-crash-reproducer=tuning_2025_09_29_16_50/candidates/compiled/191.vmfb.crash_report.mlir --iree-codegen-tuning-spec-path=tuning_2025_09_29_16_50/candidates/specs/191_spec.mlir --iree-hal-target-device=hip --iree-hip-target=gfx942 --compile-from=executable-sources' timed out after 16 seconds.
2025-09-29 16:51:20,309 - WARNING - Command '/home/amily/iree-build-old/compiler/bindings/python/iree/compiler/tools/../_mlir_libs/iree-compile tuning_2025_09_29_16_50/template.mlir -o=tuning_2025_09_29_16_50/candidates/compiled/201.vmfb --mlir-pass-pipeline-crash-reproducer=tuning_2025_09_29_16_50/candidates/compiled/201.vmfb.crash_report.mlir --iree-codegen-tuning-spec-path=tuning_2025_09_29_16_50/candidates/specs/201_spec.mlir --iree-hal-target-device=hip --iree-hip-target=gfx942 --compile-from=executable-sources' timed out after 16 seconds.
2025-09-29 16:51:22,168 - WARNING - Command '/home/amily/iree-build-old/compiler/bindings/python/iree/compiler/tools/../_mlir_libs/iree-compile tuning_2025_09_29_16_50/template.mlir -o=tuning_2025_09_29_16_50/candidates/compiled/360.vmfb --mlir-pass-pipeline-crash-reproducer=tuning_2025_09_29_16_50/candidates/compiled/360.vmfb.crash_report.mlir --iree-codegen-tuning-spec-path=tuning_2025_09_29_16_50/candidates/specs/360_spec.mlir --iree-hal-target-device=hip --iree-hip-target=gfx942 --compile-from=executable-sources' timed out after 16 seconds.
2025-09-29 16:51:22,251 - WARNING - Command '/home/amily/iree-build-old/compiler/bindings/python/iree/compiler/tools/../_mlir_libs/iree-compile tuning_2025_09_29_16_50/template.mlir -o=tuning_2025_09_29_16_50/candidates/compiled/366.vmfb --mlir-pass-pipeline-crash-reproducer=tuning_2025_09_29_16_50/candidates/compiled/366.vmfb.crash_report.mlir --iree-codegen-tuning-spec-path=tuning_2025_09_29_16_50/candidates/specs/366_spec.mlir --iree-hal-target-device=hip --iree-hip-target=gfx942 --compile-from=executable-sources' timed out after 16 seconds.
2025-09-29 16:51:23,330 - WARNING - Command '/home/amily/iree-build-old/compiler/bindings/python/iree/compiler/tools/../_mlir_libs/iree-compile tuning_2025_09_29_16_50/template.mlir -o=tuning_2025_09_29_16_50/candidates/compiled/433.vmfb --mlir-pass-pipeline-crash-reproducer=tuning_2025_09_29_16_50/candidates/compiled/433.vmfb.crash_report.mlir --iree-codegen-tuning-spec-path=tuning_2025_09_29_16_50/candidates/specs/433_spec.mlir --iree-hal-target-device=hip --iree-hip-target=gfx942 --compile-from=executable-sources' timed out after 16 seconds.
2025-09-29 16:51:24,868 - WARNING - Command '/home/amily/iree-build-old/compiler/bindings/python/iree/compiler/tools/../_mlir_libs/iree-compile tuning_2025_09_29_16_50/template.mlir -o=tuning_2025_09_29_16_50/candidates/compiled/515.vmfb --mlir-pass-pipeline-crash-reproducer=tuning_2025_09_29_16_50/candidates/compiled/515.vmfb.crash_report.mlir --iree-codegen-tuning-spec-path=tuning_2025_09_29_16_50/candidates/specs/515_spec.mlir --iree-hal-target-device=hip --iree-hip-target=gfx942 --compile-from=executable-sources' timed out after 16 seconds.
2025-09-29 16:51:28,383 - WARNING - Command '/home/amily/iree-build-old/compiler/bindings/python/iree/compiler/tools/../_mlir_libs/iree-compile tuning_2025_09_29_16_50/template.mlir -o=tuning_2025_09_29_16_50/candidates/compiled/708.vmfb --mlir-pass-pipeline-crash-reproducer=tuning_2025_09_29_16_50/candidates/compiled/708.vmfb.crash_report.mlir --iree-codegen-tuning-spec-path=tuning_2025_09_29_16_50/candidates/specs/708_spec.mlir --iree-hal-target-device=hip --iree-hip-target=gfx942 --compile-from=executable-sources' timed out after 16 seconds.
2025-09-29 16:51:28,652 - WARNING - Command '/home/amily/iree-build-old/compiler/bindings/python/iree/compiler/tools/../_mlir_libs/iree-compile tuning_2025_09_29_16_50/template.mlir -o=tuning_2025_09_29_16_50/candidates/compiled/722.vmfb --mlir-pass-pipeline-crash-reproducer=tuning_2025_09_29_16_50/candidates/compiled/722.vmfb.crash_report.mlir --iree-codegen-tuning-spec-path=tuning_2025_09_29_16_50/candidates/specs/722_spec.mlir --iree-hal-target-device=hip --iree-hip-target=gfx942 --compile-from=executable-sources' timed out after 16 seconds.
2025-09-29 16:51:29,052 - WARNING - Command '/home/amily/iree-build-old/compiler/bindings/python/iree/compiler/tools/../_mlir_libs/iree-compile tuning_2025_09_29_16_50/template.mlir -o=tuning_2025_09_29_16_50/candidates/compiled/743.vmfb --mlir-pass-pipeline-crash-reproducer=tuning_2025_09_29_16_50/candidates/compiled/743.vmfb.crash_report.mlir --iree-codegen-tuning-spec-path=tuning_2025_09_29_16_50/candidates/specs/743_spec.mlir --iree-hal-target-device=hip --iree-hip-target=gfx942 --compile-from=executable-sources' timed out after 16 seconds.
2025-09-29 16:51:29,196 - INFO - Benchmarking compiled dispatch candidates...
2025-09-29 17:04:27,973 - INFO - Candidate 12 time: 268.00 ms (75.0% of baseline)
2025-09-29 17:04:27,973 - INFO - Candidate 359 time: 273.00 ms (76.6% of baseline)
2025-09-29 17:04:27,973 - INFO - Candidate 826 time: 273.00 ms (76.6% of baseline)
2025-09-29 17:04:27,973 - INFO - Candidate 57 time: 275.33 ms (77.1% of baseline)
2025-09-29 17:04:27,973 - INFO - Candidate 780 time: 275.33 ms (77.3% of baseline)
2025-09-29 17:04:27,973 - INFO - Candidate 909 time: 275.33 ms (77.4% of baseline)
2025-09-29 17:04:27,973 - INFO - Candidate 416 time: 274.67 ms (77.8% of baseline)
2025-09-29 17:04:27,973 - INFO - Candidate 66 time: 284.00 ms (79.7% of baseline)
2025-09-29 17:04:27,974 - INFO - Candidate 627 time: 284.33 ms (80.5% of baseline)
2025-09-29 17:04:27,974 - INFO - Candidate 60 time: 286.00 ms (81.0% of baseline)
2025-09-29 17:04:27,974 - INFO - Top dispatch candidates: [12, 359, 826, 57, 780, 909, 416, 66, 627, 60]
2025-09-29 17:04:27,974 - INFO - /home/amily/shark-ai/sharktuner/tuning_2025_09_29_16_50/candidates/specs/12_spec.mlir
2025-09-29 17:04:27,974 - INFO - /home/amily/shark-ai/sharktuner/tuning_2025_09_29_16_50/candidates/specs/359_spec.mlir
2025-09-29 17:04:27,974 - INFO - /home/amily/shark-ai/sharktuner/tuning_2025_09_29_16_50/candidates/specs/826_spec.mlir
2025-09-29 17:04:27,975 - INFO - /home/amily/shark-ai/sharktuner/tuning_2025_09_29_16_50/candidates/specs/57_spec.mlir
2025-09-29 17:04:27,975 - INFO - /home/amily/shark-ai/sharktuner/tuning_2025_09_29_16_50/candidates/specs/780_spec.mlir
2025-09-29 17:04:27,975 - INFO - /home/amily/shark-ai/sharktuner/tuning_2025_09_29_16_50/candidates/specs/909_spec.mlir
2025-09-29 17:04:27,975 - INFO - /home/amily/shark-ai/sharktuner/tuning_2025_09_29_16_50/candidates/specs/416_spec.mlir
2025-09-29 17:04:27,975 - INFO - /home/amily/shark-ai/sharktuner/tuning_2025_09_29_16_50/candidates/specs/66_spec.mlir
2025-09-29 17:04:27,975 - INFO - /home/amily/shark-ai/sharktuner/tuning_2025_09_29_16_50/candidates/specs/627_spec.mlir
2025-09-29 17:04:27,975 - INFO - /home/amily/shark-ai/sharktuner/tuning_2025_09_29_16_50/candidates/specs/60_spec.mlir
