2025-09-29 19:41:25,997 - ERROR - An error occurred during candidates generation: No compatible intrinsics found
2025-09-29 19:41:25,998 - ERROR - Error in candidate_gen.py:
Traceback (most recent call last):
  File "/home/amily/shark-ai/sharktuner/sharktuner/libtuner.py", line 791, in generate_candidate_specs
    config_specs, solution_variables = candidate_gen.generate_configs_and_td_specs(
  File "/home/amily/shark-ai/sharktuner/sharktuner/candidate_gen.py", line 221, in generate_configs_and_td_specs
    solutions = list(
  File "/home/amily/shark-ai/sharktuner/sharktuner/constraint_generator.py", line 102, in generate_generic_contraction_solutions
    constraints = dispatch_constraints.generate_vector_distribute_constraints(
  File "/home/amily/shark-ai/sharktuner/sharktuner/dispatch_constraints.py", line 205, in generate_vector_distribute_constraints
    get_mfma_intrinsic_constraints(
  File "/home/amily/shark-ai/sharktuner/sharktuner/dispatch_constraints.py", line 82, in get_mfma_intrinsic_constraints
    assert len(compatible_intrinsics) > 0, "No compatible intrinsics found"
AssertionError: No compatible intrinsics found
2025-09-29 19:41:25,998 - ERROR - Error in candidate_gen.py:
Traceback (most recent call last):
  File "/home/amily/shark-ai/sharktuner/sharktuner/libtuner.py", line 791, in generate_candidate_specs
    config_specs, solution_variables = candidate_gen.generate_configs_and_td_specs(
  File "/home/amily/shark-ai/sharktuner/sharktuner/candidate_gen.py", line 221, in generate_configs_and_td_specs
    solutions = list(
  File "/home/amily/shark-ai/sharktuner/sharktuner/constraint_generator.py", line 102, in generate_generic_contraction_solutions
    constraints = dispatch_constraints.generate_vector_distribute_constraints(
  File "/home/amily/shark-ai/sharktuner/sharktuner/dispatch_constraints.py", line 205, in generate_vector_distribute_constraints
    get_mfma_intrinsic_constraints(
  File "/home/amily/shark-ai/sharktuner/sharktuner/dispatch_constraints.py", line 82, in get_mfma_intrinsic_constraints
    assert len(compatible_intrinsics) > 0, "No compatible intrinsics found"
AssertionError: No compatible intrinsics found
2025-09-29 19:41:51,378 - WARNING - Command '/home/amily/iree-build-old/compiler/bindings/python/iree/compiler/tools/../_mlir_libs/iree-compile tuning_2025_09_29_19_41/template.mlir -o=tuning_2025_09_29_19_41/candidates/compiled/98.vmfb --mlir-pass-pipeline-crash-reproducer=tuning_2025_09_29_19_41/candidates/compiled/98.vmfb.crash_report.mlir --iree-codegen-tuning-spec-path=tuning_2025_09_29_19_41/candidates/specs/98_spec.mlir --iree-hal-target-device=hip --iree-hip-target=gfx942 --compile-from=executable-sources' timed out after 16 seconds.
2025-09-29 19:41:51,428 - WARNING - Command '/home/amily/iree-build-old/compiler/bindings/python/iree/compiler/tools/../_mlir_libs/iree-compile tuning_2025_09_29_19_41/template.mlir -o=tuning_2025_09_29_19_41/candidates/compiled/104.vmfb --mlir-pass-pipeline-crash-reproducer=tuning_2025_09_29_19_41/candidates/compiled/104.vmfb.crash_report.mlir --iree-codegen-tuning-spec-path=tuning_2025_09_29_19_41/candidates/specs/104_spec.mlir --iree-hal-target-device=hip --iree-hip-target=gfx942 --compile-from=executable-sources' timed out after 16 seconds.
2025-09-29 19:41:53,398 - WARNING - Command '/home/amily/iree-build-old/compiler/bindings/python/iree/compiler/tools/../_mlir_libs/iree-compile tuning_2025_09_29_19_41/template.mlir -o=tuning_2025_09_29_19_41/candidates/compiled/298.vmfb --mlir-pass-pipeline-crash-reproducer=tuning_2025_09_29_19_41/candidates/compiled/298.vmfb.crash_report.mlir --iree-codegen-tuning-spec-path=tuning_2025_09_29_19_41/candidates/specs/298_spec.mlir --iree-hal-target-device=hip --iree-hip-target=gfx942 --compile-from=executable-sources' timed out after 16 seconds.
2025-09-29 19:41:53,659 - WARNING - Command '/home/amily/iree-build-old/compiler/bindings/python/iree/compiler/tools/../_mlir_libs/iree-compile tuning_2025_09_29_19_41/template.mlir -o=tuning_2025_09_29_19_41/candidates/compiled/322.vmfb --mlir-pass-pipeline-crash-reproducer=tuning_2025_09_29_19_41/candidates/compiled/322.vmfb.crash_report.mlir --iree-codegen-tuning-spec-path=tuning_2025_09_29_19_41/candidates/specs/322_spec.mlir --iree-hal-target-device=hip --iree-hip-target=gfx942 --compile-from=executable-sources' timed out after 16 seconds.
2025-09-29 19:41:53,953 - WARNING - Command '/home/amily/iree-build-old/compiler/bindings/python/iree/compiler/tools/../_mlir_libs/iree-compile tuning_2025_09_29_19_41/template.mlir -o=tuning_2025_09_29_19_41/candidates/compiled/339.vmfb --mlir-pass-pipeline-crash-reproducer=tuning_2025_09_29_19_41/candidates/compiled/339.vmfb.crash_report.mlir --iree-codegen-tuning-spec-path=tuning_2025_09_29_19_41/candidates/specs/339_spec.mlir --iree-hal-target-device=hip --iree-hip-target=gfx942 --compile-from=executable-sources' timed out after 16 seconds.
2025-09-29 19:41:59,432 - WARNING - Command '/home/amily/iree-build-old/compiler/bindings/python/iree/compiler/tools/../_mlir_libs/iree-compile tuning_2025_09_29_19_41/template.mlir -o=tuning_2025_09_29_19_41/candidates/compiled/697.vmfb --mlir-pass-pipeline-crash-reproducer=tuning_2025_09_29_19_41/candidates/compiled/697.vmfb.crash_report.mlir --iree-codegen-tuning-spec-path=tuning_2025_09_29_19_41/candidates/specs/697_spec.mlir --iree-hal-target-device=hip --iree-hip-target=gfx942 --compile-from=executable-sources' timed out after 16 seconds.
2025-09-29 19:42:02,801 - WARNING - Command '/home/amily/iree-build-old/compiler/bindings/python/iree/compiler/tools/../_mlir_libs/iree-compile tuning_2025_09_29_19_41/template.mlir -o=tuning_2025_09_29_19_41/candidates/compiled/889.vmfb --mlir-pass-pipeline-crash-reproducer=tuning_2025_09_29_19_41/candidates/compiled/889.vmfb.crash_report.mlir --iree-codegen-tuning-spec-path=tuning_2025_09_29_19_41/candidates/specs/889_spec.mlir --iree-hal-target-device=hip --iree-hip-target=gfx942 --compile-from=executable-sources' timed out after 16 seconds.
2025-09-29 19:42:03,349 - WARNING - Command '/home/amily/iree-build-old/compiler/bindings/python/iree/compiler/tools/../_mlir_libs/iree-compile tuning_2025_09_29_19_41/template.mlir -o=tuning_2025_09_29_19_41/candidates/compiled/925.vmfb --mlir-pass-pipeline-crash-reproducer=tuning_2025_09_29_19_41/candidates/compiled/925.vmfb.crash_report.mlir --iree-codegen-tuning-spec-path=tuning_2025_09_29_19_41/candidates/specs/925_spec.mlir --iree-hal-target-device=hip --iree-hip-target=gfx942 --compile-from=executable-sources' timed out after 16 seconds.
2025-09-29 19:42:03,503 - INFO - Benchmarking compiled dispatch candidates...
2025-09-29 19:55:15,252 - WARNING - Performance regressions detected for the following devices: hip://5.
2025-09-29 19:55:15,261 - INFO - Candidate 556 time: 35.00 ms (63.6% of baseline)
2025-09-29 19:55:15,261 - INFO - Candidate 863 time: 41.00 ms (74.5% of baseline)
2025-09-29 19:55:15,261 - INFO - Candidate 550 time: 42.33 ms (81.2% of baseline)
2025-09-29 19:55:15,261 - INFO - Candidate 413 time: 44.67 ms (81.2% of baseline)
2025-09-29 19:55:15,261 - INFO - Candidate 874 time: 45.00 ms (81.8% of baseline)
2025-09-29 19:55:15,261 - INFO - Candidate 206 time: 45.33 ms (82.4% of baseline)
2025-09-29 19:55:15,261 - INFO - Candidate 835 time: 43.00 ms (82.4% of baseline)
2025-09-29 19:55:15,262 - INFO - Candidate 100 time: 46.67 ms (83.1% of baseline)
2025-09-29 19:55:15,262 - INFO - Candidate 866 time: 47.00 ms (83.7% of baseline)
2025-09-29 19:55:15,262 - INFO - Candidate 570 time: 44.00 ms (84.3% of baseline)
2025-09-29 19:55:15,262 - INFO - Top dispatch candidates: [556, 863, 550, 413, 874, 206, 835, 100, 866, 570]
2025-09-29 19:55:15,262 - INFO - /home/amily/shark-ai/sharktuner/tuning_2025_09_29_19_41/candidates/specs/556_spec.mlir
2025-09-29 19:55:15,262 - INFO - /home/amily/shark-ai/sharktuner/tuning_2025_09_29_19_41/candidates/specs/863_spec.mlir
2025-09-29 19:55:15,263 - INFO - /home/amily/shark-ai/sharktuner/tuning_2025_09_29_19_41/candidates/specs/550_spec.mlir
2025-09-29 19:55:15,263 - INFO - /home/amily/shark-ai/sharktuner/tuning_2025_09_29_19_41/candidates/specs/413_spec.mlir
2025-09-29 19:55:15,263 - INFO - /home/amily/shark-ai/sharktuner/tuning_2025_09_29_19_41/candidates/specs/874_spec.mlir
2025-09-29 19:55:15,263 - INFO - /home/amily/shark-ai/sharktuner/tuning_2025_09_29_19_41/candidates/specs/206_spec.mlir
2025-09-29 19:55:15,263 - INFO - /home/amily/shark-ai/sharktuner/tuning_2025_09_29_19_41/candidates/specs/835_spec.mlir
2025-09-29 19:55:15,263 - INFO - /home/amily/shark-ai/sharktuner/tuning_2025_09_29_19_41/candidates/specs/100_spec.mlir
2025-09-29 19:55:15,263 - INFO - /home/amily/shark-ai/sharktuner/tuning_2025_09_29_19_41/candidates/specs/866_spec.mlir
2025-09-29 19:55:15,263 - INFO - /home/amily/shark-ai/sharktuner/tuning_2025_09_29_19_41/candidates/specs/570_spec.mlir
