2025-09-30 03:48:31,226 - WARNING - Command '/home/amily/iree-build-old/compiler/bindings/python/iree/compiler/tools/../_mlir_libs/iree-compile tuning_2025_09_30_03_47/template.mlir -o=tuning_2025_09_30_03_47/candidates/compiled/65.vmfb --mlir-pass-pipeline-crash-reproducer=tuning_2025_09_30_03_47/candidates/compiled/65.vmfb.crash_report.mlir --iree-codegen-tuning-spec-path=tuning_2025_09_30_03_47/candidates/specs/65_spec.mlir --iree-hal-target-device=hip --iree-hip-target=gfx942 --compile-from=executable-sources' timed out after 16 seconds.
2025-09-30 03:48:32,097 - WARNING - Command '/home/amily/iree-build-old/compiler/bindings/python/iree/compiler/tools/../_mlir_libs/iree-compile tuning_2025_09_30_03_47/template.mlir -o=tuning_2025_09_30_03_47/candidates/compiled/195.vmfb --mlir-pass-pipeline-crash-reproducer=tuning_2025_09_30_03_47/candidates/compiled/195.vmfb.crash_report.mlir --iree-codegen-tuning-spec-path=tuning_2025_09_30_03_47/candidates/specs/195_spec.mlir --iree-hal-target-device=hip --iree-hip-target=gfx942 --compile-from=executable-sources' timed out after 16 seconds.
2025-09-30 03:48:32,445 - WARNING - Command '/home/amily/iree-build-old/compiler/bindings/python/iree/compiler/tools/../_mlir_libs/iree-compile tuning_2025_09_30_03_47/template.mlir -o=tuning_2025_09_30_03_47/candidates/compiled/235.vmfb --mlir-pass-pipeline-crash-reproducer=tuning_2025_09_30_03_47/candidates/compiled/235.vmfb.crash_report.mlir --iree-codegen-tuning-spec-path=tuning_2025_09_30_03_47/candidates/specs/235_spec.mlir --iree-hal-target-device=hip --iree-hip-target=gfx942 --compile-from=executable-sources' timed out after 16 seconds.
2025-09-30 03:48:32,495 - WARNING - Command '/home/amily/iree-build-old/compiler/bindings/python/iree/compiler/tools/../_mlir_libs/iree-compile tuning_2025_09_30_03_47/template.mlir -o=tuning_2025_09_30_03_47/candidates/compiled/241.vmfb --mlir-pass-pipeline-crash-reproducer=tuning_2025_09_30_03_47/candidates/compiled/241.vmfb.crash_report.mlir --iree-codegen-tuning-spec-path=tuning_2025_09_30_03_47/candidates/specs/241_spec.mlir --iree-hal-target-device=hip --iree-hip-target=gfx942 --compile-from=executable-sources' timed out after 16 seconds.
2025-09-30 03:48:32,710 - WARNING - Command '/home/amily/iree-build-old/compiler/bindings/python/iree/compiler/tools/../_mlir_libs/iree-compile tuning_2025_09_30_03_47/template.mlir -o=tuning_2025_09_30_03_47/candidates/compiled/262.vmfb --mlir-pass-pipeline-crash-reproducer=tuning_2025_09_30_03_47/candidates/compiled/262.vmfb.crash_report.mlir --iree-codegen-tuning-spec-path=tuning_2025_09_30_03_47/candidates/specs/262_spec.mlir --iree-hal-target-device=hip --iree-hip-target=gfx942 --compile-from=executable-sources' timed out after 16 seconds.
2025-09-30 03:48:33,677 - WARNING - Command '/home/amily/iree-build-old/compiler/bindings/python/iree/compiler/tools/../_mlir_libs/iree-compile tuning_2025_09_30_03_47/template.mlir -o=tuning_2025_09_30_03_47/candidates/compiled/359.vmfb --mlir-pass-pipeline-crash-reproducer=tuning_2025_09_30_03_47/candidates/compiled/359.vmfb.crash_report.mlir --iree-codegen-tuning-spec-path=tuning_2025_09_30_03_47/candidates/specs/359_spec.mlir --iree-hal-target-device=hip --iree-hip-target=gfx942 --compile-from=executable-sources' timed out after 16 seconds.
2025-09-30 03:48:34,928 - WARNING - Command '/home/amily/iree-build-old/compiler/bindings/python/iree/compiler/tools/../_mlir_libs/iree-compile tuning_2025_09_30_03_47/template.mlir -o=tuning_2025_09_30_03_47/candidates/compiled/455.vmfb --mlir-pass-pipeline-crash-reproducer=tuning_2025_09_30_03_47/candidates/compiled/455.vmfb.crash_report.mlir --iree-codegen-tuning-spec-path=tuning_2025_09_30_03_47/candidates/specs/455_spec.mlir --iree-hal-target-device=hip --iree-hip-target=gfx942 --compile-from=executable-sources' timed out after 16 seconds.
2025-09-30 03:48:36,936 - WARNING - Command '/home/amily/iree-build-old/compiler/bindings/python/iree/compiler/tools/../_mlir_libs/iree-compile tuning_2025_09_30_03_47/template.mlir -o=tuning_2025_09_30_03_47/candidates/compiled/583.vmfb --mlir-pass-pipeline-crash-reproducer=tuning_2025_09_30_03_47/candidates/compiled/583.vmfb.crash_report.mlir --iree-codegen-tuning-spec-path=tuning_2025_09_30_03_47/candidates/specs/583_spec.mlir --iree-hal-target-device=hip --iree-hip-target=gfx942 --compile-from=executable-sources' timed out after 16 seconds.
2025-09-30 03:48:38,296 - WARNING - Command '/home/amily/iree-build-old/compiler/bindings/python/iree/compiler/tools/../_mlir_libs/iree-compile tuning_2025_09_30_03_47/template.mlir -o=tuning_2025_09_30_03_47/candidates/compiled/691.vmfb --mlir-pass-pipeline-crash-reproducer=tuning_2025_09_30_03_47/candidates/compiled/691.vmfb.crash_report.mlir --iree-codegen-tuning-spec-path=tuning_2025_09_30_03_47/candidates/specs/691_spec.mlir --iree-hal-target-device=hip --iree-hip-target=gfx942 --compile-from=executable-sources' timed out after 16 seconds.
2025-09-30 03:48:39,091 - WARNING - Command '/home/amily/iree-build-old/compiler/bindings/python/iree/compiler/tools/../_mlir_libs/iree-compile tuning_2025_09_30_03_47/template.mlir -o=tuning_2025_09_30_03_47/candidates/compiled/761.vmfb --mlir-pass-pipeline-crash-reproducer=tuning_2025_09_30_03_47/candidates/compiled/761.vmfb.crash_report.mlir --iree-codegen-tuning-spec-path=tuning_2025_09_30_03_47/candidates/specs/761_spec.mlir --iree-hal-target-device=hip --iree-hip-target=gfx942 --compile-from=executable-sources' timed out after 16 seconds.
2025-09-30 03:48:39,917 - WARNING - Command '/home/amily/iree-build-old/compiler/bindings/python/iree/compiler/tools/../_mlir_libs/iree-compile tuning_2025_09_30_03_47/template.mlir -o=tuning_2025_09_30_03_47/candidates/compiled/812.vmfb --mlir-pass-pipeline-crash-reproducer=tuning_2025_09_30_03_47/candidates/compiled/812.vmfb.crash_report.mlir --iree-codegen-tuning-spec-path=tuning_2025_09_30_03_47/candidates/specs/812_spec.mlir --iree-hal-target-device=hip --iree-hip-target=gfx942 --compile-from=executable-sources' timed out after 16 seconds.
2025-09-30 03:48:41,966 - WARNING - Command '/home/amily/iree-build-old/compiler/bindings/python/iree/compiler/tools/../_mlir_libs/iree-compile tuning_2025_09_30_03_47/template.mlir -o=tuning_2025_09_30_03_47/candidates/compiled/936.vmfb --mlir-pass-pipeline-crash-reproducer=tuning_2025_09_30_03_47/candidates/compiled/936.vmfb.crash_report.mlir --iree-codegen-tuning-spec-path=tuning_2025_09_30_03_47/candidates/specs/936_spec.mlir --iree-hal-target-device=hip --iree-hip-target=gfx942 --compile-from=executable-sources' timed out after 16 seconds.
2025-09-30 03:48:45,516 - WARNING - Command '/home/amily/iree-build-old/compiler/bindings/python/iree/compiler/tools/../_mlir_libs/iree-compile tuning_2025_09_30_03_47/template.mlir -o=tuning_2025_09_30_03_47/candidates/compiled/1153.vmfb --mlir-pass-pipeline-crash-reproducer=tuning_2025_09_30_03_47/candidates/compiled/1153.vmfb.crash_report.mlir --iree-codegen-tuning-spec-path=tuning_2025_09_30_03_47/candidates/specs/1153_spec.mlir --iree-hal-target-device=hip --iree-hip-target=gfx942 --compile-from=executable-sources' timed out after 16 seconds.
2025-09-30 03:48:50,953 - WARNING - Command '/home/amily/iree-build-old/compiler/bindings/python/iree/compiler/tools/../_mlir_libs/iree-compile tuning_2025_09_30_03_47/template.mlir -o=tuning_2025_09_30_03_47/candidates/compiled/1530.vmfb --mlir-pass-pipeline-crash-reproducer=tuning_2025_09_30_03_47/candidates/compiled/1530.vmfb.crash_report.mlir --iree-codegen-tuning-spec-path=tuning_2025_09_30_03_47/candidates/specs/1530_spec.mlir --iree-hal-target-device=hip --iree-hip-target=gfx942 --compile-from=executable-sources' timed out after 16 seconds.
2025-09-30 03:48:51,610 - WARNING - Command '/home/amily/iree-build-old/compiler/bindings/python/iree/compiler/tools/../_mlir_libs/iree-compile tuning_2025_09_30_03_47/template.mlir -o=tuning_2025_09_30_03_47/candidates/compiled/1574.vmfb --mlir-pass-pipeline-crash-reproducer=tuning_2025_09_30_03_47/candidates/compiled/1574.vmfb.crash_report.mlir --iree-codegen-tuning-spec-path=tuning_2025_09_30_03_47/candidates/specs/1574_spec.mlir --iree-hal-target-device=hip --iree-hip-target=gfx942 --compile-from=executable-sources' timed out after 16 seconds.
2025-09-30 03:48:51,793 - INFO - Benchmarking compiled dispatch candidates...
2025-09-30 04:04:54,921 - WARNING - Performance regressions detected for the following devices: hip://5.
2025-09-30 04:04:54,932 - INFO - Candidate 1312 time: 97.00 ms (86.7% of baseline)
2025-09-30 04:04:54,932 - INFO - Candidate 414 time: 99.33 ms (87.4% of baseline)
2025-09-30 04:04:54,933 - INFO - Candidate 1373 time: 100.33 ms (88.3% of baseline)
2025-09-30 04:04:54,933 - INFO - Candidate 1361 time: 100.33 ms (88.3% of baseline)
2025-09-30 04:04:54,933 - INFO - Candidate 364 time: 100.67 ms (88.6% of baseline)
2025-09-30 04:04:54,933 - INFO - Candidate 966 time: 102.00 ms (88.7% of baseline)
2025-09-30 04:04:54,933 - INFO - Candidate 447 time: 103.00 ms (89.6% of baseline)
2025-09-30 04:04:54,933 - INFO - Candidate 331 time: 103.33 ms (89.9% of baseline)
2025-09-30 04:04:54,933 - INFO - Candidate 333 time: 101.67 ms (90.4% of baseline)
2025-09-30 04:04:54,933 - INFO - Candidate 1337 time: 101.33 ms (90.6% of baseline)
2025-09-30 04:04:54,933 - INFO - Top dispatch candidates: [1312, 414, 1373, 1361, 364, 966, 447, 331, 333, 1337]
2025-09-30 04:04:54,934 - INFO - /home/amily/shark-ai/sharktuner/tuning_2025_09_30_03_47/candidates/specs/1312_spec.mlir
2025-09-30 04:04:54,934 - INFO - /home/amily/shark-ai/sharktuner/tuning_2025_09_30_03_47/candidates/specs/414_spec.mlir
2025-09-30 04:04:54,934 - INFO - /home/amily/shark-ai/sharktuner/tuning_2025_09_30_03_47/candidates/specs/1373_spec.mlir
2025-09-30 04:04:54,934 - INFO - /home/amily/shark-ai/sharktuner/tuning_2025_09_30_03_47/candidates/specs/1361_spec.mlir
2025-09-30 04:04:54,934 - INFO - /home/amily/shark-ai/sharktuner/tuning_2025_09_30_03_47/candidates/specs/364_spec.mlir
2025-09-30 04:04:54,934 - INFO - /home/amily/shark-ai/sharktuner/tuning_2025_09_30_03_47/candidates/specs/966_spec.mlir
2025-09-30 04:04:54,934 - INFO - /home/amily/shark-ai/sharktuner/tuning_2025_09_30_03_47/candidates/specs/447_spec.mlir
2025-09-30 04:04:54,934 - INFO - /home/amily/shark-ai/sharktuner/tuning_2025_09_30_03_47/candidates/specs/331_spec.mlir
2025-09-30 04:04:54,935 - INFO - /home/amily/shark-ai/sharktuner/tuning_2025_09_30_03_47/candidates/specs/333_spec.mlir
2025-09-30 04:04:54,935 - INFO - /home/amily/shark-ai/sharktuner/tuning_2025_09_30_03_47/candidates/specs/1337_spec.mlir
