2025-09-30 00:52:29,280 - WARNING - Command '/home/amily/iree-build-old/compiler/bindings/python/iree/compiler/tools/../_mlir_libs/iree-compile tuning_2025_09_30_00_51/template.mlir -o=tuning_2025_09_30_00_51/candidates/compiled/6.vmfb --mlir-pass-pipeline-crash-reproducer=tuning_2025_09_30_00_51/candidates/compiled/6.vmfb.crash_report.mlir --iree-codegen-tuning-spec-path=tuning_2025_09_30_00_51/candidates/specs/6_spec.mlir --iree-hal-target-device=hip --iree-hip-target=gfx942 --compile-from=executable-sources' timed out after 16 seconds.
2025-09-30 00:52:29,360 - WARNING - Command '/home/amily/iree-build-old/compiler/bindings/python/iree/compiler/tools/../_mlir_libs/iree-compile tuning_2025_09_30_00_51/template.mlir -o=tuning_2025_09_30_00_51/candidates/compiled/67.vmfb --mlir-pass-pipeline-crash-reproducer=tuning_2025_09_30_00_51/candidates/compiled/67.vmfb.crash_report.mlir --iree-codegen-tuning-spec-path=tuning_2025_09_30_00_51/candidates/specs/67_spec.mlir --iree-hal-target-device=hip --iree-hip-target=gfx942 --compile-from=executable-sources' timed out after 16 seconds.
2025-09-30 00:52:30,212 - WARNING - Command '/home/amily/iree-build-old/compiler/bindings/python/iree/compiler/tools/../_mlir_libs/iree-compile tuning_2025_09_30_00_51/template.mlir -o=tuning_2025_09_30_00_51/candidates/compiled/170.vmfb --mlir-pass-pipeline-crash-reproducer=tuning_2025_09_30_00_51/candidates/compiled/170.vmfb.crash_report.mlir --iree-codegen-tuning-spec-path=tuning_2025_09_30_00_51/candidates/specs/170_spec.mlir --iree-hal-target-device=hip --iree-hip-target=gfx942 --compile-from=executable-sources' timed out after 16 seconds.
2025-09-30 00:52:30,502 - WARNING - Command '/home/amily/iree-build-old/compiler/bindings/python/iree/compiler/tools/../_mlir_libs/iree-compile tuning_2025_09_30_00_51/template.mlir -o=tuning_2025_09_30_00_51/candidates/compiled/195.vmfb --mlir-pass-pipeline-crash-reproducer=tuning_2025_09_30_00_51/candidates/compiled/195.vmfb.crash_report.mlir --iree-codegen-tuning-spec-path=tuning_2025_09_30_00_51/candidates/specs/195_spec.mlir --iree-hal-target-device=hip --iree-hip-target=gfx942 --compile-from=executable-sources' timed out after 16 seconds.
2025-09-30 00:52:30,932 - WARNING - Command '/home/amily/iree-build-old/compiler/bindings/python/iree/compiler/tools/../_mlir_libs/iree-compile tuning_2025_09_30_00_51/template.mlir -o=tuning_2025_09_30_00_51/candidates/compiled/233.vmfb --mlir-pass-pipeline-crash-reproducer=tuning_2025_09_30_00_51/candidates/compiled/233.vmfb.crash_report.mlir --iree-codegen-tuning-spec-path=tuning_2025_09_30_00_51/candidates/specs/233_spec.mlir --iree-hal-target-device=hip --iree-hip-target=gfx942 --compile-from=executable-sources' timed out after 16 seconds.
2025-09-30 00:52:33,084 - WARNING - Command '/home/amily/iree-build-old/compiler/bindings/python/iree/compiler/tools/../_mlir_libs/iree-compile tuning_2025_09_30_00_51/template.mlir -o=tuning_2025_09_30_00_51/candidates/compiled/416.vmfb --mlir-pass-pipeline-crash-reproducer=tuning_2025_09_30_00_51/candidates/compiled/416.vmfb.crash_report.mlir --iree-codegen-tuning-spec-path=tuning_2025_09_30_00_51/candidates/specs/416_spec.mlir --iree-hal-target-device=hip --iree-hip-target=gfx942 --compile-from=executable-sources' timed out after 16 seconds.
2025-09-30 00:52:37,204 - WARNING - Command '/home/amily/iree-build-old/compiler/bindings/python/iree/compiler/tools/../_mlir_libs/iree-compile tuning_2025_09_30_00_51/template.mlir -o=tuning_2025_09_30_00_51/candidates/compiled/717.vmfb --mlir-pass-pipeline-crash-reproducer=tuning_2025_09_30_00_51/candidates/compiled/717.vmfb.crash_report.mlir --iree-codegen-tuning-spec-path=tuning_2025_09_30_00_51/candidates/specs/717_spec.mlir --iree-hal-target-device=hip --iree-hip-target=gfx942 --compile-from=executable-sources' timed out after 16 seconds.
2025-09-30 00:52:38,361 - WARNING - Command '/home/amily/iree-build-old/compiler/bindings/python/iree/compiler/tools/../_mlir_libs/iree-compile tuning_2025_09_30_00_51/template.mlir -o=tuning_2025_09_30_00_51/candidates/compiled/776.vmfb --mlir-pass-pipeline-crash-reproducer=tuning_2025_09_30_00_51/candidates/compiled/776.vmfb.crash_report.mlir --iree-codegen-tuning-spec-path=tuning_2025_09_30_00_51/candidates/specs/776_spec.mlir --iree-hal-target-device=hip --iree-hip-target=gfx942 --compile-from=executable-sources' timed out after 16 seconds.
2025-09-30 00:52:39,648 - WARNING - Command '/home/amily/iree-build-old/compiler/bindings/python/iree/compiler/tools/../_mlir_libs/iree-compile tuning_2025_09_30_00_51/template.mlir -o=tuning_2025_09_30_00_51/candidates/compiled/850.vmfb --mlir-pass-pipeline-crash-reproducer=tuning_2025_09_30_00_51/candidates/compiled/850.vmfb.crash_report.mlir --iree-codegen-tuning-spec-path=tuning_2025_09_30_00_51/candidates/specs/850_spec.mlir --iree-hal-target-device=hip --iree-hip-target=gfx942 --compile-from=executable-sources' timed out after 16 seconds.
2025-09-30 00:52:41,402 - WARNING - Command '/home/amily/iree-build-old/compiler/bindings/python/iree/compiler/tools/../_mlir_libs/iree-compile tuning_2025_09_30_00_51/template.mlir -o=tuning_2025_09_30_00_51/candidates/compiled/968.vmfb --mlir-pass-pipeline-crash-reproducer=tuning_2025_09_30_00_51/candidates/compiled/968.vmfb.crash_report.mlir --iree-codegen-tuning-spec-path=tuning_2025_09_30_00_51/candidates/specs/968_spec.mlir --iree-hal-target-device=hip --iree-hip-target=gfx942 --compile-from=executable-sources' timed out after 16 seconds.
2025-09-30 00:52:41,473 - WARNING - Command '/home/amily/iree-build-old/compiler/bindings/python/iree/compiler/tools/../_mlir_libs/iree-compile tuning_2025_09_30_00_51/template.mlir -o=tuning_2025_09_30_00_51/candidates/compiled/975.vmfb --mlir-pass-pipeline-crash-reproducer=tuning_2025_09_30_00_51/candidates/compiled/975.vmfb.crash_report.mlir --iree-codegen-tuning-spec-path=tuning_2025_09_30_00_51/candidates/specs/975_spec.mlir --iree-hal-target-device=hip --iree-hip-target=gfx942 --compile-from=executable-sources' timed out after 16 seconds.
2025-09-30 00:52:41,789 - WARNING - Command '/home/amily/iree-build-old/compiler/bindings/python/iree/compiler/tools/../_mlir_libs/iree-compile tuning_2025_09_30_00_51/template.mlir -o=tuning_2025_09_30_00_51/candidates/compiled/1001.vmfb --mlir-pass-pipeline-crash-reproducer=tuning_2025_09_30_00_51/candidates/compiled/1001.vmfb.crash_report.mlir --iree-codegen-tuning-spec-path=tuning_2025_09_30_00_51/candidates/specs/1001_spec.mlir --iree-hal-target-device=hip --iree-hip-target=gfx942 --compile-from=executable-sources' timed out after 16 seconds.
2025-09-30 00:52:44,329 - WARNING - Command '/home/amily/iree-build-old/compiler/bindings/python/iree/compiler/tools/../_mlir_libs/iree-compile tuning_2025_09_30_00_51/template.mlir -o=tuning_2025_09_30_00_51/candidates/compiled/1153.vmfb --mlir-pass-pipeline-crash-reproducer=tuning_2025_09_30_00_51/candidates/compiled/1153.vmfb.crash_report.mlir --iree-codegen-tuning-spec-path=tuning_2025_09_30_00_51/candidates/specs/1153_spec.mlir --iree-hal-target-device=hip --iree-hip-target=gfx942 --compile-from=executable-sources' timed out after 16 seconds.
2025-09-30 00:52:44,457 - WARNING - Command '/home/amily/iree-build-old/compiler/bindings/python/iree/compiler/tools/../_mlir_libs/iree-compile tuning_2025_09_30_00_51/template.mlir -o=tuning_2025_09_30_00_51/candidates/compiled/1165.vmfb --mlir-pass-pipeline-crash-reproducer=tuning_2025_09_30_00_51/candidates/compiled/1165.vmfb.crash_report.mlir --iree-codegen-tuning-spec-path=tuning_2025_09_30_00_51/candidates/specs/1165_spec.mlir --iree-hal-target-device=hip --iree-hip-target=gfx942 --compile-from=executable-sources' timed out after 16 seconds.
2025-09-30 00:52:46,259 - WARNING - Command '/home/amily/iree-build-old/compiler/bindings/python/iree/compiler/tools/../_mlir_libs/iree-compile tuning_2025_09_30_00_51/template.mlir -o=tuning_2025_09_30_00_51/candidates/compiled/1293.vmfb --mlir-pass-pipeline-crash-reproducer=tuning_2025_09_30_00_51/candidates/compiled/1293.vmfb.crash_report.mlir --iree-codegen-tuning-spec-path=tuning_2025_09_30_00_51/candidates/specs/1293_spec.mlir --iree-hal-target-device=hip --iree-hip-target=gfx942 --compile-from=executable-sources' timed out after 16 seconds.
2025-09-30 00:52:47,102 - INFO - Benchmarking compiled dispatch candidates...
2025-09-30 01:08:53,396 - WARNING - Performance regressions detected for the following devices: hip://2, hip://6, hip://7.
2025-09-30 01:08:53,408 - INFO - Candidate 928 time: 63.67 ms (76.7% of baseline)
2025-09-30 01:08:53,408 - INFO - Candidate 1313 time: 69.00 ms (81.7% of baseline)
2025-09-30 01:08:53,408 - INFO - Candidate 351 time: 74.00 ms (83.8% of baseline)
2025-09-30 01:08:53,408 - INFO - Candidate 81 time: 74.33 ms (84.2% of baseline)
2025-09-30 01:08:53,408 - INFO - Candidate 1523 time: 76.00 ms (86.0% of baseline)
2025-09-30 01:08:53,408 - INFO - Candidate 1296 time: 71.33 ms (86.3% of baseline)
2025-09-30 01:08:53,408 - INFO - Candidate 1267 time: 76.33 ms (86.4% of baseline)
2025-09-30 01:08:53,408 - INFO - Candidate 1014 time: 76.67 ms (86.8% of baseline)
2025-09-30 01:08:53,408 - INFO - Candidate 1020 time: 74.00 ms (87.6% of baseline)
2025-09-30 01:08:53,408 - INFO - Candidate 332 time: 78.00 ms (88.3% of baseline)
2025-09-30 01:08:53,409 - INFO - Top dispatch candidates: [928, 1313, 351, 81, 1523, 1296, 1267, 1014, 1020, 332]
2025-09-30 01:08:53,409 - INFO - /home/amily/shark-ai/sharktuner/tuning_2025_09_30_00_51/candidates/specs/928_spec.mlir
2025-09-30 01:08:53,409 - INFO - /home/amily/shark-ai/sharktuner/tuning_2025_09_30_00_51/candidates/specs/1313_spec.mlir
2025-09-30 01:08:53,409 - INFO - /home/amily/shark-ai/sharktuner/tuning_2025_09_30_00_51/candidates/specs/351_spec.mlir
2025-09-30 01:08:53,409 - INFO - /home/amily/shark-ai/sharktuner/tuning_2025_09_30_00_51/candidates/specs/81_spec.mlir
2025-09-30 01:08:53,409 - INFO - /home/amily/shark-ai/sharktuner/tuning_2025_09_30_00_51/candidates/specs/1523_spec.mlir
2025-09-30 01:08:53,410 - INFO - /home/amily/shark-ai/sharktuner/tuning_2025_09_30_00_51/candidates/specs/1296_spec.mlir
2025-09-30 01:08:53,410 - INFO - /home/amily/shark-ai/sharktuner/tuning_2025_09_30_00_51/candidates/specs/1267_spec.mlir
2025-09-30 01:08:53,410 - INFO - /home/amily/shark-ai/sharktuner/tuning_2025_09_30_00_51/candidates/specs/1014_spec.mlir
2025-09-30 01:08:53,410 - INFO - /home/amily/shark-ai/sharktuner/tuning_2025_09_30_00_51/candidates/specs/1020_spec.mlir
2025-09-30 01:08:53,410 - INFO - /home/amily/shark-ai/sharktuner/tuning_2025_09_30_00_51/candidates/specs/332_spec.mlir
