2025-09-29 21:19:14,109 - WARNING - Command '/home/amily/iree-build-old/compiler/bindings/python/iree/compiler/tools/../_mlir_libs/iree-compile tuning_2025_09_29_21_18/template.mlir -o=tuning_2025_09_29_21_18/candidates/compiled/190.vmfb --mlir-pass-pipeline-crash-reproducer=tuning_2025_09_29_21_18/candidates/compiled/190.vmfb.crash_report.mlir --iree-codegen-tuning-spec-path=tuning_2025_09_29_21_18/candidates/specs/190_spec.mlir --iree-hal-target-device=hip --iree-hip-target=gfx942 --compile-from=executable-sources' timed out after 16 seconds.
2025-09-29 21:19:14,753 - WARNING - Command '/home/amily/iree-build-old/compiler/bindings/python/iree/compiler/tools/../_mlir_libs/iree-compile tuning_2025_09_29_21_18/template.mlir -o=tuning_2025_09_29_21_18/candidates/compiled/270.vmfb --mlir-pass-pipeline-crash-reproducer=tuning_2025_09_29_21_18/candidates/compiled/270.vmfb.crash_report.mlir --iree-codegen-tuning-spec-path=tuning_2025_09_29_21_18/candidates/specs/270_spec.mlir --iree-hal-target-device=hip --iree-hip-target=gfx942 --compile-from=executable-sources' timed out after 16 seconds.
2025-09-29 21:19:15,551 - WARNING - Command '/home/amily/iree-build-old/compiler/bindings/python/iree/compiler/tools/../_mlir_libs/iree-compile tuning_2025_09_29_21_18/template.mlir -o=tuning_2025_09_29_21_18/candidates/compiled/348.vmfb --mlir-pass-pipeline-crash-reproducer=tuning_2025_09_29_21_18/candidates/compiled/348.vmfb.crash_report.mlir --iree-codegen-tuning-spec-path=tuning_2025_09_29_21_18/candidates/specs/348_spec.mlir --iree-hal-target-device=hip --iree-hip-target=gfx942 --compile-from=executable-sources' timed out after 16 seconds.
2025-09-29 21:19:19,245 - WARNING - Command '/home/amily/iree-build-old/compiler/bindings/python/iree/compiler/tools/../_mlir_libs/iree-compile tuning_2025_09_29_21_18/template.mlir -o=tuning_2025_09_29_21_18/candidates/compiled/632.vmfb --mlir-pass-pipeline-crash-reproducer=tuning_2025_09_29_21_18/candidates/compiled/632.vmfb.crash_report.mlir --iree-codegen-tuning-spec-path=tuning_2025_09_29_21_18/candidates/specs/632_spec.mlir --iree-hal-target-device=hip --iree-hip-target=gfx942 --compile-from=executable-sources' timed out after 16 seconds.
2025-09-29 21:19:20,687 - WARNING - Command '/home/amily/iree-build-old/compiler/bindings/python/iree/compiler/tools/../_mlir_libs/iree-compile tuning_2025_09_29_21_18/template.mlir -o=tuning_2025_09_29_21_18/candidates/compiled/737.vmfb --mlir-pass-pipeline-crash-reproducer=tuning_2025_09_29_21_18/candidates/compiled/737.vmfb.crash_report.mlir --iree-codegen-tuning-spec-path=tuning_2025_09_29_21_18/candidates/specs/737_spec.mlir --iree-hal-target-device=hip --iree-hip-target=gfx942 --compile-from=executable-sources' timed out after 16 seconds.
2025-09-29 21:19:21,037 - WARNING - Command '/home/amily/iree-build-old/compiler/bindings/python/iree/compiler/tools/../_mlir_libs/iree-compile tuning_2025_09_29_21_18/template.mlir -o=tuning_2025_09_29_21_18/candidates/compiled/758.vmfb --mlir-pass-pipeline-crash-reproducer=tuning_2025_09_29_21_18/candidates/compiled/758.vmfb.crash_report.mlir --iree-codegen-tuning-spec-path=tuning_2025_09_29_21_18/candidates/specs/758_spec.mlir --iree-hal-target-device=hip --iree-hip-target=gfx942 --compile-from=executable-sources' timed out after 16 seconds.
2025-09-29 21:19:23,092 - WARNING - Command '/home/amily/iree-build-old/compiler/bindings/python/iree/compiler/tools/../_mlir_libs/iree-compile tuning_2025_09_29_21_18/template.mlir -o=tuning_2025_09_29_21_18/candidates/compiled/899.vmfb --mlir-pass-pipeline-crash-reproducer=tuning_2025_09_29_21_18/candidates/compiled/899.vmfb.crash_report.mlir --iree-codegen-tuning-spec-path=tuning_2025_09_29_21_18/candidates/specs/899_spec.mlir --iree-hal-target-device=hip --iree-hip-target=gfx942 --compile-from=executable-sources' timed out after 16 seconds.
2025-09-29 21:19:23,294 - WARNING - Command '/home/amily/iree-build-old/compiler/bindings/python/iree/compiler/tools/../_mlir_libs/iree-compile tuning_2025_09_29_21_18/template.mlir -o=tuning_2025_09_29_21_18/candidates/compiled/916.vmfb --mlir-pass-pipeline-crash-reproducer=tuning_2025_09_29_21_18/candidates/compiled/916.vmfb.crash_report.mlir --iree-codegen-tuning-spec-path=tuning_2025_09_29_21_18/candidates/specs/916_spec.mlir --iree-hal-target-device=hip --iree-hip-target=gfx942 --compile-from=executable-sources' timed out after 16 seconds.
2025-09-29 21:19:23,644 - WARNING - Command '/home/amily/iree-build-old/compiler/bindings/python/iree/compiler/tools/../_mlir_libs/iree-compile tuning_2025_09_29_21_18/template.mlir -o=tuning_2025_09_29_21_18/candidates/compiled/941.vmfb --mlir-pass-pipeline-crash-reproducer=tuning_2025_09_29_21_18/candidates/compiled/941.vmfb.crash_report.mlir --iree-codegen-tuning-spec-path=tuning_2025_09_29_21_18/candidates/specs/941_spec.mlir --iree-hal-target-device=hip --iree-hip-target=gfx942 --compile-from=executable-sources' timed out after 16 seconds.
2025-09-29 21:19:25,960 - WARNING - Command '/home/amily/iree-build-old/compiler/bindings/python/iree/compiler/tools/../_mlir_libs/iree-compile tuning_2025_09_29_21_18/template.mlir -o=tuning_2025_09_29_21_18/candidates/compiled/1095.vmfb --mlir-pass-pipeline-crash-reproducer=tuning_2025_09_29_21_18/candidates/compiled/1095.vmfb.crash_report.mlir --iree-codegen-tuning-spec-path=tuning_2025_09_29_21_18/candidates/specs/1095_spec.mlir --iree-hal-target-device=hip --iree-hip-target=gfx942 --compile-from=executable-sources' timed out after 16 seconds.
2025-09-29 21:19:26,163 - WARNING - Command '/home/amily/iree-build-old/compiler/bindings/python/iree/compiler/tools/../_mlir_libs/iree-compile tuning_2025_09_29_21_18/template.mlir -o=tuning_2025_09_29_21_18/candidates/compiled/1111.vmfb --mlir-pass-pipeline-crash-reproducer=tuning_2025_09_29_21_18/candidates/compiled/1111.vmfb.crash_report.mlir --iree-codegen-tuning-spec-path=tuning_2025_09_29_21_18/candidates/specs/1111_spec.mlir --iree-hal-target-device=hip --iree-hip-target=gfx942 --compile-from=executable-sources' timed out after 16 seconds.
2025-09-29 21:19:26,795 - WARNING - Command '/home/amily/iree-build-old/compiler/bindings/python/iree/compiler/tools/../_mlir_libs/iree-compile tuning_2025_09_29_21_18/template.mlir -o=tuning_2025_09_29_21_18/candidates/compiled/1149.vmfb --mlir-pass-pipeline-crash-reproducer=tuning_2025_09_29_21_18/candidates/compiled/1149.vmfb.crash_report.mlir --iree-codegen-tuning-spec-path=tuning_2025_09_29_21_18/candidates/specs/1149_spec.mlir --iree-hal-target-device=hip --iree-hip-target=gfx942 --compile-from=executable-sources' timed out after 16 seconds.
2025-09-29 21:19:29,591 - WARNING - Command '/home/amily/iree-build-old/compiler/bindings/python/iree/compiler/tools/../_mlir_libs/iree-compile tuning_2025_09_29_21_18/template.mlir -o=tuning_2025_09_29_21_18/candidates/compiled/1328.vmfb --mlir-pass-pipeline-crash-reproducer=tuning_2025_09_29_21_18/candidates/compiled/1328.vmfb.crash_report.mlir --iree-codegen-tuning-spec-path=tuning_2025_09_29_21_18/candidates/specs/1328_spec.mlir --iree-hal-target-device=hip --iree-hip-target=gfx942 --compile-from=executable-sources' timed out after 16 seconds.
2025-09-29 21:19:30,405 - WARNING - Command '/home/amily/iree-build-old/compiler/bindings/python/iree/compiler/tools/../_mlir_libs/iree-compile tuning_2025_09_29_21_18/template.mlir -o=tuning_2025_09_29_21_18/candidates/compiled/1392.vmfb --mlir-pass-pipeline-crash-reproducer=tuning_2025_09_29_21_18/candidates/compiled/1392.vmfb.crash_report.mlir --iree-codegen-tuning-spec-path=tuning_2025_09_29_21_18/candidates/specs/1392_spec.mlir --iree-hal-target-device=hip --iree-hip-target=gfx942 --compile-from=executable-sources' timed out after 16 seconds.
2025-09-29 21:19:33,305 - WARNING - Command '/home/amily/iree-build-old/compiler/bindings/python/iree/compiler/tools/../_mlir_libs/iree-compile tuning_2025_09_29_21_18/template.mlir -o=tuning_2025_09_29_21_18/candidates/compiled/1578.vmfb --mlir-pass-pipeline-crash-reproducer=tuning_2025_09_29_21_18/candidates/compiled/1578.vmfb.crash_report.mlir --iree-codegen-tuning-spec-path=tuning_2025_09_29_21_18/candidates/specs/1578_spec.mlir --iree-hal-target-device=hip --iree-hip-target=gfx942 --compile-from=executable-sources' timed out after 16 seconds.
2025-09-29 21:19:33,491 - INFO - Benchmarking compiled dispatch candidates...
2025-09-29 21:35:37,348 - WARNING - Performance regressions detected for the following devices: hip://2, hip://6, hip://7.
2025-09-29 21:35:37,359 - INFO - Candidate 24 time: 94.00 ms (82.2% of baseline)
2025-09-29 21:35:37,360 - INFO - Candidate 940 time: 93.33 ms (82.5% of baseline)
2025-09-29 21:35:37,360 - INFO - Candidate 667 time: 96.67 ms (85.4% of baseline)
2025-09-29 21:35:37,360 - INFO - Candidate 1151 time: 98.33 ms (86.1% of baseline)
2025-09-29 21:35:37,360 - INFO - Candidate 230 time: 98.67 ms (87.2% of baseline)
2025-09-29 21:35:37,360 - INFO - Candidate 875 time: 99.33 ms (87.8% of baseline)
2025-09-29 21:35:37,360 - INFO - Candidate 1150 time: 100.33 ms (88.7% of baseline)
2025-09-29 21:35:37,360 - INFO - Candidate 868 time: 101.33 ms (88.8% of baseline)
2025-09-29 21:35:37,360 - INFO - Candidate 1063 time: 98.67 ms (89.0% of baseline)
2025-09-29 21:35:37,360 - INFO - Candidate 799 time: 102.00 ms (89.2% of baseline)
2025-09-29 21:35:37,360 - INFO - Top dispatch candidates: [24, 940, 667, 1151, 230, 875, 1150, 868, 1063, 799]
2025-09-29 21:35:37,361 - INFO - /home/amily/shark-ai/sharktuner/tuning_2025_09_29_21_18/candidates/specs/24_spec.mlir
2025-09-29 21:35:37,361 - INFO - /home/amily/shark-ai/sharktuner/tuning_2025_09_29_21_18/candidates/specs/940_spec.mlir
2025-09-29 21:35:37,361 - INFO - /home/amily/shark-ai/sharktuner/tuning_2025_09_29_21_18/candidates/specs/667_spec.mlir
2025-09-29 21:35:37,361 - INFO - /home/amily/shark-ai/sharktuner/tuning_2025_09_29_21_18/candidates/specs/1151_spec.mlir
2025-09-29 21:35:37,361 - INFO - /home/amily/shark-ai/sharktuner/tuning_2025_09_29_21_18/candidates/specs/230_spec.mlir
2025-09-29 21:35:37,361 - INFO - /home/amily/shark-ai/sharktuner/tuning_2025_09_29_21_18/candidates/specs/875_spec.mlir
2025-09-29 21:35:37,361 - INFO - /home/amily/shark-ai/sharktuner/tuning_2025_09_29_21_18/candidates/specs/1150_spec.mlir
2025-09-29 21:35:37,362 - INFO - /home/amily/shark-ai/sharktuner/tuning_2025_09_29_21_18/candidates/specs/868_spec.mlir
2025-09-29 21:35:37,362 - INFO - /home/amily/shark-ai/sharktuner/tuning_2025_09_29_21_18/candidates/specs/1063_spec.mlir
2025-09-29 21:35:37,362 - INFO - /home/amily/shark-ai/sharktuner/tuning_2025_09_29_21_18/candidates/specs/799_spec.mlir
