2025-09-29 18:52:44,270 - WARNING - Command '/home/amily/iree-build-old/compiler/bindings/python/iree/compiler/tools/../_mlir_libs/iree-compile tuning_2025_09_29_18_50/template.mlir -o=tuning_2025_09_29_18_50/candidates/compiled/53.vmfb --mlir-pass-pipeline-crash-reproducer=tuning_2025_09_29_18_50/candidates/compiled/53.vmfb.crash_report.mlir --iree-codegen-tuning-spec-path=tuning_2025_09_29_18_50/candidates/specs/53_spec.mlir --iree-hal-target-device=hip --iree-hip-target=gfx942 --compile-from=executable-sources' timed out after 16 seconds.
2025-09-29 18:52:45,847 - WARNING - Command '/home/amily/iree-build-old/compiler/bindings/python/iree/compiler/tools/../_mlir_libs/iree-compile tuning_2025_09_29_18_50/template.mlir -o=tuning_2025_09_29_18_50/candidates/compiled/193.vmfb --mlir-pass-pipeline-crash-reproducer=tuning_2025_09_29_18_50/candidates/compiled/193.vmfb.crash_report.mlir --iree-codegen-tuning-spec-path=tuning_2025_09_29_18_50/candidates/specs/193_spec.mlir --iree-hal-target-device=hip --iree-hip-target=gfx942 --compile-from=executable-sources' timed out after 16 seconds.
2025-09-29 18:52:46,479 - WARNING - Command '/home/amily/iree-build-old/compiler/bindings/python/iree/compiler/tools/../_mlir_libs/iree-compile tuning_2025_09_29_18_50/template.mlir -o=tuning_2025_09_29_18_50/candidates/compiled/244.vmfb --mlir-pass-pipeline-crash-reproducer=tuning_2025_09_29_18_50/candidates/compiled/244.vmfb.crash_report.mlir --iree-codegen-tuning-spec-path=tuning_2025_09_29_18_50/candidates/specs/244_spec.mlir --iree-hal-target-device=hip --iree-hip-target=gfx942 --compile-from=executable-sources' timed out after 16 seconds.
2025-09-29 18:52:46,739 - WARNING - Command '/home/amily/iree-build-old/compiler/bindings/python/iree/compiler/tools/../_mlir_libs/iree-compile tuning_2025_09_29_18_50/template.mlir -o=tuning_2025_09_29_18_50/candidates/compiled/261.vmfb --mlir-pass-pipeline-crash-reproducer=tuning_2025_09_29_18_50/candidates/compiled/261.vmfb.crash_report.mlir --iree-codegen-tuning-spec-path=tuning_2025_09_29_18_50/candidates/specs/261_spec.mlir --iree-hal-target-device=hip --iree-hip-target=gfx942 --compile-from=executable-sources' timed out after 16 seconds.
2025-09-29 18:52:47,237 - WARNING - Command '/home/amily/iree-build-old/compiler/bindings/python/iree/compiler/tools/../_mlir_libs/iree-compile tuning_2025_09_29_18_50/template.mlir -o=tuning_2025_09_29_18_50/candidates/compiled/293.vmfb --mlir-pass-pipeline-crash-reproducer=tuning_2025_09_29_18_50/candidates/compiled/293.vmfb.crash_report.mlir --iree-codegen-tuning-spec-path=tuning_2025_09_29_18_50/candidates/specs/293_spec.mlir --iree-hal-target-device=hip --iree-hip-target=gfx942 --compile-from=executable-sources' timed out after 16 seconds.
2025-09-29 18:52:49,839 - WARNING - Command '/home/amily/iree-build-old/compiler/bindings/python/iree/compiler/tools/../_mlir_libs/iree-compile tuning_2025_09_29_18_50/template.mlir -o=tuning_2025_09_29_18_50/candidates/compiled/466.vmfb --mlir-pass-pipeline-crash-reproducer=tuning_2025_09_29_18_50/candidates/compiled/466.vmfb.crash_report.mlir --iree-codegen-tuning-spec-path=tuning_2025_09_29_18_50/candidates/specs/466_spec.mlir --iree-hal-target-device=hip --iree-hip-target=gfx942 --compile-from=executable-sources' timed out after 16 seconds.
2025-09-29 18:52:49,897 - WARNING - Command '/home/amily/iree-build-old/compiler/bindings/python/iree/compiler/tools/../_mlir_libs/iree-compile tuning_2025_09_29_18_50/template.mlir -o=tuning_2025_09_29_18_50/candidates/compiled/470.vmfb --mlir-pass-pipeline-crash-reproducer=tuning_2025_09_29_18_50/candidates/compiled/470.vmfb.crash_report.mlir --iree-codegen-tuning-spec-path=tuning_2025_09_29_18_50/candidates/specs/470_spec.mlir --iree-hal-target-device=hip --iree-hip-target=gfx942 --compile-from=executable-sources' timed out after 16 seconds.
2025-09-29 18:52:50,161 - WARNING - Command '/home/amily/iree-build-old/compiler/bindings/python/iree/compiler/tools/../_mlir_libs/iree-compile tuning_2025_09_29_18_50/template.mlir -o=tuning_2025_09_29_18_50/candidates/compiled/486.vmfb --mlir-pass-pipeline-crash-reproducer=tuning_2025_09_29_18_50/candidates/compiled/486.vmfb.crash_report.mlir --iree-codegen-tuning-spec-path=tuning_2025_09_29_18_50/candidates/specs/486_spec.mlir --iree-hal-target-device=hip --iree-hip-target=gfx942 --compile-from=executable-sources' timed out after 16 seconds.
2025-09-29 18:52:51,124 - WARNING - Command '/home/amily/iree-build-old/compiler/bindings/python/iree/compiler/tools/../_mlir_libs/iree-compile tuning_2025_09_29_18_50/template.mlir -o=tuning_2025_09_29_18_50/candidates/compiled/534.vmfb --mlir-pass-pipeline-crash-reproducer=tuning_2025_09_29_18_50/candidates/compiled/534.vmfb.crash_report.mlir --iree-codegen-tuning-spec-path=tuning_2025_09_29_18_50/candidates/specs/534_spec.mlir --iree-hal-target-device=hip --iree-hip-target=gfx942 --compile-from=executable-sources' timed out after 16 seconds.
2025-09-29 18:52:51,797 - WARNING - Command '/home/amily/iree-build-old/compiler/bindings/python/iree/compiler/tools/../_mlir_libs/iree-compile tuning_2025_09_29_18_50/template.mlir -o=tuning_2025_09_29_18_50/candidates/compiled/576.vmfb --mlir-pass-pipeline-crash-reproducer=tuning_2025_09_29_18_50/candidates/compiled/576.vmfb.crash_report.mlir --iree-codegen-tuning-spec-path=tuning_2025_09_29_18_50/candidates/specs/576_spec.mlir --iree-hal-target-device=hip --iree-hip-target=gfx942 --compile-from=executable-sources' timed out after 16 seconds.
2025-09-29 18:52:52,078 - WARNING - Command '/home/amily/iree-build-old/compiler/bindings/python/iree/compiler/tools/../_mlir_libs/iree-compile tuning_2025_09_29_18_50/template.mlir -o=tuning_2025_09_29_18_50/candidates/compiled/588.vmfb --mlir-pass-pipeline-crash-reproducer=tuning_2025_09_29_18_50/candidates/compiled/588.vmfb.crash_report.mlir --iree-codegen-tuning-spec-path=tuning_2025_09_29_18_50/candidates/specs/588_spec.mlir --iree-hal-target-device=hip --iree-hip-target=gfx942 --compile-from=executable-sources' timed out after 16 seconds.
2025-09-29 18:52:53,706 - WARNING - Command '/home/amily/iree-build-old/compiler/bindings/python/iree/compiler/tools/../_mlir_libs/iree-compile tuning_2025_09_29_18_50/template.mlir -o=tuning_2025_09_29_18_50/candidates/compiled/679.vmfb --mlir-pass-pipeline-crash-reproducer=tuning_2025_09_29_18_50/candidates/compiled/679.vmfb.crash_report.mlir --iree-codegen-tuning-spec-path=tuning_2025_09_29_18_50/candidates/specs/679_spec.mlir --iree-hal-target-device=hip --iree-hip-target=gfx942 --compile-from=executable-sources' timed out after 16 seconds.
2025-09-29 18:52:53,868 - INFO - Benchmarking compiled dispatch candidates...
2025-09-29 19:06:04,524 - WARNING - Performance regressions detected for the following devices: hip://2, hip://7.
2025-09-29 19:06:04,529 - INFO - Candidate 775 time: 169.67 ms (67.2% of baseline)
2025-09-29 19:06:04,529 - INFO - Candidate 274 time: 174.00 ms (68.9% of baseline)
2025-09-29 19:06:04,529 - INFO - Candidate 362 time: 178.33 ms (70.6% of baseline)
2025-09-29 19:06:04,529 - INFO - Candidate 174 time: 181.67 ms (71.9% of baseline)
2025-09-29 19:06:04,529 - INFO - Candidate 104 time: 184.00 ms (72.8% of baseline)
2025-09-29 19:06:04,529 - INFO - Candidate 392 time: 184.33 ms (73.0% of baseline)
2025-09-29 19:06:04,530 - INFO - Candidate 733 time: 184.33 ms (73.0% of baseline)
2025-09-29 19:06:04,530 - INFO - Candidate 226 time: 184.67 ms (73.1% of baseline)
2025-09-29 19:06:04,530 - INFO - Candidate 749 time: 186.00 ms (73.6% of baseline)
2025-09-29 19:06:04,530 - INFO - Candidate 257 time: 189.67 ms (75.1% of baseline)
2025-09-29 19:06:04,530 - INFO - Top dispatch candidates: [775, 274, 362, 174, 104, 392, 733, 226, 749, 257]
2025-09-29 19:06:04,530 - INFO - /home/amily/shark-ai/sharktuner/tuning_2025_09_29_18_50/candidates/specs/775_spec.mlir
2025-09-29 19:06:04,530 - INFO - /home/amily/shark-ai/sharktuner/tuning_2025_09_29_18_50/candidates/specs/274_spec.mlir
2025-09-29 19:06:04,530 - INFO - /home/amily/shark-ai/sharktuner/tuning_2025_09_29_18_50/candidates/specs/362_spec.mlir
2025-09-29 19:06:04,530 - INFO - /home/amily/shark-ai/sharktuner/tuning_2025_09_29_18_50/candidates/specs/174_spec.mlir
2025-09-29 19:06:04,531 - INFO - /home/amily/shark-ai/sharktuner/tuning_2025_09_29_18_50/candidates/specs/104_spec.mlir
2025-09-29 19:06:04,531 - INFO - /home/amily/shark-ai/sharktuner/tuning_2025_09_29_18_50/candidates/specs/392_spec.mlir
2025-09-29 19:06:04,531 - INFO - /home/amily/shark-ai/sharktuner/tuning_2025_09_29_18_50/candidates/specs/733_spec.mlir
2025-09-29 19:06:04,531 - INFO - /home/amily/shark-ai/sharktuner/tuning_2025_09_29_18_50/candidates/specs/226_spec.mlir
2025-09-29 19:06:04,532 - INFO - /home/amily/shark-ai/sharktuner/tuning_2025_09_29_18_50/candidates/specs/749_spec.mlir
2025-09-29 19:06:04,532 - INFO - /home/amily/shark-ai/sharktuner/tuning_2025_09_29_18_50/candidates/specs/257_spec.mlir
