2025-09-29 18:45:04,503 - WARNING - Command '/home/amily/iree-build-old/compiler/bindings/python/iree/compiler/tools/../_mlir_libs/iree-compile tuning_2025_09_29_18_44/template.mlir -o=tuning_2025_09_29_18_44/candidates/compiled/15.vmfb --mlir-pass-pipeline-crash-reproducer=tuning_2025_09_29_18_44/candidates/compiled/15.vmfb.crash_report.mlir --iree-codegen-tuning-spec-path=tuning_2025_09_29_18_44/candidates/specs/15_spec.mlir --iree-hal-target-device=hip --iree-hip-target=gfx942 --compile-from=executable-sources' timed out after 16 seconds.
2025-09-29 18:45:04,513 - WARNING - Command '/home/amily/iree-build-old/compiler/bindings/python/iree/compiler/tools/../_mlir_libs/iree-compile tuning_2025_09_29_18_44/template.mlir -o=tuning_2025_09_29_18_44/candidates/compiled/35.vmfb --mlir-pass-pipeline-crash-reproducer=tuning_2025_09_29_18_44/candidates/compiled/35.vmfb.crash_report.mlir --iree-codegen-tuning-spec-path=tuning_2025_09_29_18_44/candidates/specs/35_spec.mlir --iree-hal-target-device=hip --iree-hip-target=gfx942 --compile-from=executable-sources' timed out after 16 seconds.
2025-09-29 18:45:04,874 - WARNING - Command '/home/amily/iree-build-old/compiler/bindings/python/iree/compiler/tools/../_mlir_libs/iree-compile tuning_2025_09_29_18_44/template.mlir -o=tuning_2025_09_29_18_44/candidates/compiled/90.vmfb --mlir-pass-pipeline-crash-reproducer=tuning_2025_09_29_18_44/candidates/compiled/90.vmfb.crash_report.mlir --iree-codegen-tuning-spec-path=tuning_2025_09_29_18_44/candidates/specs/90_spec.mlir --iree-hal-target-device=hip --iree-hip-target=gfx942 --compile-from=executable-sources' timed out after 16 seconds.
2025-09-29 18:45:04,888 - WARNING - Command '/home/amily/iree-build-old/compiler/bindings/python/iree/compiler/tools/../_mlir_libs/iree-compile tuning_2025_09_29_18_44/template.mlir -o=tuning_2025_09_29_18_44/candidates/compiled/87.vmfb --mlir-pass-pipeline-crash-reproducer=tuning_2025_09_29_18_44/candidates/compiled/87.vmfb.crash_report.mlir --iree-codegen-tuning-spec-path=tuning_2025_09_29_18_44/candidates/specs/87_spec.mlir --iree-hal-target-device=hip --iree-hip-target=gfx942 --compile-from=executable-sources' timed out after 16 seconds.
2025-09-29 18:45:05,221 - WARNING - Command '/home/amily/iree-build-old/compiler/bindings/python/iree/compiler/tools/../_mlir_libs/iree-compile tuning_2025_09_29_18_44/template.mlir -o=tuning_2025_09_29_18_44/candidates/compiled/112.vmfb --mlir-pass-pipeline-crash-reproducer=tuning_2025_09_29_18_44/candidates/compiled/112.vmfb.crash_report.mlir --iree-codegen-tuning-spec-path=tuning_2025_09_29_18_44/candidates/specs/112_spec.mlir --iree-hal-target-device=hip --iree-hip-target=gfx942 --compile-from=executable-sources' timed out after 16 seconds.
2025-09-29 18:45:06,154 - WARNING - Command '/home/amily/iree-build-old/compiler/bindings/python/iree/compiler/tools/../_mlir_libs/iree-compile tuning_2025_09_29_18_44/template.mlir -o=tuning_2025_09_29_18_44/candidates/compiled/184.vmfb --mlir-pass-pipeline-crash-reproducer=tuning_2025_09_29_18_44/candidates/compiled/184.vmfb.crash_report.mlir --iree-codegen-tuning-spec-path=tuning_2025_09_29_18_44/candidates/specs/184_spec.mlir --iree-hal-target-device=hip --iree-hip-target=gfx942 --compile-from=executable-sources' timed out after 16 seconds.
2025-09-29 18:45:06,672 - WARNING - Command '/home/amily/iree-build-old/compiler/bindings/python/iree/compiler/tools/../_mlir_libs/iree-compile tuning_2025_09_29_18_44/template.mlir -o=tuning_2025_09_29_18_44/candidates/compiled/230.vmfb --mlir-pass-pipeline-crash-reproducer=tuning_2025_09_29_18_44/candidates/compiled/230.vmfb.crash_report.mlir --iree-codegen-tuning-spec-path=tuning_2025_09_29_18_44/candidates/specs/230_spec.mlir --iree-hal-target-device=hip --iree-hip-target=gfx942 --compile-from=executable-sources' timed out after 16 seconds.
2025-09-29 18:45:08,452 - WARNING - Command '/home/amily/iree-build-old/compiler/bindings/python/iree/compiler/tools/../_mlir_libs/iree-compile tuning_2025_09_29_18_44/template.mlir -o=tuning_2025_09_29_18_44/candidates/compiled/353.vmfb --mlir-pass-pipeline-crash-reproducer=tuning_2025_09_29_18_44/candidates/compiled/353.vmfb.crash_report.mlir --iree-codegen-tuning-spec-path=tuning_2025_09_29_18_44/candidates/specs/353_spec.mlir --iree-hal-target-device=hip --iree-hip-target=gfx942 --compile-from=executable-sources' timed out after 16 seconds.
2025-09-29 18:45:08,565 - INFO - Benchmarking compiled dispatch candidates...
2025-09-29 18:50:18,832 - WARNING - Performance regressions detected for the following devices: hip://2, hip://5, hip://7.
2025-09-29 18:50:18,836 - INFO - Candidate 369 time: 1086.67 ms (90.3% of baseline)
2025-09-29 18:50:18,836 - INFO - Candidate 222 time: 1103.33 ms (91.9% of baseline)
2025-09-29 18:50:18,836 - INFO - Candidate 14 time: 1106.67 ms (92.5% of baseline)
2025-09-29 18:50:18,836 - INFO - Candidate 59 time: 1086.67 ms (92.5% of baseline)
2025-09-29 18:50:18,836 - INFO - Candidate 201 time: 1110.00 ms (92.5% of baseline)
2025-09-29 18:50:18,836 - INFO - Candidate 199 time: 1113.33 ms (92.5% of baseline)
2025-09-29 18:50:18,836 - INFO - Candidate 48 time: 1140.00 ms (94.7% of baseline)
2025-09-29 18:50:18,836 - INFO - Candidate 10 time: 1180.00 ms (98.1% of baseline)
2025-09-29 18:50:18,836 - INFO - Candidate 149 time: 1183.33 ms (98.9% of baseline)
2025-09-29 18:50:18,836 - INFO - Candidate 340 time: 1196.67 ms (99.4% of baseline)
2025-09-29 18:50:18,836 - INFO - Top dispatch candidates: [369, 222, 14, 59, 201, 199, 48, 10, 149, 340]
2025-09-29 18:50:18,837 - INFO - /home/amily/shark-ai/sharktuner/tuning_2025_09_29_18_44/candidates/specs/369_spec.mlir
2025-09-29 18:50:18,837 - INFO - /home/amily/shark-ai/sharktuner/tuning_2025_09_29_18_44/candidates/specs/222_spec.mlir
2025-09-29 18:50:18,837 - INFO - /home/amily/shark-ai/sharktuner/tuning_2025_09_29_18_44/candidates/specs/14_spec.mlir
2025-09-29 18:50:18,837 - INFO - /home/amily/shark-ai/sharktuner/tuning_2025_09_29_18_44/candidates/specs/59_spec.mlir
2025-09-29 18:50:18,837 - INFO - /home/amily/shark-ai/sharktuner/tuning_2025_09_29_18_44/candidates/specs/201_spec.mlir
2025-09-29 18:50:18,837 - INFO - /home/amily/shark-ai/sharktuner/tuning_2025_09_29_18_44/candidates/specs/199_spec.mlir
2025-09-29 18:50:18,837 - INFO - /home/amily/shark-ai/sharktuner/tuning_2025_09_29_18_44/candidates/specs/48_spec.mlir
2025-09-29 18:50:18,838 - INFO - /home/amily/shark-ai/sharktuner/tuning_2025_09_29_18_44/candidates/specs/10_spec.mlir
2025-09-29 18:50:18,838 - INFO - /home/amily/shark-ai/sharktuner/tuning_2025_09_29_18_44/candidates/specs/149_spec.mlir
2025-09-29 18:50:18,838 - INFO - /home/amily/shark-ai/sharktuner/tuning_2025_09_29_18_44/candidates/specs/340_spec.mlir
